

================================================================
== Vivado HLS Report for 'montgomery_reduce'
================================================================
* Date:           Fri Dec 11 13:10:42 2020

* Version:        2018.2 (Build 2258646 on Thu Jun 14 20:25:20 MDT 2018)
* Project:        ntt_check
* Solution:       solution1
* Product family: artix7
* Target device:  xc7a200tfbg676-2


================================================================
== Performance Estimates
================================================================
+ Timing (ns): 
    * Summary: 
    +--------+-------+----------+------------+
    |  Clock | Target| Estimated| Uncertainty|
    +--------+-------+----------+------------+
    |ap_clk  |  10.00|     6.880|        1.25|
    +--------+-------+----------+------------+

+ Latency (clock cycles): 
    * Summary: 
    +-----+-----+-----+-----+----------+
    |  Latency  |  Interval | Pipeline |
    | min | max | min | max |   Type   |
    +-----+-----+-----+-----+----------+
    |    2|    2|    1|    1| function |
    +-----+-----+-----+-----+----------+

    + Detail: 
        * Instance: 
        N/A

        * Loop: 
        N/A



================================================================
== Utilization Estimates
================================================================
* Summary: 
+-----------------+---------+-------+--------+--------+
|       Name      | BRAM_18K| DSP48E|   FF   |   LUT  |
+-----------------+---------+-------+--------+--------+
|DSP              |        -|      -|       -|       -|
|Expression       |        -|      6|       0|     113|
|FIFO             |        -|      -|       -|       -|
|Instance         |        -|      -|       -|       -|
|Memory           |        -|      -|       -|       -|
|Multiplexer      |        -|      -|       -|       9|
|Register         |        -|      -|     312|       -|
+-----------------+---------+-------+--------+--------+
|Total            |        0|      6|     312|     122|
+-----------------+---------+-------+--------+--------+
|Available        |      730|    740|  269200|  129000|
+-----------------+---------+-------+--------+--------+
|Utilization (%)  |        0|   ~0  |   ~0   |   ~0   |
+-----------------+---------+-------+--------+--------+

+ Detail: 
    * Instance: 
    N/A

    * DSP48: 
    N/A

    * Memory: 
    N/A

    * FIFO: 
    N/A

    * Expression: 
    +--------------+----------+-------+---+----+------------+------------+
    | Variable Name| Operation| DSP48E| FF| LUT| Bitwidth P0| Bitwidth P1|
    +--------------+----------+-------+---+----+------------+------------+
    |t_1_fu_33_p2  |     *    |      3|  0|  21|          23|          32|
    |t_fu_24_p2    |     *    |      3|  0|  21|          27|          32|
    |t_2_fu_42_p2  |     +    |      0|  0|  71|          64|          64|
    +--------------+----------+-------+---+----+------------+------------+
    |Total         |          |      6|  0| 113|         114|         128|
    +--------------+----------+-------+---+----+------------+------------+

    * Multiplexer: 
    +-----------+----+-----------+-----+-----------+
    |    Name   | LUT| Input Size| Bits| Total Bits|
    +-----------+----+-----------+-----+-----------+
    |ap_return  |   9|          2|   32|         64|
    +-----------+----+-----------+-----+-----------+
    |Total      |   9|          2|   32|         64|
    +-----------+----+-----------+-----+-----------+

    * Register: 
    +-----------------------------+----+----+-----+-----------+
    |             Name            | FF | LUT| Bits| Const Bits|
    +-----------------------------+----+----+-----+-----------+
    |a_int_reg                    |  64|   0|   64|          0|
    |a_read_reg_57                |  64|   0|   64|          0|
    |a_read_reg_57_pp0_iter1_reg  |  64|   0|   64|          0|
    |ap_ce_reg                    |   1|   0|    1|          0|
    |ap_return_int_reg            |  32|   0|   32|          0|
    |t_1_reg_67                   |  55|   0|   55|          0|
    |t_reg_62                     |  32|   0|   32|          0|
    +-----------------------------+----+----+-----+-----------+
    |Total                        | 312|   0|  312|          0|
    +-----------------------------+----+----+-----+-----------+



================================================================
== Interface
================================================================
* Summary: 
+-----------+-----+-----+------------+-------------------+--------------+
| RTL Ports | Dir | Bits|  Protocol  |   Source Object   |    C Type    |
+-----------+-----+-----+------------+-------------------+--------------+
|ap_clk     |  in |    1| ap_ctrl_hs | montgomery_reduce | return value |
|ap_rst     |  in |    1| ap_ctrl_hs | montgomery_reduce | return value |
|ap_return  | out |   32| ap_ctrl_hs | montgomery_reduce | return value |
|ap_ce      |  in |    1| ap_ctrl_hs | montgomery_reduce | return value |
|a          |  in |   64|   ap_none  |         a         |    scalar    |
+-----------+-----+-----+------------+-------------------+--------------+

