

================================================================
== Vivado HLS Report for 'ntt'
================================================================
* Date:           Fri Dec 11 13:10:43 2020

* Version:        2018.2 (Build 2258646 on Thu Jun 14 20:25:20 MDT 2018)
* Project:        ntt_check
* Solution:       solution1
* Product family: artix7
* Target device:  xc7a200tfbg676-2


================================================================
== Performance Estimates
================================================================
+ Timing (ns): 
    * Summary: 
    +--------+-------+----------+------------+
    |  Clock | Target| Estimated| Uncertainty|
    +--------+-------+----------+------------+
    |ap_clk  |  10.00|    18.332|        1.25|
    +--------+-------+----------+------------+

+ Latency (clock cycles): 
    * Summary: 
    +-----+-----+-----+-----+---------+
    |  Latency  |  Interval | Pipeline|
    | min | max | min | max |   Type  |
    +-----+-----+-----+-----+---------+
    |  719|  719|  719|  719|   none  |
    +-----+-----+-----+-----+---------+

    + Detail: 
        * Instance: 
        +-------------------------------+-------------------+-----+-----+-----+-----+----------+
        |                               |                   |  Latency  |  Interval | Pipeline |
        |            Instance           |       Module      | min | max | min | max |   Type   |
        +-------------------------------+-------------------+-----+-----+-----+-----+----------+
        |grp_montgomery_reduce_fu_1660  |montgomery_reduce  |    2|    2|    1|    1| function |
        |grp_montgomery_reduce_fu_1665  |montgomery_reduce  |    2|    2|    1|    1| function |
        |grp_montgomery_reduce_fu_1670  |montgomery_reduce  |    2|    2|    1|    1| function |
        |grp_montgomery_reduce_fu_1675  |montgomery_reduce  |    2|    2|    1|    1| function |
        |grp_montgomery_reduce_fu_1680  |montgomery_reduce  |    2|    2|    1|    1| function |
        |grp_montgomery_reduce_fu_1685  |montgomery_reduce  |    2|    2|    1|    1| function |
        |grp_montgomery_reduce_fu_1690  |montgomery_reduce  |    2|    2|    1|    1| function |
        |grp_montgomery_reduce_fu_1695  |montgomery_reduce  |    2|    2|    1|    1| function |
        +-------------------------------+-------------------+-----+-----+-----+-----+----------+

        * Loop: 
        +-------------+-----+-----+----------+-----------+-----------+------+----------+
        |             |  Latency  | Iteration|  Initiation Interval  | Trip |          |
        |  Loop Name  | min | max |  Latency |  achieved |   target  | Count| Pipelined|
        +-------------+-----+-----+----------+-----------+-----------+------+----------+
        |- Loop 1     |   38|   38|         8|          1|          1|    32|    yes   |
        |- Loop 2     |   38|   38|         8|          1|          1|    32|    yes   |
        |- Loop 3     |   38|   38|         8|          1|          1|    32|    yes   |
        |- Loop 4     |   55|   55|        11|          3|          1|    16|    yes   |
        |- Loop 5     |   94|   94|        47|          -|          -|     2|    no    |
        | + Loop 5.1  |   40|   40|         5|          5|          1|     8|    yes   |
        |- Loop 6     |  108|  108|        27|          -|          -|     4|    no    |
        | + Loop 6.1  |   20|   20|         5|          5|          1|     4|    yes   |
        |- Loop 7     |  136|  136|        17|          -|          -|     8|    no    |
        | + Loop 7.1  |   10|   10|         5|          5|          1|     2|    yes   |
        |- Loop 8     |  192|  192|        12|          -|          -|    16|    no    |
        | + Loop 8.1  |    5|    5|         5|          5|          1|     1|    yes   |
        +-------------+-----+-----+----------+-----------+-----------+------+----------+



================================================================
== Utilization Estimates
================================================================
* Summary: 
+-----------------+---------+-------+--------+--------+
|       Name      | BRAM_18K| DSP48E|   FF   |   LUT  |
+-----------------+---------+-------+--------+--------+
|DSP              |        -|      -|       -|       -|
|Expression       |        -|    156|       0|    4223|
|FIFO             |        -|      -|       -|       -|
|Instance         |        -|     48|    2496|     976|
|Memory           |        -|      -|       -|       -|
|Multiplexer      |        -|      -|       -|    2569|
|Register         |        0|      -|    8814|    1152|
+-----------------+---------+-------+--------+--------+
|Total            |        0|    204|   11310|    8920|
+-----------------+---------+-------+--------+--------+
|Available        |      730|    740|  269200|  129000|
+-----------------+---------+-------+--------+--------+
|Utilization (%)  |        0|     27|       4|       6|
+-----------------+---------+-------+--------+--------+

+ Detail: 
    * Instance: 
    +-------------------------------+-------------------+---------+-------+-----+-----+
    |            Instance           |       Module      | BRAM_18K| DSP48E|  FF | LUT |
    +-------------------------------+-------------------+---------+-------+-----+-----+
    |grp_montgomery_reduce_fu_1660  |montgomery_reduce  |        0|      6|  312|  122|
    |grp_montgomery_reduce_fu_1665  |montgomery_reduce  |        0|      6|  312|  122|
    |grp_montgomery_reduce_fu_1670  |montgomery_reduce  |        0|      6|  312|  122|
    |grp_montgomery_reduce_fu_1675  |montgomery_reduce  |        0|      6|  312|  122|
    |grp_montgomery_reduce_fu_1680  |montgomery_reduce  |        0|      6|  312|  122|
    |grp_montgomery_reduce_fu_1685  |montgomery_reduce  |        0|      6|  312|  122|
    |grp_montgomery_reduce_fu_1690  |montgomery_reduce  |        0|      6|  312|  122|
    |grp_montgomery_reduce_fu_1695  |montgomery_reduce  |        0|      6|  312|  122|
    +-------------------------------+-------------------+---------+-------+-----+-----+
    |Total                          |                   |        0|     48| 2496|  976|
    +-------------------------------+-------------------+---------+-------+-----+-----+

    * DSP48: 
    N/A

    * Memory: 
    N/A

    * FIFO: 
    N/A

    * Expression: 
    +-------------------------+----------+-------+---+----+------------+------------+
    |      Variable Name      | Operation| DSP48E| FF| LUT| Bitwidth P0| Bitwidth P1|
    +-------------------------+----------+-------+---+----+------------+------------+
    |tmp_137_fu_2377_p2       |     *    |      3|  0|  21|          32|          32|
    |tmp_139_fu_2386_p2       |     *    |      3|  0|  21|          32|          32|
    |tmp_13_fu_2070_p2        |     *    |      3|  0|  21|          32|          32|
    |tmp_141_fu_2395_p2       |     *    |      3|  0|  21|          32|          32|
    |tmp_143_fu_2404_p2       |     *    |      3|  0|  21|          32|          32|
    |tmp_145_fu_2413_p2       |     *    |      3|  0|  21|          32|          32|
    |tmp_147_fu_2422_p2       |     *    |      3|  0|  21|          32|          32|
    |tmp_149_fu_2431_p2       |     *    |      3|  0|  21|          32|          32|
    |tmp_151_fu_2440_p2       |     *    |      3|  0|  21|          32|          32|
    |tmp_15_fu_2079_p2        |     *    |      3|  0|  21|          32|          32|
    |tmp_17_fu_2088_p2        |     *    |      3|  0|  21|          32|          32|
    |tmp_19_fu_2097_p2        |     *    |      3|  0|  21|          32|          32|
    |tmp_202_fu_2756_p2       |     *    |      3|  0|  21|          32|          32|
    |tmp_204_fu_2766_p2       |     *    |      3|  0|  21|          32|          32|
    |tmp_206_fu_2776_p2       |     *    |      3|  0|  21|          32|          32|
    |tmp_208_fu_2786_p2       |     *    |      3|  0|  21|          32|          32|
    |tmp_210_fu_2796_p2       |     *    |      3|  0|  21|          32|          32|
    |tmp_212_fu_2806_p2       |     *    |      3|  0|  21|          32|          32|
    |tmp_214_fu_2816_p2       |     *    |      3|  0|  21|          32|          32|
    |tmp_216_fu_2826_p2       |     *    |      3|  0|  21|          32|          32|
    |tmp_271_fu_3027_p2       |     *    |      3|  0|  21|          32|          32|
    |tmp_273_fu_3037_p2       |     *    |      3|  0|  21|          32|          32|
    |tmp_275_fu_3047_p2       |     *    |      3|  0|  21|          32|          32|
    |tmp_277_fu_3057_p2       |     *    |      3|  0|  21|          32|          32|
    |tmp_279_fu_3067_p2       |     *    |      3|  0|  21|          32|          32|
    |tmp_281_fu_3077_p2       |     *    |      3|  0|  21|          32|          32|
    |tmp_283_fu_3087_p2       |     *    |      3|  0|  21|          32|          32|
    |tmp_285_fu_3097_p2       |     *    |      3|  0|  21|          32|          32|
    |tmp_316_fu_3298_p2       |     *    |      3|  0|  21|          32|          32|
    |tmp_318_fu_3308_p2       |     *    |      3|  0|  21|          32|          32|
    |tmp_320_fu_3318_p2       |     *    |      3|  0|  21|          32|          32|
    |tmp_322_fu_3328_p2       |     *    |      3|  0|  21|          32|          32|
    |tmp_324_fu_3338_p2       |     *    |      3|  0|  21|          32|          32|
    |tmp_326_fu_3348_p2       |     *    |      3|  0|  21|          32|          32|
    |tmp_328_fu_3358_p2       |     *    |      3|  0|  21|          32|          32|
    |tmp_330_fu_3368_p2       |     *    |      3|  0|  21|          32|          32|
    |tmp_359_fu_3569_p2       |     *    |      3|  0|  21|          32|          32|
    |tmp_361_fu_3579_p2       |     *    |      3|  0|  21|          32|          32|
    |tmp_363_fu_3589_p2       |     *    |      3|  0|  21|          32|          32|
    |tmp_365_fu_3599_p2       |     *    |      3|  0|  21|          32|          32|
    |tmp_367_fu_3609_p2       |     *    |      3|  0|  21|          32|          32|
    |tmp_369_fu_3619_p2       |     *    |      3|  0|  21|          32|          32|
    |tmp_36_fu_2164_p2        |     *    |      3|  0|  21|          32|          32|
    |tmp_371_fu_3629_p2       |     *    |      3|  0|  21|          32|          32|
    |tmp_373_fu_3639_p2       |     *    |      3|  0|  21|          32|          32|
    |tmp_38_fu_2173_p2        |     *    |      3|  0|  21|          32|          32|
    |tmp_40_fu_2182_p2        |     *    |      3|  0|  21|          32|          32|
    |tmp_42_fu_2191_p2        |     *    |      3|  0|  21|          32|          32|
    |tmp_67_fu_2253_p2        |     *    |      3|  0|  21|          32|          32|
    |tmp_69_fu_2262_p2        |     *    |      3|  0|  21|          32|          32|
    |tmp_71_fu_2271_p2        |     *    |      3|  0|  21|          32|          32|
    |tmp_73_fu_2280_p2        |     *    |      3|  0|  21|          32|          32|
    |grp_fu_1706_p2           |     +    |      0|  0|  32|          32|          32|
    |grp_fu_1712_p2           |     +    |      0|  0|  39|          32|          32|
    |grp_fu_1725_p2           |     +    |      0|  0|  32|          32|          32|
    |grp_fu_1731_p2           |     +    |      0|  0|  39|          32|          32|
    |grp_fu_1750_p2           |     +    |      0|  0|  32|          32|          32|
    |grp_fu_1756_p2           |     +    |      0|  0|  39|          32|          32|
    |grp_fu_1910_p2           |     +    |      0|  0|  32|          32|          32|
    |grp_fu_1918_p2           |     +    |      0|  0|  39|          32|          32|
    |grp_fu_1926_p2           |     +    |      0|  0|  32|          32|          32|
    |grp_fu_1934_p2           |     +    |      0|  0|  39|          32|          32|
    |grp_fu_1942_p2           |     +    |      0|  0|  32|          32|          32|
    |grp_fu_1950_p2           |     +    |      0|  0|  39|          32|          32|
    |grp_fu_1958_p2           |     +    |      0|  0|  32|          32|          32|
    |grp_fu_1966_p2           |     +    |      0|  0|  39|          32|          32|
    |grp_fu_1974_p2           |     +    |      0|  0|  32|          32|          32|
    |grp_fu_1982_p2           |     +    |      0|  0|  39|          32|          32|
    |grp_fu_1990_p2           |     +    |      0|  0|  32|          32|          32|
    |grp_fu_1998_p2           |     +    |      0|  0|  39|          32|          32|
    |grp_fu_2006_p2           |     +    |      0|  0|  32|          32|          32|
    |grp_fu_2014_p2           |     +    |      0|  0|  39|          32|          32|
    |grp_fu_2022_p2           |     +    |      0|  0|  32|          32|          32|
    |grp_fu_2030_p2           |     +    |      0|  0|  39|          32|          32|
    |j_10_fu_2231_p2          |     +    |      0|  0|  15|           6|           1|
    |j_12_fu_2349_p2          |     +    |      0|  0|  15|           5|           1|
    |j_14_fu_2832_p2          |     +    |      0|  0|  39|          32|           1|
    |j_15_fu_3103_p2          |     +    |      0|  0|  39|          32|           1|
    |j_16_fu_3374_p2          |     +    |      0|  0|  39|          32|           1|
    |j_17_fu_3535_p2          |     +    |      0|  0|  39|          32|           1|
    |j_9_fu_2048_p2           |     +    |      0|  0|  15|           6|           1|
    |j_s_fu_2142_p2           |     +    |      0|  0|  15|           6|           1|
    |k_1_fu_2932_p2           |     +    |      0|  0|  15|           1|           6|
    |k_2_fu_3203_p2           |     +    |      0|  0|  15|           1|           7|
    |k_3_fu_3474_p2           |     +    |      0|  0|  15|           1|           8|
    |k_fu_2661_p2             |     +    |      0|  0|  15|           1|           5|
    |start_1_fu_3109_p2       |     +    |      0|  0|  15|           6|           4|
    |start_2_fu_3380_p2       |     +    |      0|  0|  15|           6|           3|
    |start_3_fu_3645_p2       |     +    |      0|  0|  15|           6|           2|
    |start_fu_2838_p2         |     +    |      0|  0|  15|           6|           5|
    |tmp_100_fu_2866_p2       |     +    |      0|  0|  15|           4|           6|
    |tmp_110_fu_2877_p2       |     +    |      0|  0|  15|           4|           6|
    |tmp_112_fu_2888_p2       |     +    |      0|  0|  15|           5|           6|
    |tmp_114_fu_2899_p2       |     +    |      0|  0|  15|           5|           6|
    |tmp_116_fu_2910_p2       |     +    |      0|  0|  15|           5|           6|
    |tmp_118_fu_2921_p2       |     +    |      0|  0|  15|           5|           6|
    |tmp_131_fu_3126_p2       |     +    |      0|  0|  15|           4|           7|
    |tmp_133_fu_3137_p2       |     +    |      0|  0|  15|           5|           7|
    |tmp_154_fu_2462_p2       |     +    |      0|  0|  32|          32|          32|
    |tmp_155_fu_2468_p2       |     +    |      0|  0|  39|          32|          32|
    |tmp_157_fu_2479_p2       |     +    |      0|  0|  32|          32|          32|
    |tmp_158_fu_2485_p2       |     +    |      0|  0|  39|          32|          32|
    |tmp_160_fu_2496_p2       |     +    |      0|  0|  32|          32|          32|
    |tmp_161_fu_2502_p2       |     +    |      0|  0|  39|          32|          32|
    |tmp_163_fu_2508_p2       |     +    |      0|  0|  32|          32|          32|
    |tmp_164_fu_2514_p2       |     +    |      0|  0|  39|          32|          32|
    |tmp_166_fu_2521_p2       |     +    |      0|  0|  32|          32|          32|
    |tmp_167_fu_2527_p2       |     +    |      0|  0|  39|          32|          32|
    |tmp_169_fu_2534_p2       |     +    |      0|  0|  32|          32|          32|
    |tmp_170_fu_2540_p2       |     +    |      0|  0|  39|          32|          32|
    |tmp_172_fu_2547_p2       |     +    |      0|  0|  32|          32|          32|
    |tmp_173_fu_2553_p2       |     +    |      0|  0|  39|          32|          32|
    |tmp_175_fu_2560_p2       |     +    |      0|  0|  32|          32|          32|
    |tmp_176_fu_2566_p2       |     +    |      0|  0|  39|          32|          32|
    |tmp_178_fu_3148_p2       |     +    |      0|  0|  15|           5|           7|
    |tmp_180_fu_3159_p2       |     +    |      0|  0|  15|           6|           7|
    |tmp_182_fu_3170_p2       |     +    |      0|  0|  15|           6|           7|
    |tmp_184_fu_3181_p2       |     +    |      0|  0|  15|           6|           7|
    |tmp_186_fu_3192_p2       |     +    |      0|  0|  15|           6|           7|
    |tmp_199_fu_2722_p2       |     +    |      0|  0|  39|          32|           4|
    |tmp_243_fu_3397_p2       |     +    |      0|  0|  15|           5|           8|
    |tmp_245_fu_3408_p2       |     +    |      0|  0|  15|           6|           8|
    |tmp_247_fu_3419_p2       |     +    |      0|  0|  15|           6|           8|
    |tmp_249_fu_3430_p2       |     +    |      0|  0|  15|           7|           8|
    |tmp_251_fu_3441_p2       |     +    |      0|  0|  15|           7|           8|
    |tmp_253_fu_3452_p2       |     +    |      0|  0|  15|           7|           8|
    |tmp_255_fu_3463_p2       |     +    |      0|  0|  15|           7|           8|
    |tmp_268_fu_2993_p2       |     +    |      0|  0|  39|          32|           3|
    |tmp_27_fu_2102_p2        |     +    |      0|  0|  32|          32|          32|
    |tmp_28_fu_2108_p2        |     +    |      0|  0|  39|          32|          32|
    |tmp_30_fu_2115_p2        |     +    |      0|  0|  32|          32|          32|
    |tmp_313_fu_3264_p2       |     +    |      0|  0|  39|          32|           2|
    |tmp_31_fu_2121_p2        |     +    |      0|  0|  39|          32|          32|
    |tmp_32_fu_2606_p2        |     +    |      0|  0|  15|           3|           5|
    |tmp_53_fu_2196_p2        |     +    |      0|  0|  32|          32|          32|
    |tmp_54_fu_2202_p2        |     +    |      0|  0|  39|          32|          32|
    |tmp_55_fu_2617_p2        |     +    |      0|  0|  15|           4|           5|
    |tmp_57_fu_2628_p2        |     +    |      0|  0|  15|           4|           5|
    |tmp_59_fu_2639_p2        |     +    |      0|  0|  15|           4|           5|
    |tmp_5_fu_2584_p2         |     +    |      0|  0|  15|           2|           5|
    |tmp_78_fu_2285_p2        |     +    |      0|  0|  32|          32|          32|
    |tmp_79_fu_2291_p2        |     +    |      0|  0|  39|          32|          32|
    |tmp_84_fu_2298_p2        |     +    |      0|  0|  32|          32|          32|
    |tmp_85_fu_2304_p2        |     +    |      0|  0|  39|          32|          32|
    |tmp_86_fu_2650_p2        |     +    |      0|  0|  15|           4|           5|
    |tmp_8_fu_2595_p2         |     +    |      0|  0|  15|           3|           5|
    |tmp_98_fu_2855_p2        |     +    |      0|  0|  15|           3|           6|
    |grp_fu_1700_p2           |     -    |      0|  0|  32|          24|          32|
    |grp_fu_1719_p2           |     -    |      0|  0|  32|          24|          32|
    |grp_fu_1738_p2           |     -    |      0|  0|  32|          24|          32|
    |grp_fu_1744_p2           |     -    |      0|  0|  32|          24|          32|
    |grp_fu_1763_p2           |     -    |      0|  0|  32|          24|          32|
    |grp_fu_1769_p2           |     -    |      0|  0|  32|          24|          32|
    |grp_fu_1775_p2           |     -    |      0|  0|  32|          24|          32|
    |grp_fu_1781_p2           |     -    |      0|  0|  32|          24|          32|
    |tmp_153_fu_2457_p2       |     -    |      0|  0|  32|          24|          32|
    |tmp_156_fu_2474_p2       |     -    |      0|  0|  32|          24|          32|
    |tmp_159_fu_2491_p2       |     -    |      0|  0|  32|          24|          32|
    |exitcond1_fu_2042_p2     |   icmp   |      0|  0|  11|           6|           7|
    |exitcond2_fu_2136_p2     |   icmp   |      0|  0|  11|           6|           7|
    |exitcond3_fu_2573_p2     |   icmp   |      0|  0|  11|           5|           5|
    |exitcond4_fu_2844_p2     |   icmp   |      0|  0|  11|           6|           6|
    |exitcond5_fu_3115_p2     |   icmp   |      0|  0|  11|           7|           7|
    |exitcond6_fu_2225_p2     |   icmp   |      0|  0|  11|           6|           7|
    |exitcond7_fu_2343_p2     |   icmp   |      0|  0|  11|           5|           6|
    |exitcond_fu_3386_p2      |   icmp   |      0|  0|  11|           8|           8|
    |tmp_129_fu_2717_p2       |   icmp   |      0|  0|  18|          32|          32|
    |tmp_197_fu_2988_p2       |   icmp   |      0|  0|  18|          32|          32|
    |tmp_266_fu_3259_p2       |   icmp   |      0|  0|  18|          32|          32|
    |tmp_311_fu_3530_p2       |   icmp   |      0|  0|  18|          32|          32|
    |tmp_120_fu_2946_p2       |    or    |      0|  0|   5|           5|           3|
    |tmp_188_fu_3217_p2       |    or    |      0|  0|   5|           5|           2|
    |tmp_257_fu_3488_p2       |    or    |      0|  0|   5|           5|           1|
    |tmp_88_fu_2675_p2        |    or    |      0|  0|   5|           5|           4|
    |ap_enable_pp0            |    xor   |      0|  0|   2|           1|           2|
    |ap_enable_pp1            |    xor   |      0|  0|   2|           1|           2|
    |ap_enable_pp2            |    xor   |      0|  0|   2|           1|           2|
    |ap_enable_pp3            |    xor   |      0|  0|   2|           1|           2|
    |ap_enable_reg_pp0_iter1  |    xor   |      0|  0|   2|           2|           1|
    |ap_enable_reg_pp1_iter1  |    xor   |      0|  0|   2|           2|           1|
    |ap_enable_reg_pp2_iter1  |    xor   |      0|  0|   2|           2|           1|
    |ap_enable_reg_pp3_iter1  |    xor   |      0|  0|   2|           2|           1|
    |tmp_134_fu_2355_p2       |    xor   |      0|  0|   6|           5|           6|
    +-------------------------+----------+-------+---+----+------------+------------+
    |Total                    |          |    156|  0|4223|        4091|        4000|
    +-------------------------+----------+-------+---+----+------------+------------+

    * Multiplexer: 
    +---------------------------------+-----+-----------+-----+-----------+
    |               Name              | LUT | Input Size| Bits| Total Bits|
    +---------------------------------+-----+-----------+-----+-----------+
    |ap_NS_fsm                        |  273|         64|    1|         64|
    |ap_enable_reg_pp0_iter1          |    9|          2|    1|          2|
    |ap_enable_reg_pp0_iter7          |    9|          2|    1|          2|
    |ap_enable_reg_pp1_iter1          |    9|          2|    1|          2|
    |ap_enable_reg_pp1_iter7          |    9|          2|    1|          2|
    |ap_enable_reg_pp2_iter1          |    9|          2|    1|          2|
    |ap_enable_reg_pp2_iter7          |    9|          2|    1|          2|
    |ap_enable_reg_pp3_iter1          |    9|          2|    1|          2|
    |ap_enable_reg_pp3_iter3          |    9|          2|    1|          2|
    |ap_phi_mux_j_3_phi_fu_1517_p4    |    9|          2|    5|         10|
    |grp_montgomery_reduce_fu_1660_a  |   50|         11|   64|        704|
    |grp_montgomery_reduce_fu_1665_a  |   50|         11|   64|        704|
    |grp_montgomery_reduce_fu_1670_a  |   47|         10|   64|        640|
    |grp_montgomery_reduce_fu_1675_a  |   41|          8|   64|        512|
    |grp_montgomery_reduce_fu_1680_a  |   27|          5|   64|        320|
    |grp_montgomery_reduce_fu_1685_a  |   27|          5|   64|        320|
    |grp_montgomery_reduce_fu_1690_a  |   27|          5|   64|        320|
    |grp_montgomery_reduce_fu_1695_a  |   27|          5|   64|        320|
    |j1_reg_1480                      |    9|          2|    6|         12|
    |j_11_reg_1627                    |    9|          2|    6|         12|
    |j_13_reg_1593                    |    9|          2|    6|         12|
    |j_1_reg_1491                     |    9|          2|    6|         12|
    |j_2_reg_1502                     |    9|          2|    6|         12|
    |j_3_reg_1513                     |    9|          2|    5|         10|
    |j_4_reg_1549                     |    9|          2|   32|         64|
    |j_5_reg_1583                     |    9|          2|   32|         64|
    |j_6_reg_1617                     |    9|          2|   32|         64|
    |j_7_reg_1651                     |    9|          2|   32|         64|
    |j_8_reg_1559                     |    9|          2|    6|         12|
    |j_reg_1525                       |    9|          2|    6|         12|
    |k_4_reg_1537                     |    9|          2|    5|         10|
    |k_5_reg_1571                     |    9|          2|    6|         12|
    |k_6_reg_1605                     |    9|          2|    7|         14|
    |k_7_reg_1639                     |    9|          2|    8|         16|
    |q0_address0                      |   62|         15|    5|         75|
    |q0_address1                      |   56|         13|    5|         65|
    |q0_d0                            |   21|          4|   32|        128|
    |q0_d1                            |   27|          5|   32|        160|
    |q1_address0                      |   62|         15|    5|         75|
    |q1_address1                      |   56|         13|    5|         65|
    |q1_d0                            |   21|          4|   32|        128|
    |q1_d1                            |   33|          6|   32|        192|
    |q2_address0                      |   62|         15|    5|         75|
    |q2_address1                      |   56|         13|    5|         65|
    |q2_d0                            |   21|          4|   32|        128|
    |q2_d1                            |   38|          7|   32|        224|
    |q3_address0                      |   62|         15|    5|         75|
    |q3_address1                      |   56|         13|    5|         65|
    |q3_d0                            |   21|          4|   32|        128|
    |q3_d1                            |   38|          7|   32|        224|
    |q4_address0                      |   62|         15|    5|         75|
    |q4_address1                      |   56|         13|    5|         65|
    |q4_d0                            |   21|          4|   32|        128|
    |q4_d1                            |   33|          6|   32|        192|
    |q5_address0                      |   62|         15|    5|         75|
    |q5_address1                      |   56|         13|    5|         65|
    |q5_d0                            |   21|          4|   32|        128|
    |q5_d1                            |   38|          7|   32|        224|
    |q6_address0                      |   62|         15|    5|         75|
    |q6_address1                      |   59|         14|    5|         70|
    |q6_d0                            |   21|          4|   32|        128|
    |q6_d1                            |   38|          7|   32|        224|
    |q7_address0                      |   62|         15|    5|         75|
    |q7_address1                      |   59|         14|    5|         70|
    |q7_d0                            |   21|          4|   32|        128|
    |q7_d1                            |   38|          7|   32|        224|
    |reg_1787                         |    9|          2|   32|         64|
    |reg_1792                         |    9|          2|   32|         64|
    |reg_1797                         |    9|          2|   32|         64|
    |reg_1802                         |    9|          2|   32|         64|
    |reg_1820                         |    9|          2|   32|         64|
    |reg_1825                         |    9|          2|   32|         64|
    |reg_1844                         |    9|          2|   32|         64|
    |reg_1865                         |    9|          2|   32|         64|
    |reg_1870                         |    9|          2|   32|         64|
    |reg_1875                         |    9|          2|   32|         64|
    |reg_1880                         |    9|          2|   32|         64|
    |reg_1885                         |    9|          2|   32|         64|
    |reg_1890                         |    9|          2|   32|         64|
    |reg_1895                         |    9|          2|   32|         64|
    |reg_1900                         |    9|          2|   32|         64|
    |reg_1905                         |    9|          2|   32|         64|
    |zetas_address0                   |  117|         25|    8|        200|
    |zetas_address1                   |  113|         24|    8|        192|
    +---------------------------------+-----+-----------+-----+-----------+
    |Total                            | 2569|        565| 1847|       9566|
    +---------------------------------+-----+-----------+-----+-----------+

    * Register: 
    +----------------------------------+----+----+-----+-----------+
    |               Name               | FF | LUT| Bits| Const Bits|
    +----------------------------------+----+----+-----+-----------+
    |ap_CS_fsm                         |  63|   0|   63|          0|
    |ap_enable_reg_pp0_iter0           |   1|   0|    1|          0|
    |ap_enable_reg_pp0_iter1           |   1|   0|    1|          0|
    |ap_enable_reg_pp0_iter2           |   1|   0|    1|          0|
    |ap_enable_reg_pp0_iter3           |   1|   0|    1|          0|
    |ap_enable_reg_pp0_iter4           |   1|   0|    1|          0|
    |ap_enable_reg_pp0_iter5           |   1|   0|    1|          0|
    |ap_enable_reg_pp0_iter6           |   1|   0|    1|          0|
    |ap_enable_reg_pp0_iter7           |   1|   0|    1|          0|
    |ap_enable_reg_pp1_iter0           |   1|   0|    1|          0|
    |ap_enable_reg_pp1_iter1           |   1|   0|    1|          0|
    |ap_enable_reg_pp1_iter2           |   1|   0|    1|          0|
    |ap_enable_reg_pp1_iter3           |   1|   0|    1|          0|
    |ap_enable_reg_pp1_iter4           |   1|   0|    1|          0|
    |ap_enable_reg_pp1_iter5           |   1|   0|    1|          0|
    |ap_enable_reg_pp1_iter6           |   1|   0|    1|          0|
    |ap_enable_reg_pp1_iter7           |   1|   0|    1|          0|
    |ap_enable_reg_pp2_iter0           |   1|   0|    1|          0|
    |ap_enable_reg_pp2_iter1           |   1|   0|    1|          0|
    |ap_enable_reg_pp2_iter2           |   1|   0|    1|          0|
    |ap_enable_reg_pp2_iter3           |   1|   0|    1|          0|
    |ap_enable_reg_pp2_iter4           |   1|   0|    1|          0|
    |ap_enable_reg_pp2_iter5           |   1|   0|    1|          0|
    |ap_enable_reg_pp2_iter6           |   1|   0|    1|          0|
    |ap_enable_reg_pp2_iter7           |   1|   0|    1|          0|
    |ap_enable_reg_pp3_iter0           |   1|   0|    1|          0|
    |ap_enable_reg_pp3_iter1           |   1|   0|    1|          0|
    |ap_enable_reg_pp3_iter2           |   1|   0|    1|          0|
    |ap_enable_reg_pp3_iter3           |   1|   0|    1|          0|
    |exitcond1_reg_3664                |   1|   0|    1|          0|
    |exitcond2_reg_3773                |   1|   0|    1|          0|
    |exitcond6_reg_3895                |   1|   0|    1|          0|
    |exitcond7_reg_4062                |   1|   0|    1|          0|
    |j1_reg_1480                       |   6|   0|    6|          0|
    |j_11_reg_1627                     |   6|   0|    6|          0|
    |j_12_reg_4066                     |   5|   0|    5|          0|
    |j_13_reg_1593                     |   6|   0|    6|          0|
    |j_17_reg_5101                     |  32|   0|   32|          0|
    |j_1_reg_1491                      |   6|   0|    6|          0|
    |j_2_reg_1502                      |   6|   0|    6|          0|
    |j_3_reg_1513                      |   5|   0|    5|          0|
    |j_3_reg_1513_pp3_iter1_reg        |   5|   0|    5|          0|
    |j_4_reg_1549                      |  32|   0|   32|          0|
    |j_5_reg_1583                      |  32|   0|   32|          0|
    |j_6_reg_1617                      |  32|   0|   32|          0|
    |j_7_reg_1651                      |  32|   0|   32|          0|
    |j_8_reg_1559                      |   6|   0|    6|          0|
    |j_reg_1525                        |   6|   0|    6|          0|
    |k_1_reg_4549                      |   6|   0|    6|          0|
    |k_2_reg_4796                      |   7|   0|    7|          0|
    |k_3_reg_5043                      |   8|   0|    8|          0|
    |k_4_reg_1537                      |   5|   0|    5|          0|
    |k_5_reg_1571                      |   6|   0|    6|          0|
    |k_6_reg_1605                      |   7|   0|    7|          0|
    |k_7_reg_1639                      |   8|   0|    8|          0|
    |k_reg_4302                        |   5|   0|    5|          0|
    |q0_addr_10_reg_4902               |   5|   0|    5|          0|
    |q0_addr_11_reg_5106               |   5|   0|    5|          0|
    |q0_addr_12_reg_5154               |   5|   0|    5|          0|
    |q0_addr_1_reg_3806                |   5|   0|    5|          0|
    |q0_addr_2_reg_3928                |   5|   0|    5|          0|
    |q0_addr_3_reg_4071                |   5|   0|    5|          0|
    |q0_addr_4_reg_4153                |   5|   0|    5|          0|
    |q0_addr_5_reg_4360                |   5|   0|    5|          0|
    |q0_addr_6_reg_4408                |   5|   0|    5|          0|
    |q0_addr_7_reg_4607                |   5|   0|    5|          0|
    |q0_addr_8_reg_4655                |   5|   0|    5|          0|
    |q0_addr_9_reg_4854                |   5|   0|    5|          0|
    |q0_addr_reg_3697                  |   5|   0|    5|          0|
    |q1_addr_10_reg_4908               |   5|   0|    5|          0|
    |q1_addr_11_reg_5112               |   5|   0|    5|          0|
    |q1_addr_12_reg_5160               |   5|   0|    5|          0|
    |q1_addr_1_reg_3812                |   5|   0|    5|          0|
    |q1_addr_2_reg_3904                |   5|   0|    5|          0|
    |q1_addr_3_reg_4076                |   5|   0|    5|          0|
    |q1_addr_4_reg_4159                |   5|   0|    5|          0|
    |q1_addr_5_reg_4366                |   5|   0|    5|          0|
    |q1_addr_6_reg_4414                |   5|   0|    5|          0|
    |q1_addr_7_reg_4613                |   5|   0|    5|          0|
    |q1_addr_8_reg_4661                |   5|   0|    5|          0|
    |q1_addr_9_reg_4860                |   5|   0|    5|          0|
    |q1_addr_reg_3703                  |   5|   0|    5|          0|
    |q2_addr_10_reg_4914               |   5|   0|    5|          0|
    |q2_addr_11_reg_5118               |   5|   0|    5|          0|
    |q2_addr_12_reg_5166               |   5|   0|    5|          0|
    |q2_addr_1_reg_3782                |   5|   0|    5|          0|
    |q2_addr_2_reg_3934                |   5|   0|    5|          0|
    |q2_addr_3_reg_4081                |   5|   0|    5|          0|
    |q2_addr_4_reg_4165                |   5|   0|    5|          0|
    |q2_addr_5_reg_4372                |   5|   0|    5|          0|
    |q2_addr_6_reg_4420                |   5|   0|    5|          0|
    |q2_addr_7_reg_4619                |   5|   0|    5|          0|
    |q2_addr_8_reg_4667                |   5|   0|    5|          0|
    |q2_addr_9_reg_4866                |   5|   0|    5|          0|
    |q2_addr_reg_3709                  |   5|   0|    5|          0|
    |q3_addr_10_reg_4920               |   5|   0|    5|          0|
    |q3_addr_11_reg_5124               |   5|   0|    5|          0|
    |q3_addr_12_reg_5172               |   5|   0|    5|          0|
    |q3_addr_1_reg_3788                |   5|   0|    5|          0|
    |q3_addr_2_reg_3910                |   5|   0|    5|          0|
    |q3_addr_3_reg_4086                |   5|   0|    5|          0|
    |q3_addr_4_reg_4171                |   5|   0|    5|          0|
    |q3_addr_5_reg_4378                |   5|   0|    5|          0|
    |q3_addr_6_reg_4426                |   5|   0|    5|          0|
    |q3_addr_7_reg_4625                |   5|   0|    5|          0|
    |q3_addr_8_reg_4673                |   5|   0|    5|          0|
    |q3_addr_9_reg_4872                |   5|   0|    5|          0|
    |q3_addr_reg_3715                  |   5|   0|    5|          0|
    |q4_addr_10_reg_4926               |   5|   0|    5|          0|
    |q4_addr_11_reg_5130               |   5|   0|    5|          0|
    |q4_addr_12_reg_5178               |   5|   0|    5|          0|
    |q4_addr_1_reg_3818                |   5|   0|    5|          0|
    |q4_addr_2_reg_3940                |   5|   0|    5|          0|
    |q4_addr_3_reg_4091                |   5|   0|    5|          0|
    |q4_addr_4_reg_4177                |   5|   0|    5|          0|
    |q4_addr_5_reg_4384                |   5|   0|    5|          0|
    |q4_addr_6_reg_4432                |   5|   0|    5|          0|
    |q4_addr_7_reg_4631                |   5|   0|    5|          0|
    |q4_addr_8_reg_4679                |   5|   0|    5|          0|
    |q4_addr_9_reg_4878                |   5|   0|    5|          0|
    |q4_addr_reg_3673                  |   5|   0|    5|          0|
    |q5_addr_10_reg_4932               |   5|   0|    5|          0|
    |q5_addr_11_reg_5136               |   5|   0|    5|          0|
    |q5_addr_12_reg_5184               |   5|   0|    5|          0|
    |q5_addr_1_reg_3824                |   5|   0|    5|          0|
    |q5_addr_2_reg_3916                |   5|   0|    5|          0|
    |q5_addr_3_reg_4096                |   5|   0|    5|          0|
    |q5_addr_4_reg_4183                |   5|   0|    5|          0|
    |q5_addr_5_reg_4390                |   5|   0|    5|          0|
    |q5_addr_6_reg_4438                |   5|   0|    5|          0|
    |q5_addr_7_reg_4637                |   5|   0|    5|          0|
    |q5_addr_8_reg_4685                |   5|   0|    5|          0|
    |q5_addr_9_reg_4884                |   5|   0|    5|          0|
    |q5_addr_reg_3679                  |   5|   0|    5|          0|
    |q6_addr_10_reg_4938               |   5|   0|    5|          0|
    |q6_addr_11_reg_5142               |   5|   0|    5|          0|
    |q6_addr_12_reg_5190               |   5|   0|    5|          0|
    |q6_addr_1_reg_3794                |   5|   0|    5|          0|
    |q6_addr_2_reg_3946                |   5|   0|    5|          0|
    |q6_addr_3_reg_4101                |   5|   0|    5|          0|
    |q6_addr_4_reg_4189                |   5|   0|    5|          0|
    |q6_addr_4_reg_4189_pp3_iter2_reg  |   5|   0|    5|          0|
    |q6_addr_5_reg_4396                |   5|   0|    5|          0|
    |q6_addr_6_reg_4444                |   5|   0|    5|          0|
    |q6_addr_7_reg_4643                |   5|   0|    5|          0|
    |q6_addr_8_reg_4691                |   5|   0|    5|          0|
    |q6_addr_9_reg_4890                |   5|   0|    5|          0|
    |q6_addr_reg_3685                  |   5|   0|    5|          0|
    |q7_addr_10_reg_4944               |   5|   0|    5|          0|
    |q7_addr_11_reg_5148               |   5|   0|    5|          0|
    |q7_addr_12_reg_5196               |   5|   0|    5|          0|
    |q7_addr_1_reg_3800                |   5|   0|    5|          0|
    |q7_addr_2_reg_3922                |   5|   0|    5|          0|
    |q7_addr_3_reg_4107                |   5|   0|    5|          0|
    |q7_addr_4_reg_4195                |   5|   0|    5|          0|
    |q7_addr_4_reg_4195_pp3_iter2_reg  |   5|   0|    5|          0|
    |q7_addr_5_reg_4402                |   5|   0|    5|          0|
    |q7_addr_6_reg_4450                |   5|   0|    5|          0|
    |q7_addr_7_reg_4649                |   5|   0|    5|          0|
    |q7_addr_8_reg_4697                |   5|   0|    5|          0|
    |q7_addr_9_reg_4896                |   5|   0|    5|          0|
    |q7_addr_reg_3691                  |   5|   0|    5|          0|
    |reg_1787                          |  32|   0|   32|          0|
    |reg_1792                          |  32|   0|   32|          0|
    |reg_1797                          |  32|   0|   32|          0|
    |reg_1802                          |  32|   0|   32|          0|
    |reg_1807                          |  32|   0|   32|          0|
    |reg_1814                          |  32|   0|   32|          0|
    |reg_1820                          |  32|   0|   32|          0|
    |reg_1825                          |  32|   0|   32|          0|
    |reg_1830                          |  32|   0|   32|          0|
    |reg_1836                          |  32|   0|   32|          0|
    |reg_1840                          |  32|   0|   32|          0|
    |reg_1844                          |  32|   0|   32|          0|
    |reg_1849                          |  32|   0|   32|          0|
    |reg_1853                          |  32|   0|   32|          0|
    |reg_1857                          |  32|   0|   32|          0|
    |reg_1861                          |  32|   0|   32|          0|
    |reg_1865                          |  32|   0|   32|          0|
    |reg_1870                          |  32|   0|   32|          0|
    |reg_1875                          |  32|   0|   32|          0|
    |reg_1880                          |  32|   0|   32|          0|
    |reg_1885                          |  32|   0|   32|          0|
    |reg_1890                          |  32|   0|   32|          0|
    |reg_1895                          |  32|   0|   32|          0|
    |reg_1900                          |  32|   0|   32|          0|
    |reg_1905                          |  32|   0|   32|          0|
    |t0_3_reg_4201                     |  32|   0|   32|          0|
    |t1_3_reg_4207                     |  32|   0|   32|          0|
    |t2_3_reg_4213                     |  32|   0|   32|          0|
    |tmp_101_reg_4022                  |  64|   0|   64|          0|
    |tmp_102_reg_4027                  |  64|   0|   64|          0|
    |tmp_103_reg_4032                  |  64|   0|   64|          0|
    |tmp_104_reg_4037                  |  64|   0|   64|          0|
    |tmp_105_reg_4042                  |  64|   0|   64|          0|
    |tmp_106_reg_4047                  |  64|   0|   64|          0|
    |tmp_107_reg_4052                  |  64|   0|   64|          0|
    |tmp_108_reg_4057                  |  64|   0|   64|          0|
    |tmp_10_reg_3767                   |  64|   0|   64|          0|
    |tmp_120_cast_reg_4559             |   4|   0|   32|         28|
    |tmp_121_reg_4564                  |  64|   0|   64|          0|
    |tmp_122_reg_4569                  |  64|   0|   64|          0|
    |tmp_123_reg_4574                  |  64|   0|   64|          0|
    |tmp_124_reg_4579                  |  64|   0|   64|          0|
    |tmp_125_reg_4584                  |  64|   0|   64|          0|
    |tmp_126_reg_4589                  |  64|   0|   64|          0|
    |tmp_127_reg_4594                  |  64|   0|   64|          0|
    |tmp_128_reg_4599                  |  64|   0|   64|          0|
    |tmp_137_reg_4113                  |  64|   0|   64|          0|
    |tmp_139_reg_4118                  |  64|   0|   64|          0|
    |tmp_13_reg_3721                   |  64|   0|   64|          0|
    |tmp_141_reg_4123                  |  64|   0|   64|          0|
    |tmp_143_reg_4128                  |  64|   0|   64|          0|
    |tmp_145_reg_4133                  |  64|   0|   64|          0|
    |tmp_147_reg_4138                  |  64|   0|   64|          0|
    |tmp_149_reg_4143                  |  64|   0|   64|          0|
    |tmp_151_reg_4148                  |  64|   0|   64|          0|
    |tmp_154_reg_4219                  |  32|   0|   32|          0|
    |tmp_157_reg_4224                  |  32|   0|   32|          0|
    |tmp_15_reg_3726                   |  64|   0|   64|          0|
    |tmp_160_reg_4229                  |  32|   0|   32|          0|
    |tmp_163_reg_4234                  |  32|   0|   32|          0|
    |tmp_166_reg_4239                  |  32|   0|   32|          0|
    |tmp_169_reg_4244                  |  32|   0|   32|          0|
    |tmp_172_reg_4249                  |  32|   0|   32|          0|
    |tmp_175_reg_4254                  |  32|   0|   32|          0|
    |tmp_17_reg_3731                   |  64|   0|   64|          0|
    |tmp_188_cast_reg_4806             |   4|   0|   32|         28|
    |tmp_189_reg_4811                  |  64|   0|   64|          0|
    |tmp_190_reg_4816                  |  64|   0|   64|          0|
    |tmp_191_reg_4821                  |  64|   0|   64|          0|
    |tmp_192_reg_4826                  |  64|   0|   64|          0|
    |tmp_193_reg_4831                  |  64|   0|   64|          0|
    |tmp_194_reg_4836                  |  64|   0|   64|          0|
    |tmp_195_reg_4841                  |  64|   0|   64|          0|
    |tmp_196_reg_4846                  |  64|   0|   64|          0|
    |tmp_19_reg_3736                   |  64|   0|   64|          0|
    |tmp_257_cast_reg_5053             |   4|   0|   32|         28|
    |tmp_258_reg_5058                  |  64|   0|   64|          0|
    |tmp_259_reg_5063                  |  64|   0|   64|          0|
    |tmp_260_reg_5068                  |  64|   0|   64|          0|
    |tmp_261_reg_5073                  |  64|   0|   64|          0|
    |tmp_262_reg_5078                  |  64|   0|   64|          0|
    |tmp_263_reg_5083                  |  64|   0|   64|          0|
    |tmp_264_reg_5088                  |  64|   0|   64|          0|
    |tmp_265_reg_5093                  |  64|   0|   64|          0|
    |tmp_27_reg_3741                   |  32|   0|   32|          0|
    |tmp_30_reg_3746                   |  32|   0|   32|          0|
    |tmp_36_reg_3830                   |  64|   0|   64|          0|
    |tmp_38_reg_3835                   |  64|   0|   64|          0|
    |tmp_3_reg_3656                    |  64|   0|   64|          0|
    |tmp_40_reg_3840                   |  64|   0|   64|          0|
    |tmp_42_reg_3845                   |  64|   0|   64|          0|
    |tmp_53_reg_3850                   |  32|   0|   32|          0|
    |tmp_60_reg_3875                   |  64|   0|   64|          0|
    |tmp_61_reg_3880                   |  64|   0|   64|          0|
    |tmp_62_reg_3885                   |  64|   0|   64|          0|
    |tmp_63_reg_3890                   |  64|   0|   64|          0|
    |tmp_67_reg_3952                   |  64|   0|   64|          0|
    |tmp_69_reg_3957                   |  64|   0|   64|          0|
    |tmp_6_reg_3761                    |  64|   0|   64|          0|
    |tmp_71_reg_3962                   |  64|   0|   64|          0|
    |tmp_73_reg_3967                   |  64|   0|   64|          0|
    |tmp_78_reg_3972                   |  32|   0|   32|          0|
    |tmp_84_reg_3977                   |  32|   0|   32|          0|
    |tmp_88_cast_reg_4312              |   4|   0|   32|         28|
    |tmp_89_reg_4317                   |  64|   0|   64|          0|
    |tmp_90_reg_4322                   |  64|   0|   64|          0|
    |tmp_91_reg_4327                   |  64|   0|   64|          0|
    |tmp_92_reg_4332                   |  64|   0|   64|          0|
    |tmp_93_reg_4337                   |  64|   0|   64|          0|
    |tmp_94_reg_4342                   |  64|   0|   64|          0|
    |tmp_95_reg_4347                   |  64|   0|   64|          0|
    |tmp_96_reg_4352                   |  64|   0|   64|          0|
    |exitcond1_reg_3664                |  64|  32|    1|          0|
    |exitcond2_reg_3773                |  64|  32|    1|          0|
    |exitcond6_reg_3895                |  64|  32|    1|          0|
    |exitcond7_reg_4062                |  64|  32|    1|          0|
    |q0_addr_1_reg_3806                |  64|  32|    5|          0|
    |q0_addr_2_reg_3928                |  64|  32|    5|          0|
    |q0_addr_3_reg_4071                |  64|  32|    5|          0|
    |q0_addr_reg_3697                  |  64|  32|    5|          0|
    |q1_addr_1_reg_3812                |  64|  32|    5|          0|
    |q1_addr_2_reg_3904                |  64|  32|    5|          0|
    |q1_addr_3_reg_4076                |  64|  32|    5|          0|
    |q1_addr_reg_3703                  |  64|  32|    5|          0|
    |q2_addr_1_reg_3782                |  64|  32|    5|          0|
    |q2_addr_2_reg_3934                |  64|  32|    5|          0|
    |q2_addr_3_reg_4081                |  64|  32|    5|          0|
    |q2_addr_reg_3709                  |  64|  32|    5|          0|
    |q3_addr_1_reg_3788                |  64|  32|    5|          0|
    |q3_addr_2_reg_3910                |  64|  32|    5|          0|
    |q3_addr_3_reg_4086                |  64|  32|    5|          0|
    |q3_addr_reg_3715                  |  64|  32|    5|          0|
    |q4_addr_1_reg_3818                |  64|  32|    5|          0|
    |q4_addr_2_reg_3940                |  64|  32|    5|          0|
    |q4_addr_3_reg_4091                |  64|  32|    5|          0|
    |q4_addr_reg_3673                  |  64|  32|    5|          0|
    |q5_addr_1_reg_3824                |  64|  32|    5|          0|
    |q5_addr_2_reg_3916                |  64|  32|    5|          0|
    |q5_addr_3_reg_4096                |  64|  32|    5|          0|
    |q5_addr_reg_3679                  |  64|  32|    5|          0|
    |q6_addr_1_reg_3794                |  64|  32|    5|          0|
    |q6_addr_2_reg_3946                |  64|  32|    5|          0|
    |q6_addr_3_reg_4101                |  64|  32|    5|          0|
    |q6_addr_reg_3685                  |  64|  32|    5|          0|
    |q7_addr_1_reg_3800                |  64|  32|    5|          0|
    |q7_addr_2_reg_3922                |  64|  32|    5|          0|
    |q7_addr_3_reg_4107                |  64|  32|    5|          0|
    |q7_addr_reg_3691                  |  64|  32|    5|          0|
    +----------------------------------+----+----+-----+-----------+
    |Total                             |8814|1152| 6786|        112|
    +----------------------------------+----+----+-----+-----------+



================================================================
== Interface
================================================================
* Summary: 
+----------------+-----+-----+------------+--------------+--------------+
|    RTL Ports   | Dir | Bits|  Protocol  | Source Object|    C Type    |
+----------------+-----+-----+------------+--------------+--------------+
|ap_clk          |  in |    1| ap_ctrl_hs |      ntt     | return value |
|ap_rst          |  in |    1| ap_ctrl_hs |      ntt     | return value |
|ap_start        |  in |    1| ap_ctrl_hs |      ntt     | return value |
|ap_done         | out |    1| ap_ctrl_hs |      ntt     | return value |
|ap_idle         | out |    1| ap_ctrl_hs |      ntt     | return value |
|ap_ready        | out |    1| ap_ctrl_hs |      ntt     | return value |
|q0_address0     | out |    5|  ap_memory |      q0      |     array    |
|q0_ce0          | out |    1|  ap_memory |      q0      |     array    |
|q0_we0          | out |    1|  ap_memory |      q0      |     array    |
|q0_d0           | out |   32|  ap_memory |      q0      |     array    |
|q0_q0           |  in |   32|  ap_memory |      q0      |     array    |
|q0_address1     | out |    5|  ap_memory |      q0      |     array    |
|q0_ce1          | out |    1|  ap_memory |      q0      |     array    |
|q0_we1          | out |    1|  ap_memory |      q0      |     array    |
|q0_d1           | out |   32|  ap_memory |      q0      |     array    |
|q0_q1           |  in |   32|  ap_memory |      q0      |     array    |
|q1_address0     | out |    5|  ap_memory |      q1      |     array    |
|q1_ce0          | out |    1|  ap_memory |      q1      |     array    |
|q1_we0          | out |    1|  ap_memory |      q1      |     array    |
|q1_d0           | out |   32|  ap_memory |      q1      |     array    |
|q1_q0           |  in |   32|  ap_memory |      q1      |     array    |
|q1_address1     | out |    5|  ap_memory |      q1      |     array    |
|q1_ce1          | out |    1|  ap_memory |      q1      |     array    |
|q1_we1          | out |    1|  ap_memory |      q1      |     array    |
|q1_d1           | out |   32|  ap_memory |      q1      |     array    |
|q1_q1           |  in |   32|  ap_memory |      q1      |     array    |
|q2_address0     | out |    5|  ap_memory |      q2      |     array    |
|q2_ce0          | out |    1|  ap_memory |      q2      |     array    |
|q2_we0          | out |    1|  ap_memory |      q2      |     array    |
|q2_d0           | out |   32|  ap_memory |      q2      |     array    |
|q2_q0           |  in |   32|  ap_memory |      q2      |     array    |
|q2_address1     | out |    5|  ap_memory |      q2      |     array    |
|q2_ce1          | out |    1|  ap_memory |      q2      |     array    |
|q2_we1          | out |    1|  ap_memory |      q2      |     array    |
|q2_d1           | out |   32|  ap_memory |      q2      |     array    |
|q2_q1           |  in |   32|  ap_memory |      q2      |     array    |
|q3_address0     | out |    5|  ap_memory |      q3      |     array    |
|q3_ce0          | out |    1|  ap_memory |      q3      |     array    |
|q3_we0          | out |    1|  ap_memory |      q3      |     array    |
|q3_d0           | out |   32|  ap_memory |      q3      |     array    |
|q3_q0           |  in |   32|  ap_memory |      q3      |     array    |
|q3_address1     | out |    5|  ap_memory |      q3      |     array    |
|q3_ce1          | out |    1|  ap_memory |      q3      |     array    |
|q3_we1          | out |    1|  ap_memory |      q3      |     array    |
|q3_d1           | out |   32|  ap_memory |      q3      |     array    |
|q3_q1           |  in |   32|  ap_memory |      q3      |     array    |
|q4_address0     | out |    5|  ap_memory |      q4      |     array    |
|q4_ce0          | out |    1|  ap_memory |      q4      |     array    |
|q4_we0          | out |    1|  ap_memory |      q4      |     array    |
|q4_d0           | out |   32|  ap_memory |      q4      |     array    |
|q4_q0           |  in |   32|  ap_memory |      q4      |     array    |
|q4_address1     | out |    5|  ap_memory |      q4      |     array    |
|q4_ce1          | out |    1|  ap_memory |      q4      |     array    |
|q4_we1          | out |    1|  ap_memory |      q4      |     array    |
|q4_d1           | out |   32|  ap_memory |      q4      |     array    |
|q4_q1           |  in |   32|  ap_memory |      q4      |     array    |
|q5_address0     | out |    5|  ap_memory |      q5      |     array    |
|q5_ce0          | out |    1|  ap_memory |      q5      |     array    |
|q5_we0          | out |    1|  ap_memory |      q5      |     array    |
|q5_d0           | out |   32|  ap_memory |      q5      |     array    |
|q5_q0           |  in |   32|  ap_memory |      q5      |     array    |
|q5_address1     | out |    5|  ap_memory |      q5      |     array    |
|q5_ce1          | out |    1|  ap_memory |      q5      |     array    |
|q5_we1          | out |    1|  ap_memory |      q5      |     array    |
|q5_d1           | out |   32|  ap_memory |      q5      |     array    |
|q5_q1           |  in |   32|  ap_memory |      q5      |     array    |
|q6_address0     | out |    5|  ap_memory |      q6      |     array    |
|q6_ce0          | out |    1|  ap_memory |      q6      |     array    |
|q6_we0          | out |    1|  ap_memory |      q6      |     array    |
|q6_d0           | out |   32|  ap_memory |      q6      |     array    |
|q6_q0           |  in |   32|  ap_memory |      q6      |     array    |
|q6_address1     | out |    5|  ap_memory |      q6      |     array    |
|q6_ce1          | out |    1|  ap_memory |      q6      |     array    |
|q6_we1          | out |    1|  ap_memory |      q6      |     array    |
|q6_d1           | out |   32|  ap_memory |      q6      |     array    |
|q6_q1           |  in |   32|  ap_memory |      q6      |     array    |
|q7_address0     | out |    5|  ap_memory |      q7      |     array    |
|q7_ce0          | out |    1|  ap_memory |      q7      |     array    |
|q7_we0          | out |    1|  ap_memory |      q7      |     array    |
|q7_d0           | out |   32|  ap_memory |      q7      |     array    |
|q7_q0           |  in |   32|  ap_memory |      q7      |     array    |
|q7_address1     | out |    5|  ap_memory |      q7      |     array    |
|q7_ce1          | out |    1|  ap_memory |      q7      |     array    |
|q7_we1          | out |    1|  ap_memory |      q7      |     array    |
|q7_d1           | out |   32|  ap_memory |      q7      |     array    |
|q7_q1           |  in |   32|  ap_memory |      q7      |     array    |
|zetas_address0  | out |    8|  ap_memory |     zetas    |     array    |
|zetas_ce0       | out |    1|  ap_memory |     zetas    |     array    |
|zetas_q0        |  in |   32|  ap_memory |     zetas    |     array    |
|zetas_address1  | out |    8|  ap_memory |     zetas    |     array    |
|zetas_ce1       | out |    1|  ap_memory |     zetas    |     array    |
|zetas_q1        |  in |   32|  ap_memory |     zetas    |     array    |
+----------------+-----+-----+------------+--------------+--------------+

