INFO: [COSIM-47] Using XSIM for RTL simulation.
INFO: [COSIM-14] Instrumenting C test bench ...
   Build using "/opt/Xilinx2018/Vivado/2018.3/tps/lnx64/gcc-6.2.0/bin/g++"
   Compiling apatb_ntt.cpp
   Compiling (apcc) aes.c_pre.c.tb.c
INFO: [HLS 200-10] Running '/opt/Xilinx2018/Vivado/2018.3/bin/unwrapped/lnx64.o/apcc'
INFO: [HLS 200-10] For user 'dss545' on host 'hansolo.poly.edu' (Linux_x86_64 version 3.10.0-1127.18.2.el7.x86_64) on Sat Dec 12 08:42:44 EST 2020
INFO: [HLS 200-10] On os "Red Hat Enterprise Linux Server release 7.8 (Maipo)"
INFO: [HLS 200-10] In directory '/home/dss545/vivado_hls/SHARING/CRYSTALS-Dilithium/Dilithium/Reference_Implementation/crypto_sign/project19/dilithium1.prj/ntt_opt2__outloop_pipe/sim/wrapc'
clang: warning: argument unused during compilation: '-fno-builtin-isinf'
clang: warning: argument unused during compilation: '-fno-builtin-isnan'
INFO: [APCC 202-3] Tmp directory is /tmp/apcc_db_dss545/124181607780564084229
INFO: [APCC 202-1] APCC is done.
   Compiling (apcc) fips202.c_pre.c.tb.c
INFO: [HLS 200-10] Running '/opt/Xilinx2018/Vivado/2018.3/bin/unwrapped/lnx64.o/apcc'
INFO: [HLS 200-10] For user 'dss545' on host 'hansolo.poly.edu' (Linux_x86_64 version 3.10.0-1127.18.2.el7.x86_64) on Sat Dec 12 08:42:51 EST 2020
INFO: [HLS 200-10] On os "Red Hat Enterprise Linux Server release 7.8 (Maipo)"
INFO: [HLS 200-10] In directory '/home/dss545/vivado_hls/SHARING/CRYSTALS-Dilithium/Dilithium/Reference_Implementation/crypto_sign/project19/dilithium1.prj/ntt_opt2__outloop_pipe/sim/wrapc'
clang: warning: argument unused during compilation: '-fno-builtin-isinf'
clang: warning: argument unused during compilation: '-fno-builtin-isnan'
INFO: [APCC 202-3] Tmp directory is /tmp/apcc_db_dss545/128681607780571099434
INFO: [APCC 202-1] APCC is done.
   Compiling (apcc) newtest_sign.c_pre.c.tb.c
INFO: [HLS 200-10] Running '/opt/Xilinx2018/Vivado/2018.3/bin/unwrapped/lnx64.o/apcc'
INFO: [HLS 200-10] For user 'dss545' on host 'hansolo.poly.edu' (Linux_x86_64 version 3.10.0-1127.18.2.el7.x86_64) on Sat Dec 12 08:42:58 EST 2020
INFO: [HLS 200-10] On os "Red Hat Enterprise Linux Server release 7.8 (Maipo)"
INFO: [HLS 200-10] In directory '/home/dss545/vivado_hls/SHARING/CRYSTALS-Dilithium/Dilithium/Reference_Implementation/crypto_sign/project19/dilithium1.prj/ntt_opt2__outloop_pipe/sim/wrapc'
clang: warning: argument unused during compilation: '-fno-builtin-isinf'
clang: warning: argument unused during compilation: '-fno-builtin-isnan'
INFO: [APCC 202-3] Tmp directory is /tmp/apcc_db_dss545/132101607780578775526
INFO: [APCC 202-1] APCC is done.
   Compiling (apcc) ntt.c_pre.c.tb.c
INFO: [HLS 200-10] Running '/opt/Xilinx2018/Vivado/2018.3/bin/unwrapped/lnx64.o/apcc'
INFO: [HLS 200-10] For user 'dss545' on host 'hansolo.poly.edu' (Linux_x86_64 version 3.10.0-1127.18.2.el7.x86_64) on Sat Dec 12 08:43:05 EST 2020
INFO: [HLS 200-10] On os "Red Hat Enterprise Linux Server release 7.8 (Maipo)"
INFO: [HLS 200-10] In directory '/home/dss545/vivado_hls/SHARING/CRYSTALS-Dilithium/Dilithium/Reference_Implementation/crypto_sign/project19/dilithium1.prj/ntt_opt2__outloop_pipe/sim/wrapc'
clang: warning: argument unused during compilation: '-fno-builtin-isinf'
clang: warning: argument unused during compilation: '-fno-builtin-isnan'
INFO: [APCC 202-3] Tmp directory is /tmp/apcc_db_dss545/136601607780585232526
INFO: [APCC 202-1] APCC is done.
   Compiling (apcc) packing.c_pre.c.tb.c
INFO: [HLS 200-10] Running '/opt/Xilinx2018/Vivado/2018.3/bin/unwrapped/lnx64.o/apcc'
INFO: [HLS 200-10] For user 'dss545' on host 'hansolo.poly.edu' (Linux_x86_64 version 3.10.0-1127.18.2.el7.x86_64) on Sat Dec 12 08:43:11 EST 2020
INFO: [HLS 200-10] On os "Red Hat Enterprise Linux Server release 7.8 (Maipo)"
INFO: [HLS 200-10] In directory '/home/dss545/vivado_hls/SHARING/CRYSTALS-Dilithium/Dilithium/Reference_Implementation/crypto_sign/project19/dilithium1.prj/ntt_opt2__outloop_pipe/sim/wrapc'
clang: warning: argument unused during compilation: '-fno-builtin-isinf'
clang: warning: argument unused during compilation: '-fno-builtin-isnan'
INFO: [APCC 202-3] Tmp directory is /tmp/apcc_db_dss545/141051607780591701915
INFO: [APCC 202-1] APCC is done.
   Compiling (apcc) poly.c_pre.c.tb.c
INFO: [HLS 200-10] Running '/opt/Xilinx2018/Vivado/2018.3/bin/unwrapped/lnx64.o/apcc'
INFO: [HLS 200-10] For user 'dss545' on host 'hansolo.poly.edu' (Linux_x86_64 version 3.10.0-1127.18.2.el7.x86_64) on Sat Dec 12 08:43:18 EST 2020
INFO: [HLS 200-10] On os "Red Hat Enterprise Linux Server release 7.8 (Maipo)"
INFO: [HLS 200-10] In directory '/home/dss545/vivado_hls/SHARING/CRYSTALS-Dilithium/Dilithium/Reference_Implementation/crypto_sign/project19/dilithium1.prj/ntt_opt2__outloop_pipe/sim/wrapc'
clang: warning: argument unused during compilation: '-fno-builtin-isinf'
clang: warning: argument unused during compilation: '-fno-builtin-isnan'
INFO: [APCC 202-3] Tmp directory is /tmp/apcc_db_dss545/143321607780598413767
INFO: [APCC 202-1] APCC is done.
   Compiling (apcc) polyvec.c_pre.c.tb.c
INFO: [HLS 200-10] Running '/opt/Xilinx2018/Vivado/2018.3/bin/unwrapped/lnx64.o/apcc'
INFO: [HLS 200-10] For user 'dss545' on host 'hansolo.poly.edu' (Linux_x86_64 version 3.10.0-1127.18.2.el7.x86_64) on Sat Dec 12 08:43:25 EST 2020
INFO: [HLS 200-10] On os "Red Hat Enterprise Linux Server release 7.8 (Maipo)"
INFO: [HLS 200-10] In directory '/home/dss545/vivado_hls/SHARING/CRYSTALS-Dilithium/Dilithium/Reference_Implementation/crypto_sign/project19/dilithium1.prj/ntt_opt2__outloop_pipe/sim/wrapc'
clang: warning: argument unused during compilation: '-fno-builtin-isinf'
clang: warning: argument unused during compilation: '-fno-builtin-isnan'
INFO: [APCC 202-3] Tmp directory is /tmp/apcc_db_dss545/145641607780605702724
INFO: [APCC 202-1] APCC is done.
   Compiling (apcc) reduce.c_pre.c.tb.c
INFO: [HLS 200-10] Running '/opt/Xilinx2018/Vivado/2018.3/bin/unwrapped/lnx64.o/apcc'
INFO: [HLS 200-10] For user 'dss545' on host 'hansolo.poly.edu' (Linux_x86_64 version 3.10.0-1127.18.2.el7.x86_64) on Sat Dec 12 08:43:32 EST 2020
INFO: [HLS 200-10] On os "Red Hat Enterprise Linux Server release 7.8 (Maipo)"
INFO: [HLS 200-10] In directory '/home/dss545/vivado_hls/SHARING/CRYSTALS-Dilithium/Dilithium/Reference_Implementation/crypto_sign/project19/dilithium1.prj/ntt_opt2__outloop_pipe/sim/wrapc'
clang: warning: argument unused during compilation: '-fno-builtin-isinf'
clang: warning: argument unused during compilation: '-fno-builtin-isnan'
INFO: [APCC 202-3] Tmp directory is /tmp/apcc_db_dss545/147791607780612123020
INFO: [APCC 202-1] APCC is done.
   Compiling (apcc) rng.c_pre.c.tb.c
INFO: [HLS 200-10] Running '/opt/Xilinx2018/Vivado/2018.3/bin/unwrapped/lnx64.o/apcc'
INFO: [HLS 200-10] For user 'dss545' on host 'hansolo.poly.edu' (Linux_x86_64 version 3.10.0-1127.18.2.el7.x86_64) on Sat Dec 12 08:43:38 EST 2020
INFO: [HLS 200-10] On os "Red Hat Enterprise Linux Server release 7.8 (Maipo)"
INFO: [HLS 200-10] In directory '/home/dss545/vivado_hls/SHARING/CRYSTALS-Dilithium/Dilithium/Reference_Implementation/crypto_sign/project19/dilithium1.prj/ntt_opt2__outloop_pipe/sim/wrapc'
clang: warning: argument unused during compilation: '-fno-builtin-isinf'
clang: warning: argument unused during compilation: '-fno-builtin-isnan'
INFO: [APCC 202-3] Tmp directory is /tmp/apcc_db_dss545/149981607780618422672
INFO: [APCC 202-1] APCC is done.
   Compiling (apcc) rounding.c_pre.c.tb.c
INFO: [HLS 200-10] Running '/opt/Xilinx2018/Vivado/2018.3/bin/unwrapped/lnx64.o/apcc'
INFO: [HLS 200-10] For user 'dss545' on host 'hansolo.poly.edu' (Linux_x86_64 version 3.10.0-1127.18.2.el7.x86_64) on Sat Dec 12 08:43:44 EST 2020
INFO: [HLS 200-10] On os "Red Hat Enterprise Linux Server release 7.8 (Maipo)"
INFO: [HLS 200-10] In directory '/home/dss545/vivado_hls/SHARING/CRYSTALS-Dilithium/Dilithium/Reference_Implementation/crypto_sign/project19/dilithium1.prj/ntt_opt2__outloop_pipe/sim/wrapc'
clang: warning: argument unused during compilation: '-fno-builtin-isinf'
clang: warning: argument unused during compilation: '-fno-builtin-isnan'
INFO: [APCC 202-3] Tmp directory is /tmp/apcc_db_dss545/152091607780625038904
INFO: [APCC 202-1] APCC is done.
   Compiling (apcc) sign.c_pre.c.tb.c
INFO: [HLS 200-10] Running '/opt/Xilinx2018/Vivado/2018.3/bin/unwrapped/lnx64.o/apcc'
INFO: [HLS 200-10] For user 'dss545' on host 'hansolo.poly.edu' (Linux_x86_64 version 3.10.0-1127.18.2.el7.x86_64) on Sat Dec 12 08:43:51 EST 2020
INFO: [HLS 200-10] On os "Red Hat Enterprise Linux Server release 7.8 (Maipo)"
INFO: [HLS 200-10] In directory '/home/dss545/vivado_hls/SHARING/CRYSTALS-Dilithium/Dilithium/Reference_Implementation/crypto_sign/project19/dilithium1.prj/ntt_opt2__outloop_pipe/sim/wrapc'
clang: warning: argument unused during compilation: '-fno-builtin-isinf'
clang: warning: argument unused during compilation: '-fno-builtin-isnan'
INFO: [APCC 202-3] Tmp directory is /tmp/apcc_db_dss545/154241607780631367606
INFO: [APCC 202-1] APCC is done.
   Generating cosim.tv.exe
INFO: [COSIM-302] Starting C TB testing ... 
INFO: [COSIM-333] Generating C post check test bench ...
INFO: [COSIM-12] Generating RTL test bench ...
INFO: [COSIM-323] Starting verilog simulation. 
INFO: [COSIM-15] Starting XSIM ...
INFO: [COSIM-316] Starting C post checking ...
Known Answer Tests PASSED. 


INFO: [XSIM 43-3496] Using init file passed via -initfile option "/opt/Xilinx2018/Vivado/2018.3/data/xsim/ip/xsim_ip.ini".
Vivado Simulator 2018.3
Copyright 1986-1999, 2001-2018 Xilinx, Inc. All Rights Reserved.
Running: /opt/Xilinx2018/Vivado/2018.3/bin/unwrapped/lnx64.o/xelab xil_defaultlib.apatb_ntt_top glbl -prj ntt.prj -L smartconnect_v1_0 -L axi_protocol_checker_v1_1_12 -L axi_protocol_checker_v1_1_13 -L axis_protocol_checker_v1_1_11 -L axis_protocol_checker_v1_1_12 -L xil_defaultlib -L unisims_ver -L xpm --initfile /opt/Xilinx2018/Vivado/2018.3/data/xsim/ip/xsim_ip.ini --lib ieee_proposed=./ieee_proposed -s ntt 
Multi-threading is on. Using 126 slave threads.
INFO: [VRFC 10-2263] Analyzing SystemVerilog file "/home/dss545/vivado_hls/SHARING/CRYSTALS-Dilithium/Dilithium/Reference_Implementation/crypto_sign/project19/dilithium1.prj/ntt_opt2__outloop_pipe/sim/verilog/glbl.v" into library work
INFO: [VRFC 10-311] analyzing module glbl
INFO: [VRFC 10-2263] Analyzing SystemVerilog file "/home/dss545/vivado_hls/SHARING/CRYSTALS-Dilithium/Dilithium/Reference_Implementation/crypto_sign/project19/dilithium1.prj/ntt_opt2__outloop_pipe/sim/verilog/ntt.autotb.v" into library xil_defaultlib
INFO: [VRFC 10-311] analyzing module apatb_ntt_top
INFO: [VRFC 10-2263] Analyzing SystemVerilog file "/home/dss545/vivado_hls/SHARING/CRYSTALS-Dilithium/Dilithium/Reference_Implementation/crypto_sign/project19/dilithium1.prj/ntt_opt2__outloop_pipe/sim/verilog/AESL_automem_p.v" into library xil_defaultlib
INFO: [VRFC 10-311] analyzing module AESL_automem_p
INFO: [VRFC 10-2263] Analyzing SystemVerilog file "/home/dss545/vivado_hls/SHARING/CRYSTALS-Dilithium/Dilithium/Reference_Implementation/crypto_sign/project19/dilithium1.prj/ntt_opt2__outloop_pipe/sim/verilog/ntt.v" into library xil_defaultlib
INFO: [VRFC 10-311] analyzing module ntt
INFO: [VRFC 10-2263] Analyzing SystemVerilog file "/home/dss545/vivado_hls/SHARING/CRYSTALS-Dilithium/Dilithium/Reference_Implementation/crypto_sign/project19/dilithium1.prj/ntt_opt2__outloop_pipe/sim/verilog/ntt_zetas.v" into library xil_defaultlib
INFO: [VRFC 10-311] analyzing module ntt_zetas_rom
INFO: [VRFC 10-311] analyzing module ntt_zetas
Starting static elaboration
Completed static elaboration
Starting simulation data flow analysis
Completed simulation data flow analysis
Time Resolution for simulation is 1ps
Compiling module xil_defaultlib.ntt_zetas_rom
Compiling module xil_defaultlib.ntt_zetas(DataWidth=23,AddressRa...
Compiling module xil_defaultlib.ntt
Compiling module xil_defaultlib.AESL_automem_p
Compiling module xil_defaultlib.apatb_ntt_top
Compiling module work.glbl
Built simulation snapshot ntt

****** Webtalk v2018.3 (64-bit)
  **** SW Build 2405991 on Thu Dec  6 23:36:41 MST 2018
  **** IP Build 2404404 on Fri Dec  7 01:43:56 MST 2018
    ** Copyright 1986-2018 Xilinx, Inc. All Rights Reserved.

source /home/dss545/vivado_hls/SHARING/CRYSTALS-Dilithium/Dilithium/Reference_Implementation/crypto_sign/project19/dilithium1.prj/ntt_opt2__outloop_pipe/sim/verilog/xsim.dir/ntt/webtalk/xsim_webtalk.tcl -notrace
INFO: [Common 17-206] Exiting Webtalk at Sat Dec 12 08:44:01 2020...

****** xsim v2018.3 (64-bit)
  **** SW Build 2405991 on Thu Dec  6 23:36:41 MST 2018
  **** IP Build 2404404 on Fri Dec  7 01:43:56 MST 2018
    ** Copyright 1986-2018 Xilinx, Inc. All Rights Reserved.

source xsim.dir/ntt/xsim_script.tcl
# xsim {ntt} -autoloadwcfg -tclbatch {ntt.tcl}
Vivado Simulator 2018.3
Time resolution is 1 ps
source ntt.tcl
## run all
////////////////////////////////////////////////////////////////////////////////////
// Inter-Transaction Progress: Completed Transaction / Total Transaction
// Intra-Transaction Progress: Measured Latency / Latency Estimation * 100%
//
// RTL Simulation : "Inter-Transaction Progress" ["Intra-Transaction Progress"] @ "Simulation Time"
////////////////////////////////////////////////////////////////////////////////////
// RTL Simulation : 0 / 28 [n/a] @ "125000"
// RTL Simulation : 1 / 28 [n/a] @ "100125000"
// RTL Simulation : 2 / 28 [n/a] @ "200115000"
// RTL Simulation : 3 / 28 [n/a] @ "300105000"
// RTL Simulation : 4 / 28 [n/a] @ "400095000"
// RTL Simulation : 5 / 28 [n/a] @ "500085000"
// RTL Simulation : 6 / 28 [n/a] @ "600075000"
// RTL Simulation : 7 / 28 [n/a] @ "700065000"
// RTL Simulation : 8 / 28 [n/a] @ "800055000"
// RTL Simulation : 9 / 28 [n/a] @ "900045000"
// RTL Simulation : 10 / 28 [n/a] @ "1000035000"
// RTL Simulation : 11 / 28 [n/a] @ "1100025000"
// RTL Simulation : 12 / 28 [n/a] @ "1200015000"
// RTL Simulation : 13 / 28 [n/a] @ "1300005000"
// RTL Simulation : 14 / 28 [n/a] @ "1399995000"
// RTL Simulation : 15 / 28 [n/a] @ "1499985000"
// RTL Simulation : 16 / 28 [n/a] @ "1599975000"
// RTL Simulation : 17 / 28 [n/a] @ "1699965000"
// RTL Simulation : 18 / 28 [n/a] @ "1799955000"
// RTL Simulation : 19 / 28 [n/a] @ "1899945000"
// RTL Simulation : 20 / 28 [n/a] @ "1999935000"
// RTL Simulation : 21 / 28 [n/a] @ "2099925000"
// RTL Simulation : 22 / 28 [n/a] @ "2199915000"
// RTL Simulation : 23 / 28 [n/a] @ "2299905000"
// RTL Simulation : 24 / 28 [n/a] @ "2399895000"
// RTL Simulation : 25 / 28 [n/a] @ "2499885000"
// RTL Simulation : 26 / 28 [n/a] @ "2599875000"
// RTL Simulation : 27 / 28 [n/a] @ "2699865000"
// RTL Simulation : 28 / 28 [n/a] @ "2799855000"
////////////////////////////////////////////////////////////////////////////////////
$finish called at time : 2799895 ns : File "/home/dss545/vivado_hls/SHARING/CRYSTALS-Dilithium/Dilithium/Reference_Implementation/crypto_sign/project19/dilithium1.prj/ntt_opt2__outloop_pipe/sim/verilog/ntt.autotb.v" Line 220
## quit
INFO: [Common 17-206] Exiting xsim at Sat Dec 12 08:44:14 2020...
Known Answer Tests PASSED. 


INFO: [COSIM-1000] *** C/RTL co-simulation finished: PASS ***
