

================================================================
== Vivado HLS Report for 'ntt'
================================================================
* Date:           Sat Dec 12 08:50:20 2020

* Version:        2018.3 (Build 2405991 on Thu Dec 06 23:56:15 MST 2018)
* Project:        dilithium1.prj
* Solution:       ntt_opt4__inloop_pipe
* Product family: artix7
* Target device:  xc7a200tfbg676-2


================================================================
== Performance Estimates
================================================================
+ Timing (ns): 
    * Summary: 
    +--------+-------+----------+------------+
    |  Clock | Target| Estimated| Uncertainty|
    +--------+-------+----------+------------+
    |ap_clk  |  10.00|     7.724|        1.25|
    +--------+-------+----------+------------+

+ Latency (clock cycles): 
    * Summary: 
    +-----+-----+-----+-----+---------+
    |  Latency  |  Interval | Pipeline|
    | min | max | min | max |   Type  |
    +-----+-----+-----+-----+---------+
    |    ?|    ?|    ?|    ?|   none  |
    +-----+-----+-----+-----+---------+

    + Detail: 
        * Instance: 
        N/A

        * Loop: 
        +------------------+-----+-----+----------+-----------+-----------+------+----------+
        |                  |  Latency  | Iteration|  Initiation Interval  | Trip |          |
        |     Loop Name    | min | max |  Latency |  achieved |   target  | Count| Pipelined|
        +------------------+-----+-----+----------+-----------+-----------+------+----------+
        |- ntt_label32     |    ?|    ?|         ?|          -|          -|     8|    no    |
        | + ntt_label32.1  |    ?|    ?|         ?|          -|          -|     ?|    no    |
        |  ++ ntt_label2   |    ?|    ?|         9|          9|          1|     ?|    yes   |
        +------------------+-----+-----+----------+-----------+-----------+------+----------+



================================================================
== Utilization Estimates
================================================================
* Summary: 
+-----------------+---------+-------+--------+--------+
|       Name      | BRAM_18K| DSP48E|   FF   |   LUT  |
+-----------------+---------+-------+--------+--------+
|DSP              |        -|      -|       -|       -|
|Expression       |        -|      8|       0|     528|
|FIFO             |        -|      -|       -|       -|
|Instance         |        -|      -|       -|       -|
|Memory           |        1|      -|       0|       0|
|Multiplexer      |        -|      -|       -|     149|
|Register         |        -|      -|     518|       -|
+-----------------+---------+-------+--------+--------+
|Total            |        1|      8|     518|     677|
+-----------------+---------+-------+--------+--------+
|Available        |      730|    740|  269200|  129000|
+-----------------+---------+-------+--------+--------+
|Utilization (%)  |    ~0   |      1|   ~0   |   ~0   |
+-----------------+---------+-------+--------+--------+

+ Detail: 
    * Instance: 
    N/A

    * DSP48: 
    N/A

    * Memory: 
    +---------+-----------+---------+---+----+------+-----+------+-------------+
    |  Memory |   Module  | BRAM_18K| FF| LUT| Words| Bits| Banks| W*Bits*Banks|
    +---------+-----------+---------+---+----+------+-----+------+-------------+
    |zetas_U  |ntt_zetas  |        1|  0|   0|   256|   23|     1|         5888|
    +---------+-----------+---------+---+----+------+-----+------+-------------+
    |Total    |           |        1|  0|   0|   256|   23|     1|         5888|
    +---------+-----------+---------+---+----+------+-----+------+-------------+

    * FIFO: 
    N/A

    * Expression: 
    +------------------+----------+-------+---+----+------------+------------+
    |   Variable Name  | Operation| DSP48E| FF| LUT| Bitwidth P0| Bitwidth P1|
    +------------------+----------+-------+---+----+------------+------------+
    |t_1_fu_278_p2     |     *    |      2|  0|  21|          23|          32|
    |temp_1_fu_261_p2  |     *    |      2|  0|  21|          32|          23|
    |temp_fu_270_p2    |     *    |      4|  0|  21|          27|          32|
    |j_1_fu_331_p2     |     +    |      0|  0|  38|           1|          31|
    |k_1_fu_198_p2     |     +    |      0|  0|  39|           1|          32|
    |t_2_fu_290_p2     |     +    |      0|  0|  63|          56|          56|
    |tmp_11_fu_315_p2  |     +    |      0|  0|  39|          32|          32|
    |tmp_12_fu_324_p2  |     +    |      0|  0|  39|          32|          32|
    |tmp_13_fu_337_p2  |     +    |      0|  0|  38|          31|          31|
    |tmp_4_fu_203_p2   |     +    |      0|  0|  38|          31|          31|
    |tmp_9_fu_243_p2   |     +    |      0|  0|  38|          31|          31|
    |tmp_10_fu_306_p2  |     -    |      0|  0|  31|          15|          24|
    |icmp_fu_170_p2    |   icmp   |      0|  0|  18|          23|           1|
    |tmp_5_fu_208_p2   |   icmp   |      0|  0|  18|          31|          31|
    |tmp_8_fu_238_p2   |   icmp   |      0|  0|  18|          31|          31|
    |tmp_fu_150_p2     |   icmp   |      0|  0|  18|          29|           1|
    |start_fu_222_p3   |  select  |      0|  0|  30|           1|          30|
    +------------------+----------+-------+---+----+------------+------------+
    |Total             |          |      8|  0| 528|         427|         481|
    +------------------+----------+-------+---+----+------------+------------+

    * Multiplexer: 
    +-------------+----+-----------+-----+-----------+
    |     Name    | LUT| Input Size| Bits| Total Bits|
    +-------------+----+-----------+-----+-----------+
    |ap_NS_fsm    |  62|         15|    1|         15|
    |j1_reg_134   |   9|          2|   31|         62|
    |j_reg_122    |   9|          2|   31|         62|
    |k_fu_68      |   9|          2|   32|         64|
    |len_reg_110  |   9|          2|    8|         16|
    |p_address0   |  21|          4|    8|         32|
    |p_address1   |  15|          3|    8|         24|
    |p_d0         |  15|          3|   32|         96|
    +-------------+----+-----------+-----+-----------+
    |Total        | 149|         33|  151|        371|
    +-------------+----+-----------+-----+-----------+

    * Register: 
    +------------------------+----+----+-----+-----------+
    |          Name          | FF | LUT| Bits| Const Bits|
    +------------------------+----+----+-----+-----------+
    |ap_CS_fsm               |  14|   0|   14|          0|
    |j1_reg_134              |  31|   0|   31|          0|
    |j_reg_122               |  31|   0|   31|          0|
    |k_1_reg_380             |  32|   0|   32|          0|
    |k_fu_68                 |  32|   0|   32|          0|
    |len_cast_cast4_reg_355  |   8|   0|   31|         23|
    |len_reg_110             |   8|   0|   29|         21|
    |p_addr_1_reg_408        |   8|   0|    8|          0|
    |p_addr_reg_403          |   8|   0|    8|          0|
    |p_load_1_reg_419        |  32|   0|   32|          0|
    |p_load_reg_414          |  32|   0|   32|          0|
    |start_cast_reg_390      |  30|   0|   31|          1|
    |t_1_reg_439             |  55|   0|   55|          0|
    |temp_1_reg_424          |  55|   0|   55|          0|
    |temp_reg_434            |  32|   0|   32|          0|
    |tmp_15_reg_444          |  24|   0|   24|          0|
    |tmp_19_reg_429          |  32|   0|   32|          0|
    |tmp_4_reg_385           |  31|   0|   31|          0|
    |tmp_6_cast_reg_395      |  23|   0|   55|         32|
    +------------------------+----+----+-----+-----------+
    |Total                   | 518|   0|  595|         77|
    +------------------------+----+----+-----+-----------+



================================================================
== Interface
================================================================
* Summary: 
+------------+-----+-----+------------+--------------+--------------+
|  RTL Ports | Dir | Bits|  Protocol  | Source Object|    C Type    |
+------------+-----+-----+------------+--------------+--------------+
|ap_clk      |  in |    1| ap_ctrl_hs |      ntt     | return value |
|ap_rst      |  in |    1| ap_ctrl_hs |      ntt     | return value |
|ap_start    |  in |    1| ap_ctrl_hs |      ntt     | return value |
|ap_done     | out |    1| ap_ctrl_hs |      ntt     | return value |
|ap_idle     | out |    1| ap_ctrl_hs |      ntt     | return value |
|ap_ready    | out |    1| ap_ctrl_hs |      ntt     | return value |
|p_address0  | out |    8|  ap_memory |       p      |     array    |
|p_ce0       | out |    1|  ap_memory |       p      |     array    |
|p_we0       | out |    1|  ap_memory |       p      |     array    |
|p_d0        | out |   32|  ap_memory |       p      |     array    |
|p_q0        |  in |   32|  ap_memory |       p      |     array    |
|p_address1  | out |    8|  ap_memory |       p      |     array    |
|p_ce1       | out |    1|  ap_memory |       p      |     array    |
|p_q1        |  in |   32|  ap_memory |       p      |     array    |
+------------+-----+-----+------------+--------------+--------------+

