

================================================================
== Vivado HLS Report for 'ntt'
================================================================
* Date:           Sat Dec 12 08:46:15 2020

* Version:        2018.3 (Build 2405991 on Thu Dec 06 23:56:15 MST 2018)
* Project:        dilithium1.prj
* Solution:       ntt_opt3__inloop_unroll
* Product family: artix7
* Target device:  xc7a200tfbg676-2


================================================================
== Performance Estimates
================================================================
+ Timing (ns): 
    * Summary: 
    +--------+-------+----------+------------+
    |  Clock | Target| Estimated| Uncertainty|
    +--------+-------+----------+------------+
    |ap_clk  |  10.00|     7.724|        1.25|
    +--------+-------+----------+------------+

+ Latency (clock cycles): 
    * Summary: 
    +-----+-----+-----+-----+---------+
    |  Latency  |  Interval | Pipeline|
    | min | max | min | max |   Type  |
    +-----+-----+-----+-----+---------+
    |    ?|    ?|    ?|    ?|   none  |
    +-----+-----+-----+-----+---------+

    + Detail: 
        * Instance: 
        N/A

        * Loop: 
        +------------------+-----+-----+----------+-----------+-----------+------+----------+
        |                  |  Latency  | Iteration|  Initiation Interval  | Trip |          |
        |     Loop Name    | min | max |  Latency |  achieved |   target  | Count| Pipelined|
        +------------------+-----+-----+----------+-----------+-----------+------+----------+
        |- ntt_label32     |    ?|    ?|         ?|          -|          -|     8|    no    |
        | + ntt_label32.1  |    ?|    ?|         ?|          -|          -|     ?|    no    |
        |  ++ ntt_label2   |    ?|    ?|         9|          -|          -|     ?|    no    |
        +------------------+-----+-----+----------+-----------+-----------+------+----------+

============================================================
+ Verbose Summary: Synthesis Manager
============================================================
InlineROM: 1
ExposeGlobal: 0
============================================================
+ Verbose Summary: CDFG Model
============================================================
IsTopModel: 1
ResetActiveHigh: 1
IsCombinational: 0
IsDatapathOnly: 0
HasWiredReturn: 1
HasMFsm: 0
HasVarLatency: 1
IsPipeline: 0
IsRtlPipelined: 0
IsInstanceOverlapped: 0
IsDontTouch: 0
HasImplIP: 0
IsGatedGlobalClock: 0


============================================================
+ Verbose Summary: Schedule
============================================================
* Number of FSM states : 13
* Pipeline : 0
* Dataflow Pipeline: 0

* FSM state transitions: 
1 --> 
	2  / true
2 --> 
	3  / (!tmp)
3 --> 
	4  / (icmp)
	2  / (!icmp)
4 --> 
	5  / true
5 --> 
	6  / (tmp_8)
	3  / (!tmp_8)
6 --> 
	7  / true
7 --> 
	8  / true
8 --> 
	9  / true
9 --> 
	10  / true
10 --> 
	11  / true
11 --> 
	12  / true
12 --> 
	13  / true
13 --> 
	5  / true

* FSM state operations: 

State 1 <SV = 0> <Delay = 1.35>
ST_1 : Operation 14 [1/1] (0.00ns)   --->   "%k = alloca i32"   --->   Operation 14 'alloca' 'k' <Predicate = true> <Delay = 0.00>
ST_1 : Operation 15 [1/1] (0.00ns)   --->   "call void (...)* @_ssdm_op_SpecBitsMap([256 x i32]* %p) nounwind, !map !244"   --->   Operation 15 'specbitsmap' <Predicate = true> <Delay = 0.00>
ST_1 : Operation 16 [1/1] (0.00ns)   --->   "call void (...)* @_ssdm_op_SpecTopModule([4 x i8]* @ntt_str) nounwind"   --->   Operation 16 'spectopmodule' <Predicate = true> <Delay = 0.00>
ST_1 : Operation 17 [1/1] (1.35ns)   --->   "store i32 1, i32* %k"   --->   Operation 17 'store' <Predicate = true> <Delay = 1.35>
ST_1 : Operation 18 [1/1] (1.35ns)   --->   "br label %1" [ntt.c:40]   --->   Operation 18 'br' <Predicate = true> <Delay = 1.35>

State 2 <SV = 1> <Delay = 2.08>
ST_2 : Operation 19 [1/1] (0.00ns)   --->   "%len = phi i29 [ 128, %0 ], [ %len_1, %8 ]" [ntt.c:40]   --->   Operation 19 'phi' 'len' <Predicate = true> <Delay = 0.00>
ST_2 : Operation 20 [1/1] (0.00ns)   --->   "%len_cast_cast4 = zext i29 %len to i31" [ntt.c:40]   --->   Operation 20 'zext' 'len_cast_cast4' <Predicate = true> <Delay = 0.00>
ST_2 : Operation 21 [1/1] (2.08ns)   --->   "%tmp = icmp eq i29 %len, 0" [ntt.c:40]   --->   Operation 21 'icmp' 'tmp' <Predicate = true> <Delay = 2.08> <Core = "Cmp">   --->   Core 25 'Cmp' <Latency = 0> <II = 1> <Delay = 2.10> <FuncUnit> <Opcode : 'icmp'> <InPorts = 2> <OutPorts = 1>
ST_2 : Operation 22 [1/1] (0.00ns)   --->   "%empty = call i32 (...)* @_ssdm_op_SpecLoopTripCount(i64 8, i64 8, i64 8) nounwind"   --->   Operation 22 'speclooptripcount' 'empty' <Predicate = true> <Delay = 0.00>
ST_2 : Operation 23 [1/1] (0.00ns)   --->   "br i1 %tmp, label %9, label %2" [ntt.c:40]   --->   Operation 23 'br' <Predicate = true> <Delay = 0.00>
ST_2 : Operation 24 [1/1] (0.00ns)   --->   "call void (...)* @_ssdm_op_SpecLoopName([12 x i8]* @p_str110) nounwind" [ntt.c:40]   --->   Operation 24 'specloopname' <Predicate = (!tmp)> <Delay = 0.00>
ST_2 : Operation 25 [1/1] (0.00ns)   --->   "%tmp_2 = call i32 (...)* @_ssdm_op_SpecRegionBegin([12 x i8]* @p_str110) nounwind" [ntt.c:40]   --->   Operation 25 'specregionbegin' 'tmp_2' <Predicate = (!tmp)> <Delay = 0.00>
ST_2 : Operation 26 [1/1] (1.35ns)   --->   "br label %3" [ntt.c:42]   --->   Operation 26 'br' <Predicate = (!tmp)> <Delay = 1.35>
ST_2 : Operation 27 [1/1] (0.00ns)   --->   "ret void" [ntt.c:54]   --->   Operation 27 'ret' <Predicate = (tmp)> <Delay = 0.00>

State 3 <SV = 2> <Delay = 2.77>
ST_3 : Operation 28 [1/1] (0.00ns)   --->   "%j = phi i31 [ 0, %2 ], [ %tmp_12, %7 ]" [ntt.c:42]   --->   Operation 28 'phi' 'j' <Predicate = true> <Delay = 0.00>
ST_3 : Operation 29 [1/1] (0.00ns)   --->   "%tmp_1 = call i23 @_ssdm_op_PartSelect.i23.i31.i32.i32(i31 %j, i32 8, i32 30)" [ntt.c:42]   --->   Operation 29 'partselect' 'tmp_1' <Predicate = true> <Delay = 0.00>
ST_3 : Operation 30 [1/1] (2.03ns)   --->   "%icmp = icmp eq i23 %tmp_1, 0" [ntt.c:42]   --->   Operation 30 'icmp' 'icmp' <Predicate = true> <Delay = 2.03> <Core = "Cmp">   --->   Core 25 'Cmp' <Latency = 0> <II = 1> <Delay = 2.10> <FuncUnit> <Opcode : 'icmp'> <InPorts = 2> <OutPorts = 1>
ST_3 : Operation 31 [1/1] (0.00ns)   --->   "br i1 %icmp, label %4, label %8" [ntt.c:42]   --->   Operation 31 'br' <Predicate = true> <Delay = 0.00>
ST_3 : Operation 32 [1/1] (0.00ns)   --->   "%k_load = load i32* %k" [ntt.c:43]   --->   Operation 32 'load' 'k_load' <Predicate = (icmp)> <Delay = 0.00>
ST_3 : Operation 33 [1/1] (0.00ns)   --->   "%tmp_3 = zext i32 %k_load to i64" [ntt.c:43]   --->   Operation 33 'zext' 'tmp_3' <Predicate = (icmp)> <Delay = 0.00>
ST_3 : Operation 34 [1/1] (0.00ns)   --->   "%zetas_addr = getelementptr [256 x i23]* @zetas, i64 0, i64 %tmp_3" [ntt.c:43]   --->   Operation 34 'getelementptr' 'zetas_addr' <Predicate = (icmp)> <Delay = 0.00>
ST_3 : Operation 35 [2/2] (2.77ns)   --->   "%zeta = load i23* %zetas_addr, align 4" [ntt.c:43]   --->   Operation 35 'load' 'zeta' <Predicate = (icmp)> <Delay = 2.77> <Core = "ROM_nP">   --->   Core 52 'ROM_nP' <Latency = 1> <II = 1> <Delay = 2.77> <Storage> <Opcode : 'load'> <Ports = 0> <Width = 23> <Depth = 256> <ROM>
ST_3 : Operation 36 [1/1] (0.00ns)   --->   "%empty_9 = call i32 (...)* @_ssdm_op_SpecRegionEnd([12 x i8]* @p_str110, i32 %tmp_2) nounwind" [ntt.c:53]   --->   Operation 36 'specregionend' 'empty_9' <Predicate = (!icmp)> <Delay = 0.00>
ST_3 : Operation 37 [1/1] (0.00ns)   --->   "%tmp_17 = call i28 @_ssdm_op_PartSelect.i28.i29.i32.i32(i29 %len, i32 1, i32 28)" [ntt.c:40]   --->   Operation 37 'partselect' 'tmp_17' <Predicate = (!icmp)> <Delay = 0.00>
ST_3 : Operation 38 [1/1] (0.00ns)   --->   "%len_1 = zext i28 %tmp_17 to i29" [ntt.c:40]   --->   Operation 38 'zext' 'len_1' <Predicate = (!icmp)> <Delay = 0.00>
ST_3 : Operation 39 [1/1] (0.00ns)   --->   "br label %1" [ntt.c:40]   --->   Operation 39 'br' <Predicate = (!icmp)> <Delay = 0.00>

State 4 <SV = 3> <Delay = 5.01>
ST_4 : Operation 40 [1/1] (2.18ns)   --->   "%k_1 = add i32 1, %k_load" [ntt.c:43]   --->   Operation 40 'add' 'k_1' <Predicate = true> <Delay = 2.18> <Core = "AddSub">   --->   Core 14 'AddSub' <Latency = 0> <II = 1> <Delay = 2.18> <FuncUnit> <Opcode : 'add' 'sub'> <InPorts = 2> <OutPorts = 1>
ST_4 : Operation 41 [1/2] (2.77ns)   --->   "%zeta = load i23* %zetas_addr, align 4" [ntt.c:43]   --->   Operation 41 'load' 'zeta' <Predicate = true> <Delay = 2.77> <Core = "ROM_nP">   --->   Core 52 'ROM_nP' <Latency = 1> <II = 1> <Delay = 2.77> <Storage> <Opcode : 'load'> <Ports = 0> <Width = 23> <Depth = 256> <ROM>
ST_4 : Operation 42 [1/1] (2.15ns)   --->   "%tmp_4 = add i31 %len_cast_cast4, %j" [ntt.c:44]   --->   Operation 42 'add' 'tmp_4' <Predicate = true> <Delay = 2.15> <Core = "AddSub">   --->   Core 14 'AddSub' <Latency = 0> <II = 1> <Delay = 2.18> <FuncUnit> <Opcode : 'add' 'sub'> <InPorts = 2> <OutPorts = 1>
ST_4 : Operation 43 [1/1] (2.10ns)   --->   "%tmp_5 = icmp ugt i31 %j, %tmp_4" [ntt.c:42]   --->   Operation 43 'icmp' 'tmp_5' <Predicate = true> <Delay = 2.10> <Core = "Cmp">   --->   Core 25 'Cmp' <Latency = 0> <II = 1> <Delay = 2.10> <FuncUnit> <Opcode : 'icmp'> <InPorts = 2> <OutPorts = 1>
ST_4 : Operation 44 [1/1] (0.00ns)   --->   "%tmp_13 = trunc i31 %j to i30" [ntt.c:42]   --->   Operation 44 'trunc' 'tmp_13' <Predicate = true> <Delay = 0.00>
ST_4 : Operation 45 [1/1] (0.00ns)   --->   "%tmp_15 = trunc i31 %tmp_4 to i30" [ntt.c:42]   --->   Operation 45 'trunc' 'tmp_15' <Predicate = true> <Delay = 0.00>
ST_4 : Operation 46 [1/1] (0.75ns)   --->   "%start = select i1 %tmp_5, i30 %tmp_13, i30 %tmp_15" [ntt.c:42]   --->   Operation 46 'select' 'start' <Predicate = true> <Delay = 0.75> <Core = "Sel">   --->   Core 26 'Sel' <Latency = 0> <II = 1> <Delay = 0.75> <FuncUnit> <Opcode : 'select'> <InPorts = 3> <OutPorts = 1>
ST_4 : Operation 47 [1/1] (0.00ns)   --->   "%start_cast = zext i30 %start to i31" [ntt.c:42]   --->   Operation 47 'zext' 'start_cast' <Predicate = true> <Delay = 0.00>
ST_4 : Operation 48 [1/1] (0.00ns)   --->   "%tmp_6_cast = zext i23 %zeta to i55" [ntt.c:44]   --->   Operation 48 'zext' 'tmp_6_cast' <Predicate = true> <Delay = 0.00>
ST_4 : Operation 49 [1/1] (1.35ns)   --->   "br label %5" [ntt.c:44]   --->   Operation 49 'br' <Predicate = true> <Delay = 1.35>

State 5 <SV = 4> <Delay = 4.93>
ST_5 : Operation 50 [1/1] (0.00ns)   --->   "%j1 = phi i31 [ %j, %4 ], [ %j_1, %6 ]"   --->   Operation 50 'phi' 'j1' <Predicate = true> <Delay = 0.00>
ST_5 : Operation 51 [1/1] (2.10ns)   --->   "%tmp_8 = icmp ult i31 %j1, %tmp_4" [ntt.c:44]   --->   Operation 51 'icmp' 'tmp_8' <Predicate = true> <Delay = 2.10> <Core = "Cmp">   --->   Core 25 'Cmp' <Latency = 0> <II = 1> <Delay = 2.10> <FuncUnit> <Opcode : 'icmp'> <InPorts = 2> <OutPorts = 1>
ST_5 : Operation 52 [1/1] (0.00ns)   --->   "br i1 %tmp_8, label %6, label %7" [ntt.c:44]   --->   Operation 52 'br' <Predicate = true> <Delay = 0.00>
ST_5 : Operation 53 [1/1] (2.15ns)   --->   "%tmp_9 = add i31 %j1, %len_cast_cast4" [ntt.c:48]   --->   Operation 53 'add' 'tmp_9' <Predicate = (tmp_8)> <Delay = 2.15> <Core = "AddSub">   --->   Core 14 'AddSub' <Latency = 0> <II = 1> <Delay = 2.18> <FuncUnit> <Opcode : 'add' 'sub'> <InPorts = 2> <OutPorts = 1>
ST_5 : Operation 54 [1/1] (0.00ns)   --->   "%tmp_s = zext i31 %tmp_9 to i64" [ntt.c:48]   --->   Operation 54 'zext' 'tmp_s' <Predicate = (tmp_8)> <Delay = 0.00>
ST_5 : Operation 55 [1/1] (0.00ns)   --->   "%p_addr = getelementptr [256 x i32]* %p, i64 0, i64 %tmp_s" [ntt.c:48]   --->   Operation 55 'getelementptr' 'p_addr' <Predicate = (tmp_8)> <Delay = 0.00>
ST_5 : Operation 56 [2/2] (2.77ns)   --->   "%p_load = load i32* %p_addr, align 4" [ntt.c:48]   --->   Operation 56 'load' 'p_load' <Predicate = (tmp_8)> <Delay = 2.77> <Core = "RAM">   --->   Core 37 'RAM' <Latency = 1> <II = 1> <Delay = 2.77> <Storage> <Opcode : 'load' 'store'> <Ports = 2> <Width = 32> <Depth = 256> <RAM>
ST_5 : Operation 57 [1/1] (0.00ns)   --->   "%tmp_6 = zext i31 %j1 to i64" [ntt.c:49]   --->   Operation 57 'zext' 'tmp_6' <Predicate = (tmp_8)> <Delay = 0.00>
ST_5 : Operation 58 [1/1] (0.00ns)   --->   "%p_addr_1 = getelementptr [256 x i32]* %p, i64 0, i64 %tmp_6" [ntt.c:49]   --->   Operation 58 'getelementptr' 'p_addr_1' <Predicate = (tmp_8)> <Delay = 0.00>
ST_5 : Operation 59 [1/1] (2.15ns)   --->   "%j_1 = add i31 1, %j1" [ntt.c:44]   --->   Operation 59 'add' 'j_1' <Predicate = (tmp_8)> <Delay = 2.15> <Core = "AddSub">   --->   Core 14 'AddSub' <Latency = 0> <II = 1> <Delay = 2.18> <FuncUnit> <Opcode : 'add' 'sub'> <InPorts = 2> <OutPorts = 1>
ST_5 : Operation 60 [1/1] (2.13ns)   --->   "%tmp_12 = add i31 %len_cast_cast4, %start_cast" [ntt.c:42]   --->   Operation 60 'add' 'tmp_12' <Predicate = (!tmp_8)> <Delay = 2.13> <Core = "AddSub">   --->   Core 14 'AddSub' <Latency = 0> <II = 1> <Delay = 2.18> <FuncUnit> <Opcode : 'add' 'sub'> <InPorts = 2> <OutPorts = 1>
ST_5 : Operation 61 [1/1] (1.35ns)   --->   "store i32 %k_1, i32* %k" [ntt.c:43]   --->   Operation 61 'store' <Predicate = (!tmp_8)> <Delay = 1.35>
ST_5 : Operation 62 [1/1] (0.00ns)   --->   "br label %3" [ntt.c:42]   --->   Operation 62 'br' <Predicate = (!tmp_8)> <Delay = 0.00>

State 6 <SV = 5> <Delay = 2.77>
ST_6 : Operation 63 [1/2] (2.77ns)   --->   "%p_load = load i32* %p_addr, align 4" [ntt.c:48]   --->   Operation 63 'load' 'p_load' <Predicate = true> <Delay = 2.77> <Core = "RAM">   --->   Core 37 'RAM' <Latency = 1> <II = 1> <Delay = 2.77> <Storage> <Opcode : 'load' 'store'> <Ports = 2> <Width = 32> <Depth = 256> <RAM>

State 7 <SV = 6> <Delay = 6.88>
ST_7 : Operation 64 [1/1] (0.00ns)   --->   "%tmp_2_cast = zext i32 %p_load to i55" [ntt.c:48]   --->   Operation 64 'zext' 'tmp_2_cast' <Predicate = true> <Delay = 0.00>
ST_7 : Operation 65 [1/1] (6.88ns)   --->   "%temp_1 = mul i55 %tmp_2_cast, %tmp_6_cast" [ntt.c:48]   --->   Operation 65 'mul' 'temp_1' <Predicate = true> <Delay = 6.88> <Core = "Mul">   --->   Core 16 'Mul' <Latency = 0> <II = 1> <Delay = 6.88> <FuncUnit> <Opcode : 'mul'> <InPorts = 2> <OutPorts = 1>
ST_7 : Operation 66 [1/1] (0.00ns)   --->   "%tmp_18 = trunc i55 %temp_1 to i32" [reduce.c:33->ntt.c:48]   --->   Operation 66 'trunc' 'tmp_18' <Predicate = true> <Delay = 0.00>

State 8 <SV = 7> <Delay = 6.88>
ST_8 : Operation 67 [1/1] (6.88ns)   --->   "%temp = mul i32 -58728449, %tmp_18" [reduce.c:33->ntt.c:48]   --->   Operation 67 'mul' 'temp' <Predicate = true> <Delay = 6.88> <Core = "Mul">   --->   Core 16 'Mul' <Latency = 0> <II = 1> <Delay = 6.88> <FuncUnit> <Opcode : 'mul'> <InPorts = 2> <OutPorts = 1>

State 9 <SV = 8> <Delay = 6.88>
ST_9 : Operation 68 [1/1] (0.00ns)   --->   "%temp_cast = zext i32 %temp to i55" [reduce.c:35->ntt.c:48]   --->   Operation 68 'zext' 'temp_cast' <Predicate = true> <Delay = 0.00>
ST_9 : Operation 69 [1/1] (6.88ns)   --->   "%t_1 = mul i55 8380417, %temp_cast" [reduce.c:38->ntt.c:48]   --->   Operation 69 'mul' 't_1' <Predicate = true> <Delay = 6.88> <Core = "Mul">   --->   Core 16 'Mul' <Latency = 0> <II = 1> <Delay = 6.88> <FuncUnit> <Opcode : 'mul'> <InPorts = 2> <OutPorts = 1>

State 10 <SV = 9> <Delay = 2.77>
ST_10 : Operation 70 [1/1] (0.00ns)   --->   "%a_assign_cast1 = zext i55 %temp_1 to i56" [ntt.c:48]   --->   Operation 70 'zext' 'a_assign_cast1' <Predicate = true> <Delay = 0.00>
ST_10 : Operation 71 [1/1] (0.00ns)   --->   "%t_1_cast = zext i55 %t_1 to i56" [reduce.c:38->ntt.c:48]   --->   Operation 71 'zext' 't_1_cast' <Predicate = true> <Delay = 0.00>
ST_10 : Operation 72 [1/1] (2.77ns)   --->   "%t_2 = add i56 %t_1_cast, %a_assign_cast1" [reduce.c:40->ntt.c:48]   --->   Operation 72 'add' 't_2' <Predicate = true> <Delay = 2.77> <Core = "AddSub">   --->   Core 14 'AddSub' <Latency = 0> <II = 1> <Delay = 2.18> <FuncUnit> <Opcode : 'add' 'sub'> <InPorts = 2> <OutPorts = 1>
ST_10 : Operation 73 [1/1] (0.00ns)   --->   "%tmp_14 = call i24 @_ssdm_op_PartSelect.i24.i56.i32.i32(i56 %t_2, i32 32, i32 55)" [reduce.c:57->ntt.c:48]   --->   Operation 73 'partselect' 'tmp_14' <Predicate = true> <Delay = 0.00>
ST_10 : Operation 74 [2/2] (2.77ns)   --->   "%p_load_1 = load i32* %p_addr_1, align 4" [ntt.c:49]   --->   Operation 74 'load' 'p_load_1' <Predicate = true> <Delay = 2.77> <Core = "RAM">   --->   Core 37 'RAM' <Latency = 1> <II = 1> <Delay = 2.77> <Storage> <Opcode : 'load' 'store'> <Ports = 2> <Width = 32> <Depth = 256> <RAM>

State 11 <SV = 10> <Delay = 7.72>
ST_11 : Operation 75 [1/2] (2.77ns)   --->   "%p_load_1 = load i32* %p_addr_1, align 4" [ntt.c:49]   --->   Operation 75 'load' 'p_load_1' <Predicate = true> <Delay = 2.77> <Core = "RAM">   --->   Core 37 'RAM' <Latency = 1> <II = 1> <Delay = 2.77> <Storage> <Opcode : 'load' 'store'> <Ports = 2> <Width = 32> <Depth = 256> <RAM>
ST_11 : Operation 76 [1/1] (2.01ns)   --->   "%tmp_7 = sub i24 -16382, %tmp_14" [ntt.c:49]   --->   Operation 76 'sub' 'tmp_7' <Predicate = true> <Delay = 2.01> <Core = "AddSub">   --->   Core 14 'AddSub' <Latency = 0> <II = 1> <Delay = 2.18> <FuncUnit> <Opcode : 'add' 'sub'> <InPorts = 2> <OutPorts = 1>
ST_11 : Operation 77 [1/1] (0.00ns)   --->   "%tmp_11_cast = zext i24 %tmp_7 to i32" [ntt.c:49]   --->   Operation 77 'zext' 'tmp_11_cast' <Predicate = true> <Delay = 0.00>
ST_11 : Operation 78 [1/1] (2.18ns)   --->   "%tmp_10 = add i32 %p_load_1, %tmp_11_cast" [ntt.c:49]   --->   Operation 78 'add' 'tmp_10' <Predicate = true> <Delay = 2.18> <Core = "AddSub">   --->   Core 14 'AddSub' <Latency = 0> <II = 1> <Delay = 2.18> <FuncUnit> <Opcode : 'add' 'sub'> <InPorts = 2> <OutPorts = 1>
ST_11 : Operation 79 [1/1] (2.77ns)   --->   "store i32 %tmp_10, i32* %p_addr, align 4" [ntt.c:49]   --->   Operation 79 'store' <Predicate = true> <Delay = 2.77> <Core = "RAM">   --->   Core 37 'RAM' <Latency = 1> <II = 1> <Delay = 2.77> <Storage> <Opcode : 'load' 'store'> <Ports = 2> <Width = 32> <Depth = 256> <RAM>

State 12 <SV = 11> <Delay = 2.77>
ST_12 : Operation 80 [2/2] (2.77ns)   --->   "%p_load_2 = load i32* %p_addr_1, align 4" [ntt.c:50]   --->   Operation 80 'load' 'p_load_2' <Predicate = true> <Delay = 2.77> <Core = "RAM">   --->   Core 37 'RAM' <Latency = 1> <II = 1> <Delay = 2.77> <Storage> <Opcode : 'load' 'store'> <Ports = 2> <Width = 32> <Depth = 256> <RAM>

State 13 <SV = 12> <Delay = 7.72>
ST_13 : Operation 81 [1/1] (0.00ns)   --->   "call void (...)* @_ssdm_op_SpecLoopName([11 x i8]* @p_str1111) nounwind" [ntt.c:44]   --->   Operation 81 'specloopname' <Predicate = true> <Delay = 0.00>
ST_13 : Operation 82 [1/1] (0.00ns)   --->   "%t_3 = zext i24 %tmp_14 to i32" [reduce.c:57->ntt.c:48]   --->   Operation 82 'zext' 't_3' <Predicate = true> <Delay = 0.00>
ST_13 : Operation 83 [1/2] (2.77ns)   --->   "%p_load_2 = load i32* %p_addr_1, align 4" [ntt.c:50]   --->   Operation 83 'load' 'p_load_2' <Predicate = true> <Delay = 2.77> <Core = "RAM">   --->   Core 37 'RAM' <Latency = 1> <II = 1> <Delay = 2.77> <Storage> <Opcode : 'load' 'store'> <Ports = 2> <Width = 32> <Depth = 256> <RAM>
ST_13 : Operation 84 [1/1] (2.18ns)   --->   "%tmp_11 = add i32 %p_load_2, %t_3" [ntt.c:50]   --->   Operation 84 'add' 'tmp_11' <Predicate = true> <Delay = 2.18> <Core = "AddSub">   --->   Core 14 'AddSub' <Latency = 0> <II = 1> <Delay = 2.18> <FuncUnit> <Opcode : 'add' 'sub'> <InPorts = 2> <OutPorts = 1>
ST_13 : Operation 85 [1/1] (2.77ns)   --->   "store i32 %tmp_11, i32* %p_addr_1, align 4" [ntt.c:50]   --->   Operation 85 'store' <Predicate = true> <Delay = 2.77> <Core = "RAM">   --->   Core 37 'RAM' <Latency = 1> <II = 1> <Delay = 2.77> <Storage> <Opcode : 'load' 'store'> <Ports = 2> <Width = 32> <Depth = 256> <RAM>
ST_13 : Operation 86 [1/1] (0.00ns)   --->   "br label %5" [ntt.c:44]   --->   Operation 86 'br' <Predicate = true> <Delay = 0.00>


============================================================
+ Verbose Summary: Binding
============================================================
STG Binding: 
---------------- STG Properties BEGIN ----------------
- Is combinational: 0
- Is one-state seq: 0
- Is datapath-only: 0
- Is pipelined: 0
- Is top level: 1
Port [ Return ] is wired: 1; IO mode=ap_ctrl_hs:ce=0
Port [ p]:  wired=1; compound=1; hidden=0; nouse=0; global=0; static=0; extern=0; dir=2; type=1; pingpong=0; private_global=0; MemPort=[23]; IO mode=ap_memory:ce=0
Port [ zetas]:  wired=0; compound=1; hidden=1; nouse=0; global=1; static=1; extern=0; dir=0; type=1; pingpong=0; private_global=1; linkage=7; visibility=0; MemPort=[1]; IO mode=ap_memory:ce=0
---------------- STG Properties END ------------------

---------------- Datapath Model BEGIN ----------------

<LifeTime>
<method=bitvector/>
k              (alloca           ) [ 01111111111111]
StgValue_15    (specbitsmap      ) [ 00000000000000]
StgValue_16    (spectopmodule    ) [ 00000000000000]
StgValue_17    (store            ) [ 00000000000000]
StgValue_18    (br               ) [ 01111111111111]
len            (phi              ) [ 00111111111111]
len_cast_cast4 (zext             ) [ 00011111111111]
tmp            (icmp             ) [ 00111111111111]
empty          (speclooptripcount) [ 00000000000000]
StgValue_23    (br               ) [ 00000000000000]
StgValue_24    (specloopname     ) [ 00000000000000]
tmp_2          (specregionbegin  ) [ 00011111111111]
StgValue_26    (br               ) [ 00111111111111]
StgValue_27    (ret              ) [ 00000000000000]
j              (phi              ) [ 00011111111111]
tmp_1          (partselect       ) [ 00000000000000]
icmp           (icmp             ) [ 00111111111111]
StgValue_31    (br               ) [ 00000000000000]
k_load         (load             ) [ 00001000000000]
tmp_3          (zext             ) [ 00000000000000]
zetas_addr     (getelementptr    ) [ 00001000000000]
empty_9        (specregionend    ) [ 00000000000000]
tmp_17         (partselect       ) [ 00000000000000]
len_1          (zext             ) [ 01111111111111]
StgValue_39    (br               ) [ 01111111111111]
k_1            (add              ) [ 00000111111111]
zeta           (load             ) [ 00000000000000]
tmp_4          (add              ) [ 00000111111111]
tmp_5          (icmp             ) [ 00000000000000]
tmp_13         (trunc            ) [ 00000000000000]
tmp_15         (trunc            ) [ 00000000000000]
start          (select           ) [ 00000000000000]
start_cast     (zext             ) [ 00000111111111]
tmp_6_cast     (zext             ) [ 00000111111111]
StgValue_49    (br               ) [ 00111111111111]
j1             (phi              ) [ 00000100000000]
tmp_8          (icmp             ) [ 00111111111111]
StgValue_52    (br               ) [ 00000000000000]
tmp_9          (add              ) [ 00000000000000]
tmp_s          (zext             ) [ 00000000000000]
p_addr         (getelementptr    ) [ 00000011111100]
tmp_6          (zext             ) [ 00000000000000]
p_addr_1       (getelementptr    ) [ 00000011111111]
j_1            (add              ) [ 00111111111111]
tmp_12         (add              ) [ 00111111111111]
StgValue_61    (store            ) [ 00000000000000]
StgValue_62    (br               ) [ 00111111111111]
p_load         (load             ) [ 00000001000000]
tmp_2_cast     (zext             ) [ 00000000000000]
temp_1         (mul              ) [ 00000000111000]
tmp_18         (trunc            ) [ 00000000100000]
temp           (mul              ) [ 00000000010000]
temp_cast      (zext             ) [ 00000000000000]
t_1            (mul              ) [ 00000000001000]
a_assign_cast1 (zext             ) [ 00000000000000]
t_1_cast       (zext             ) [ 00000000000000]
t_2            (add              ) [ 00000000000000]
tmp_14         (partselect       ) [ 00000000000111]
p_load_1       (load             ) [ 00000000000000]
tmp_7          (sub              ) [ 00000000000000]
tmp_11_cast    (zext             ) [ 00000000000000]
tmp_10         (add              ) [ 00000000000000]
StgValue_79    (store            ) [ 00000000000000]
StgValue_81    (specloopname     ) [ 00000000000000]
t_3            (zext             ) [ 00000000000000]
p_load_2       (load             ) [ 00000000000000]
tmp_11         (add              ) [ 00000000000000]
StgValue_85    (store            ) [ 00000000000000]
StgValue_86    (br               ) [ 00111111111111]
</LifeTime>

<model>

<comp_list>
<comp id="0" class="1000" name="p">
<pin_list>
<pin id="1" dir="1" index="0" bw="1" slack="0"/>
</pin_list>
<bind>
<StgValue><ssdm name="p"/><MemPortTyVec>2 3 </MemPortTyVec>
</StgValue>
</bind>
</comp>

<comp id="2" class="1000" name="zetas">
<pin_list>
<pin id="3" dir="1" index="0" bw="1" slack="0"/>
</pin_list>
<bind>
<StgValue><ssdm name="zetas"/><MemPortTyVec>1 </MemPortTyVec>
</StgValue>
</bind>
</comp>

<comp id="4" class="1001" name="const_4">
<pin_list>
<pin id="5" dir="1" index="0" bw="1" slack="0"/>
</pin_list>
<bind>
<StgValue><ssdm name=""/></StgValue>
</bind>
</comp>

<comp id="6" class="1001" name="const_6">
<pin_list>
<pin id="7" dir="1" index="0" bw="1" slack="2147483647"/>
</pin_list>
<bind>
<StgValue><ssdm name="_ssdm_op_SpecBitsMap"/></StgValue>
</bind>
</comp>

<comp id="8" class="1001" name="const_8">
<pin_list>
<pin id="9" dir="1" index="0" bw="1" slack="2147483647"/>
</pin_list>
<bind>
<StgValue><ssdm name="_ssdm_op_SpecTopModule"/></StgValue>
</bind>
</comp>

<comp id="10" class="1001" name="const_10">
<pin_list>
<pin id="11" dir="1" index="0" bw="1" slack="2147483647"/>
</pin_list>
<bind>
<StgValue><ssdm name="ntt_str"/></StgValue>
</bind>
</comp>

<comp id="12" class="1001" name="const_12">
<pin_list>
<pin id="13" dir="1" index="0" bw="1" slack="1"/>
</pin_list>
<bind>
<StgValue><ssdm name=""/></StgValue>
</bind>
</comp>

<comp id="14" class="1001" name="const_14">
<pin_list>
<pin id="15" dir="1" index="0" bw="1" slack="0"/>
</pin_list>
<bind>
<StgValue><ssdm name=""/></StgValue>
</bind>
</comp>

<comp id="16" class="1001" name="const_16">
<pin_list>
<pin id="17" dir="1" index="0" bw="1" slack="2147483647"/>
</pin_list>
<bind>
<StgValue><ssdm name="_ssdm_op_SpecLoopTripCount"/></StgValue>
</bind>
</comp>

<comp id="18" class="1001" name="const_18">
<pin_list>
<pin id="19" dir="1" index="0" bw="1" slack="2147483647"/>
</pin_list>
<bind>
<StgValue><ssdm name=""/></StgValue>
</bind>
</comp>

<comp id="20" class="1001" name="const_20">
<pin_list>
<pin id="21" dir="1" index="0" bw="1" slack="2147483647"/>
</pin_list>
<bind>
<StgValue><ssdm name="_ssdm_op_SpecLoopName"/></StgValue>
</bind>
</comp>

<comp id="22" class="1001" name="const_22">
<pin_list>
<pin id="23" dir="1" index="0" bw="1" slack="2147483647"/>
</pin_list>
<bind>
<StgValue><ssdm name="p_str110"/></StgValue>
</bind>
</comp>

<comp id="24" class="1001" name="const_24">
<pin_list>
<pin id="25" dir="1" index="0" bw="1" slack="2147483647"/>
</pin_list>
<bind>
<StgValue><ssdm name="_ssdm_op_SpecRegionBegin"/></StgValue>
</bind>
</comp>

<comp id="26" class="1001" name="const_26">
<pin_list>
<pin id="27" dir="1" index="0" bw="1" slack="1"/>
</pin_list>
<bind>
<StgValue><ssdm name=""/></StgValue>
</bind>
</comp>

<comp id="28" class="1001" name="const_28">
<pin_list>
<pin id="29" dir="1" index="0" bw="1" slack="0"/>
</pin_list>
<bind>
<StgValue><ssdm name="_ssdm_op_PartSelect.i23.i31.i32.i32"/></StgValue>
</bind>
</comp>

<comp id="30" class="1001" name="const_30">
<pin_list>
<pin id="31" dir="1" index="0" bw="1" slack="0"/>
</pin_list>
<bind>
<StgValue><ssdm name=""/></StgValue>
</bind>
</comp>

<comp id="32" class="1001" name="const_32">
<pin_list>
<pin id="33" dir="1" index="0" bw="1" slack="0"/>
</pin_list>
<bind>
<StgValue><ssdm name=""/></StgValue>
</bind>
</comp>

<comp id="34" class="1001" name="const_34">
<pin_list>
<pin id="35" dir="1" index="0" bw="1" slack="0"/>
</pin_list>
<bind>
<StgValue><ssdm name=""/></StgValue>
</bind>
</comp>

<comp id="36" class="1001" name="const_36">
<pin_list>
<pin id="37" dir="1" index="0" bw="1" slack="0"/>
</pin_list>
<bind>
<StgValue><ssdm name=""/></StgValue>
</bind>
</comp>

<comp id="38" class="1001" name="const_38">
<pin_list>
<pin id="39" dir="1" index="0" bw="1" slack="2147483647"/>
</pin_list>
<bind>
<StgValue><ssdm name="_ssdm_op_SpecRegionEnd"/></StgValue>
</bind>
</comp>

<comp id="40" class="1001" name="const_40">
<pin_list>
<pin id="41" dir="1" index="0" bw="1" slack="0"/>
</pin_list>
<bind>
<StgValue><ssdm name="_ssdm_op_PartSelect.i28.i29.i32.i32"/></StgValue>
</bind>
</comp>

<comp id="42" class="1001" name="const_42">
<pin_list>
<pin id="43" dir="1" index="0" bw="1" slack="0"/>
</pin_list>
<bind>
<StgValue><ssdm name=""/></StgValue>
</bind>
</comp>

<comp id="44" class="1001" name="const_44">
<pin_list>
<pin id="45" dir="1" index="0" bw="1" slack="0"/>
</pin_list>
<bind>
<StgValue><ssdm name=""/></StgValue>
</bind>
</comp>

<comp id="46" class="1001" name="const_46">
<pin_list>
<pin id="47" dir="1" index="0" bw="1" slack="0"/>
</pin_list>
<bind>
<StgValue><ssdm name=""/></StgValue>
</bind>
</comp>

<comp id="48" class="1001" name="const_48">
<pin_list>
<pin id="49" dir="1" index="0" bw="1" slack="0"/>
</pin_list>
<bind>
<StgValue><ssdm name=""/></StgValue>
</bind>
</comp>

<comp id="50" class="1001" name="const_50">
<pin_list>
<pin id="51" dir="1" index="0" bw="1" slack="0"/>
</pin_list>
<bind>
<StgValue><ssdm name="_ssdm_op_PartSelect.i24.i56.i32.i32"/></StgValue>
</bind>
</comp>

<comp id="52" class="1001" name="const_52">
<pin_list>
<pin id="53" dir="1" index="0" bw="1" slack="0"/>
</pin_list>
<bind>
<StgValue><ssdm name=""/></StgValue>
</bind>
</comp>

<comp id="54" class="1001" name="const_54">
<pin_list>
<pin id="55" dir="1" index="0" bw="1" slack="0"/>
</pin_list>
<bind>
<StgValue><ssdm name=""/></StgValue>
</bind>
</comp>

<comp id="56" class="1001" name="const_56">
<pin_list>
<pin id="57" dir="1" index="0" bw="1" slack="0"/>
</pin_list>
<bind>
<StgValue><ssdm name=""/></StgValue>
</bind>
</comp>

<comp id="58" class="1001" name="const_58">
<pin_list>
<pin id="59" dir="1" index="0" bw="1" slack="2147483647"/>
</pin_list>
<bind>
<StgValue><ssdm name="p_str1111"/></StgValue>
</bind>
</comp>

<comp id="60" class="1004" name="k_fu_60">
<pin_list>
<pin id="61" dir="0" index="0" bw="1" slack="0"/>
<pin id="62" dir="1" index="1" bw="32" slack="0"/>
</pin_list>
<bind>
<opcode="alloca(26) " fcode="alloca"/>
<opset="k/1 "/>
</bind>
</comp>

<comp id="64" class="1004" name="zetas_addr_gep_fu_64">
<pin_list>
<pin id="65" dir="0" index="0" bw="23" slack="0"/>
<pin id="66" dir="0" index="1" bw="1" slack="0"/>
<pin id="67" dir="0" index="2" bw="32" slack="0"/>
<pin id="68" dir="1" index="3" bw="8" slack="0"/>
</pin_list>
<bind>
<opcode="getelementptr(29) " fcode="getelementptr"/>
<opset="zetas_addr/3 "/>
</bind>
</comp>

<comp id="71" class="1004" name="grp_access_fu_71">
<pin_list>
<pin id="72" dir="0" index="0" bw="8" slack="0"/>
<pin id="73" dir="0" index="1" bw="23" slack="2147483647"/>
<pin id="74" dir="0" index="2" bw="0" slack="2147483647"/>
<pin id="75" dir="1" index="3" bw="23" slack="0"/>
</pin_list>
<bind>
<opcode="load(27) " fcode="load"/>
<opset="zeta/3 "/>
</bind>
</comp>

<comp id="77" class="1004" name="p_addr_gep_fu_77">
<pin_list>
<pin id="78" dir="0" index="0" bw="32" slack="0"/>
<pin id="79" dir="0" index="1" bw="1" slack="0"/>
<pin id="80" dir="0" index="2" bw="31" slack="0"/>
<pin id="81" dir="1" index="3" bw="8" slack="0"/>
</pin_list>
<bind>
<opcode="getelementptr(29) " fcode="getelementptr"/>
<opset="p_addr/5 "/>
</bind>
</comp>

<comp id="84" class="1004" name="grp_access_fu_84">
<pin_list>
<pin id="85" dir="0" index="0" bw="8" slack="0"/>
<pin id="86" dir="0" index="1" bw="32" slack="0"/>
<pin id="87" dir="0" index="2" bw="0" slack="2147483647"/>
<pin id="88" dir="1" index="3" bw="32" slack="0"/>
</pin_list>
<bind>
<opcode="load(27) store(28) " fcode="store"/>
<opset="p_load/5 p_load_1/10 StgValue_79/11 p_load_2/12 StgValue_85/13 "/>
</bind>
</comp>

<comp id="90" class="1004" name="p_addr_1_gep_fu_90">
<pin_list>
<pin id="91" dir="0" index="0" bw="32" slack="0"/>
<pin id="92" dir="0" index="1" bw="1" slack="0"/>
<pin id="93" dir="0" index="2" bw="31" slack="0"/>
<pin id="94" dir="1" index="3" bw="8" slack="5"/>
</pin_list>
<bind>
<opcode="getelementptr(29) " fcode="getelementptr"/>
<opset="p_addr_1/5 "/>
</bind>
</comp>

<comp id="97" class="1005" name="len_reg_97">
<pin_list>
<pin id="98" dir="0" index="0" bw="29" slack="1"/>
<pin id="99" dir="1" index="1" bw="29" slack="1"/>
</pin_list>
<bind>
<opset="len (phireg) "/>
</bind>
</comp>

<comp id="101" class="1004" name="len_phi_fu_101">
<pin_list>
<pin id="102" dir="0" index="0" bw="9" slack="1"/>
<pin id="103" dir="0" index="1" bw="0" slack="2147483647"/>
<pin id="104" dir="0" index="2" bw="28" slack="1"/>
<pin id="105" dir="0" index="3" bw="0" slack="2147483647"/>
<pin id="106" dir="1" index="4" bw="29" slack="0"/>
</pin_list>
<bind>
<opcode="phi(47) " fcode="phi"/>
<opset="len/2 "/>
</bind>
</comp>

<comp id="109" class="1005" name="j_reg_109">
<pin_list>
<pin id="110" dir="0" index="0" bw="31" slack="1"/>
<pin id="111" dir="1" index="1" bw="31" slack="1"/>
</pin_list>
<bind>
<opset="j (phireg) "/>
</bind>
</comp>

<comp id="113" class="1004" name="j_phi_fu_113">
<pin_list>
<pin id="114" dir="0" index="0" bw="1" slack="1"/>
<pin id="115" dir="0" index="1" bw="0" slack="2147483647"/>
<pin id="116" dir="0" index="2" bw="31" slack="1"/>
<pin id="117" dir="0" index="3" bw="0" slack="2147483647"/>
<pin id="118" dir="1" index="4" bw="31" slack="0"/>
</pin_list>
<bind>
<opcode="phi(47) " fcode="phi"/>
<opset="j/3 "/>
</bind>
</comp>

<comp id="121" class="1005" name="j1_reg_121">
<pin_list>
<pin id="122" dir="0" index="0" bw="31" slack="2147483647"/>
<pin id="123" dir="1" index="1" bw="31" slack="2147483647"/>
</pin_list>
<bind>
<opset="j1 (phireg) "/>
</bind>
</comp>

<comp id="124" class="1004" name="j1_phi_fu_124">
<pin_list>
<pin id="125" dir="0" index="0" bw="31" slack="2"/>
<pin id="126" dir="0" index="1" bw="0" slack="2147483647"/>
<pin id="127" dir="0" index="2" bw="31" slack="0"/>
<pin id="128" dir="0" index="3" bw="0" slack="2147483647"/>
<pin id="129" dir="1" index="4" bw="31" slack="0"/>
</pin_list>
<bind>
<opcode="phi(47) " fcode="phi"/>
<opset="j1/5 "/>
</bind>
</comp>

<comp id="131" class="1004" name="StgValue_17_store_fu_131">
<pin_list>
<pin id="132" dir="0" index="0" bw="1" slack="0"/>
<pin id="133" dir="0" index="1" bw="32" slack="0"/>
<pin id="134" dir="1" index="2" bw="0" slack="2147483647"/>
</pin_list>
<bind>
<opcode="store(28) " fcode="store"/>
<opset="StgValue_17/1 "/>
</bind>
</comp>

<comp id="136" class="1004" name="len_cast_cast4_fu_136">
<pin_list>
<pin id="137" dir="0" index="0" bw="29" slack="0"/>
<pin id="138" dir="1" index="1" bw="31" slack="2"/>
</pin_list>
<bind>
<opcode="zext(34) " fcode="zext"/>
<opset="len_cast_cast4/2 "/>
</bind>
</comp>

<comp id="140" class="1004" name="tmp_fu_140">
<pin_list>
<pin id="141" dir="0" index="0" bw="29" slack="0"/>
<pin id="142" dir="0" index="1" bw="1" slack="0"/>
<pin id="143" dir="1" index="2" bw="1" slack="2147483647"/>
</pin_list>
<bind>
<opcode="icmp(45) " fcode="icmp"/>
<opset="tmp/2 "/>
</bind>
</comp>

<comp id="146" class="1004" name="tmp_1_fu_146">
<pin_list>
<pin id="147" dir="0" index="0" bw="23" slack="0"/>
<pin id="148" dir="0" index="1" bw="31" slack="0"/>
<pin id="149" dir="0" index="2" bw="5" slack="0"/>
<pin id="150" dir="0" index="3" bw="6" slack="0"/>
<pin id="151" dir="1" index="4" bw="23" slack="0"/>
</pin_list>
<bind>
<opcode="partselect(1002) " fcode="partselect"/>
<opset="tmp_1/3 "/>
</bind>
</comp>

<comp id="156" class="1004" name="icmp_fu_156">
<pin_list>
<pin id="157" dir="0" index="0" bw="23" slack="0"/>
<pin id="158" dir="0" index="1" bw="1" slack="0"/>
<pin id="159" dir="1" index="2" bw="1" slack="2147483647"/>
</pin_list>
<bind>
<opcode="icmp(45) " fcode="icmp"/>
<opset="icmp/3 "/>
</bind>
</comp>

<comp id="162" class="1004" name="k_load_load_fu_162">
<pin_list>
<pin id="163" dir="0" index="0" bw="32" slack="2"/>
<pin id="164" dir="1" index="1" bw="32" slack="0"/>
</pin_list>
<bind>
<opcode="load(27) " fcode="load"/>
<opset="k_load/3 "/>
</bind>
</comp>

<comp id="165" class="1004" name="tmp_3_fu_165">
<pin_list>
<pin id="166" dir="0" index="0" bw="32" slack="0"/>
<pin id="167" dir="1" index="1" bw="64" slack="0"/>
</pin_list>
<bind>
<opcode="zext(34) " fcode="zext"/>
<opset="tmp_3/3 "/>
</bind>
</comp>

<comp id="170" class="1004" name="tmp_17_fu_170">
<pin_list>
<pin id="171" dir="0" index="0" bw="28" slack="0"/>
<pin id="172" dir="0" index="1" bw="29" slack="1"/>
<pin id="173" dir="0" index="2" bw="1" slack="0"/>
<pin id="174" dir="0" index="3" bw="6" slack="0"/>
<pin id="175" dir="1" index="4" bw="28" slack="0"/>
</pin_list>
<bind>
<opcode="partselect(1002) " fcode="partselect"/>
<opset="tmp_17/3 "/>
</bind>
</comp>

<comp id="180" class="1004" name="len_1_fu_180">
<pin_list>
<pin id="181" dir="0" index="0" bw="28" slack="0"/>
<pin id="182" dir="1" index="1" bw="29" slack="1"/>
</pin_list>
<bind>
<opcode="zext(34) " fcode="zext"/>
<opset="len_1/3 "/>
</bind>
</comp>

<comp id="184" class="1004" name="k_1_fu_184">
<pin_list>
<pin id="185" dir="0" index="0" bw="1" slack="0"/>
<pin id="186" dir="0" index="1" bw="32" slack="1"/>
<pin id="187" dir="1" index="2" bw="32" slack="1"/>
</pin_list>
<bind>
<opcode="add(8) " fcode="add"/>
<opset="k_1/4 "/>
</bind>
</comp>

<comp id="189" class="1004" name="tmp_4_fu_189">
<pin_list>
<pin id="190" dir="0" index="0" bw="29" slack="2"/>
<pin id="191" dir="0" index="1" bw="31" slack="1"/>
<pin id="192" dir="1" index="2" bw="31" slack="0"/>
</pin_list>
<bind>
<opcode="add(8) " fcode="add"/>
<opset="tmp_4/4 "/>
</bind>
</comp>

<comp id="194" class="1004" name="tmp_5_fu_194">
<pin_list>
<pin id="195" dir="0" index="0" bw="31" slack="1"/>
<pin id="196" dir="0" index="1" bw="31" slack="0"/>
<pin id="197" dir="1" index="2" bw="1" slack="0"/>
</pin_list>
<bind>
<opcode="icmp(45) " fcode="icmp"/>
<opset="tmp_5/4 "/>
</bind>
</comp>

<comp id="200" class="1004" name="tmp_13_fu_200">
<pin_list>
<pin id="201" dir="0" index="0" bw="31" slack="1"/>
<pin id="202" dir="1" index="1" bw="30" slack="0"/>
</pin_list>
<bind>
<opcode="trunc(33) " fcode="trunc"/>
<opset="tmp_13/4 "/>
</bind>
</comp>

<comp id="204" class="1004" name="tmp_15_fu_204">
<pin_list>
<pin id="205" dir="0" index="0" bw="31" slack="0"/>
<pin id="206" dir="1" index="1" bw="30" slack="0"/>
</pin_list>
<bind>
<opcode="trunc(33) " fcode="trunc"/>
<opset="tmp_15/4 "/>
</bind>
</comp>

<comp id="208" class="1004" name="start_fu_208">
<pin_list>
<pin id="209" dir="0" index="0" bw="1" slack="0"/>
<pin id="210" dir="0" index="1" bw="30" slack="0"/>
<pin id="211" dir="0" index="2" bw="30" slack="0"/>
<pin id="212" dir="1" index="3" bw="30" slack="0"/>
</pin_list>
<bind>
<opcode="select(49) " fcode="select"/>
<opset="start/4 "/>
</bind>
</comp>

<comp id="216" class="1004" name="start_cast_fu_216">
<pin_list>
<pin id="217" dir="0" index="0" bw="30" slack="0"/>
<pin id="218" dir="1" index="1" bw="31" slack="1"/>
</pin_list>
<bind>
<opcode="zext(34) " fcode="zext"/>
<opset="start_cast/4 "/>
</bind>
</comp>

<comp id="220" class="1004" name="tmp_6_cast_fu_220">
<pin_list>
<pin id="221" dir="0" index="0" bw="23" slack="0"/>
<pin id="222" dir="1" index="1" bw="55" slack="3"/>
</pin_list>
<bind>
<opcode="zext(34) " fcode="zext"/>
<opset="tmp_6_cast/4 "/>
</bind>
</comp>

<comp id="224" class="1004" name="tmp_8_fu_224">
<pin_list>
<pin id="225" dir="0" index="0" bw="31" slack="0"/>
<pin id="226" dir="0" index="1" bw="31" slack="1"/>
<pin id="227" dir="1" index="2" bw="1" slack="2147483647"/>
</pin_list>
<bind>
<opcode="icmp(45) " fcode="icmp"/>
<opset="tmp_8/5 "/>
</bind>
</comp>

<comp id="229" class="1004" name="tmp_9_fu_229">
<pin_list>
<pin id="230" dir="0" index="0" bw="31" slack="0"/>
<pin id="231" dir="0" index="1" bw="29" slack="3"/>
<pin id="232" dir="1" index="2" bw="31" slack="0"/>
</pin_list>
<bind>
<opcode="add(8) " fcode="add"/>
<opset="tmp_9/5 "/>
</bind>
</comp>

<comp id="234" class="1004" name="tmp_s_fu_234">
<pin_list>
<pin id="235" dir="0" index="0" bw="31" slack="0"/>
<pin id="236" dir="1" index="1" bw="64" slack="0"/>
</pin_list>
<bind>
<opcode="zext(34) " fcode="zext"/>
<opset="tmp_s/5 "/>
</bind>
</comp>

<comp id="239" class="1004" name="tmp_6_fu_239">
<pin_list>
<pin id="240" dir="0" index="0" bw="31" slack="0"/>
<pin id="241" dir="1" index="1" bw="64" slack="0"/>
</pin_list>
<bind>
<opcode="zext(34) " fcode="zext"/>
<opset="tmp_6/5 "/>
</bind>
</comp>

<comp id="244" class="1004" name="j_1_fu_244">
<pin_list>
<pin id="245" dir="0" index="0" bw="1" slack="0"/>
<pin id="246" dir="0" index="1" bw="31" slack="0"/>
<pin id="247" dir="1" index="2" bw="31" slack="0"/>
</pin_list>
<bind>
<opcode="add(8) " fcode="add"/>
<opset="j_1/5 "/>
</bind>
</comp>

<comp id="250" class="1004" name="tmp_12_fu_250">
<pin_list>
<pin id="251" dir="0" index="0" bw="29" slack="3"/>
<pin id="252" dir="0" index="1" bw="30" slack="1"/>
<pin id="253" dir="1" index="2" bw="31" slack="1"/>
</pin_list>
<bind>
<opcode="add(8) " fcode="add"/>
<opset="tmp_12/5 "/>
</bind>
</comp>

<comp id="254" class="1004" name="StgValue_61_store_fu_254">
<pin_list>
<pin id="255" dir="0" index="0" bw="32" slack="1"/>
<pin id="256" dir="0" index="1" bw="32" slack="4"/>
<pin id="257" dir="1" index="2" bw="0" slack="2147483647"/>
</pin_list>
<bind>
<opcode="store(28) " fcode="store"/>
<opset="StgValue_61/5 "/>
</bind>
</comp>

<comp id="258" class="1004" name="tmp_2_cast_fu_258">
<pin_list>
<pin id="259" dir="0" index="0" bw="32" slack="1"/>
<pin id="260" dir="1" index="1" bw="55" slack="0"/>
</pin_list>
<bind>
<opcode="zext(34) " fcode="zext"/>
<opset="tmp_2_cast/7 "/>
</bind>
</comp>

<comp id="261" class="1004" name="temp_1_fu_261">
<pin_list>
<pin id="262" dir="0" index="0" bw="32" slack="0"/>
<pin id="263" dir="0" index="1" bw="23" slack="3"/>
<pin id="264" dir="1" index="2" bw="55" slack="0"/>
</pin_list>
<bind>
<opcode="mul(12) " fcode="mul"/>
<opset="temp_1/7 "/>
</bind>
</comp>

<comp id="266" class="1004" name="tmp_18_fu_266">
<pin_list>
<pin id="267" dir="0" index="0" bw="55" slack="0"/>
<pin id="268" dir="1" index="1" bw="32" slack="1"/>
</pin_list>
<bind>
<opcode="trunc(33) " fcode="trunc"/>
<opset="tmp_18/7 "/>
</bind>
</comp>

<comp id="270" class="1004" name="temp_fu_270">
<pin_list>
<pin id="271" dir="0" index="0" bw="27" slack="0"/>
<pin id="272" dir="0" index="1" bw="32" slack="1"/>
<pin id="273" dir="1" index="2" bw="32" slack="1"/>
</pin_list>
<bind>
<opcode="mul(12) " fcode="mul"/>
<opset="temp/8 "/>
</bind>
</comp>

<comp id="275" class="1004" name="temp_cast_fu_275">
<pin_list>
<pin id="276" dir="0" index="0" bw="32" slack="1"/>
<pin id="277" dir="1" index="1" bw="55" slack="0"/>
</pin_list>
<bind>
<opcode="zext(34) " fcode="zext"/>
<opset="temp_cast/9 "/>
</bind>
</comp>

<comp id="278" class="1004" name="t_1_fu_278">
<pin_list>
<pin id="279" dir="0" index="0" bw="24" slack="0"/>
<pin id="280" dir="0" index="1" bw="32" slack="0"/>
<pin id="281" dir="1" index="2" bw="55" slack="1"/>
</pin_list>
<bind>
<opcode="mul(12) " fcode="mul"/>
<opset="t_1/9 "/>
</bind>
</comp>

<comp id="284" class="1004" name="a_assign_cast1_fu_284">
<pin_list>
<pin id="285" dir="0" index="0" bw="55" slack="3"/>
<pin id="286" dir="1" index="1" bw="56" slack="0"/>
</pin_list>
<bind>
<opcode="zext(34) " fcode="zext"/>
<opset="a_assign_cast1/10 "/>
</bind>
</comp>

<comp id="287" class="1004" name="t_1_cast_fu_287">
<pin_list>
<pin id="288" dir="0" index="0" bw="55" slack="1"/>
<pin id="289" dir="1" index="1" bw="56" slack="0"/>
</pin_list>
<bind>
<opcode="zext(34) " fcode="zext"/>
<opset="t_1_cast/10 "/>
</bind>
</comp>

<comp id="290" class="1004" name="t_2_fu_290">
<pin_list>
<pin id="291" dir="0" index="0" bw="55" slack="0"/>
<pin id="292" dir="0" index="1" bw="55" slack="0"/>
<pin id="293" dir="1" index="2" bw="56" slack="0"/>
</pin_list>
<bind>
<opcode="add(8) " fcode="add"/>
<opset="t_2/10 "/>
</bind>
</comp>

<comp id="296" class="1004" name="tmp_14_fu_296">
<pin_list>
<pin id="297" dir="0" index="0" bw="24" slack="0"/>
<pin id="298" dir="0" index="1" bw="56" slack="0"/>
<pin id="299" dir="0" index="2" bw="7" slack="0"/>
<pin id="300" dir="0" index="3" bw="7" slack="0"/>
<pin id="301" dir="1" index="4" bw="24" slack="1"/>
</pin_list>
<bind>
<opcode="partselect(1002) " fcode="partselect"/>
<opset="tmp_14/10 "/>
</bind>
</comp>

<comp id="306" class="1004" name="tmp_7_fu_306">
<pin_list>
<pin id="307" dir="0" index="0" bw="15" slack="0"/>
<pin id="308" dir="0" index="1" bw="24" slack="1"/>
<pin id="309" dir="1" index="2" bw="24" slack="0"/>
</pin_list>
<bind>
<opcode="sub(10) " fcode="sub"/>
<opset="tmp_7/11 "/>
</bind>
</comp>

<comp id="311" class="1004" name="tmp_11_cast_fu_311">
<pin_list>
<pin id="312" dir="0" index="0" bw="24" slack="0"/>
<pin id="313" dir="1" index="1" bw="32" slack="0"/>
</pin_list>
<bind>
<opcode="zext(34) " fcode="zext"/>
<opset="tmp_11_cast/11 "/>
</bind>
</comp>

<comp id="315" class="1004" name="tmp_10_fu_315">
<pin_list>
<pin id="316" dir="0" index="0" bw="32" slack="0"/>
<pin id="317" dir="0" index="1" bw="24" slack="0"/>
<pin id="318" dir="1" index="2" bw="32" slack="0"/>
</pin_list>
<bind>
<opcode="add(8) " fcode="add"/>
<opset="tmp_10/11 "/>
</bind>
</comp>

<comp id="322" class="1004" name="t_3_fu_322">
<pin_list>
<pin id="323" dir="0" index="0" bw="24" slack="3"/>
<pin id="324" dir="1" index="1" bw="32" slack="0"/>
</pin_list>
<bind>
<opcode="zext(34) " fcode="zext"/>
<opset="t_3/13 "/>
</bind>
</comp>

<comp id="325" class="1004" name="tmp_11_fu_325">
<pin_list>
<pin id="326" dir="0" index="0" bw="32" slack="0"/>
<pin id="327" dir="0" index="1" bw="24" slack="0"/>
<pin id="328" dir="1" index="2" bw="32" slack="0"/>
</pin_list>
<bind>
<opcode="add(8) " fcode="add"/>
<opset="tmp_11/13 "/>
</bind>
</comp>

<comp id="332" class="1005" name="k_reg_332">
<pin_list>
<pin id="333" dir="0" index="0" bw="32" slack="0"/>
<pin id="334" dir="1" index="1" bw="32" slack="0"/>
</pin_list>
<bind>
<opset="k "/>
</bind>
</comp>

<comp id="339" class="1005" name="len_cast_cast4_reg_339">
<pin_list>
<pin id="340" dir="0" index="0" bw="31" slack="2"/>
<pin id="341" dir="1" index="1" bw="31" slack="2"/>
</pin_list>
<bind>
<opset="len_cast_cast4 "/>
</bind>
</comp>

<comp id="352" class="1005" name="k_load_reg_352">
<pin_list>
<pin id="353" dir="0" index="0" bw="32" slack="1"/>
<pin id="354" dir="1" index="1" bw="32" slack="1"/>
</pin_list>
<bind>
<opset="k_load "/>
</bind>
</comp>

<comp id="357" class="1005" name="zetas_addr_reg_357">
<pin_list>
<pin id="358" dir="0" index="0" bw="8" slack="1"/>
<pin id="359" dir="1" index="1" bw="8" slack="1"/>
</pin_list>
<bind>
<opset="zetas_addr "/>
</bind>
</comp>

<comp id="362" class="1005" name="len_1_reg_362">
<pin_list>
<pin id="363" dir="0" index="0" bw="29" slack="1"/>
<pin id="364" dir="1" index="1" bw="29" slack="1"/>
</pin_list>
<bind>
<opset="len_1 "/>
</bind>
</comp>

<comp id="367" class="1005" name="k_1_reg_367">
<pin_list>
<pin id="368" dir="0" index="0" bw="32" slack="1"/>
<pin id="369" dir="1" index="1" bw="32" slack="1"/>
</pin_list>
<bind>
<opset="k_1 "/>
</bind>
</comp>

<comp id="372" class="1005" name="tmp_4_reg_372">
<pin_list>
<pin id="373" dir="0" index="0" bw="31" slack="1"/>
<pin id="374" dir="1" index="1" bw="31" slack="1"/>
</pin_list>
<bind>
<opset="tmp_4 "/>
</bind>
</comp>

<comp id="377" class="1005" name="start_cast_reg_377">
<pin_list>
<pin id="378" dir="0" index="0" bw="31" slack="1"/>
<pin id="379" dir="1" index="1" bw="31" slack="1"/>
</pin_list>
<bind>
<opset="start_cast "/>
</bind>
</comp>

<comp id="382" class="1005" name="tmp_6_cast_reg_382">
<pin_list>
<pin id="383" dir="0" index="0" bw="55" slack="3"/>
<pin id="384" dir="1" index="1" bw="55" slack="3"/>
</pin_list>
<bind>
<opset="tmp_6_cast "/>
</bind>
</comp>

<comp id="390" class="1005" name="p_addr_reg_390">
<pin_list>
<pin id="391" dir="0" index="0" bw="8" slack="1"/>
<pin id="392" dir="1" index="1" bw="8" slack="1"/>
</pin_list>
<bind>
<opset="p_addr "/>
</bind>
</comp>

<comp id="395" class="1005" name="p_addr_1_reg_395">
<pin_list>
<pin id="396" dir="0" index="0" bw="8" slack="5"/>
<pin id="397" dir="1" index="1" bw="8" slack="5"/>
</pin_list>
<bind>
<opset="p_addr_1 "/>
</bind>
</comp>

<comp id="400" class="1005" name="j_1_reg_400">
<pin_list>
<pin id="401" dir="0" index="0" bw="31" slack="0"/>
<pin id="402" dir="1" index="1" bw="31" slack="0"/>
</pin_list>
<bind>
<opset="j_1 "/>
</bind>
</comp>

<comp id="405" class="1005" name="tmp_12_reg_405">
<pin_list>
<pin id="406" dir="0" index="0" bw="31" slack="1"/>
<pin id="407" dir="1" index="1" bw="31" slack="1"/>
</pin_list>
<bind>
<opset="tmp_12 "/>
</bind>
</comp>

<comp id="410" class="1005" name="p_load_reg_410">
<pin_list>
<pin id="411" dir="0" index="0" bw="32" slack="1"/>
<pin id="412" dir="1" index="1" bw="32" slack="1"/>
</pin_list>
<bind>
<opset="p_load "/>
</bind>
</comp>

<comp id="415" class="1005" name="temp_1_reg_415">
<pin_list>
<pin id="416" dir="0" index="0" bw="55" slack="3"/>
<pin id="417" dir="1" index="1" bw="55" slack="3"/>
</pin_list>
<bind>
<opset="temp_1 "/>
</bind>
</comp>

<comp id="420" class="1005" name="tmp_18_reg_420">
<pin_list>
<pin id="421" dir="0" index="0" bw="32" slack="1"/>
<pin id="422" dir="1" index="1" bw="32" slack="1"/>
</pin_list>
<bind>
<opset="tmp_18 "/>
</bind>
</comp>

<comp id="425" class="1005" name="temp_reg_425">
<pin_list>
<pin id="426" dir="0" index="0" bw="32" slack="1"/>
<pin id="427" dir="1" index="1" bw="32" slack="1"/>
</pin_list>
<bind>
<opset="temp "/>
</bind>
</comp>

<comp id="430" class="1005" name="t_1_reg_430">
<pin_list>
<pin id="431" dir="0" index="0" bw="55" slack="1"/>
<pin id="432" dir="1" index="1" bw="55" slack="1"/>
</pin_list>
<bind>
<opset="t_1 "/>
</bind>
</comp>

<comp id="435" class="1005" name="tmp_14_reg_435">
<pin_list>
<pin id="436" dir="0" index="0" bw="24" slack="1"/>
<pin id="437" dir="1" index="1" bw="24" slack="1"/>
</pin_list>
<bind>
<opset="tmp_14 "/>
</bind>
</comp>

</comp_list>

<net_list>
<net id="63"><net_src comp="4" pin="0"/><net_sink comp="60" pin=0"/></net>

<net id="69"><net_src comp="2" pin="0"/><net_sink comp="64" pin=0"/></net>

<net id="70"><net_src comp="36" pin="0"/><net_sink comp="64" pin=1"/></net>

<net id="76"><net_src comp="64" pin="3"/><net_sink comp="71" pin=0"/></net>

<net id="82"><net_src comp="0" pin="0"/><net_sink comp="77" pin=0"/></net>

<net id="83"><net_src comp="36" pin="0"/><net_sink comp="77" pin=1"/></net>

<net id="89"><net_src comp="77" pin="3"/><net_sink comp="84" pin=0"/></net>

<net id="95"><net_src comp="0" pin="0"/><net_sink comp="90" pin=0"/></net>

<net id="96"><net_src comp="36" pin="0"/><net_sink comp="90" pin=1"/></net>

<net id="100"><net_src comp="12" pin="0"/><net_sink comp="97" pin=0"/></net>

<net id="107"><net_src comp="97" pin="1"/><net_sink comp="101" pin=0"/></net>

<net id="108"><net_src comp="101" pin="4"/><net_sink comp="97" pin=0"/></net>

<net id="112"><net_src comp="26" pin="0"/><net_sink comp="109" pin=0"/></net>

<net id="119"><net_src comp="109" pin="1"/><net_sink comp="113" pin=0"/></net>

<net id="120"><net_src comp="113" pin="4"/><net_sink comp="109" pin=0"/></net>

<net id="130"><net_src comp="109" pin="1"/><net_sink comp="124" pin=0"/></net>

<net id="135"><net_src comp="4" pin="0"/><net_sink comp="131" pin=0"/></net>

<net id="139"><net_src comp="101" pin="4"/><net_sink comp="136" pin=0"/></net>

<net id="144"><net_src comp="101" pin="4"/><net_sink comp="140" pin=0"/></net>

<net id="145"><net_src comp="14" pin="0"/><net_sink comp="140" pin=1"/></net>

<net id="152"><net_src comp="28" pin="0"/><net_sink comp="146" pin=0"/></net>

<net id="153"><net_src comp="113" pin="4"/><net_sink comp="146" pin=1"/></net>

<net id="154"><net_src comp="30" pin="0"/><net_sink comp="146" pin=2"/></net>

<net id="155"><net_src comp="32" pin="0"/><net_sink comp="146" pin=3"/></net>

<net id="160"><net_src comp="146" pin="4"/><net_sink comp="156" pin=0"/></net>

<net id="161"><net_src comp="34" pin="0"/><net_sink comp="156" pin=1"/></net>

<net id="168"><net_src comp="162" pin="1"/><net_sink comp="165" pin=0"/></net>

<net id="169"><net_src comp="165" pin="1"/><net_sink comp="64" pin=2"/></net>

<net id="176"><net_src comp="40" pin="0"/><net_sink comp="170" pin=0"/></net>

<net id="177"><net_src comp="97" pin="1"/><net_sink comp="170" pin=1"/></net>

<net id="178"><net_src comp="4" pin="0"/><net_sink comp="170" pin=2"/></net>

<net id="179"><net_src comp="42" pin="0"/><net_sink comp="170" pin=3"/></net>

<net id="183"><net_src comp="170" pin="4"/><net_sink comp="180" pin=0"/></net>

<net id="188"><net_src comp="4" pin="0"/><net_sink comp="184" pin=0"/></net>

<net id="193"><net_src comp="109" pin="1"/><net_sink comp="189" pin=1"/></net>

<net id="198"><net_src comp="109" pin="1"/><net_sink comp="194" pin=0"/></net>

<net id="199"><net_src comp="189" pin="2"/><net_sink comp="194" pin=1"/></net>

<net id="203"><net_src comp="109" pin="1"/><net_sink comp="200" pin=0"/></net>

<net id="207"><net_src comp="189" pin="2"/><net_sink comp="204" pin=0"/></net>

<net id="213"><net_src comp="194" pin="2"/><net_sink comp="208" pin=0"/></net>

<net id="214"><net_src comp="200" pin="1"/><net_sink comp="208" pin=1"/></net>

<net id="215"><net_src comp="204" pin="1"/><net_sink comp="208" pin=2"/></net>

<net id="219"><net_src comp="208" pin="3"/><net_sink comp="216" pin=0"/></net>

<net id="223"><net_src comp="71" pin="3"/><net_sink comp="220" pin=0"/></net>

<net id="228"><net_src comp="124" pin="4"/><net_sink comp="224" pin=0"/></net>

<net id="233"><net_src comp="124" pin="4"/><net_sink comp="229" pin=0"/></net>

<net id="237"><net_src comp="229" pin="2"/><net_sink comp="234" pin=0"/></net>

<net id="238"><net_src comp="234" pin="1"/><net_sink comp="77" pin=2"/></net>

<net id="242"><net_src comp="124" pin="4"/><net_sink comp="239" pin=0"/></net>

<net id="243"><net_src comp="239" pin="1"/><net_sink comp="90" pin=2"/></net>

<net id="248"><net_src comp="44" pin="0"/><net_sink comp="244" pin=0"/></net>

<net id="249"><net_src comp="124" pin="4"/><net_sink comp="244" pin=1"/></net>

<net id="265"><net_src comp="258" pin="1"/><net_sink comp="261" pin=0"/></net>

<net id="269"><net_src comp="261" pin="2"/><net_sink comp="266" pin=0"/></net>

<net id="274"><net_src comp="46" pin="0"/><net_sink comp="270" pin=0"/></net>

<net id="282"><net_src comp="48" pin="0"/><net_sink comp="278" pin=0"/></net>

<net id="283"><net_src comp="275" pin="1"/><net_sink comp="278" pin=1"/></net>

<net id="294"><net_src comp="287" pin="1"/><net_sink comp="290" pin=0"/></net>

<net id="295"><net_src comp="284" pin="1"/><net_sink comp="290" pin=1"/></net>

<net id="302"><net_src comp="50" pin="0"/><net_sink comp="296" pin=0"/></net>

<net id="303"><net_src comp="290" pin="2"/><net_sink comp="296" pin=1"/></net>

<net id="304"><net_src comp="52" pin="0"/><net_sink comp="296" pin=2"/></net>

<net id="305"><net_src comp="54" pin="0"/><net_sink comp="296" pin=3"/></net>

<net id="310"><net_src comp="56" pin="0"/><net_sink comp="306" pin=0"/></net>

<net id="314"><net_src comp="306" pin="2"/><net_sink comp="311" pin=0"/></net>

<net id="319"><net_src comp="84" pin="3"/><net_sink comp="315" pin=0"/></net>

<net id="320"><net_src comp="311" pin="1"/><net_sink comp="315" pin=1"/></net>

<net id="321"><net_src comp="315" pin="2"/><net_sink comp="84" pin=1"/></net>

<net id="329"><net_src comp="84" pin="3"/><net_sink comp="325" pin=0"/></net>

<net id="330"><net_src comp="322" pin="1"/><net_sink comp="325" pin=1"/></net>

<net id="331"><net_src comp="325" pin="2"/><net_sink comp="84" pin=1"/></net>

<net id="335"><net_src comp="60" pin="1"/><net_sink comp="332" pin=0"/></net>

<net id="336"><net_src comp="332" pin="1"/><net_sink comp="131" pin=1"/></net>

<net id="337"><net_src comp="332" pin="1"/><net_sink comp="162" pin=0"/></net>

<net id="338"><net_src comp="332" pin="1"/><net_sink comp="254" pin=1"/></net>

<net id="342"><net_src comp="136" pin="1"/><net_sink comp="339" pin=0"/></net>

<net id="343"><net_src comp="339" pin="1"/><net_sink comp="189" pin=0"/></net>

<net id="344"><net_src comp="339" pin="1"/><net_sink comp="229" pin=1"/></net>

<net id="345"><net_src comp="339" pin="1"/><net_sink comp="250" pin=0"/></net>

<net id="355"><net_src comp="162" pin="1"/><net_sink comp="352" pin=0"/></net>

<net id="356"><net_src comp="352" pin="1"/><net_sink comp="184" pin=1"/></net>

<net id="360"><net_src comp="64" pin="3"/><net_sink comp="357" pin=0"/></net>

<net id="361"><net_src comp="357" pin="1"/><net_sink comp="71" pin=0"/></net>

<net id="365"><net_src comp="180" pin="1"/><net_sink comp="362" pin=0"/></net>

<net id="366"><net_src comp="362" pin="1"/><net_sink comp="101" pin=2"/></net>

<net id="370"><net_src comp="184" pin="2"/><net_sink comp="367" pin=0"/></net>

<net id="371"><net_src comp="367" pin="1"/><net_sink comp="254" pin=0"/></net>

<net id="375"><net_src comp="189" pin="2"/><net_sink comp="372" pin=0"/></net>

<net id="376"><net_src comp="372" pin="1"/><net_sink comp="224" pin=1"/></net>

<net id="380"><net_src comp="216" pin="1"/><net_sink comp="377" pin=0"/></net>

<net id="381"><net_src comp="377" pin="1"/><net_sink comp="250" pin=1"/></net>

<net id="385"><net_src comp="220" pin="1"/><net_sink comp="382" pin=0"/></net>

<net id="386"><net_src comp="382" pin="1"/><net_sink comp="261" pin=1"/></net>

<net id="393"><net_src comp="77" pin="3"/><net_sink comp="390" pin=0"/></net>

<net id="394"><net_src comp="390" pin="1"/><net_sink comp="84" pin=0"/></net>

<net id="398"><net_src comp="90" pin="3"/><net_sink comp="395" pin=0"/></net>

<net id="399"><net_src comp="395" pin="1"/><net_sink comp="84" pin=0"/></net>

<net id="403"><net_src comp="244" pin="2"/><net_sink comp="400" pin=0"/></net>

<net id="404"><net_src comp="400" pin="1"/><net_sink comp="124" pin=2"/></net>

<net id="408"><net_src comp="250" pin="2"/><net_sink comp="405" pin=0"/></net>

<net id="409"><net_src comp="405" pin="1"/><net_sink comp="113" pin=2"/></net>

<net id="413"><net_src comp="84" pin="3"/><net_sink comp="410" pin=0"/></net>

<net id="414"><net_src comp="410" pin="1"/><net_sink comp="258" pin=0"/></net>

<net id="418"><net_src comp="261" pin="2"/><net_sink comp="415" pin=0"/></net>

<net id="419"><net_src comp="415" pin="1"/><net_sink comp="284" pin=0"/></net>

<net id="423"><net_src comp="266" pin="1"/><net_sink comp="420" pin=0"/></net>

<net id="424"><net_src comp="420" pin="1"/><net_sink comp="270" pin=1"/></net>

<net id="428"><net_src comp="270" pin="2"/><net_sink comp="425" pin=0"/></net>

<net id="429"><net_src comp="425" pin="1"/><net_sink comp="275" pin=0"/></net>

<net id="433"><net_src comp="278" pin="2"/><net_sink comp="430" pin=0"/></net>

<net id="434"><net_src comp="430" pin="1"/><net_sink comp="287" pin=0"/></net>

<net id="438"><net_src comp="296" pin="4"/><net_sink comp="435" pin=0"/></net>

<net id="439"><net_src comp="435" pin="1"/><net_sink comp="306" pin=1"/></net>

<net id="440"><net_src comp="435" pin="1"/><net_sink comp="322" pin=0"/></net>

</net_list>

</model> 
---------------- Datapath Model END ------------------

* FSMD analyzer results:
  - Output states:
	Port: p | {11 13 }
 - Input state : 
	Port: ntt : p | {5 6 10 11 12 13 }
	Port: ntt : zetas | {3 4 }
  - Chain level:
	State 1
		StgValue_17 : 1
	State 2
		len_cast_cast4 : 1
		tmp : 1
		StgValue_23 : 2
	State 3
		tmp_1 : 1
		icmp : 2
		StgValue_31 : 3
		tmp_3 : 1
		zetas_addr : 2
		zeta : 3
		len_1 : 1
	State 4
		tmp_5 : 1
		tmp_15 : 1
		start : 2
		start_cast : 3
		tmp_6_cast : 1
	State 5
		tmp_8 : 1
		StgValue_52 : 2
		tmp_9 : 1
		tmp_s : 2
		p_addr : 3
		p_load : 4
		tmp_6 : 1
		p_addr_1 : 2
		j_1 : 1
	State 6
	State 7
		temp_1 : 1
		tmp_18 : 2
	State 8
	State 9
		t_1 : 1
	State 10
		t_2 : 1
		tmp_14 : 2
	State 11
		tmp_11_cast : 1
		tmp_10 : 2
		StgValue_79 : 3
	State 12
	State 13
		tmp_11 : 1
		StgValue_85 : 2


============================================================
+ Verbose Summary: Datapath Resource usage 
============================================================

* Functional unit list:
|----------|-----------------------|---------|---------|---------|
| Operation|    Functional Unit    |  DSP48E |    FF   |   LUT   |
|----------|-----------------------|---------|---------|---------|
|          |       k_1_fu_184      |    0    |    0    |    39   |
|          |      tmp_4_fu_189     |    0    |    0    |    38   |
|          |      tmp_9_fu_229     |    0    |    0    |    38   |
|    add   |       j_1_fu_244      |    0    |    0    |    38   |
|          |     tmp_12_fu_250     |    0    |    0    |    37   |
|          |       t_2_fu_290      |    0    |    0    |    62   |
|          |     tmp_10_fu_315     |    0    |    0    |    39   |
|          |     tmp_11_fu_325     |    0    |    0    |    39   |
|----------|-----------------------|---------|---------|---------|
|          |       tmp_fu_140      |    0    |    0    |    18   |
|   icmp   |      icmp_fu_156      |    0    |    0    |    18   |
|          |      tmp_5_fu_194     |    0    |    0    |    18   |
|          |      tmp_8_fu_224     |    0    |    0    |    18   |
|----------|-----------------------|---------|---------|---------|
|          |     temp_1_fu_261     |    2    |    0    |    21   |
|    mul   |      temp_fu_270      |    4    |    0    |    21   |
|          |       t_1_fu_278      |    2    |    0    |    21   |
|----------|-----------------------|---------|---------|---------|
|    sub   |      tmp_7_fu_306     |    0    |    0    |    31   |
|----------|-----------------------|---------|---------|---------|
|  select  |      start_fu_208     |    0    |    0    |    30   |
|----------|-----------------------|---------|---------|---------|
|          | len_cast_cast4_fu_136 |    0    |    0    |    0    |
|          |      tmp_3_fu_165     |    0    |    0    |    0    |
|          |      len_1_fu_180     |    0    |    0    |    0    |
|          |   start_cast_fu_216   |    0    |    0    |    0    |
|          |   tmp_6_cast_fu_220   |    0    |    0    |    0    |
|          |      tmp_s_fu_234     |    0    |    0    |    0    |
|   zext   |      tmp_6_fu_239     |    0    |    0    |    0    |
|          |   tmp_2_cast_fu_258   |    0    |    0    |    0    |
|          |    temp_cast_fu_275   |    0    |    0    |    0    |
|          | a_assign_cast1_fu_284 |    0    |    0    |    0    |
|          |    t_1_cast_fu_287    |    0    |    0    |    0    |
|          |   tmp_11_cast_fu_311  |    0    |    0    |    0    |
|          |       t_3_fu_322      |    0    |    0    |    0    |
|----------|-----------------------|---------|---------|---------|
|          |      tmp_1_fu_146     |    0    |    0    |    0    |
|partselect|     tmp_17_fu_170     |    0    |    0    |    0    |
|          |     tmp_14_fu_296     |    0    |    0    |    0    |
|----------|-----------------------|---------|---------|---------|
|          |     tmp_13_fu_200     |    0    |    0    |    0    |
|   trunc  |     tmp_15_fu_204     |    0    |    0    |    0    |
|          |     tmp_18_fu_266     |    0    |    0    |    0    |
|----------|-----------------------|---------|---------|---------|
|   Total  |                       |    8    |    0    |   526   |
|----------|-----------------------|---------|---------|---------|

Memories:
+-----+--------+--------+--------+
|     |  BRAM  |   FF   |   LUT  |
+-----+--------+--------+--------+
|zetas|    1   |    0   |    0   |
+-----+--------+--------+--------+
|Total|    1   |    0   |    0   |
+-----+--------+--------+--------+

* Register list:
+----------------------+--------+
|                      |   FF   |
+----------------------+--------+
|      j1_reg_121      |   31   |
|      j_1_reg_400     |   31   |
|       j_reg_109      |   31   |
|      k_1_reg_367     |   32   |
|    k_load_reg_352    |   32   |
|       k_reg_332      |   32   |
|     len_1_reg_362    |   29   |
|len_cast_cast4_reg_339|   31   |
|      len_reg_97      |   29   |
|   p_addr_1_reg_395   |    8   |
|    p_addr_reg_390    |    8   |
|    p_load_reg_410    |   32   |
|  start_cast_reg_377  |   31   |
|      t_1_reg_430     |   55   |
|    temp_1_reg_415    |   55   |
|     temp_reg_425     |   32   |
|    tmp_12_reg_405    |   31   |
|    tmp_14_reg_435    |   24   |
|    tmp_18_reg_420    |   32   |
|     tmp_4_reg_372    |   31   |
|  tmp_6_cast_reg_382  |   55   |
|  zetas_addr_reg_357  |    8   |
+----------------------+--------+
|         Total        |   680  |
+----------------------+--------+

* Multiplexer (MUX) list: 
|------------------|------|------|------|--------||---------||---------|
|       Comp       |  Pin | Size |  BW  | S x BW ||  Delay  ||   LUT   |
|------------------|------|------|------|--------||---------||---------|
| grp_access_fu_71 |  p0  |   2  |   8  |   16   ||    9    |
| grp_access_fu_84 |  p0  |   3  |   8  |   24   ||    15   |
| grp_access_fu_84 |  p1  |   2  |  32  |   64   ||    9    |
|    len_reg_97    |  p0  |   2  |  29  |   58   ||    9    |
|     j_reg_109    |  p0  |   2  |  31  |   62   ||    9    |
|------------------|------|------|------|--------||---------||---------|
|       Total      |      |      |      |   224  || 6.85175 ||    51   |
|------------------|------|------|------|--------||---------||---------|



* Summary:
+-----------+--------+--------+--------+--------+--------+
|           |  BRAM  | DSP48E |  Delay |   FF   |   LUT  |
+-----------+--------+--------+--------+--------+--------+
|  Function |    -   |    8   |    -   |    0   |   526  |
|   Memory  |    1   |    -   |    -   |    0   |    0   |
|Multiplexer|    -   |    -   |    6   |    -   |   51   |
|  Register |    -   |    -   |    -   |   680  |    -   |
+-----------+--------+--------+--------+--------+--------+
|   Total   |    1   |    8   |    6   |   680  |   577  |
+-----------+--------+--------+--------+--------+--------+
