   Build using "/opt/Xilinx2018/Vivado/2018.3/tps/lnx64/gcc-6.2.0/bin/g++"
   Compiling apatb_ntt.cpp
   Compiling (apcc) aes.c_pre.c.tb.c
INFO: [HLS 200-10] Running '/opt/Xilinx2018/Vivado/2018.3/bin/unwrapped/lnx64.o/apcc'
INFO: [HLS 200-10] For user 'dss545' on host 'hansolo.poly.edu' (Linux_x86_64 version 3.10.0-1127.18.2.el7.x86_64) on Sat Dec 12 08:32:47 EST 2020
INFO: [HLS 200-10] On os "Red Hat Enterprise Linux Server release 7.8 (Maipo)"
INFO: [HLS 200-10] In directory '/home/dss545/vivado_hls/SHARING/CRYSTALS-Dilithium/Dilithium/Reference_Implementation/crypto_sign/project19/dilithium1.prj/ntt_unoptimized/sim/wrapc'
clang: warning: argument unused during compilation: '-fno-builtin-isinf'
clang: warning: argument unused during compilation: '-fno-builtin-isnan'
INFO: [APCC 202-3] Tmp directory is /tmp/apcc_db_dss545/1215921607779967178211
INFO: [APCC 202-1] APCC is done.
   Compiling (apcc) fips202.c_pre.c.tb.c
INFO: [HLS 200-10] Running '/opt/Xilinx2018/Vivado/2018.3/bin/unwrapped/lnx64.o/apcc'
INFO: [HLS 200-10] For user 'dss545' on host 'hansolo.poly.edu' (Linux_x86_64 version 3.10.0-1127.18.2.el7.x86_64) on Sat Dec 12 08:32:54 EST 2020
INFO: [HLS 200-10] On os "Red Hat Enterprise Linux Server release 7.8 (Maipo)"
INFO: [HLS 200-10] In directory '/home/dss545/vivado_hls/SHARING/CRYSTALS-Dilithium/Dilithium/Reference_Implementation/crypto_sign/project19/dilithium1.prj/ntt_unoptimized/sim/wrapc'
clang: warning: argument unused during compilation: '-fno-builtin-isinf'
clang: warning: argument unused during compilation: '-fno-builtin-isnan'
INFO: [APCC 202-3] Tmp directory is /tmp/apcc_db_dss545/1218811607779974151863
INFO: [APCC 202-1] APCC is done.
   Compiling (apcc) newtest_sign.c_pre.c.tb.c
INFO: [HLS 200-10] Running '/opt/Xilinx2018/Vivado/2018.3/bin/unwrapped/lnx64.o/apcc'
INFO: [HLS 200-10] For user 'dss545' on host 'hansolo.poly.edu' (Linux_x86_64 version 3.10.0-1127.18.2.el7.x86_64) on Sat Dec 12 08:33:01 EST 2020
INFO: [HLS 200-10] On os "Red Hat Enterprise Linux Server release 7.8 (Maipo)"
INFO: [HLS 200-10] In directory '/home/dss545/vivado_hls/SHARING/CRYSTALS-Dilithium/Dilithium/Reference_Implementation/crypto_sign/project19/dilithium1.prj/ntt_unoptimized/sim/wrapc'
clang: warning: argument unused during compilation: '-fno-builtin-isinf'
clang: warning: argument unused during compilation: '-fno-builtin-isnan'
INFO: [APCC 202-3] Tmp directory is /tmp/apcc_db_dss545/1221161607779981817765
INFO: [APCC 202-1] APCC is done.
   Compiling (apcc) ntt.c_pre.c.tb.c
INFO: [HLS 200-10] Running '/opt/Xilinx2018/Vivado/2018.3/bin/unwrapped/lnx64.o/apcc'
INFO: [HLS 200-10] For user 'dss545' on host 'hansolo.poly.edu' (Linux_x86_64 version 3.10.0-1127.18.2.el7.x86_64) on Sat Dec 12 08:33:08 EST 2020
INFO: [HLS 200-10] On os "Red Hat Enterprise Linux Server release 7.8 (Maipo)"
INFO: [HLS 200-10] In directory '/home/dss545/vivado_hls/SHARING/CRYSTALS-Dilithium/Dilithium/Reference_Implementation/crypto_sign/project19/dilithium1.prj/ntt_unoptimized/sim/wrapc'
clang: warning: argument unused during compilation: '-fno-builtin-isinf'
clang: warning: argument unused during compilation: '-fno-builtin-isnan'
INFO: [APCC 202-3] Tmp directory is /tmp/apcc_db_dss545/1223331607779988263526
INFO: [APCC 202-1] APCC is done.
   Compiling (apcc) packing.c_pre.c.tb.c
INFO: [HLS 200-10] Running '/opt/Xilinx2018/Vivado/2018.3/bin/unwrapped/lnx64.o/apcc'
INFO: [HLS 200-10] For user 'dss545' on host 'hansolo.poly.edu' (Linux_x86_64 version 3.10.0-1127.18.2.el7.x86_64) on Sat Dec 12 08:33:14 EST 2020
INFO: [HLS 200-10] On os "Red Hat Enterprise Linux Server release 7.8 (Maipo)"
INFO: [HLS 200-10] In directory '/home/dss545/vivado_hls/SHARING/CRYSTALS-Dilithium/Dilithium/Reference_Implementation/crypto_sign/project19/dilithium1.prj/ntt_unoptimized/sim/wrapc'
clang: warning: argument unused during compilation: '-fno-builtin-isinf'
clang: warning: argument unused during compilation: '-fno-builtin-isnan'
INFO: [APCC 202-3] Tmp directory is /tmp/apcc_db_dss545/1225421607779994611859
INFO: [APCC 202-1] APCC is done.
   Compiling (apcc) poly.c_pre.c.tb.c
INFO: [HLS 200-10] Running '/opt/Xilinx2018/Vivado/2018.3/bin/unwrapped/lnx64.o/apcc'
INFO: [HLS 200-10] For user 'dss545' on host 'hansolo.poly.edu' (Linux_x86_64 version 3.10.0-1127.18.2.el7.x86_64) on Sat Dec 12 08:33:21 EST 2020
INFO: [HLS 200-10] On os "Red Hat Enterprise Linux Server release 7.8 (Maipo)"
INFO: [HLS 200-10] In directory '/home/dss545/vivado_hls/SHARING/CRYSTALS-Dilithium/Dilithium/Reference_Implementation/crypto_sign/project19/dilithium1.prj/ntt_unoptimized/sim/wrapc'
clang: warning: argument unused during compilation: '-fno-builtin-isinf'
clang: warning: argument unused during compilation: '-fno-builtin-isnan'
INFO: [APCC 202-3] Tmp directory is /tmp/apcc_db_dss545/1227881607780001350568
INFO: [APCC 202-1] APCC is done.
   Compiling (apcc) polyvec.c_pre.c.tb.c
INFO: [HLS 200-10] Running '/opt/Xilinx2018/Vivado/2018.3/bin/unwrapped/lnx64.o/apcc'
INFO: [HLS 200-10] For user 'dss545' on host 'hansolo.poly.edu' (Linux_x86_64 version 3.10.0-1127.18.2.el7.x86_64) on Sat Dec 12 08:33:28 EST 2020
INFO: [HLS 200-10] On os "Red Hat Enterprise Linux Server release 7.8 (Maipo)"
INFO: [HLS 200-10] In directory '/home/dss545/vivado_hls/SHARING/CRYSTALS-Dilithium/Dilithium/Reference_Implementation/crypto_sign/project19/dilithium1.prj/ntt_unoptimized/sim/wrapc'
clang: warning: argument unused during compilation: '-fno-builtin-isinf'
clang: warning: argument unused during compilation: '-fno-builtin-isnan'
INFO: [APCC 202-3] Tmp directory is /tmp/apcc_db_dss545/1230161607780008389470
INFO: [APCC 202-1] APCC is done.
   Compiling (apcc) reduce.c_pre.c.tb.c
INFO: [HLS 200-10] Running '/opt/Xilinx2018/Vivado/2018.3/bin/unwrapped/lnx64.o/apcc'
INFO: [HLS 200-10] For user 'dss545' on host 'hansolo.poly.edu' (Linux_x86_64 version 3.10.0-1127.18.2.el7.x86_64) on Sat Dec 12 08:33:34 EST 2020
INFO: [HLS 200-10] On os "Red Hat Enterprise Linux Server release 7.8 (Maipo)"
INFO: [HLS 200-10] In directory '/home/dss545/vivado_hls/SHARING/CRYSTALS-Dilithium/Dilithium/Reference_Implementation/crypto_sign/project19/dilithium1.prj/ntt_unoptimized/sim/wrapc'
clang: warning: argument unused during compilation: '-fno-builtin-isinf'
clang: warning: argument unused during compilation: '-fno-builtin-isnan'
INFO: [APCC 202-3] Tmp directory is /tmp/apcc_db_dss545/1232271607780014753327
INFO: [APCC 202-1] APCC is done.
   Compiling (apcc) rng.c_pre.c.tb.c
INFO: [HLS 200-10] Running '/opt/Xilinx2018/Vivado/2018.3/bin/unwrapped/lnx64.o/apcc'
INFO: [HLS 200-10] For user 'dss545' on host 'hansolo.poly.edu' (Linux_x86_64 version 3.10.0-1127.18.2.el7.x86_64) on Sat Dec 12 08:33:40 EST 2020
INFO: [HLS 200-10] On os "Red Hat Enterprise Linux Server release 7.8 (Maipo)"
INFO: [HLS 200-10] In directory '/home/dss545/vivado_hls/SHARING/CRYSTALS-Dilithium/Dilithium/Reference_Implementation/crypto_sign/project19/dilithium1.prj/ntt_unoptimized/sim/wrapc'
clang: warning: argument unused during compilation: '-fno-builtin-isinf'
clang: warning: argument unused during compilation: '-fno-builtin-isnan'
INFO: [APCC 202-3] Tmp directory is /tmp/apcc_db_dss545/1234401607780021001055
INFO: [APCC 202-1] APCC is done.
   Compiling (apcc) rounding.c_pre.c.tb.c
INFO: [HLS 200-10] Running '/opt/Xilinx2018/Vivado/2018.3/bin/unwrapped/lnx64.o/apcc'
INFO: [HLS 200-10] For user 'dss545' on host 'hansolo.poly.edu' (Linux_x86_64 version 3.10.0-1127.18.2.el7.x86_64) on Sat Dec 12 08:33:47 EST 2020
INFO: [HLS 200-10] On os "Red Hat Enterprise Linux Server release 7.8 (Maipo)"
INFO: [HLS 200-10] In directory '/home/dss545/vivado_hls/SHARING/CRYSTALS-Dilithium/Dilithium/Reference_Implementation/crypto_sign/project19/dilithium1.prj/ntt_unoptimized/sim/wrapc'
clang: warning: argument unused during compilation: '-fno-builtin-isinf'
clang: warning: argument unused during compilation: '-fno-builtin-isnan'
INFO: [APCC 202-3] Tmp directory is /tmp/apcc_db_dss545/1236621607780027678174
INFO: [APCC 202-1] APCC is done.
   Compiling (apcc) sign.c_pre.c.tb.c
INFO: [HLS 200-10] Running '/opt/Xilinx2018/Vivado/2018.3/bin/unwrapped/lnx64.o/apcc'
INFO: [HLS 200-10] For user 'dss545' on host 'hansolo.poly.edu' (Linux_x86_64 version 3.10.0-1127.18.2.el7.x86_64) on Sat Dec 12 08:33:53 EST 2020
INFO: [HLS 200-10] On os "Red Hat Enterprise Linux Server release 7.8 (Maipo)"
INFO: [HLS 200-10] In directory '/home/dss545/vivado_hls/SHARING/CRYSTALS-Dilithium/Dilithium/Reference_Implementation/crypto_sign/project19/dilithium1.prj/ntt_unoptimized/sim/wrapc'
clang: warning: argument unused during compilation: '-fno-builtin-isinf'
clang: warning: argument unused during compilation: '-fno-builtin-isnan'
INFO: [APCC 202-3] Tmp directory is /tmp/apcc_db_dss545/1238861607780034072725
INFO: [APCC 202-1] APCC is done.
   Generating cosim.tv.exe
