#-----------------------------------------------------------
# xsim v2018.3 (64-bit)
# SW Build 2405991 on Thu Dec  6 23:36:41 MST 2018
# IP Build 2404404 on Fri Dec  7 01:43:56 MST 2018
# Start of session at: Sat Dec 12 08:59:34 2020
# Process ID: 48158
# Current directory: /home/dss545/vivado_hls/SHARING/CRYSTALS-Dilithium/Dilithium/Reference_Implementation/crypto_sign/project19/dilithium1.prj/ntt_opt5__microarch/sim/verilog
# Command line: xsim -mode tcl -source {xsim.dir/ntt/xsim_script.tcl}
# Log file: /home/dss545/vivado_hls/SHARING/CRYSTALS-Dilithium/Dilithium/Reference_Implementation/crypto_sign/project19/dilithium1.prj/ntt_opt5__microarch/sim/verilog/xsim.log
# Journal file: /home/dss545/vivado_hls/SHARING/CRYSTALS-Dilithium/Dilithium/Reference_Implementation/crypto_sign/project19/dilithium1.prj/ntt_opt5__microarch/sim/verilog/xsim.jou
#-----------------------------------------------------------
source xsim.dir/ntt/xsim_script.tcl
# xsim {ntt} -autoloadwcfg -tclbatch {ntt.tcl}
Vivado Simulator 2018.3
Time resolution is 1 ps
source ntt.tcl
## run all
////////////////////////////////////////////////////////////////////////////////////
// Inter-Transaction Progress: Completed Transaction / Total Transaction
// Intra-Transaction Progress: Measured Latency / Latency Estimation * 100%
//
// RTL Simulation : "Inter-Transaction Progress" ["Intra-Transaction Progress"] @ "Simulation Time"
////////////////////////////////////////////////////////////////////////////////////
// RTL Simulation : 0 / 28 [n/a] @ "125000"
// RTL Simulation : 1 / 28 [n/a] @ "89885000"
// RTL Simulation : 2 / 28 [n/a] @ "179635000"
// RTL Simulation : 3 / 28 [n/a] @ "269385000"
// RTL Simulation : 4 / 28 [n/a] @ "359135000"
// RTL Simulation : 5 / 28 [n/a] @ "448885000"
// RTL Simulation : 6 / 28 [n/a] @ "538635000"
// RTL Simulation : 7 / 28 [n/a] @ "628385000"
// RTL Simulation : 8 / 28 [n/a] @ "718135000"
// RTL Simulation : 9 / 28 [n/a] @ "807885000"
// RTL Simulation : 10 / 28 [n/a] @ "897635000"
// RTL Simulation : 11 / 28 [n/a] @ "987385000"
// RTL Simulation : 12 / 28 [n/a] @ "1077135000"
// RTL Simulation : 13 / 28 [n/a] @ "1166885000"
// RTL Simulation : 14 / 28 [n/a] @ "1256635000"
// RTL Simulation : 15 / 28 [n/a] @ "1346385000"
// RTL Simulation : 16 / 28 [n/a] @ "1436135000"
// RTL Simulation : 17 / 28 [n/a] @ "1525885000"
// RTL Simulation : 18 / 28 [n/a] @ "1615635000"
// RTL Simulation : 19 / 28 [n/a] @ "1705385000"
// RTL Simulation : 20 / 28 [n/a] @ "1795135000"
// RTL Simulation : 21 / 28 [n/a] @ "1884885000"
// RTL Simulation : 22 / 28 [n/a] @ "1974635000"
// RTL Simulation : 23 / 28 [n/a] @ "2064385000"
// RTL Simulation : 24 / 28 [n/a] @ "2154135000"
// RTL Simulation : 25 / 28 [n/a] @ "2243885000"
// RTL Simulation : 26 / 28 [n/a] @ "2333635000"
// RTL Simulation : 27 / 28 [n/a] @ "2423385000"
// RTL Simulation : 28 / 28 [n/a] @ "2513135000"
////////////////////////////////////////////////////////////////////////////////////
$finish called at time : 2513175 ns : File "/home/dss545/vivado_hls/SHARING/CRYSTALS-Dilithium/Dilithium/Reference_Implementation/crypto_sign/project19/dilithium1.prj/ntt_opt5__microarch/sim/verilog/ntt.autotb.v" Line 220
## quit
INFO: [Common 17-206] Exiting xsim at Sat Dec 12 08:59:46 2020...
