

================================================================
== Vivado HLS Report for 'ntt'
================================================================
* Date:           Sat Dec 12 08:57:22 2020

* Version:        2018.3 (Build 2405991 on Thu Dec 06 23:56:15 MST 2018)
* Project:        dilithium1.prj
* Solution:       ntt_opt5__microarch
* Product family: artix7
* Target device:  xc7a200tfbg676-2


================================================================
== Performance Estimates
================================================================
+ Timing (ns): 
    * Summary: 
    +--------+-------+----------+------------+
    |  Clock | Target| Estimated| Uncertainty|
    +--------+-------+----------+------------+
    |ap_clk  |  10.00|     8.363|        1.25|
    +--------+-------+----------+------------+

+ Latency (clock cycles): 
    * Summary: 
    +-----+-----+-----+-----+---------+
    |  Latency  |  Interval | Pipeline|
    | min | max | min | max |   Type  |
    +-----+-----+-----+-----+---------+
    |    ?|    ?|    ?|    ?|   none  |
    +-----+-----+-----+-----+---------+

    + Detail: 
        * Instance: 
        N/A

        * Loop: 
        +------------------+-----+-----+----------+-----------+-----------+------+----------+
        |                  |  Latency  | Iteration|  Initiation Interval  | Trip |          |
        |     Loop Name    | min | max |  Latency |  achieved |   target  | Count| Pipelined|
        +------------------+-----+-----+----------+-----------+-----------+------+----------+
        |- ntt_label32     |    ?|    ?|         ?|          -|          -|     8|    no    |
        | + ntt_label32.1  |    ?|    ?|         ?|          -|          -|     ?|    no    |
        |  ++ ntt_label2   |    ?|    ?|         8|          -|          -|     ?|    no    |
        +------------------+-----+-----+----------+-----------+-----------+------+----------+



================================================================
== Utilization Estimates
================================================================
* Summary: 
+-----------------+---------+-------+--------+--------+
|       Name      | BRAM_18K| DSP48E|   FF   |   LUT  |
+-----------------+---------+-------+--------+--------+
|DSP              |        -|      -|       -|       -|
|Expression       |        -|      2|       0|     717|
|FIFO             |        -|      -|       -|       -|
|Instance         |        -|      -|       -|       -|
|Memory           |        1|      -|       0|       0|
|Multiplexer      |        -|      -|       -|     128|
|Register         |        -|      -|     495|       -|
+-----------------+---------+-------+--------+--------+
|Total            |        1|      2|     495|     845|
+-----------------+---------+-------+--------+--------+
|Available        |      730|    740|  269200|  129000|
+-----------------+---------+-------+--------+--------+
|Utilization (%)  |    ~0   |   ~0  |   ~0   |   ~0   |
+-----------------+---------+-------+--------+--------+

+ Detail: 
    * Instance: 
    N/A

    * DSP48: 
    N/A

    * Memory: 
    +---------+-----------+---------+---+----+------+-----+------+-------------+
    |  Memory |   Module  | BRAM_18K| FF| LUT| Words| Bits| Banks| W*Bits*Banks|
    +---------+-----------+---------+---+----+------+-----+------+-------------+
    |zetas_U  |ntt_zetas  |        1|  0|   0|   256|   23|     1|         5888|
    +---------+-----------+---------+---+----+------+-----+------+-------------+
    |Total    |           |        1|  0|   0|   256|   23|     1|         5888|
    +---------+-----------+---------+---+----+------+-----+------+-------------+

    * FIFO: 
    N/A

    * Expression: 
    +----------------------+----------+-------+---+----+------------+------------+
    |     Variable Name    | Operation| DSP48E| FF| LUT| Bitwidth P0| Bitwidth P1|
    +----------------------+----------+-------+---+----+------------+------------+
    |a_assign_fu_271_p2    |     *    |      2|  0|  21|          23|          32|
    |j_1_fu_254_p2         |     +    |      0|  0|  38|           1|          31|
    |k_1_fu_194_p2         |     +    |      0|  0|  39|           1|          32|
    |tmp1_fu_355_p2        |     +    |      0|  0|  62|          55|          55|
    |tmp_11_fu_403_p2      |     +    |      0|  0|  39|          32|          32|
    |tmp_12_fu_413_p2      |     +    |      0|  0|  39|          32|          32|
    |tmp_13_fu_260_p2      |     +    |      0|  0|  38|          31|          31|
    |tmp_19_i_fu_364_p2    |     +    |      0|  0|  63|          56|          56|
    |tmp_4_fu_199_p2       |     +    |      0|  0|  38|          31|          31|
    |tmp_9_fu_239_p2       |     +    |      0|  0|  38|          31|          31|
    |sum3_neg_i_fu_318_p2  |     -    |      0|  0|  32|          32|          32|
    |sum_neg_i_fu_313_p2   |     -    |      0|  0|  39|          32|          32|
    |t_fu_374_p2           |     -    |      0|  0|  64|          57|          57|
    |temp_1_fu_324_p2      |     -    |      0|  0|  32|          32|          32|
    |tmp_10_fu_393_p2      |     -    |      0|  0|  33|          24|          26|
    |icmp_fu_166_p2        |   icmp   |      0|  0|  18|          23|           1|
    |tmp_5_fu_204_p2       |   icmp   |      0|  0|  18|          31|          31|
    |tmp_8_fu_234_p2       |   icmp   |      0|  0|  18|          31|          31|
    |tmp_fu_150_p2         |   icmp   |      0|  0|  18|          29|           1|
    |start_fu_218_p3       |  select  |      0|  0|  30|           1|          30|
    +----------------------+----------+-------+---+----+------------+------------+
    |Total                 |          |      2|  0| 717|         585|         636|
    +----------------------+----------+-------+---+----+------------+------------+

    * Multiplexer: 
    +-------------+----+-----------+-----+-----------+
    |     Name    | LUT| Input Size| Bits| Total Bits|
    +-------------+----+-----------+-----+-----------+
    |ap_NS_fsm    |  56|         13|    1|         13|
    |j1_reg_131   |   9|          2|   31|         62|
    |j_reg_119    |   9|          2|   31|         62|
    |k_fu_70      |   9|          2|   32|         64|
    |len_reg_107  |   9|          2|    8|         16|
    |p_address0   |  21|          4|    8|         32|
    |p_d0         |  15|          3|   32|         96|
    +-------------+----+-----------+-----+-----------+
    |Total        | 128|         28|  143|        345|
    +-------------+----+-----------+-----+-----------+

    * Register: 
    +------------------------+----+----+-----+-----------+
    |          Name          | FF | LUT| Bits| Const Bits|
    +------------------------+----+----+-----+-----------+
    |a_assign_reg_503        |  55|   0|   55|          0|
    |ap_CS_fsm               |  12|   0|   12|          0|
    |j1_reg_131              |  31|   0|   31|          0|
    |j_1_reg_488             |  31|   0|   31|          0|
    |j_reg_119               |  31|   0|   31|          0|
    |k_1_reg_455             |  32|   0|   32|          0|
    |k_fu_70                 |  32|   0|   32|          0|
    |len_cast_cast4_reg_427  |   8|   0|   31|         23|
    |len_reg_107             |   8|   0|   29|         21|
    |p_addr_1_reg_483        |   8|   0|    8|          0|
    |p_addr_reg_478          |   8|   0|    8|          0|
    |p_load_reg_498          |  32|   0|   32|          0|
    |start_cast_reg_465      |  30|   0|   31|          1|
    |temp_1_reg_528          |  32|   0|   32|          0|
    |temp_reg_508            |  32|   0|   32|          0|
    |tmp_19_reg_513          |   6|   0|    6|          0|
    |tmp_20_reg_518          |   9|   0|    9|          0|
    |tmp_21_reg_523          |  19|   0|   19|          0|
    |tmp_4_reg_460           |  31|   0|   31|          0|
    |tmp_6_cast_reg_470      |  23|   0|   55|         32|
    |tmp_7_reg_535           |  25|   0|   25|          0|
    +------------------------+----+----+-----+-----------+
    |Total                   | 495|   0|  572|         77|
    +------------------------+----+----+-----+-----------+



================================================================
== Interface
================================================================
* Summary: 
+------------+-----+-----+------------+--------------+--------------+
|  RTL Ports | Dir | Bits|  Protocol  | Source Object|    C Type    |
+------------+-----+-----+------------+--------------+--------------+
|ap_clk      |  in |    1| ap_ctrl_hs |      ntt     | return value |
|ap_rst      |  in |    1| ap_ctrl_hs |      ntt     | return value |
|ap_start    |  in |    1| ap_ctrl_hs |      ntt     | return value |
|ap_done     | out |    1| ap_ctrl_hs |      ntt     | return value |
|ap_idle     | out |    1| ap_ctrl_hs |      ntt     | return value |
|ap_ready    | out |    1| ap_ctrl_hs |      ntt     | return value |
|p_address0  | out |    8|  ap_memory |       p      |     array    |
|p_ce0       | out |    1|  ap_memory |       p      |     array    |
|p_we0       | out |    1|  ap_memory |       p      |     array    |
|p_d0        | out |   32|  ap_memory |       p      |     array    |
|p_q0        |  in |   32|  ap_memory |       p      |     array    |
+------------+-----+-----+------------+--------------+--------------+

============================================================
+ Verbose Summary: Synthesis Manager
============================================================
InlineROM: 1
ExposeGlobal: 0
============================================================
+ Verbose Summary: CDFG Model
============================================================
IsTopModel: 1
ResetActiveHigh: 1
IsCombinational: 2
IsDatapathOnly: 2
HasWiredReturn: 1
HasMFsm: 0
HasVarLatency: 1
IsPipeline: 0
IsRtlPipelined: 0
IsInstanceOverlapped: 0
IsDontTouch: 0
HasImplIP: 0
IsGatedGlobalClock: 0


============================================================
+ Verbose Summary: Schedule
============================================================
* Number of FSM states : 12
* Pipeline : 0
* Dataflow Pipeline: 0

* FSM state transitions: 
1 --> 
	2  / true
2 --> 
	3  / (!tmp)
3 --> 
	4  / (icmp)
	2  / (!icmp)
4 --> 
	5  / true
5 --> 
	6  / (tmp_8)
	3  / (!tmp_8)
6 --> 
	7  / true
7 --> 
	8  / true
8 --> 
	9  / true
9 --> 
	10  / true
10 --> 
	11  / true
11 --> 
	12  / true
12 --> 
	5  / true

* FSM state operations: 

State 1 <SV = 0> <Delay = 1.35>
ST_1 : Operation 13 [1/1] (0.00ns)   --->   "%k = alloca i32"   --->   Operation 13 'alloca' 'k' <Predicate = true> <Delay = 0.00>
ST_1 : Operation 14 [1/1] (0.00ns)   --->   "call void (...)* @_ssdm_op_SpecBitsMap([256 x i32]* %p) nounwind, !map !244"   --->   Operation 14 'specbitsmap' <Predicate = true> <Delay = 0.00>
ST_1 : Operation 15 [1/1] (0.00ns)   --->   "call void (...)* @_ssdm_op_SpecTopModule([4 x i8]* @ntt_str) nounwind"   --->   Operation 15 'spectopmodule' <Predicate = true> <Delay = 0.00>
ST_1 : Operation 16 [1/1] (1.35ns)   --->   "store i32 1, i32* %k"   --->   Operation 16 'store' <Predicate = true> <Delay = 1.35>
ST_1 : Operation 17 [1/1] (1.35ns)   --->   "br label %1" [ntt.c:40]   --->   Operation 17 'br' <Predicate = true> <Delay = 1.35>

State 2 <SV = 1> <Delay = 2.08>
ST_2 : Operation 18 [1/1] (0.00ns)   --->   "%len = phi i29 [ 128, %0 ], [ %len_1, %8 ]" [ntt.c:40]   --->   Operation 18 'phi' 'len' <Predicate = true> <Delay = 0.00>
ST_2 : Operation 19 [1/1] (0.00ns)   --->   "%len_cast_cast4 = zext i29 %len to i31" [ntt.c:40]   --->   Operation 19 'zext' 'len_cast_cast4' <Predicate = true> <Delay = 0.00>
ST_2 : Operation 20 [1/1] (2.08ns)   --->   "%tmp = icmp eq i29 %len, 0" [ntt.c:40]   --->   Operation 20 'icmp' 'tmp' <Predicate = true> <Delay = 2.08> <Core = "Cmp">   --->   Core 25 'Cmp' <Latency = 0> <II = 1> <Delay = 2.08> <FuncUnit> <Opcode : 'icmp'> <InPorts = 2> <OutPorts = 1>
ST_2 : Operation 21 [1/1] (0.00ns)   --->   "%empty = call i32 (...)* @_ssdm_op_SpecLoopTripCount(i64 8, i64 8, i64 8) nounwind"   --->   Operation 21 'speclooptripcount' 'empty' <Predicate = true> <Delay = 0.00>
ST_2 : Operation 22 [1/1] (0.00ns)   --->   "br i1 %tmp, label %9, label %2" [ntt.c:40]   --->   Operation 22 'br' <Predicate = true> <Delay = 0.00>
ST_2 : Operation 23 [1/1] (0.00ns)   --->   "call void (...)* @_ssdm_op_SpecLoopName([12 x i8]* @p_str110) nounwind" [ntt.c:40]   --->   Operation 23 'specloopname' <Predicate = (!tmp)> <Delay = 0.00>
ST_2 : Operation 24 [1/1] (0.00ns)   --->   "%tmp_2 = call i32 (...)* @_ssdm_op_SpecRegionBegin([12 x i8]* @p_str110) nounwind" [ntt.c:40]   --->   Operation 24 'specregionbegin' 'tmp_2' <Predicate = (!tmp)> <Delay = 0.00>
ST_2 : Operation 25 [1/1] (1.35ns)   --->   "br label %3" [ntt.c:42]   --->   Operation 25 'br' <Predicate = (!tmp)> <Delay = 1.35>
ST_2 : Operation 26 [1/1] (0.00ns)   --->   "ret void" [ntt.c:54]   --->   Operation 26 'ret' <Predicate = (tmp)> <Delay = 0.00>

State 3 <SV = 2> <Delay = 2.77>
ST_3 : Operation 27 [1/1] (0.00ns)   --->   "%j = phi i31 [ 0, %2 ], [ %tmp_13, %7 ]" [ntt.c:42]   --->   Operation 27 'phi' 'j' <Predicate = true> <Delay = 0.00>
ST_3 : Operation 28 [1/1] (0.00ns)   --->   "%tmp_1 = call i23 @_ssdm_op_PartSelect.i23.i31.i32.i32(i31 %j, i32 8, i32 30)" [ntt.c:42]   --->   Operation 28 'partselect' 'tmp_1' <Predicate = true> <Delay = 0.00>
ST_3 : Operation 29 [1/1] (2.03ns)   --->   "%icmp = icmp eq i23 %tmp_1, 0" [ntt.c:42]   --->   Operation 29 'icmp' 'icmp' <Predicate = true> <Delay = 2.03> <Core = "Cmp">   --->   Core 25 'Cmp' <Latency = 0> <II = 1> <Delay = 2.08> <FuncUnit> <Opcode : 'icmp'> <InPorts = 2> <OutPorts = 1>
ST_3 : Operation 30 [1/1] (0.00ns)   --->   "br i1 %icmp, label %4, label %8" [ntt.c:42]   --->   Operation 30 'br' <Predicate = true> <Delay = 0.00>
ST_3 : Operation 31 [1/1] (0.00ns)   --->   "%k_load = load i32* %k" [ntt.c:43]   --->   Operation 31 'load' 'k_load' <Predicate = (icmp)> <Delay = 0.00>
ST_3 : Operation 32 [1/1] (0.00ns)   --->   "%tmp_3 = zext i32 %k_load to i64" [ntt.c:43]   --->   Operation 32 'zext' 'tmp_3' <Predicate = (icmp)> <Delay = 0.00>
ST_3 : Operation 33 [1/1] (0.00ns)   --->   "%zetas_addr = getelementptr [256 x i23]* @zetas, i64 0, i64 %tmp_3" [ntt.c:43]   --->   Operation 33 'getelementptr' 'zetas_addr' <Predicate = (icmp)> <Delay = 0.00>
ST_3 : Operation 34 [2/2] (2.77ns)   --->   "%zeta = load i23* %zetas_addr, align 4" [ntt.c:43]   --->   Operation 34 'load' 'zeta' <Predicate = (icmp)> <Delay = 2.77> <Core = "ROM_nP">   --->   Core 52 'ROM_nP' <Latency = 1> <II = 1> <Delay = 2.77> <Storage> <Opcode : 'load'> <Ports = 0> <Width = 23> <Depth = 256> <ROM>
ST_3 : Operation 35 [1/1] (0.00ns)   --->   "%empty_10 = call i32 (...)* @_ssdm_op_SpecRegionEnd([12 x i8]* @p_str110, i32 %tmp_2) nounwind" [ntt.c:53]   --->   Operation 35 'specregionend' 'empty_10' <Predicate = (!icmp)> <Delay = 0.00>
ST_3 : Operation 36 [1/1] (0.00ns)   --->   "%tmp_17 = call i28 @_ssdm_op_PartSelect.i28.i29.i32.i32(i29 %len, i32 1, i32 28)" [ntt.c:40]   --->   Operation 36 'partselect' 'tmp_17' <Predicate = (!icmp)> <Delay = 0.00>
ST_3 : Operation 37 [1/1] (0.00ns)   --->   "%len_1 = zext i28 %tmp_17 to i29" [ntt.c:40]   --->   Operation 37 'zext' 'len_1' <Predicate = (!icmp)> <Delay = 0.00>
ST_3 : Operation 38 [1/1] (0.00ns)   --->   "br label %1" [ntt.c:40]   --->   Operation 38 'br' <Predicate = (!icmp)> <Delay = 0.00>

State 4 <SV = 3> <Delay = 5.01>
ST_4 : Operation 39 [1/1] (2.18ns)   --->   "%k_1 = add i32 1, %k_load" [ntt.c:43]   --->   Operation 39 'add' 'k_1' <Predicate = true> <Delay = 2.18> <Core = "AddSub">   --->   Core 14 'AddSub' <Latency = 0> <II = 1> <Delay = 2.15> <FuncUnit> <Opcode : 'add' 'sub'> <InPorts = 2> <OutPorts = 1>
ST_4 : Operation 40 [1/2] (2.77ns)   --->   "%zeta = load i23* %zetas_addr, align 4" [ntt.c:43]   --->   Operation 40 'load' 'zeta' <Predicate = true> <Delay = 2.77> <Core = "ROM_nP">   --->   Core 52 'ROM_nP' <Latency = 1> <II = 1> <Delay = 2.77> <Storage> <Opcode : 'load'> <Ports = 0> <Width = 23> <Depth = 256> <ROM>
ST_4 : Operation 41 [1/1] (2.15ns)   --->   "%tmp_4 = add i31 %len_cast_cast4, %j" [ntt.c:44]   --->   Operation 41 'add' 'tmp_4' <Predicate = true> <Delay = 2.15> <Core = "AddSub">   --->   Core 14 'AddSub' <Latency = 0> <II = 1> <Delay = 2.15> <FuncUnit> <Opcode : 'add' 'sub'> <InPorts = 2> <OutPorts = 1>
ST_4 : Operation 42 [1/1] (2.10ns)   --->   "%tmp_5 = icmp ugt i31 %j, %tmp_4" [ntt.c:42]   --->   Operation 42 'icmp' 'tmp_5' <Predicate = true> <Delay = 2.10> <Core = "Cmp">   --->   Core 25 'Cmp' <Latency = 0> <II = 1> <Delay = 2.08> <FuncUnit> <Opcode : 'icmp'> <InPorts = 2> <OutPorts = 1>
ST_4 : Operation 43 [1/1] (0.00ns)   --->   "%tmp_14 = trunc i31 %j to i30" [ntt.c:42]   --->   Operation 43 'trunc' 'tmp_14' <Predicate = true> <Delay = 0.00>
ST_4 : Operation 44 [1/1] (0.00ns)   --->   "%tmp_15 = trunc i31 %tmp_4 to i30" [ntt.c:42]   --->   Operation 44 'trunc' 'tmp_15' <Predicate = true> <Delay = 0.00>
ST_4 : Operation 45 [1/1] (0.75ns)   --->   "%start = select i1 %tmp_5, i30 %tmp_14, i30 %tmp_15" [ntt.c:42]   --->   Operation 45 'select' 'start' <Predicate = true> <Delay = 0.75> <Core = "Sel">   --->   Core 26 'Sel' <Latency = 0> <II = 1> <Delay = 0.75> <FuncUnit> <Opcode : 'select'> <InPorts = 3> <OutPorts = 1>
ST_4 : Operation 46 [1/1] (0.00ns)   --->   "%start_cast = zext i30 %start to i31" [ntt.c:42]   --->   Operation 46 'zext' 'start_cast' <Predicate = true> <Delay = 0.00>
ST_4 : Operation 47 [1/1] (0.00ns)   --->   "%tmp_6_cast = zext i23 %zeta to i55" [ntt.c:44]   --->   Operation 47 'zext' 'tmp_6_cast' <Predicate = true> <Delay = 0.00>
ST_4 : Operation 48 [1/1] (1.35ns)   --->   "br label %5" [ntt.c:44]   --->   Operation 48 'br' <Predicate = true> <Delay = 1.35>

State 5 <SV = 4> <Delay = 4.93>
ST_5 : Operation 49 [1/1] (0.00ns)   --->   "%j1 = phi i31 [ %j, %4 ], [ %j_1, %6 ]"   --->   Operation 49 'phi' 'j1' <Predicate = true> <Delay = 0.00>
ST_5 : Operation 50 [1/1] (2.10ns)   --->   "%tmp_8 = icmp ult i31 %j1, %tmp_4" [ntt.c:44]   --->   Operation 50 'icmp' 'tmp_8' <Predicate = true> <Delay = 2.10> <Core = "Cmp">   --->   Core 25 'Cmp' <Latency = 0> <II = 1> <Delay = 2.08> <FuncUnit> <Opcode : 'icmp'> <InPorts = 2> <OutPorts = 1>
ST_5 : Operation 51 [1/1] (0.00ns)   --->   "br i1 %tmp_8, label %6, label %7" [ntt.c:44]   --->   Operation 51 'br' <Predicate = true> <Delay = 0.00>
ST_5 : Operation 52 [1/1] (2.15ns)   --->   "%tmp_9 = add i31 %len_cast_cast4, %j1" [ntt.c:48]   --->   Operation 52 'add' 'tmp_9' <Predicate = (tmp_8)> <Delay = 2.15> <Core = "AddSub">   --->   Core 14 'AddSub' <Latency = 0> <II = 1> <Delay = 2.15> <FuncUnit> <Opcode : 'add' 'sub'> <InPorts = 2> <OutPorts = 1>
ST_5 : Operation 53 [1/1] (0.00ns)   --->   "%tmp_s = zext i31 %tmp_9 to i64" [ntt.c:48]   --->   Operation 53 'zext' 'tmp_s' <Predicate = (tmp_8)> <Delay = 0.00>
ST_5 : Operation 54 [1/1] (0.00ns)   --->   "%p_addr = getelementptr [256 x i32]* %p, i64 0, i64 %tmp_s" [ntt.c:48]   --->   Operation 54 'getelementptr' 'p_addr' <Predicate = (tmp_8)> <Delay = 0.00>
ST_5 : Operation 55 [2/2] (2.77ns)   --->   "%p_load = load i32* %p_addr, align 4" [ntt.c:48]   --->   Operation 55 'load' 'p_load' <Predicate = (tmp_8)> <Delay = 2.77> <Core = "RAM">   --->   Core 37 'RAM' <Latency = 1> <II = 1> <Delay = 2.77> <Storage> <Opcode : 'load' 'store'> <Ports = 2> <Width = 32> <Depth = 256> <RAM>
ST_5 : Operation 56 [1/1] (0.00ns)   --->   "%tmp_6 = zext i31 %j1 to i64" [ntt.c:49]   --->   Operation 56 'zext' 'tmp_6' <Predicate = (tmp_8)> <Delay = 0.00>
ST_5 : Operation 57 [1/1] (0.00ns)   --->   "%p_addr_1 = getelementptr [256 x i32]* %p, i64 0, i64 %tmp_6" [ntt.c:49]   --->   Operation 57 'getelementptr' 'p_addr_1' <Predicate = (tmp_8)> <Delay = 0.00>
ST_5 : Operation 58 [1/1] (2.15ns)   --->   "%j_1 = add i31 1, %j1" [ntt.c:44]   --->   Operation 58 'add' 'j_1' <Predicate = (tmp_8)> <Delay = 2.15> <Core = "AddSub">   --->   Core 14 'AddSub' <Latency = 0> <II = 1> <Delay = 2.15> <FuncUnit> <Opcode : 'add' 'sub'> <InPorts = 2> <OutPorts = 1>
ST_5 : Operation 59 [1/1] (2.13ns)   --->   "%tmp_13 = add i31 %len_cast_cast4, %start_cast" [ntt.c:42]   --->   Operation 59 'add' 'tmp_13' <Predicate = (!tmp_8)> <Delay = 2.13> <Core = "AddSub">   --->   Core 14 'AddSub' <Latency = 0> <II = 1> <Delay = 2.15> <FuncUnit> <Opcode : 'add' 'sub'> <InPorts = 2> <OutPorts = 1>
ST_5 : Operation 60 [1/1] (1.35ns)   --->   "store i32 %k_1, i32* %k" [ntt.c:43]   --->   Operation 60 'store' <Predicate = (!tmp_8)> <Delay = 1.35>
ST_5 : Operation 61 [1/1] (0.00ns)   --->   "br label %3" [ntt.c:42]   --->   Operation 61 'br' <Predicate = (!tmp_8)> <Delay = 0.00>

State 6 <SV = 5> <Delay = 2.77>
ST_6 : Operation 62 [1/2] (2.77ns)   --->   "%p_load = load i32* %p_addr, align 4" [ntt.c:48]   --->   Operation 62 'load' 'p_load' <Predicate = true> <Delay = 2.77> <Core = "RAM">   --->   Core 37 'RAM' <Latency = 1> <II = 1> <Delay = 2.77> <Storage> <Opcode : 'load' 'store'> <Ports = 2> <Width = 32> <Depth = 256> <RAM>

State 7 <SV = 6> <Delay = 6.88>
ST_7 : Operation 63 [1/1] (0.00ns)   --->   "%tmp_2_cast = zext i32 %p_load to i55" [ntt.c:48]   --->   Operation 63 'zext' 'tmp_2_cast' <Predicate = true> <Delay = 0.00>
ST_7 : Operation 64 [1/1] (6.88ns)   --->   "%a_assign = mul i55 %tmp_6_cast, %tmp_2_cast" [ntt.c:48]   --->   Operation 64 'mul' 'a_assign' <Predicate = true> <Delay = 6.88> <Core = "Mul">   --->   Core 16 'Mul' <Latency = 0> <II = 1> <Delay = 6.88> <FuncUnit> <Opcode : 'mul'> <InPorts = 2> <OutPorts = 1>
ST_7 : Operation 65 [1/1] (0.00ns)   --->   "%temp = trunc i55 %a_assign to i32" [reduce.c:47->ntt.c:48]   --->   Operation 65 'trunc' 'temp' <Predicate = true> <Delay = 0.00>
ST_7 : Operation 66 [1/1] (0.00ns)   --->   "%tmp_19 = trunc i55 %a_assign to i6" [ntt.c:48]   --->   Operation 66 'trunc' 'tmp_19' <Predicate = true> <Delay = 0.00>
ST_7 : Operation 67 [1/1] (0.00ns)   --->   "%tmp_20 = trunc i55 %a_assign to i9" [ntt.c:48]   --->   Operation 67 'trunc' 'tmp_20' <Predicate = true> <Delay = 0.00>
ST_7 : Operation 68 [1/1] (0.00ns)   --->   "%tmp_21 = trunc i55 %a_assign to i19" [ntt.c:48]   --->   Operation 68 'trunc' 'tmp_21' <Predicate = true> <Delay = 0.00>

State 8 <SV = 7> <Delay = 5.89>
ST_8 : Operation 69 [1/1] (0.00ns)   --->   "%tmp_i = call i32 @_ssdm_op_BitConcatenate.i32.i6.i26(i6 %tmp_19, i26 0)" [reduce.c:49->ntt.c:48]   --->   Operation 69 'bitconcatenate' 'tmp_i' <Predicate = true> <Delay = 0.00>
ST_8 : Operation 70 [1/1] (0.00ns)   --->   "%tmp_i_9 = call i32 @_ssdm_op_BitConcatenate.i32.i9.i23(i9 %tmp_20, i23 0)" [reduce.c:49->ntt.c:48]   --->   Operation 70 'bitconcatenate' 'tmp_i_9' <Predicate = true> <Delay = 0.00>
ST_8 : Operation 71 [1/1] (0.00ns)   --->   "%tmp_15_i = call i32 @_ssdm_op_BitConcatenate.i32.i19.i13(i19 %tmp_21, i13 0)" [reduce.c:49->ntt.c:48]   --->   Operation 71 'bitconcatenate' 'tmp_15_i' <Predicate = true> <Delay = 0.00>
ST_8 : Operation 72 [1/1] (2.18ns)   --->   "%sum_neg_i = sub i32 %tmp_i_9, %temp" [reduce.c:49->ntt.c:48]   --->   Operation 72 'sub' 'sum_neg_i' <Predicate = true> <Delay = 2.18> <Core = "AddSub">   --->   Core 14 'AddSub' <Latency = 0> <II = 1> <Delay = 2.15> <FuncUnit> <Opcode : 'add' 'sub'> <InPorts = 2> <OutPorts = 1>
ST_8 : Operation 73 [1/1] (0.00ns) (grouped into TernaryAdder)   --->   "%sum3_neg_i = sub i32 %sum_neg_i, %tmp_i" [reduce.c:49->ntt.c:48]   --->   Operation 73 'sub' 'sum3_neg_i' <Predicate = true> <Delay = 0.00> <Core = "TAddSub">   --->   Core 84 'TAddSub' <Latency = 0> <II = 1> <Delay = 1.85> <IPBlock> <Opcode : 'add' 'sub'> <InPorts = 3> <OutPorts = 1> <Sync> <CReg>
ST_8 : Operation 74 [1/1] (3.71ns) (root node of TernaryAdder)   --->   "%temp_1 = sub i32 %sum3_neg_i, %tmp_15_i" [reduce.c:49->ntt.c:48]   --->   Operation 74 'sub' 'temp_1' <Predicate = true> <Delay = 3.71> <Core = "TAddSub">   --->   Core 84 'TAddSub' <Latency = 0> <II = 1> <Delay = 1.85> <IPBlock> <Opcode : 'add' 'sub'> <InPorts = 3> <OutPorts = 1> <Sync> <CReg>

State 9 <SV = 8> <Delay = 8.36>
ST_9 : Operation 75 [1/1] (0.00ns)   --->   "%t_cast = zext i32 %temp_1 to i55" [reduce.c:52->ntt.c:48]   --->   Operation 75 'zext' 't_cast' <Predicate = true> <Delay = 0.00>
ST_9 : Operation 76 [1/1] (0.00ns)   --->   "%tmp_16_i = call i55 @_ssdm_op_BitConcatenate.i55.i32.i23(i32 %temp_1, i23 0)" [reduce.c:55->ntt.c:48]   --->   Operation 76 'bitconcatenate' 'tmp_16_i' <Predicate = true> <Delay = 0.00>
ST_9 : Operation 77 [1/1] (0.00ns)   --->   "%tmp_16_i_cast = zext i55 %tmp_16_i to i56" [reduce.c:55->ntt.c:48]   --->   Operation 77 'zext' 'tmp_16_i_cast' <Predicate = true> <Delay = 0.00>
ST_9 : Operation 78 [1/1] (0.00ns)   --->   "%tmp_17_i = call i45 @_ssdm_op_BitConcatenate.i45.i32.i13(i32 %temp_1, i13 0)" [reduce.c:55->ntt.c:48]   --->   Operation 78 'bitconcatenate' 'tmp_17_i' <Predicate = true> <Delay = 0.00>
ST_9 : Operation 79 [1/1] (0.00ns)   --->   "%tmp_17_i_cast = zext i45 %tmp_17_i to i57" [reduce.c:55->ntt.c:48]   --->   Operation 79 'zext' 'tmp_17_i_cast' <Predicate = true> <Delay = 0.00>
ST_9 : Operation 80 [1/1] (2.77ns)   --->   "%tmp1 = add i55 %t_cast, %a_assign" [reduce.c:55->ntt.c:48]   --->   Operation 80 'add' 'tmp1' <Predicate = true> <Delay = 2.77> <Core = "AddSub">   --->   Core 14 'AddSub' <Latency = 0> <II = 1> <Delay = 2.15> <FuncUnit> <Opcode : 'add' 'sub'> <InPorts = 2> <OutPorts = 1>
ST_9 : Operation 81 [1/1] (0.00ns)   --->   "%tmp1_cast = zext i55 %tmp1 to i56" [reduce.c:55->ntt.c:48]   --->   Operation 81 'zext' 'tmp1_cast' <Predicate = true> <Delay = 0.00>
ST_9 : Operation 82 [1/1] (2.77ns)   --->   "%tmp_19_i = add i56 %tmp_16_i_cast, %tmp1_cast" [reduce.c:55->ntt.c:48]   --->   Operation 82 'add' 'tmp_19_i' <Predicate = true> <Delay = 2.77> <Core = "AddSub">   --->   Core 14 'AddSub' <Latency = 0> <II = 1> <Delay = 2.15> <FuncUnit> <Opcode : 'add' 'sub'> <InPorts = 2> <OutPorts = 1>
ST_9 : Operation 83 [1/1] (0.00ns)   --->   "%tmp_19_i_cast = zext i56 %tmp_19_i to i57" [reduce.c:55->ntt.c:48]   --->   Operation 83 'zext' 'tmp_19_i_cast' <Predicate = true> <Delay = 0.00>
ST_9 : Operation 84 [1/1] (2.80ns)   --->   "%t = sub i57 %tmp_19_i_cast, %tmp_17_i_cast" [reduce.c:55->ntt.c:48]   --->   Operation 84 'sub' 't' <Predicate = true> <Delay = 2.80> <Core = "AddSub">   --->   Core 14 'AddSub' <Latency = 0> <II = 1> <Delay = 2.15> <FuncUnit> <Opcode : 'add' 'sub'> <InPorts = 2> <OutPorts = 1>
ST_9 : Operation 85 [1/1] (0.00ns)   --->   "%tmp_7 = call i25 @_ssdm_op_PartSelect.i25.i57.i32.i32(i57 %t, i32 32, i32 56)" [reduce.c:57->ntt.c:48]   --->   Operation 85 'partselect' 'tmp_7' <Predicate = true> <Delay = 0.00>
ST_9 : Operation 86 [2/2] (2.77ns)   --->   "%p_load_1 = load i32* %p_addr_1, align 4" [ntt.c:49]   --->   Operation 86 'load' 'p_load_1' <Predicate = true> <Delay = 2.77> <Core = "RAM">   --->   Core 37 'RAM' <Latency = 1> <II = 1> <Delay = 2.77> <Storage> <Opcode : 'load' 'store'> <Ports = 2> <Width = 32> <Depth = 256> <RAM>

State 10 <SV = 9> <Delay = 7.72>
ST_10 : Operation 87 [1/1] (0.00ns)   --->   "%t_1_cast = sext i25 %tmp_7 to i26" [ntt.c:48]   --->   Operation 87 'sext' 't_1_cast' <Predicate = true> <Delay = 0.00>
ST_10 : Operation 88 [1/2] (2.77ns)   --->   "%p_load_1 = load i32* %p_addr_1, align 4" [ntt.c:49]   --->   Operation 88 'load' 'p_load_1' <Predicate = true> <Delay = 2.77> <Core = "RAM">   --->   Core 37 'RAM' <Latency = 1> <II = 1> <Delay = 2.77> <Storage> <Opcode : 'load' 'store'> <Ports = 2> <Width = 32> <Depth = 256> <RAM>
ST_10 : Operation 89 [1/1] (2.03ns)   --->   "%tmp_10 = sub i26 16760834, %t_1_cast" [ntt.c:49]   --->   Operation 89 'sub' 'tmp_10' <Predicate = true> <Delay = 2.03> <Core = "AddSub">   --->   Core 14 'AddSub' <Latency = 0> <II = 1> <Delay = 2.15> <FuncUnit> <Opcode : 'add' 'sub'> <InPorts = 2> <OutPorts = 1>
ST_10 : Operation 90 [1/1] (0.00ns)   --->   "%tmp_10_cast = sext i26 %tmp_10 to i32" [ntt.c:49]   --->   Operation 90 'sext' 'tmp_10_cast' <Predicate = true> <Delay = 0.00>
ST_10 : Operation 91 [1/1] (2.18ns)   --->   "%tmp_11 = add i32 %tmp_10_cast, %p_load_1" [ntt.c:49]   --->   Operation 91 'add' 'tmp_11' <Predicate = true> <Delay = 2.18> <Core = "AddSub">   --->   Core 14 'AddSub' <Latency = 0> <II = 1> <Delay = 2.15> <FuncUnit> <Opcode : 'add' 'sub'> <InPorts = 2> <OutPorts = 1>
ST_10 : Operation 92 [1/1] (2.77ns)   --->   "store i32 %tmp_11, i32* %p_addr, align 4" [ntt.c:49]   --->   Operation 92 'store' <Predicate = true> <Delay = 2.77> <Core = "RAM">   --->   Core 37 'RAM' <Latency = 1> <II = 1> <Delay = 2.77> <Storage> <Opcode : 'load' 'store'> <Ports = 2> <Width = 32> <Depth = 256> <RAM>

State 11 <SV = 10> <Delay = 2.77>
ST_11 : Operation 93 [2/2] (2.77ns)   --->   "%p_load_2 = load i32* %p_addr_1, align 4" [ntt.c:50]   --->   Operation 93 'load' 'p_load_2' <Predicate = true> <Delay = 2.77> <Core = "RAM">   --->   Core 37 'RAM' <Latency = 1> <II = 1> <Delay = 2.77> <Storage> <Opcode : 'load' 'store'> <Ports = 2> <Width = 32> <Depth = 256> <RAM>

State 12 <SV = 11> <Delay = 7.72>
ST_12 : Operation 94 [1/1] (0.00ns)   --->   "call void (...)* @_ssdm_op_SpecLoopName([11 x i8]* @p_str1111) nounwind" [ntt.c:44]   --->   Operation 94 'specloopname' <Predicate = true> <Delay = 0.00>
ST_12 : Operation 95 [1/1] (0.00ns)   --->   "%t_1 = sext i25 %tmp_7 to i32" [reduce.c:57->ntt.c:48]   --->   Operation 95 'sext' 't_1' <Predicate = true> <Delay = 0.00>
ST_12 : Operation 96 [1/2] (2.77ns)   --->   "%p_load_2 = load i32* %p_addr_1, align 4" [ntt.c:50]   --->   Operation 96 'load' 'p_load_2' <Predicate = true> <Delay = 2.77> <Core = "RAM">   --->   Core 37 'RAM' <Latency = 1> <II = 1> <Delay = 2.77> <Storage> <Opcode : 'load' 'store'> <Ports = 2> <Width = 32> <Depth = 256> <RAM>
ST_12 : Operation 97 [1/1] (2.18ns)   --->   "%tmp_12 = add i32 %t_1, %p_load_2" [ntt.c:50]   --->   Operation 97 'add' 'tmp_12' <Predicate = true> <Delay = 2.18> <Core = "AddSub">   --->   Core 14 'AddSub' <Latency = 0> <II = 1> <Delay = 2.15> <FuncUnit> <Opcode : 'add' 'sub'> <InPorts = 2> <OutPorts = 1>
ST_12 : Operation 98 [1/1] (2.77ns)   --->   "store i32 %tmp_12, i32* %p_addr_1, align 4" [ntt.c:50]   --->   Operation 98 'store' <Predicate = true> <Delay = 2.77> <Core = "RAM">   --->   Core 37 'RAM' <Latency = 1> <II = 1> <Delay = 2.77> <Storage> <Opcode : 'load' 'store'> <Ports = 2> <Width = 32> <Depth = 256> <RAM>
ST_12 : Operation 99 [1/1] (0.00ns)   --->   "br label %5" [ntt.c:44]   --->   Operation 99 'br' <Predicate = true> <Delay = 0.00>


============================================================
+ Verbose Summary: Binding
============================================================
STG Binding: 
---------------- STG Properties BEGIN ----------------
- Is combinational: 0
- Is one-state seq: 0
- Is datapath-only: 0
- Is pipelined: 0
- Is top level: 1
Port [ Return ] is wired: 1; IO mode=ap_ctrl_hs:ce=0
Port [ p]:  wired=1; compound=1; hidden=0; nouse=0; global=0; static=0; extern=0; dir=2; type=1; pingpong=0; private_global=0; MemPort=[23]; IO mode=ap_memory:ce=0
Port [ zetas]:  wired=0; compound=1; hidden=1; nouse=0; global=1; static=1; extern=0; dir=0; type=1; pingpong=0; private_global=1; linkage=7; visibility=0; MemPort=[1]; IO mode=ap_memory:ce=0
---------------- STG Properties END ------------------

---------------- Datapath Model BEGIN ----------------

<LifeTime>
<method=bitvector/>
k              (alloca           ) [ 0111111111111]
StgValue_14    (specbitsmap      ) [ 0000000000000]
StgValue_15    (spectopmodule    ) [ 0000000000000]
StgValue_16    (store            ) [ 0000000000000]
StgValue_17    (br               ) [ 0111111111111]
len            (phi              ) [ 0011111111111]
len_cast_cast4 (zext             ) [ 0001111111111]
tmp            (icmp             ) [ 0011111111111]
empty          (speclooptripcount) [ 0000000000000]
StgValue_22    (br               ) [ 0000000000000]
StgValue_23    (specloopname     ) [ 0000000000000]
tmp_2          (specregionbegin  ) [ 0001111111111]
StgValue_25    (br               ) [ 0011111111111]
StgValue_26    (ret              ) [ 0000000000000]
j              (phi              ) [ 0001111111111]
tmp_1          (partselect       ) [ 0000000000000]
icmp           (icmp             ) [ 0011111111111]
StgValue_30    (br               ) [ 0000000000000]
k_load         (load             ) [ 0000100000000]
tmp_3          (zext             ) [ 0000000000000]
zetas_addr     (getelementptr    ) [ 0000100000000]
empty_10       (specregionend    ) [ 0000000000000]
tmp_17         (partselect       ) [ 0000000000000]
len_1          (zext             ) [ 0111111111111]
StgValue_38    (br               ) [ 0111111111111]
k_1            (add              ) [ 0000011111111]
zeta           (load             ) [ 0000000000000]
tmp_4          (add              ) [ 0000011111111]
tmp_5          (icmp             ) [ 0000000000000]
tmp_14         (trunc            ) [ 0000000000000]
tmp_15         (trunc            ) [ 0000000000000]
start          (select           ) [ 0000000000000]
start_cast     (zext             ) [ 0000011111111]
tmp_6_cast     (zext             ) [ 0000011111111]
StgValue_48    (br               ) [ 0011111111111]
j1             (phi              ) [ 0000010000000]
tmp_8          (icmp             ) [ 0011111111111]
StgValue_51    (br               ) [ 0000000000000]
tmp_9          (add              ) [ 0000000000000]
tmp_s          (zext             ) [ 0000000000000]
p_addr         (getelementptr    ) [ 0000001111100]
tmp_6          (zext             ) [ 0000000000000]
p_addr_1       (getelementptr    ) [ 0000001111111]
j_1            (add              ) [ 0011111111111]
tmp_13         (add              ) [ 0011111111111]
StgValue_60    (store            ) [ 0000000000000]
StgValue_61    (br               ) [ 0011111111111]
p_load         (load             ) [ 0000000100000]
tmp_2_cast     (zext             ) [ 0000000000000]
a_assign       (mul              ) [ 0000000011000]
temp           (trunc            ) [ 0000000010000]
tmp_19         (trunc            ) [ 0000000010000]
tmp_20         (trunc            ) [ 0000000010000]
tmp_21         (trunc            ) [ 0000000010000]
tmp_i          (bitconcatenate   ) [ 0000000000000]
tmp_i_9        (bitconcatenate   ) [ 0000000000000]
tmp_15_i       (bitconcatenate   ) [ 0000000000000]
sum_neg_i      (sub              ) [ 0000000000000]
sum3_neg_i     (sub              ) [ 0000000000000]
temp_1         (sub              ) [ 0000000001000]
t_cast         (zext             ) [ 0000000000000]
tmp_16_i       (bitconcatenate   ) [ 0000000000000]
tmp_16_i_cast  (zext             ) [ 0000000000000]
tmp_17_i       (bitconcatenate   ) [ 0000000000000]
tmp_17_i_cast  (zext             ) [ 0000000000000]
tmp1           (add              ) [ 0000000000000]
tmp1_cast      (zext             ) [ 0000000000000]
tmp_19_i       (add              ) [ 0000000000000]
tmp_19_i_cast  (zext             ) [ 0000000000000]
t              (sub              ) [ 0000000000000]
tmp_7          (partselect       ) [ 0000000000111]
t_1_cast       (sext             ) [ 0000000000000]
p_load_1       (load             ) [ 0000000000000]
tmp_10         (sub              ) [ 0000000000000]
tmp_10_cast    (sext             ) [ 0000000000000]
tmp_11         (add              ) [ 0000000000000]
StgValue_92    (store            ) [ 0000000000000]
StgValue_94    (specloopname     ) [ 0000000000000]
t_1            (sext             ) [ 0000000000000]
p_load_2       (load             ) [ 0000000000000]
tmp_12         (add              ) [ 0000000000000]
StgValue_98    (store            ) [ 0000000000000]
StgValue_99    (br               ) [ 0011111111111]
</LifeTime>

<model>

<comp_list>
<comp id="0" class="1000" name="p">
<pin_list>
<pin id="1" dir="1" index="0" bw="1" slack="0"/>
</pin_list>
<bind>
<StgValue><ssdm name="p"/><MemPortTyVec>2 3 </MemPortTyVec>
</StgValue>
</bind>
</comp>

<comp id="2" class="1000" name="zetas">
<pin_list>
<pin id="3" dir="1" index="0" bw="1" slack="0"/>
</pin_list>
<bind>
<StgValue><ssdm name="zetas"/><MemPortTyVec>1 </MemPortTyVec>
</StgValue>
</bind>
</comp>

<comp id="4" class="1001" name="const_4">
<pin_list>
<pin id="5" dir="1" index="0" bw="1" slack="0"/>
</pin_list>
<bind>
<StgValue><ssdm name=""/></StgValue>
</bind>
</comp>

<comp id="6" class="1001" name="const_6">
<pin_list>
<pin id="7" dir="1" index="0" bw="1" slack="2147483647"/>
</pin_list>
<bind>
<StgValue><ssdm name="_ssdm_op_SpecBitsMap"/></StgValue>
</bind>
</comp>

<comp id="8" class="1001" name="const_8">
<pin_list>
<pin id="9" dir="1" index="0" bw="1" slack="2147483647"/>
</pin_list>
<bind>
<StgValue><ssdm name="_ssdm_op_SpecTopModule"/></StgValue>
</bind>
</comp>

<comp id="10" class="1001" name="const_10">
<pin_list>
<pin id="11" dir="1" index="0" bw="1" slack="2147483647"/>
</pin_list>
<bind>
<StgValue><ssdm name="ntt_str"/></StgValue>
</bind>
</comp>

<comp id="12" class="1001" name="const_12">
<pin_list>
<pin id="13" dir="1" index="0" bw="1" slack="1"/>
</pin_list>
<bind>
<StgValue><ssdm name=""/></StgValue>
</bind>
</comp>

<comp id="14" class="1001" name="const_14">
<pin_list>
<pin id="15" dir="1" index="0" bw="1" slack="0"/>
</pin_list>
<bind>
<StgValue><ssdm name=""/></StgValue>
</bind>
</comp>

<comp id="16" class="1001" name="const_16">
<pin_list>
<pin id="17" dir="1" index="0" bw="1" slack="2147483647"/>
</pin_list>
<bind>
<StgValue><ssdm name="_ssdm_op_SpecLoopTripCount"/></StgValue>
</bind>
</comp>

<comp id="18" class="1001" name="const_18">
<pin_list>
<pin id="19" dir="1" index="0" bw="1" slack="2147483647"/>
</pin_list>
<bind>
<StgValue><ssdm name=""/></StgValue>
</bind>
</comp>

<comp id="20" class="1001" name="const_20">
<pin_list>
<pin id="21" dir="1" index="0" bw="1" slack="2147483647"/>
</pin_list>
<bind>
<StgValue><ssdm name="_ssdm_op_SpecLoopName"/></StgValue>
</bind>
</comp>

<comp id="22" class="1001" name="const_22">
<pin_list>
<pin id="23" dir="1" index="0" bw="1" slack="2147483647"/>
</pin_list>
<bind>
<StgValue><ssdm name="p_str110"/></StgValue>
</bind>
</comp>

<comp id="24" class="1001" name="const_24">
<pin_list>
<pin id="25" dir="1" index="0" bw="1" slack="2147483647"/>
</pin_list>
<bind>
<StgValue><ssdm name="_ssdm_op_SpecRegionBegin"/></StgValue>
</bind>
</comp>

<comp id="26" class="1001" name="const_26">
<pin_list>
<pin id="27" dir="1" index="0" bw="1" slack="1"/>
</pin_list>
<bind>
<StgValue><ssdm name=""/></StgValue>
</bind>
</comp>

<comp id="28" class="1001" name="const_28">
<pin_list>
<pin id="29" dir="1" index="0" bw="1" slack="0"/>
</pin_list>
<bind>
<StgValue><ssdm name="_ssdm_op_PartSelect.i23.i31.i32.i32"/></StgValue>
</bind>
</comp>

<comp id="30" class="1001" name="const_30">
<pin_list>
<pin id="31" dir="1" index="0" bw="1" slack="0"/>
</pin_list>
<bind>
<StgValue><ssdm name=""/></StgValue>
</bind>
</comp>

<comp id="32" class="1001" name="const_32">
<pin_list>
<pin id="33" dir="1" index="0" bw="1" slack="0"/>
</pin_list>
<bind>
<StgValue><ssdm name=""/></StgValue>
</bind>
</comp>

<comp id="34" class="1001" name="const_34">
<pin_list>
<pin id="35" dir="1" index="0" bw="1" slack="0"/>
</pin_list>
<bind>
<StgValue><ssdm name=""/></StgValue>
</bind>
</comp>

<comp id="36" class="1001" name="const_36">
<pin_list>
<pin id="37" dir="1" index="0" bw="1" slack="0"/>
</pin_list>
<bind>
<StgValue><ssdm name=""/></StgValue>
</bind>
</comp>

<comp id="38" class="1001" name="const_38">
<pin_list>
<pin id="39" dir="1" index="0" bw="1" slack="2147483647"/>
</pin_list>
<bind>
<StgValue><ssdm name="_ssdm_op_SpecRegionEnd"/></StgValue>
</bind>
</comp>

<comp id="40" class="1001" name="const_40">
<pin_list>
<pin id="41" dir="1" index="0" bw="1" slack="0"/>
</pin_list>
<bind>
<StgValue><ssdm name="_ssdm_op_PartSelect.i28.i29.i32.i32"/></StgValue>
</bind>
</comp>

<comp id="42" class="1001" name="const_42">
<pin_list>
<pin id="43" dir="1" index="0" bw="1" slack="0"/>
</pin_list>
<bind>
<StgValue><ssdm name=""/></StgValue>
</bind>
</comp>

<comp id="44" class="1001" name="const_44">
<pin_list>
<pin id="45" dir="1" index="0" bw="1" slack="0"/>
</pin_list>
<bind>
<StgValue><ssdm name=""/></StgValue>
</bind>
</comp>

<comp id="46" class="1001" name="const_46">
<pin_list>
<pin id="47" dir="1" index="0" bw="1" slack="0"/>
</pin_list>
<bind>
<StgValue><ssdm name="_ssdm_op_BitConcatenate.i32.i6.i26"/></StgValue>
</bind>
</comp>

<comp id="48" class="1001" name="const_48">
<pin_list>
<pin id="49" dir="1" index="0" bw="1" slack="0"/>
</pin_list>
<bind>
<StgValue><ssdm name=""/></StgValue>
</bind>
</comp>

<comp id="50" class="1001" name="const_50">
<pin_list>
<pin id="51" dir="1" index="0" bw="1" slack="0"/>
</pin_list>
<bind>
<StgValue><ssdm name="_ssdm_op_BitConcatenate.i32.i9.i23"/></StgValue>
</bind>
</comp>

<comp id="52" class="1001" name="const_52">
<pin_list>
<pin id="53" dir="1" index="0" bw="1" slack="0"/>
</pin_list>
<bind>
<StgValue><ssdm name="_ssdm_op_BitConcatenate.i32.i19.i13"/></StgValue>
</bind>
</comp>

<comp id="54" class="1001" name="const_54">
<pin_list>
<pin id="55" dir="1" index="0" bw="1" slack="0"/>
</pin_list>
<bind>
<StgValue><ssdm name=""/></StgValue>
</bind>
</comp>

<comp id="56" class="1001" name="const_56">
<pin_list>
<pin id="57" dir="1" index="0" bw="1" slack="0"/>
</pin_list>
<bind>
<StgValue><ssdm name="_ssdm_op_BitConcatenate.i55.i32.i23"/></StgValue>
</bind>
</comp>

<comp id="58" class="1001" name="const_58">
<pin_list>
<pin id="59" dir="1" index="0" bw="1" slack="0"/>
</pin_list>
<bind>
<StgValue><ssdm name="_ssdm_op_BitConcatenate.i45.i32.i13"/></StgValue>
</bind>
</comp>

<comp id="60" class="1001" name="const_60">
<pin_list>
<pin id="61" dir="1" index="0" bw="1" slack="0"/>
</pin_list>
<bind>
<StgValue><ssdm name="_ssdm_op_PartSelect.i25.i57.i32.i32"/></StgValue>
</bind>
</comp>

<comp id="62" class="1001" name="const_62">
<pin_list>
<pin id="63" dir="1" index="0" bw="1" slack="0"/>
</pin_list>
<bind>
<StgValue><ssdm name=""/></StgValue>
</bind>
</comp>

<comp id="64" class="1001" name="const_64">
<pin_list>
<pin id="65" dir="1" index="0" bw="1" slack="0"/>
</pin_list>
<bind>
<StgValue><ssdm name=""/></StgValue>
</bind>
</comp>

<comp id="66" class="1001" name="const_66">
<pin_list>
<pin id="67" dir="1" index="0" bw="1" slack="0"/>
</pin_list>
<bind>
<StgValue><ssdm name=""/></StgValue>
</bind>
</comp>

<comp id="68" class="1001" name="const_68">
<pin_list>
<pin id="69" dir="1" index="0" bw="1" slack="2147483647"/>
</pin_list>
<bind>
<StgValue><ssdm name="p_str1111"/></StgValue>
</bind>
</comp>

<comp id="70" class="1004" name="k_fu_70">
<pin_list>
<pin id="71" dir="0" index="0" bw="1" slack="0"/>
<pin id="72" dir="1" index="1" bw="32" slack="0"/>
</pin_list>
<bind>
<opcode="alloca(26) " fcode="alloca"/>
<opset="k/1 "/>
</bind>
</comp>

<comp id="74" class="1004" name="zetas_addr_gep_fu_74">
<pin_list>
<pin id="75" dir="0" index="0" bw="23" slack="0"/>
<pin id="76" dir="0" index="1" bw="1" slack="0"/>
<pin id="77" dir="0" index="2" bw="32" slack="0"/>
<pin id="78" dir="1" index="3" bw="8" slack="0"/>
</pin_list>
<bind>
<opcode="getelementptr(29) " fcode="getelementptr"/>
<opset="zetas_addr/3 "/>
</bind>
</comp>

<comp id="81" class="1004" name="grp_access_fu_81">
<pin_list>
<pin id="82" dir="0" index="0" bw="8" slack="0"/>
<pin id="83" dir="0" index="1" bw="23" slack="2147483647"/>
<pin id="84" dir="0" index="2" bw="0" slack="2147483647"/>
<pin id="85" dir="1" index="3" bw="23" slack="0"/>
</pin_list>
<bind>
<opcode="load(27) " fcode="load"/>
<opset="zeta/3 "/>
</bind>
</comp>

<comp id="87" class="1004" name="p_addr_gep_fu_87">
<pin_list>
<pin id="88" dir="0" index="0" bw="32" slack="0"/>
<pin id="89" dir="0" index="1" bw="1" slack="0"/>
<pin id="90" dir="0" index="2" bw="31" slack="0"/>
<pin id="91" dir="1" index="3" bw="8" slack="0"/>
</pin_list>
<bind>
<opcode="getelementptr(29) " fcode="getelementptr"/>
<opset="p_addr/5 "/>
</bind>
</comp>

<comp id="94" class="1004" name="grp_access_fu_94">
<pin_list>
<pin id="95" dir="0" index="0" bw="8" slack="0"/>
<pin id="96" dir="0" index="1" bw="32" slack="0"/>
<pin id="97" dir="0" index="2" bw="0" slack="2147483647"/>
<pin id="98" dir="1" index="3" bw="32" slack="0"/>
</pin_list>
<bind>
<opcode="load(27) store(28) " fcode="store"/>
<opset="p_load/5 p_load_1/9 StgValue_92/10 p_load_2/11 StgValue_98/12 "/>
</bind>
</comp>

<comp id="100" class="1004" name="p_addr_1_gep_fu_100">
<pin_list>
<pin id="101" dir="0" index="0" bw="32" slack="0"/>
<pin id="102" dir="0" index="1" bw="1" slack="0"/>
<pin id="103" dir="0" index="2" bw="31" slack="0"/>
<pin id="104" dir="1" index="3" bw="8" slack="4"/>
</pin_list>
<bind>
<opcode="getelementptr(29) " fcode="getelementptr"/>
<opset="p_addr_1/5 "/>
</bind>
</comp>

<comp id="107" class="1005" name="len_reg_107">
<pin_list>
<pin id="108" dir="0" index="0" bw="29" slack="1"/>
<pin id="109" dir="1" index="1" bw="29" slack="1"/>
</pin_list>
<bind>
<opset="len (phireg) "/>
</bind>
</comp>

<comp id="111" class="1004" name="len_phi_fu_111">
<pin_list>
<pin id="112" dir="0" index="0" bw="9" slack="1"/>
<pin id="113" dir="0" index="1" bw="0" slack="2147483647"/>
<pin id="114" dir="0" index="2" bw="28" slack="1"/>
<pin id="115" dir="0" index="3" bw="0" slack="2147483647"/>
<pin id="116" dir="1" index="4" bw="29" slack="0"/>
</pin_list>
<bind>
<opcode="phi(47) " fcode="phi"/>
<opset="len/2 "/>
</bind>
</comp>

<comp id="119" class="1005" name="j_reg_119">
<pin_list>
<pin id="120" dir="0" index="0" bw="31" slack="1"/>
<pin id="121" dir="1" index="1" bw="31" slack="1"/>
</pin_list>
<bind>
<opset="j (phireg) "/>
</bind>
</comp>

<comp id="123" class="1004" name="j_phi_fu_123">
<pin_list>
<pin id="124" dir="0" index="0" bw="1" slack="1"/>
<pin id="125" dir="0" index="1" bw="0" slack="2147483647"/>
<pin id="126" dir="0" index="2" bw="31" slack="1"/>
<pin id="127" dir="0" index="3" bw="0" slack="2147483647"/>
<pin id="128" dir="1" index="4" bw="31" slack="0"/>
</pin_list>
<bind>
<opcode="phi(47) " fcode="phi"/>
<opset="j/3 "/>
</bind>
</comp>

<comp id="131" class="1005" name="j1_reg_131">
<pin_list>
<pin id="132" dir="0" index="0" bw="31" slack="2147483647"/>
<pin id="133" dir="1" index="1" bw="31" slack="2147483647"/>
</pin_list>
<bind>
<opset="j1 (phireg) "/>
</bind>
</comp>

<comp id="134" class="1004" name="j1_phi_fu_134">
<pin_list>
<pin id="135" dir="0" index="0" bw="31" slack="2"/>
<pin id="136" dir="0" index="1" bw="0" slack="2147483647"/>
<pin id="137" dir="0" index="2" bw="31" slack="0"/>
<pin id="138" dir="0" index="3" bw="0" slack="2147483647"/>
<pin id="139" dir="1" index="4" bw="31" slack="0"/>
</pin_list>
<bind>
<opcode="phi(47) " fcode="phi"/>
<opset="j1/5 "/>
</bind>
</comp>

<comp id="141" class="1004" name="StgValue_16_store_fu_141">
<pin_list>
<pin id="142" dir="0" index="0" bw="1" slack="0"/>
<pin id="143" dir="0" index="1" bw="32" slack="0"/>
<pin id="144" dir="1" index="2" bw="0" slack="2147483647"/>
</pin_list>
<bind>
<opcode="store(28) " fcode="store"/>
<opset="StgValue_16/1 "/>
</bind>
</comp>

<comp id="146" class="1004" name="len_cast_cast4_fu_146">
<pin_list>
<pin id="147" dir="0" index="0" bw="29" slack="0"/>
<pin id="148" dir="1" index="1" bw="31" slack="2"/>
</pin_list>
<bind>
<opcode="zext(34) " fcode="zext"/>
<opset="len_cast_cast4/2 "/>
</bind>
</comp>

<comp id="150" class="1004" name="tmp_fu_150">
<pin_list>
<pin id="151" dir="0" index="0" bw="29" slack="0"/>
<pin id="152" dir="0" index="1" bw="29" slack="0"/>
<pin id="153" dir="1" index="2" bw="1" slack="2147483647"/>
</pin_list>
<bind>
<opcode="icmp(45) " fcode="icmp"/>
<opset="tmp/2 "/>
</bind>
</comp>

<comp id="156" class="1004" name="tmp_1_fu_156">
<pin_list>
<pin id="157" dir="0" index="0" bw="23" slack="0"/>
<pin id="158" dir="0" index="1" bw="31" slack="0"/>
<pin id="159" dir="0" index="2" bw="5" slack="0"/>
<pin id="160" dir="0" index="3" bw="6" slack="0"/>
<pin id="161" dir="1" index="4" bw="23" slack="0"/>
</pin_list>
<bind>
<opcode="partselect(1002) " fcode="partselect"/>
<opset="tmp_1/3 "/>
</bind>
</comp>

<comp id="166" class="1004" name="icmp_fu_166">
<pin_list>
<pin id="167" dir="0" index="0" bw="23" slack="0"/>
<pin id="168" dir="0" index="1" bw="23" slack="0"/>
<pin id="169" dir="1" index="2" bw="1" slack="2147483647"/>
</pin_list>
<bind>
<opcode="icmp(45) " fcode="icmp"/>
<opset="icmp/3 "/>
</bind>
</comp>

<comp id="172" class="1004" name="k_load_load_fu_172">
<pin_list>
<pin id="173" dir="0" index="0" bw="32" slack="2"/>
<pin id="174" dir="1" index="1" bw="32" slack="0"/>
</pin_list>
<bind>
<opcode="load(27) " fcode="load"/>
<opset="k_load/3 "/>
</bind>
</comp>

<comp id="175" class="1004" name="tmp_3_fu_175">
<pin_list>
<pin id="176" dir="0" index="0" bw="32" slack="0"/>
<pin id="177" dir="1" index="1" bw="64" slack="0"/>
</pin_list>
<bind>
<opcode="zext(34) " fcode="zext"/>
<opset="tmp_3/3 "/>
</bind>
</comp>

<comp id="180" class="1004" name="tmp_17_fu_180">
<pin_list>
<pin id="181" dir="0" index="0" bw="28" slack="0"/>
<pin id="182" dir="0" index="1" bw="29" slack="1"/>
<pin id="183" dir="0" index="2" bw="1" slack="0"/>
<pin id="184" dir="0" index="3" bw="6" slack="0"/>
<pin id="185" dir="1" index="4" bw="28" slack="0"/>
</pin_list>
<bind>
<opcode="partselect(1002) " fcode="partselect"/>
<opset="tmp_17/3 "/>
</bind>
</comp>

<comp id="190" class="1004" name="len_1_fu_190">
<pin_list>
<pin id="191" dir="0" index="0" bw="28" slack="0"/>
<pin id="192" dir="1" index="1" bw="29" slack="1"/>
</pin_list>
<bind>
<opcode="zext(34) " fcode="zext"/>
<opset="len_1/3 "/>
</bind>
</comp>

<comp id="194" class="1004" name="k_1_fu_194">
<pin_list>
<pin id="195" dir="0" index="0" bw="1" slack="0"/>
<pin id="196" dir="0" index="1" bw="32" slack="1"/>
<pin id="197" dir="1" index="2" bw="32" slack="1"/>
</pin_list>
<bind>
<opcode="add(8) " fcode="add"/>
<opset="k_1/4 "/>
</bind>
</comp>

<comp id="199" class="1004" name="tmp_4_fu_199">
<pin_list>
<pin id="200" dir="0" index="0" bw="29" slack="2"/>
<pin id="201" dir="0" index="1" bw="31" slack="1"/>
<pin id="202" dir="1" index="2" bw="31" slack="0"/>
</pin_list>
<bind>
<opcode="add(8) " fcode="add"/>
<opset="tmp_4/4 "/>
</bind>
</comp>

<comp id="204" class="1004" name="tmp_5_fu_204">
<pin_list>
<pin id="205" dir="0" index="0" bw="31" slack="1"/>
<pin id="206" dir="0" index="1" bw="31" slack="0"/>
<pin id="207" dir="1" index="2" bw="1" slack="0"/>
</pin_list>
<bind>
<opcode="icmp(45) " fcode="icmp"/>
<opset="tmp_5/4 "/>
</bind>
</comp>

<comp id="210" class="1004" name="tmp_14_fu_210">
<pin_list>
<pin id="211" dir="0" index="0" bw="31" slack="1"/>
<pin id="212" dir="1" index="1" bw="30" slack="0"/>
</pin_list>
<bind>
<opcode="trunc(33) " fcode="trunc"/>
<opset="tmp_14/4 "/>
</bind>
</comp>

<comp id="214" class="1004" name="tmp_15_fu_214">
<pin_list>
<pin id="215" dir="0" index="0" bw="31" slack="0"/>
<pin id="216" dir="1" index="1" bw="30" slack="0"/>
</pin_list>
<bind>
<opcode="trunc(33) " fcode="trunc"/>
<opset="tmp_15/4 "/>
</bind>
</comp>

<comp id="218" class="1004" name="start_fu_218">
<pin_list>
<pin id="219" dir="0" index="0" bw="1" slack="0"/>
<pin id="220" dir="0" index="1" bw="30" slack="0"/>
<pin id="221" dir="0" index="2" bw="30" slack="0"/>
<pin id="222" dir="1" index="3" bw="30" slack="0"/>
</pin_list>
<bind>
<opcode="select(49) " fcode="select"/>
<opset="start/4 "/>
</bind>
</comp>

<comp id="226" class="1004" name="start_cast_fu_226">
<pin_list>
<pin id="227" dir="0" index="0" bw="30" slack="0"/>
<pin id="228" dir="1" index="1" bw="31" slack="1"/>
</pin_list>
<bind>
<opcode="zext(34) " fcode="zext"/>
<opset="start_cast/4 "/>
</bind>
</comp>

<comp id="230" class="1004" name="tmp_6_cast_fu_230">
<pin_list>
<pin id="231" dir="0" index="0" bw="23" slack="0"/>
<pin id="232" dir="1" index="1" bw="55" slack="3"/>
</pin_list>
<bind>
<opcode="zext(34) " fcode="zext"/>
<opset="tmp_6_cast/4 "/>
</bind>
</comp>

<comp id="234" class="1004" name="tmp_8_fu_234">
<pin_list>
<pin id="235" dir="0" index="0" bw="31" slack="0"/>
<pin id="236" dir="0" index="1" bw="31" slack="1"/>
<pin id="237" dir="1" index="2" bw="1" slack="2147483647"/>
</pin_list>
<bind>
<opcode="icmp(45) " fcode="icmp"/>
<opset="tmp_8/5 "/>
</bind>
</comp>

<comp id="239" class="1004" name="tmp_9_fu_239">
<pin_list>
<pin id="240" dir="0" index="0" bw="29" slack="3"/>
<pin id="241" dir="0" index="1" bw="31" slack="0"/>
<pin id="242" dir="1" index="2" bw="31" slack="0"/>
</pin_list>
<bind>
<opcode="add(8) " fcode="add"/>
<opset="tmp_9/5 "/>
</bind>
</comp>

<comp id="244" class="1004" name="tmp_s_fu_244">
<pin_list>
<pin id="245" dir="0" index="0" bw="31" slack="0"/>
<pin id="246" dir="1" index="1" bw="64" slack="0"/>
</pin_list>
<bind>
<opcode="zext(34) " fcode="zext"/>
<opset="tmp_s/5 "/>
</bind>
</comp>

<comp id="249" class="1004" name="tmp_6_fu_249">
<pin_list>
<pin id="250" dir="0" index="0" bw="31" slack="0"/>
<pin id="251" dir="1" index="1" bw="64" slack="0"/>
</pin_list>
<bind>
<opcode="zext(34) " fcode="zext"/>
<opset="tmp_6/5 "/>
</bind>
</comp>

<comp id="254" class="1004" name="j_1_fu_254">
<pin_list>
<pin id="255" dir="0" index="0" bw="1" slack="0"/>
<pin id="256" dir="0" index="1" bw="31" slack="0"/>
<pin id="257" dir="1" index="2" bw="31" slack="0"/>
</pin_list>
<bind>
<opcode="add(8) " fcode="add"/>
<opset="j_1/5 "/>
</bind>
</comp>

<comp id="260" class="1004" name="tmp_13_fu_260">
<pin_list>
<pin id="261" dir="0" index="0" bw="29" slack="3"/>
<pin id="262" dir="0" index="1" bw="30" slack="1"/>
<pin id="263" dir="1" index="2" bw="31" slack="1"/>
</pin_list>
<bind>
<opcode="add(8) " fcode="add"/>
<opset="tmp_13/5 "/>
</bind>
</comp>

<comp id="264" class="1004" name="StgValue_60_store_fu_264">
<pin_list>
<pin id="265" dir="0" index="0" bw="32" slack="1"/>
<pin id="266" dir="0" index="1" bw="32" slack="4"/>
<pin id="267" dir="1" index="2" bw="0" slack="2147483647"/>
</pin_list>
<bind>
<opcode="store(28) " fcode="store"/>
<opset="StgValue_60/5 "/>
</bind>
</comp>

<comp id="268" class="1004" name="tmp_2_cast_fu_268">
<pin_list>
<pin id="269" dir="0" index="0" bw="32" slack="1"/>
<pin id="270" dir="1" index="1" bw="55" slack="0"/>
</pin_list>
<bind>
<opcode="zext(34) " fcode="zext"/>
<opset="tmp_2_cast/7 "/>
</bind>
</comp>

<comp id="271" class="1004" name="a_assign_fu_271">
<pin_list>
<pin id="272" dir="0" index="0" bw="23" slack="3"/>
<pin id="273" dir="0" index="1" bw="32" slack="0"/>
<pin id="274" dir="1" index="2" bw="55" slack="0"/>
</pin_list>
<bind>
<opcode="mul(12) " fcode="mul"/>
<opset="a_assign/7 "/>
</bind>
</comp>

<comp id="276" class="1004" name="temp_fu_276">
<pin_list>
<pin id="277" dir="0" index="0" bw="55" slack="0"/>
<pin id="278" dir="1" index="1" bw="32" slack="1"/>
</pin_list>
<bind>
<opcode="trunc(33) " fcode="trunc"/>
<opset="temp/7 "/>
</bind>
</comp>

<comp id="280" class="1004" name="tmp_19_fu_280">
<pin_list>
<pin id="281" dir="0" index="0" bw="55" slack="0"/>
<pin id="282" dir="1" index="1" bw="6" slack="1"/>
</pin_list>
<bind>
<opcode="trunc(33) " fcode="trunc"/>
<opset="tmp_19/7 "/>
</bind>
</comp>

<comp id="284" class="1004" name="tmp_20_fu_284">
<pin_list>
<pin id="285" dir="0" index="0" bw="55" slack="0"/>
<pin id="286" dir="1" index="1" bw="9" slack="1"/>
</pin_list>
<bind>
<opcode="trunc(33) " fcode="trunc"/>
<opset="tmp_20/7 "/>
</bind>
</comp>

<comp id="288" class="1004" name="tmp_21_fu_288">
<pin_list>
<pin id="289" dir="0" index="0" bw="55" slack="0"/>
<pin id="290" dir="1" index="1" bw="19" slack="1"/>
</pin_list>
<bind>
<opcode="trunc(33) " fcode="trunc"/>
<opset="tmp_21/7 "/>
</bind>
</comp>

<comp id="292" class="1004" name="tmp_i_fu_292">
<pin_list>
<pin id="293" dir="0" index="0" bw="32" slack="0"/>
<pin id="294" dir="0" index="1" bw="6" slack="1"/>
<pin id="295" dir="0" index="2" bw="1" slack="0"/>
<pin id="296" dir="1" index="3" bw="32" slack="0"/>
</pin_list>
<bind>
<opcode="bitconcatenate(1004) " fcode="bitconcatenate"/>
<opset="tmp_i/8 "/>
</bind>
</comp>

<comp id="299" class="1004" name="tmp_i_9_fu_299">
<pin_list>
<pin id="300" dir="0" index="0" bw="32" slack="0"/>
<pin id="301" dir="0" index="1" bw="9" slack="1"/>
<pin id="302" dir="0" index="2" bw="1" slack="0"/>
<pin id="303" dir="1" index="3" bw="32" slack="0"/>
</pin_list>
<bind>
<opcode="bitconcatenate(1004) " fcode="bitconcatenate"/>
<opset="tmp_i_9/8 "/>
</bind>
</comp>

<comp id="306" class="1004" name="tmp_15_i_fu_306">
<pin_list>
<pin id="307" dir="0" index="0" bw="32" slack="0"/>
<pin id="308" dir="0" index="1" bw="19" slack="1"/>
<pin id="309" dir="0" index="2" bw="1" slack="0"/>
<pin id="310" dir="1" index="3" bw="32" slack="0"/>
</pin_list>
<bind>
<opcode="bitconcatenate(1004) " fcode="bitconcatenate"/>
<opset="tmp_15_i/8 "/>
</bind>
</comp>

<comp id="313" class="1004" name="sum_neg_i_fu_313">
<pin_list>
<pin id="314" dir="0" index="0" bw="32" slack="0"/>
<pin id="315" dir="0" index="1" bw="32" slack="1"/>
<pin id="316" dir="1" index="2" bw="32" slack="0"/>
</pin_list>
<bind>
<opcode="sub(10) " fcode="sub"/>
<opset="sum_neg_i/8 "/>
</bind>
</comp>

<comp id="318" class="1004" name="sum3_neg_i_fu_318">
<pin_list>
<pin id="319" dir="0" index="0" bw="32" slack="0"/>
<pin id="320" dir="0" index="1" bw="32" slack="0"/>
<pin id="321" dir="1" index="2" bw="32" slack="0"/>
</pin_list>
<bind>
<opcode="sub(10) " fcode="sub"/>
<opset="sum3_neg_i/8 "/>
</bind>
</comp>

<comp id="324" class="1004" name="temp_1_fu_324">
<pin_list>
<pin id="325" dir="0" index="0" bw="32" slack="0"/>
<pin id="326" dir="0" index="1" bw="32" slack="0"/>
<pin id="327" dir="1" index="2" bw="32" slack="1"/>
</pin_list>
<bind>
<opcode="sub(10) " fcode="sub"/>
<opset="temp_1/8 "/>
</bind>
</comp>

<comp id="330" class="1004" name="t_cast_fu_330">
<pin_list>
<pin id="331" dir="0" index="0" bw="32" slack="1"/>
<pin id="332" dir="1" index="1" bw="55" slack="0"/>
</pin_list>
<bind>
<opcode="zext(34) " fcode="zext"/>
<opset="t_cast/9 "/>
</bind>
</comp>

<comp id="333" class="1004" name="tmp_16_i_fu_333">
<pin_list>
<pin id="334" dir="0" index="0" bw="55" slack="0"/>
<pin id="335" dir="0" index="1" bw="32" slack="1"/>
<pin id="336" dir="0" index="2" bw="1" slack="0"/>
<pin id="337" dir="1" index="3" bw="55" slack="0"/>
</pin_list>
<bind>
<opcode="bitconcatenate(1004) " fcode="bitconcatenate"/>
<opset="tmp_16_i/9 "/>
</bind>
</comp>

<comp id="340" class="1004" name="tmp_16_i_cast_fu_340">
<pin_list>
<pin id="341" dir="0" index="0" bw="55" slack="0"/>
<pin id="342" dir="1" index="1" bw="56" slack="0"/>
</pin_list>
<bind>
<opcode="zext(34) " fcode="zext"/>
<opset="tmp_16_i_cast/9 "/>
</bind>
</comp>

<comp id="344" class="1004" name="tmp_17_i_fu_344">
<pin_list>
<pin id="345" dir="0" index="0" bw="45" slack="0"/>
<pin id="346" dir="0" index="1" bw="32" slack="1"/>
<pin id="347" dir="0" index="2" bw="1" slack="0"/>
<pin id="348" dir="1" index="3" bw="45" slack="0"/>
</pin_list>
<bind>
<opcode="bitconcatenate(1004) " fcode="bitconcatenate"/>
<opset="tmp_17_i/9 "/>
</bind>
</comp>

<comp id="351" class="1004" name="tmp_17_i_cast_fu_351">
<pin_list>
<pin id="352" dir="0" index="0" bw="45" slack="0"/>
<pin id="353" dir="1" index="1" bw="57" slack="0"/>
</pin_list>
<bind>
<opcode="zext(34) " fcode="zext"/>
<opset="tmp_17_i_cast/9 "/>
</bind>
</comp>

<comp id="355" class="1004" name="tmp1_fu_355">
<pin_list>
<pin id="356" dir="0" index="0" bw="32" slack="0"/>
<pin id="357" dir="0" index="1" bw="55" slack="2"/>
<pin id="358" dir="1" index="2" bw="55" slack="0"/>
</pin_list>
<bind>
<opcode="add(8) " fcode="add"/>
<opset="tmp1/9 "/>
</bind>
</comp>

<comp id="360" class="1004" name="tmp1_cast_fu_360">
<pin_list>
<pin id="361" dir="0" index="0" bw="55" slack="0"/>
<pin id="362" dir="1" index="1" bw="56" slack="0"/>
</pin_list>
<bind>
<opcode="zext(34) " fcode="zext"/>
<opset="tmp1_cast/9 "/>
</bind>
</comp>

<comp id="364" class="1004" name="tmp_19_i_fu_364">
<pin_list>
<pin id="365" dir="0" index="0" bw="55" slack="0"/>
<pin id="366" dir="0" index="1" bw="55" slack="0"/>
<pin id="367" dir="1" index="2" bw="56" slack="0"/>
</pin_list>
<bind>
<opcode="add(8) " fcode="add"/>
<opset="tmp_19_i/9 "/>
</bind>
</comp>

<comp id="370" class="1004" name="tmp_19_i_cast_fu_370">
<pin_list>
<pin id="371" dir="0" index="0" bw="56" slack="0"/>
<pin id="372" dir="1" index="1" bw="57" slack="0"/>
</pin_list>
<bind>
<opcode="zext(34) " fcode="zext"/>
<opset="tmp_19_i_cast/9 "/>
</bind>
</comp>

<comp id="374" class="1004" name="t_fu_374">
<pin_list>
<pin id="375" dir="0" index="0" bw="56" slack="0"/>
<pin id="376" dir="0" index="1" bw="45" slack="0"/>
<pin id="377" dir="1" index="2" bw="57" slack="0"/>
</pin_list>
<bind>
<opcode="sub(10) " fcode="sub"/>
<opset="t/9 "/>
</bind>
</comp>

<comp id="380" class="1004" name="tmp_7_fu_380">
<pin_list>
<pin id="381" dir="0" index="0" bw="25" slack="0"/>
<pin id="382" dir="0" index="1" bw="57" slack="0"/>
<pin id="383" dir="0" index="2" bw="7" slack="0"/>
<pin id="384" dir="0" index="3" bw="7" slack="0"/>
<pin id="385" dir="1" index="4" bw="25" slack="1"/>
</pin_list>
<bind>
<opcode="partselect(1002) " fcode="partselect"/>
<opset="tmp_7/9 "/>
</bind>
</comp>

<comp id="390" class="1004" name="t_1_cast_fu_390">
<pin_list>
<pin id="391" dir="0" index="0" bw="25" slack="1"/>
<pin id="392" dir="1" index="1" bw="26" slack="0"/>
</pin_list>
<bind>
<opcode="sext(35) " fcode="sext"/>
<opset="t_1_cast/10 "/>
</bind>
</comp>

<comp id="393" class="1004" name="tmp_10_fu_393">
<pin_list>
<pin id="394" dir="0" index="0" bw="25" slack="0"/>
<pin id="395" dir="0" index="1" bw="25" slack="0"/>
<pin id="396" dir="1" index="2" bw="26" slack="0"/>
</pin_list>
<bind>
<opcode="sub(10) " fcode="sub"/>
<opset="tmp_10/10 "/>
</bind>
</comp>

<comp id="399" class="1004" name="tmp_10_cast_fu_399">
<pin_list>
<pin id="400" dir="0" index="0" bw="26" slack="0"/>
<pin id="401" dir="1" index="1" bw="32" slack="0"/>
</pin_list>
<bind>
<opcode="sext(35) " fcode="sext"/>
<opset="tmp_10_cast/10 "/>
</bind>
</comp>

<comp id="403" class="1004" name="tmp_11_fu_403">
<pin_list>
<pin id="404" dir="0" index="0" bw="26" slack="0"/>
<pin id="405" dir="0" index="1" bw="32" slack="0"/>
<pin id="406" dir="1" index="2" bw="32" slack="0"/>
</pin_list>
<bind>
<opcode="add(8) " fcode="add"/>
<opset="tmp_11/10 "/>
</bind>
</comp>

<comp id="410" class="1004" name="t_1_fu_410">
<pin_list>
<pin id="411" dir="0" index="0" bw="25" slack="3"/>
<pin id="412" dir="1" index="1" bw="32" slack="0"/>
</pin_list>
<bind>
<opcode="sext(35) " fcode="sext"/>
<opset="t_1/12 "/>
</bind>
</comp>

<comp id="413" class="1004" name="tmp_12_fu_413">
<pin_list>
<pin id="414" dir="0" index="0" bw="25" slack="0"/>
<pin id="415" dir="0" index="1" bw="32" slack="0"/>
<pin id="416" dir="1" index="2" bw="32" slack="0"/>
</pin_list>
<bind>
<opcode="add(8) " fcode="add"/>
<opset="tmp_12/12 "/>
</bind>
</comp>

<comp id="420" class="1005" name="k_reg_420">
<pin_list>
<pin id="421" dir="0" index="0" bw="32" slack="0"/>
<pin id="422" dir="1" index="1" bw="32" slack="0"/>
</pin_list>
<bind>
<opset="k "/>
</bind>
</comp>

<comp id="427" class="1005" name="len_cast_cast4_reg_427">
<pin_list>
<pin id="428" dir="0" index="0" bw="31" slack="2"/>
<pin id="429" dir="1" index="1" bw="31" slack="2"/>
</pin_list>
<bind>
<opset="len_cast_cast4 "/>
</bind>
</comp>

<comp id="440" class="1005" name="k_load_reg_440">
<pin_list>
<pin id="441" dir="0" index="0" bw="32" slack="1"/>
<pin id="442" dir="1" index="1" bw="32" slack="1"/>
</pin_list>
<bind>
<opset="k_load "/>
</bind>
</comp>

<comp id="445" class="1005" name="zetas_addr_reg_445">
<pin_list>
<pin id="446" dir="0" index="0" bw="8" slack="1"/>
<pin id="447" dir="1" index="1" bw="8" slack="1"/>
</pin_list>
<bind>
<opset="zetas_addr "/>
</bind>
</comp>

<comp id="450" class="1005" name="len_1_reg_450">
<pin_list>
<pin id="451" dir="0" index="0" bw="29" slack="1"/>
<pin id="452" dir="1" index="1" bw="29" slack="1"/>
</pin_list>
<bind>
<opset="len_1 "/>
</bind>
</comp>

<comp id="455" class="1005" name="k_1_reg_455">
<pin_list>
<pin id="456" dir="0" index="0" bw="32" slack="1"/>
<pin id="457" dir="1" index="1" bw="32" slack="1"/>
</pin_list>
<bind>
<opset="k_1 "/>
</bind>
</comp>

<comp id="460" class="1005" name="tmp_4_reg_460">
<pin_list>
<pin id="461" dir="0" index="0" bw="31" slack="1"/>
<pin id="462" dir="1" index="1" bw="31" slack="1"/>
</pin_list>
<bind>
<opset="tmp_4 "/>
</bind>
</comp>

<comp id="465" class="1005" name="start_cast_reg_465">
<pin_list>
<pin id="466" dir="0" index="0" bw="31" slack="1"/>
<pin id="467" dir="1" index="1" bw="31" slack="1"/>
</pin_list>
<bind>
<opset="start_cast "/>
</bind>
</comp>

<comp id="470" class="1005" name="tmp_6_cast_reg_470">
<pin_list>
<pin id="471" dir="0" index="0" bw="55" slack="3"/>
<pin id="472" dir="1" index="1" bw="55" slack="3"/>
</pin_list>
<bind>
<opset="tmp_6_cast "/>
</bind>
</comp>

<comp id="478" class="1005" name="p_addr_reg_478">
<pin_list>
<pin id="479" dir="0" index="0" bw="8" slack="1"/>
<pin id="480" dir="1" index="1" bw="8" slack="1"/>
</pin_list>
<bind>
<opset="p_addr "/>
</bind>
</comp>

<comp id="483" class="1005" name="p_addr_1_reg_483">
<pin_list>
<pin id="484" dir="0" index="0" bw="8" slack="4"/>
<pin id="485" dir="1" index="1" bw="8" slack="4"/>
</pin_list>
<bind>
<opset="p_addr_1 "/>
</bind>
</comp>

<comp id="488" class="1005" name="j_1_reg_488">
<pin_list>
<pin id="489" dir="0" index="0" bw="31" slack="0"/>
<pin id="490" dir="1" index="1" bw="31" slack="0"/>
</pin_list>
<bind>
<opset="j_1 "/>
</bind>
</comp>

<comp id="493" class="1005" name="tmp_13_reg_493">
<pin_list>
<pin id="494" dir="0" index="0" bw="31" slack="1"/>
<pin id="495" dir="1" index="1" bw="31" slack="1"/>
</pin_list>
<bind>
<opset="tmp_13 "/>
</bind>
</comp>

<comp id="498" class="1005" name="p_load_reg_498">
<pin_list>
<pin id="499" dir="0" index="0" bw="32" slack="1"/>
<pin id="500" dir="1" index="1" bw="32" slack="1"/>
</pin_list>
<bind>
<opset="p_load "/>
</bind>
</comp>

<comp id="503" class="1005" name="a_assign_reg_503">
<pin_list>
<pin id="504" dir="0" index="0" bw="55" slack="2"/>
<pin id="505" dir="1" index="1" bw="55" slack="2"/>
</pin_list>
<bind>
<opset="a_assign "/>
</bind>
</comp>

<comp id="508" class="1005" name="temp_reg_508">
<pin_list>
<pin id="509" dir="0" index="0" bw="32" slack="1"/>
<pin id="510" dir="1" index="1" bw="32" slack="1"/>
</pin_list>
<bind>
<opset="temp "/>
</bind>
</comp>

<comp id="513" class="1005" name="tmp_19_reg_513">
<pin_list>
<pin id="514" dir="0" index="0" bw="6" slack="1"/>
<pin id="515" dir="1" index="1" bw="6" slack="1"/>
</pin_list>
<bind>
<opset="tmp_19 "/>
</bind>
</comp>

<comp id="518" class="1005" name="tmp_20_reg_518">
<pin_list>
<pin id="519" dir="0" index="0" bw="9" slack="1"/>
<pin id="520" dir="1" index="1" bw="9" slack="1"/>
</pin_list>
<bind>
<opset="tmp_20 "/>
</bind>
</comp>

<comp id="523" class="1005" name="tmp_21_reg_523">
<pin_list>
<pin id="524" dir="0" index="0" bw="19" slack="1"/>
<pin id="525" dir="1" index="1" bw="19" slack="1"/>
</pin_list>
<bind>
<opset="tmp_21 "/>
</bind>
</comp>

<comp id="528" class="1005" name="temp_1_reg_528">
<pin_list>
<pin id="529" dir="0" index="0" bw="32" slack="1"/>
<pin id="530" dir="1" index="1" bw="32" slack="1"/>
</pin_list>
<bind>
<opset="temp_1 "/>
</bind>
</comp>

<comp id="535" class="1005" name="tmp_7_reg_535">
<pin_list>
<pin id="536" dir="0" index="0" bw="25" slack="1"/>
<pin id="537" dir="1" index="1" bw="25" slack="1"/>
</pin_list>
<bind>
<opset="tmp_7 "/>
</bind>
</comp>

</comp_list>

<net_list>
<net id="73"><net_src comp="4" pin="0"/><net_sink comp="70" pin=0"/></net>

<net id="79"><net_src comp="2" pin="0"/><net_sink comp="74" pin=0"/></net>

<net id="80"><net_src comp="36" pin="0"/><net_sink comp="74" pin=1"/></net>

<net id="86"><net_src comp="74" pin="3"/><net_sink comp="81" pin=0"/></net>

<net id="92"><net_src comp="0" pin="0"/><net_sink comp="87" pin=0"/></net>

<net id="93"><net_src comp="36" pin="0"/><net_sink comp="87" pin=1"/></net>

<net id="99"><net_src comp="87" pin="3"/><net_sink comp="94" pin=0"/></net>

<net id="105"><net_src comp="0" pin="0"/><net_sink comp="100" pin=0"/></net>

<net id="106"><net_src comp="36" pin="0"/><net_sink comp="100" pin=1"/></net>

<net id="110"><net_src comp="12" pin="0"/><net_sink comp="107" pin=0"/></net>

<net id="117"><net_src comp="107" pin="1"/><net_sink comp="111" pin=0"/></net>

<net id="118"><net_src comp="111" pin="4"/><net_sink comp="107" pin=0"/></net>

<net id="122"><net_src comp="26" pin="0"/><net_sink comp="119" pin=0"/></net>

<net id="129"><net_src comp="119" pin="1"/><net_sink comp="123" pin=0"/></net>

<net id="130"><net_src comp="123" pin="4"/><net_sink comp="119" pin=0"/></net>

<net id="140"><net_src comp="119" pin="1"/><net_sink comp="134" pin=0"/></net>

<net id="145"><net_src comp="4" pin="0"/><net_sink comp="141" pin=0"/></net>

<net id="149"><net_src comp="111" pin="4"/><net_sink comp="146" pin=0"/></net>

<net id="154"><net_src comp="111" pin="4"/><net_sink comp="150" pin=0"/></net>

<net id="155"><net_src comp="14" pin="0"/><net_sink comp="150" pin=1"/></net>

<net id="162"><net_src comp="28" pin="0"/><net_sink comp="156" pin=0"/></net>

<net id="163"><net_src comp="123" pin="4"/><net_sink comp="156" pin=1"/></net>

<net id="164"><net_src comp="30" pin="0"/><net_sink comp="156" pin=2"/></net>

<net id="165"><net_src comp="32" pin="0"/><net_sink comp="156" pin=3"/></net>

<net id="170"><net_src comp="156" pin="4"/><net_sink comp="166" pin=0"/></net>

<net id="171"><net_src comp="34" pin="0"/><net_sink comp="166" pin=1"/></net>

<net id="178"><net_src comp="172" pin="1"/><net_sink comp="175" pin=0"/></net>

<net id="179"><net_src comp="175" pin="1"/><net_sink comp="74" pin=2"/></net>

<net id="186"><net_src comp="40" pin="0"/><net_sink comp="180" pin=0"/></net>

<net id="187"><net_src comp="107" pin="1"/><net_sink comp="180" pin=1"/></net>

<net id="188"><net_src comp="4" pin="0"/><net_sink comp="180" pin=2"/></net>

<net id="189"><net_src comp="42" pin="0"/><net_sink comp="180" pin=3"/></net>

<net id="193"><net_src comp="180" pin="4"/><net_sink comp="190" pin=0"/></net>

<net id="198"><net_src comp="4" pin="0"/><net_sink comp="194" pin=0"/></net>

<net id="203"><net_src comp="119" pin="1"/><net_sink comp="199" pin=1"/></net>

<net id="208"><net_src comp="119" pin="1"/><net_sink comp="204" pin=0"/></net>

<net id="209"><net_src comp="199" pin="2"/><net_sink comp="204" pin=1"/></net>

<net id="213"><net_src comp="119" pin="1"/><net_sink comp="210" pin=0"/></net>

<net id="217"><net_src comp="199" pin="2"/><net_sink comp="214" pin=0"/></net>

<net id="223"><net_src comp="204" pin="2"/><net_sink comp="218" pin=0"/></net>

<net id="224"><net_src comp="210" pin="1"/><net_sink comp="218" pin=1"/></net>

<net id="225"><net_src comp="214" pin="1"/><net_sink comp="218" pin=2"/></net>

<net id="229"><net_src comp="218" pin="3"/><net_sink comp="226" pin=0"/></net>

<net id="233"><net_src comp="81" pin="3"/><net_sink comp="230" pin=0"/></net>

<net id="238"><net_src comp="134" pin="4"/><net_sink comp="234" pin=0"/></net>

<net id="243"><net_src comp="134" pin="4"/><net_sink comp="239" pin=1"/></net>

<net id="247"><net_src comp="239" pin="2"/><net_sink comp="244" pin=0"/></net>

<net id="248"><net_src comp="244" pin="1"/><net_sink comp="87" pin=2"/></net>

<net id="252"><net_src comp="134" pin="4"/><net_sink comp="249" pin=0"/></net>

<net id="253"><net_src comp="249" pin="1"/><net_sink comp="100" pin=2"/></net>

<net id="258"><net_src comp="44" pin="0"/><net_sink comp="254" pin=0"/></net>

<net id="259"><net_src comp="134" pin="4"/><net_sink comp="254" pin=1"/></net>

<net id="275"><net_src comp="268" pin="1"/><net_sink comp="271" pin=1"/></net>

<net id="279"><net_src comp="271" pin="2"/><net_sink comp="276" pin=0"/></net>

<net id="283"><net_src comp="271" pin="2"/><net_sink comp="280" pin=0"/></net>

<net id="287"><net_src comp="271" pin="2"/><net_sink comp="284" pin=0"/></net>

<net id="291"><net_src comp="271" pin="2"/><net_sink comp="288" pin=0"/></net>

<net id="297"><net_src comp="46" pin="0"/><net_sink comp="292" pin=0"/></net>

<net id="298"><net_src comp="48" pin="0"/><net_sink comp="292" pin=2"/></net>

<net id="304"><net_src comp="50" pin="0"/><net_sink comp="299" pin=0"/></net>

<net id="305"><net_src comp="34" pin="0"/><net_sink comp="299" pin=2"/></net>

<net id="311"><net_src comp="52" pin="0"/><net_sink comp="306" pin=0"/></net>

<net id="312"><net_src comp="54" pin="0"/><net_sink comp="306" pin=2"/></net>

<net id="317"><net_src comp="299" pin="3"/><net_sink comp="313" pin=0"/></net>

<net id="322"><net_src comp="313" pin="2"/><net_sink comp="318" pin=0"/></net>

<net id="323"><net_src comp="292" pin="3"/><net_sink comp="318" pin=1"/></net>

<net id="328"><net_src comp="318" pin="2"/><net_sink comp="324" pin=0"/></net>

<net id="329"><net_src comp="306" pin="3"/><net_sink comp="324" pin=1"/></net>

<net id="338"><net_src comp="56" pin="0"/><net_sink comp="333" pin=0"/></net>

<net id="339"><net_src comp="34" pin="0"/><net_sink comp="333" pin=2"/></net>

<net id="343"><net_src comp="333" pin="3"/><net_sink comp="340" pin=0"/></net>

<net id="349"><net_src comp="58" pin="0"/><net_sink comp="344" pin=0"/></net>

<net id="350"><net_src comp="54" pin="0"/><net_sink comp="344" pin=2"/></net>

<net id="354"><net_src comp="344" pin="3"/><net_sink comp="351" pin=0"/></net>

<net id="359"><net_src comp="330" pin="1"/><net_sink comp="355" pin=0"/></net>

<net id="363"><net_src comp="355" pin="2"/><net_sink comp="360" pin=0"/></net>

<net id="368"><net_src comp="340" pin="1"/><net_sink comp="364" pin=0"/></net>

<net id="369"><net_src comp="360" pin="1"/><net_sink comp="364" pin=1"/></net>

<net id="373"><net_src comp="364" pin="2"/><net_sink comp="370" pin=0"/></net>

<net id="378"><net_src comp="370" pin="1"/><net_sink comp="374" pin=0"/></net>

<net id="379"><net_src comp="351" pin="1"/><net_sink comp="374" pin=1"/></net>

<net id="386"><net_src comp="60" pin="0"/><net_sink comp="380" pin=0"/></net>

<net id="387"><net_src comp="374" pin="2"/><net_sink comp="380" pin=1"/></net>

<net id="388"><net_src comp="62" pin="0"/><net_sink comp="380" pin=2"/></net>

<net id="389"><net_src comp="64" pin="0"/><net_sink comp="380" pin=3"/></net>

<net id="397"><net_src comp="66" pin="0"/><net_sink comp="393" pin=0"/></net>

<net id="398"><net_src comp="390" pin="1"/><net_sink comp="393" pin=1"/></net>

<net id="402"><net_src comp="393" pin="2"/><net_sink comp="399" pin=0"/></net>

<net id="407"><net_src comp="399" pin="1"/><net_sink comp="403" pin=0"/></net>

<net id="408"><net_src comp="94" pin="3"/><net_sink comp="403" pin=1"/></net>

<net id="409"><net_src comp="403" pin="2"/><net_sink comp="94" pin=1"/></net>

<net id="417"><net_src comp="410" pin="1"/><net_sink comp="413" pin=0"/></net>

<net id="418"><net_src comp="94" pin="3"/><net_sink comp="413" pin=1"/></net>

<net id="419"><net_src comp="413" pin="2"/><net_sink comp="94" pin=1"/></net>

<net id="423"><net_src comp="70" pin="1"/><net_sink comp="420" pin=0"/></net>

<net id="424"><net_src comp="420" pin="1"/><net_sink comp="141" pin=1"/></net>

<net id="425"><net_src comp="420" pin="1"/><net_sink comp="172" pin=0"/></net>

<net id="426"><net_src comp="420" pin="1"/><net_sink comp="264" pin=1"/></net>

<net id="430"><net_src comp="146" pin="1"/><net_sink comp="427" pin=0"/></net>

<net id="431"><net_src comp="427" pin="1"/><net_sink comp="199" pin=0"/></net>

<net id="432"><net_src comp="427" pin="1"/><net_sink comp="239" pin=0"/></net>

<net id="433"><net_src comp="427" pin="1"/><net_sink comp="260" pin=0"/></net>

<net id="443"><net_src comp="172" pin="1"/><net_sink comp="440" pin=0"/></net>

<net id="444"><net_src comp="440" pin="1"/><net_sink comp="194" pin=1"/></net>

<net id="448"><net_src comp="74" pin="3"/><net_sink comp="445" pin=0"/></net>

<net id="449"><net_src comp="445" pin="1"/><net_sink comp="81" pin=0"/></net>

<net id="453"><net_src comp="190" pin="1"/><net_sink comp="450" pin=0"/></net>

<net id="454"><net_src comp="450" pin="1"/><net_sink comp="111" pin=2"/></net>

<net id="458"><net_src comp="194" pin="2"/><net_sink comp="455" pin=0"/></net>

<net id="459"><net_src comp="455" pin="1"/><net_sink comp="264" pin=0"/></net>

<net id="463"><net_src comp="199" pin="2"/><net_sink comp="460" pin=0"/></net>

<net id="464"><net_src comp="460" pin="1"/><net_sink comp="234" pin=1"/></net>

<net id="468"><net_src comp="226" pin="1"/><net_sink comp="465" pin=0"/></net>

<net id="469"><net_src comp="465" pin="1"/><net_sink comp="260" pin=1"/></net>

<net id="473"><net_src comp="230" pin="1"/><net_sink comp="470" pin=0"/></net>

<net id="474"><net_src comp="470" pin="1"/><net_sink comp="271" pin=0"/></net>

<net id="481"><net_src comp="87" pin="3"/><net_sink comp="478" pin=0"/></net>

<net id="482"><net_src comp="478" pin="1"/><net_sink comp="94" pin=0"/></net>

<net id="486"><net_src comp="100" pin="3"/><net_sink comp="483" pin=0"/></net>

<net id="487"><net_src comp="483" pin="1"/><net_sink comp="94" pin=0"/></net>

<net id="491"><net_src comp="254" pin="2"/><net_sink comp="488" pin=0"/></net>

<net id="492"><net_src comp="488" pin="1"/><net_sink comp="134" pin=2"/></net>

<net id="496"><net_src comp="260" pin="2"/><net_sink comp="493" pin=0"/></net>

<net id="497"><net_src comp="493" pin="1"/><net_sink comp="123" pin=2"/></net>

<net id="501"><net_src comp="94" pin="3"/><net_sink comp="498" pin=0"/></net>

<net id="502"><net_src comp="498" pin="1"/><net_sink comp="268" pin=0"/></net>

<net id="506"><net_src comp="271" pin="2"/><net_sink comp="503" pin=0"/></net>

<net id="507"><net_src comp="503" pin="1"/><net_sink comp="355" pin=1"/></net>

<net id="511"><net_src comp="276" pin="1"/><net_sink comp="508" pin=0"/></net>

<net id="512"><net_src comp="508" pin="1"/><net_sink comp="313" pin=1"/></net>

<net id="516"><net_src comp="280" pin="1"/><net_sink comp="513" pin=0"/></net>

<net id="517"><net_src comp="513" pin="1"/><net_sink comp="292" pin=1"/></net>

<net id="521"><net_src comp="284" pin="1"/><net_sink comp="518" pin=0"/></net>

<net id="522"><net_src comp="518" pin="1"/><net_sink comp="299" pin=1"/></net>

<net id="526"><net_src comp="288" pin="1"/><net_sink comp="523" pin=0"/></net>

<net id="527"><net_src comp="523" pin="1"/><net_sink comp="306" pin=1"/></net>

<net id="531"><net_src comp="324" pin="2"/><net_sink comp="528" pin=0"/></net>

<net id="532"><net_src comp="528" pin="1"/><net_sink comp="330" pin=0"/></net>

<net id="533"><net_src comp="528" pin="1"/><net_sink comp="333" pin=1"/></net>

<net id="534"><net_src comp="528" pin="1"/><net_sink comp="344" pin=1"/></net>

<net id="538"><net_src comp="380" pin="4"/><net_sink comp="535" pin=0"/></net>

<net id="539"><net_src comp="535" pin="1"/><net_sink comp="390" pin=0"/></net>

<net id="540"><net_src comp="535" pin="1"/><net_sink comp="410" pin=0"/></net>

</net_list>

</model> 
---------------- Datapath Model END ------------------

* FSMD analyzer results:
  - Output states:
	Port: p | {10 12 }
 - Input state : 
	Port: ntt : p | {5 6 9 10 11 12 }
	Port: ntt : zetas | {3 4 }
  - Chain level:
	State 1
		StgValue_16 : 1
	State 2
		len_cast_cast4 : 1
		tmp : 1
		StgValue_22 : 2
	State 3
		tmp_1 : 1
		icmp : 2
		StgValue_30 : 3
		tmp_3 : 1
		zetas_addr : 2
		zeta : 3
		len_1 : 1
	State 4
		tmp_5 : 1
		tmp_15 : 1
		start : 2
		start_cast : 3
		tmp_6_cast : 1
	State 5
		tmp_8 : 1
		StgValue_51 : 2
		tmp_9 : 1
		tmp_s : 2
		p_addr : 3
		p_load : 4
		tmp_6 : 1
		p_addr_1 : 2
		j_1 : 1
	State 6
	State 7
		a_assign : 1
		temp : 2
		tmp_19 : 2
		tmp_20 : 2
		tmp_21 : 2
	State 8
		sum_neg_i : 1
		sum3_neg_i : 2
		temp_1 : 3
	State 9
		tmp_16_i_cast : 1
		tmp_17_i_cast : 1
		tmp1 : 1
		tmp1_cast : 2
		tmp_19_i : 3
		tmp_19_i_cast : 4
		t : 5
		tmp_7 : 6
	State 10
		tmp_10 : 1
		tmp_10_cast : 2
		tmp_11 : 3
		StgValue_92 : 4
	State 11
	State 12
		tmp_12 : 1
		StgValue_98 : 2


============================================================
+ Verbose Summary: Datapath Resource usage 
============================================================

* Functional unit list:
|----------|-----------------------|---------|---------|---------|
| Operation|    Functional Unit    |  DSP48E |    FF   |   LUT   |
|----------|-----------------------|---------|---------|---------|
|          |       k_1_fu_194      |    0    |    0    |    39   |
|          |      tmp_4_fu_199     |    0    |    0    |    38   |
|          |      tmp_9_fu_239     |    0    |    0    |    38   |
|          |       j_1_fu_254      |    0    |    0    |    38   |
|    add   |     tmp_13_fu_260     |    0    |    0    |    37   |
|          |      tmp1_fu_355      |    0    |    0    |    62   |
|          |    tmp_19_i_fu_364    |    0    |    0    |    62   |
|          |     tmp_11_fu_403     |    0    |    0    |    39   |
|          |     tmp_12_fu_413     |    0    |    0    |    39   |
|----------|-----------------------|---------|---------|---------|
|          |    sum_neg_i_fu_313   |    0    |    0    |    39   |
|          |   sum3_neg_i_fu_318   |    0    |    0    |    32   |
|    sub   |     temp_1_fu_324     |    0    |    0    |    32   |
|          |        t_fu_374       |    0    |    0    |    63   |
|          |     tmp_10_fu_393     |    0    |    0    |    32   |
|----------|-----------------------|---------|---------|---------|
|          |       tmp_fu_150      |    0    |    0    |    18   |
|   icmp   |      icmp_fu_166      |    0    |    0    |    18   |
|          |      tmp_5_fu_204     |    0    |    0    |    18   |
|          |      tmp_8_fu_234     |    0    |    0    |    18   |
|----------|-----------------------|---------|---------|---------|
|  select  |      start_fu_218     |    0    |    0    |    30   |
|----------|-----------------------|---------|---------|---------|
|    mul   |    a_assign_fu_271    |    2    |    0    |    21   |
|----------|-----------------------|---------|---------|---------|
|          | len_cast_cast4_fu_146 |    0    |    0    |    0    |
|          |      tmp_3_fu_175     |    0    |    0    |    0    |
|          |      len_1_fu_190     |    0    |    0    |    0    |
|          |   start_cast_fu_226   |    0    |    0    |    0    |
|          |   tmp_6_cast_fu_230   |    0    |    0    |    0    |
|          |      tmp_s_fu_244     |    0    |    0    |    0    |
|   zext   |      tmp_6_fu_249     |    0    |    0    |    0    |
|          |   tmp_2_cast_fu_268   |    0    |    0    |    0    |
|          |     t_cast_fu_330     |    0    |    0    |    0    |
|          |  tmp_16_i_cast_fu_340 |    0    |    0    |    0    |
|          |  tmp_17_i_cast_fu_351 |    0    |    0    |    0    |
|          |    tmp1_cast_fu_360   |    0    |    0    |    0    |
|          |  tmp_19_i_cast_fu_370 |    0    |    0    |    0    |
|----------|-----------------------|---------|---------|---------|
|          |      tmp_1_fu_156     |    0    |    0    |    0    |
|partselect|     tmp_17_fu_180     |    0    |    0    |    0    |
|          |      tmp_7_fu_380     |    0    |    0    |    0    |
|----------|-----------------------|---------|---------|---------|
|          |     tmp_14_fu_210     |    0    |    0    |    0    |
|          |     tmp_15_fu_214     |    0    |    0    |    0    |
|   trunc  |      temp_fu_276      |    0    |    0    |    0    |
|          |     tmp_19_fu_280     |    0    |    0    |    0    |
|          |     tmp_20_fu_284     |    0    |    0    |    0    |
|          |     tmp_21_fu_288     |    0    |    0    |    0    |
|----------|-----------------------|---------|---------|---------|
|          |      tmp_i_fu_292     |    0    |    0    |    0    |
|          |     tmp_i_9_fu_299    |    0    |    0    |    0    |
|bitconcatenate|    tmp_15_i_fu_306    |    0    |    0    |    0    |
|          |    tmp_16_i_fu_333    |    0    |    0    |    0    |
|          |    tmp_17_i_fu_344    |    0    |    0    |    0    |
|----------|-----------------------|---------|---------|---------|
|          |    t_1_cast_fu_390    |    0    |    0    |    0    |
|   sext   |   tmp_10_cast_fu_399  |    0    |    0    |    0    |
|          |       t_1_fu_410      |    0    |    0    |    0    |
|----------|-----------------------|---------|---------|---------|
|   Total  |                       |    2    |    0    |   713   |
|----------|-----------------------|---------|---------|---------|

Memories:
+-----+--------+--------+--------+
|     |  BRAM  |   FF   |   LUT  |
+-----+--------+--------+--------+
|zetas|    1   |    0   |    0   |
+-----+--------+--------+--------+
|Total|    1   |    0   |    0   |
+-----+--------+--------+--------+

* Register list:
+----------------------+--------+
|                      |   FF   |
+----------------------+--------+
|   a_assign_reg_503   |   55   |
|      j1_reg_131      |   31   |
|      j_1_reg_488     |   31   |
|       j_reg_119      |   31   |
|      k_1_reg_455     |   32   |
|    k_load_reg_440    |   32   |
|       k_reg_420      |   32   |
|     len_1_reg_450    |   29   |
|len_cast_cast4_reg_427|   31   |
|      len_reg_107     |   29   |
|   p_addr_1_reg_483   |    8   |
|    p_addr_reg_478    |    8   |
|    p_load_reg_498    |   32   |
|  start_cast_reg_465  |   31   |
|    temp_1_reg_528    |   32   |
|     temp_reg_508     |   32   |
|    tmp_13_reg_493    |   31   |
|    tmp_19_reg_513    |    6   |
|    tmp_20_reg_518    |    9   |
|    tmp_21_reg_523    |   19   |
|     tmp_4_reg_460    |   31   |
|  tmp_6_cast_reg_470  |   55   |
|     tmp_7_reg_535    |   25   |
|  zetas_addr_reg_445  |    8   |
+----------------------+--------+
|         Total        |   660  |
+----------------------+--------+

* Multiplexer (MUX) list: 
|------------------|------|------|------|--------||---------||---------|
|       Comp       |  Pin | Size |  BW  | S x BW ||  Delay  ||   LUT   |
|------------------|------|------|------|--------||---------||---------|
| grp_access_fu_81 |  p0  |   2  |   8  |   16   ||    9    |
| grp_access_fu_94 |  p0  |   3  |   8  |   24   ||    15   |
| grp_access_fu_94 |  p1  |   2  |  32  |   64   ||    9    |
|    len_reg_107   |  p0  |   2  |  29  |   58   ||    9    |
|     j_reg_119    |  p0  |   2  |  31  |   62   ||    9    |
|------------------|------|------|------|--------||---------||---------|
|       Total      |      |      |      |   224  || 6.85175 ||    51   |
|------------------|------|------|------|--------||---------||---------|



* Summary:
+-----------+--------+--------+--------+--------+--------+
|           |  BRAM  | DSP48E |  Delay |   FF   |   LUT  |
+-----------+--------+--------+--------+--------+--------+
|  Function |    -   |    2   |    -   |    0   |   713  |
|   Memory  |    1   |    -   |    -   |    0   |    0   |
|Multiplexer|    -   |    -   |    6   |    -   |   51   |
|  Register |    -   |    -   |    -   |   660  |    -   |
+-----------+--------+--------+--------+--------+--------+
|   Total   |    1   |    2   |    6   |   660  |   764  |
+-----------+--------+--------+--------+--------+--------+
