

================================================================
== Vivado HLS Report for 'ntt'
================================================================
* Date:           Sat Dec 12 09:54:56 2020

* Version:        2018.3 (Build 2405991 on Thu Dec 06 23:56:15 MST 2018)
* Project:        dilithium1.prj
* Solution:       ntt_opt7_6+partition
* Product family: artix7
* Target device:  xc7a200tfbg676-2


================================================================
== Performance Estimates
================================================================
+ Timing (ns): 
    * Summary: 
    +--------+-------+----------+------------+
    |  Clock | Target| Estimated| Uncertainty|
    +--------+-------+----------+------------+
    |ap_clk  |  10.00|     8.363|        1.25|
    +--------+-------+----------+------------+

+ Latency (clock cycles): 
    * Summary: 
    +-----+-----+-----+-----+---------+
    |  Latency  |  Interval | Pipeline|
    | min | max | min | max |   Type  |
    +-----+-----+-----+-----+---------+
    |    ?|    ?|    ?|    ?|   none  |
    +-----+-----+-----+-----+---------+

    + Detail: 
        * Instance: 
        N/A

        * Loop: 
        +---------------+-----+-----+----------+-----------+-----------+------+----------+
        |               |  Latency  | Iteration|  Initiation Interval  | Trip |          |
        |   Loop Name   | min | max |  Latency |  achieved |   target  | Count| Pipelined|
        +---------------+-----+-----+----------+-----------+-----------+------+----------+
        |- Loop 1       |    ?|    ?|         ?|          -|          -|     1|    no    |
        | + ntt_label2  |    ?|    ?|         8|          -|          -|     ?|    no    |
        |- Loop 2       |    ?|    ?|         ?|          -|          -|     2|    no    |
        | + ntt_label2  |    ?|    ?|         7|          -|          -|     ?|    no    |
        |- Loop 3       |    ?|    ?|         ?|          -|          -|     4|    no    |
        | + ntt_label2  |    ?|    ?|         7|          -|          -|     ?|    no    |
        |- Loop 4       |    ?|    ?|         ?|          -|          -|     8|    no    |
        | + ntt_label2  |    ?|    ?|         7|          -|          -|     ?|    no    |
        |- Loop 5       |    ?|    ?|         ?|          -|          -|    16|    no    |
        | + ntt_label2  |    ?|    ?|         7|          -|          -|     ?|    no    |
        |- Loop 6       |    ?|    ?|         ?|          -|          -|    32|    no    |
        | + ntt_label2  |    ?|    ?|         7|          -|          -|     ?|    no    |
        |- Loop 7       |    ?|    ?|         ?|          -|          -|    64|    no    |
        | + ntt_label2  |    ?|    ?|         7|          -|          -|     ?|    no    |
        |- Loop 8       |    ?|    ?|         ?|          -|          -|     ?|    no    |
        | + ntt_label2  |    ?|    ?|         7|          -|          -|     ?|    no    |
        +---------------+-----+-----+----------+-----------+-----------+------+----------+



================================================================
== Utilization Estimates
================================================================
* Summary: 
+-----------------+---------+-------+--------+--------+
|       Name      | BRAM_18K| DSP48E|   FF   |   LUT  |
+-----------------+---------+-------+--------+--------+
|DSP              |        -|      -|       -|       -|
|Expression       |        -|     16|       0|    6388|
|FIFO             |        -|      -|       -|       -|
|Instance         |        -|      -|       -|       -|
|Memory           |        2|      -|       0|       0|
|Multiplexer      |        -|      -|       -|    1141|
|Register         |        -|      -|    3577|       -|
+-----------------+---------+-------+--------+--------+
|Total            |        2|     16|    3577|    7529|
+-----------------+---------+-------+--------+--------+
|Available        |      730|    740|  269200|  129000|
+-----------------+---------+-------+--------+--------+
|Utilization (%)  |    ~0   |      2|       1|       5|
+-----------------+---------+-------+--------+--------+

+ Detail: 
    * Instance: 
    N/A

    * DSP48: 
    N/A

    * Memory: 
    +-----------+-------------+---------+---+----+------+-----+------+-------------+
    |   Memory  |    Module   | BRAM_18K| FF| LUT| Words| Bits| Banks| W*Bits*Banks|
    +-----------+-------------+---------+---+----+------+-----+------+-------------+
    |zetas_0_U  |ntt_zetas_0  |        1|  0|   0|   128|   23|     1|         2944|
    |zetas_1_U  |ntt_zetas_1  |        1|  0|   0|   128|   23|     1|         2944|
    +-----------+-------------+---------+---+----+------+-----+------+-------------+
    |Total      |             |        2|  0|   0|   256|   46|     2|         5888|
    +-----------+-------------+---------+---+----+------+-----+------+-------------+

    * FIFO: 
    N/A

    * Expression: 
    +----------------------------+----------+-------+---+----+------------+------------+
    |        Variable Name       | Operation| DSP48E| FF| LUT| Bitwidth P0| Bitwidth P1|
    +----------------------------+----------+-------+---+----+------------+------------+
    |a_assign_1_fu_1122_p2       |     *    |      2|  0|  21|          23|          32|
    |a_assign_2_fu_1414_p2       |     *    |      2|  0|  21|          23|          32|
    |a_assign_3_fu_1706_p2       |     *    |      2|  0|  21|          23|          32|
    |a_assign_4_fu_1998_p2       |     *    |      2|  0|  21|          23|          32|
    |a_assign_5_fu_2290_p2       |     *    |      2|  0|  21|          23|          32|
    |a_assign_6_fu_2586_p2       |     *    |      2|  0|  21|          23|          32|
    |a_assign_7_fu_2923_p2       |     *    |      2|  0|  21|          23|          32|
    |a_assign_fu_837_p2          |     *    |      2|  0|  21|          23|          32|
    |j_1_1_fu_1308_p2            |     +    |      0|  0|  39|          32|           1|
    |j_1_2_fu_1600_p2            |     +    |      0|  0|  39|          32|           1|
    |j_1_3_fu_1892_p2            |     +    |      0|  0|  39|          32|           1|
    |j_1_4_fu_2184_p2            |     +    |      0|  0|  39|          32|           1|
    |j_1_5_fu_2476_p2            |     +    |      0|  0|  39|          32|           1|
    |j_1_6_fu_2772_p2            |     +    |      0|  0|  39|          32|           1|
    |j_1_fu_1016_p2              |     +    |      0|  0|  39|          32|           1|
    |k_2_1_fu_1028_p2            |     +    |      0|  0|  12|           3|           1|
    |k_2_2_fu_1320_p2            |     +    |      0|  0|  13|           4|           1|
    |k_2_3_fu_1612_p2            |     +    |      0|  0|  15|           5|           1|
    |k_2_4_fu_1904_p2            |     +    |      0|  0|  15|           6|           1|
    |k_2_5_fu_2196_p2            |     +    |      0|  0|  15|           7|           1|
    |k_2_6_fu_2488_p2            |     +    |      0|  0|  15|           1|           8|
    |k_2_7_fu_2786_p2            |     +    |      0|  0|  39|           1|          32|
    |k_2_fu_767_p2               |     +    |      0|  0|  10|           2|           1|
    |newIndex_trunc2_fu_2240_p2  |     +    |      0|  0|  15|           3|           7|
    |newIndex_trunc3_fu_1656_p2  |     +    |      0|  0|  15|           5|           7|
    |newIndex_trunc6_fu_2536_p2  |     +    |      0|  0|  15|           2|           7|
    |newIndex_trunc8_fu_2864_p2  |     +    |      0|  0|  15|           1|           7|
    |newIndex_trunc9_fu_1364_p2  |     +    |      0|  0|  15|           6|           7|
    |newIndex_trunc_fu_1948_p2   |     +    |      0|  0|  15|           4|           7|
    |tmp15_fu_1206_p2            |     +    |      0|  0|  62|          55|          55|
    |tmp19_fu_1498_p2            |     +    |      0|  0|  62|          55|          55|
    |tmp1_fu_921_p2              |     +    |      0|  0|  62|          55|          55|
    |tmp20_fu_1790_p2            |     +    |      0|  0|  62|          55|          55|
    |tmp21_fu_2082_p2            |     +    |      0|  0|  62|          55|          55|
    |tmp22_fu_2374_p2            |     +    |      0|  0|  62|          55|          55|
    |tmp23_fu_2670_p2            |     +    |      0|  0|  62|          55|          55|
    |tmp24_fu_3007_p2            |     +    |      0|  0|  62|          55|          55|
    |tmp_12_1_fu_1286_p2         |     +    |      0|  0|  39|          32|          32|
    |tmp_12_2_fu_1578_p2         |     +    |      0|  0|  39|          32|          32|
    |tmp_12_3_fu_1870_p2         |     +    |      0|  0|  39|          32|          32|
    |tmp_12_4_fu_2162_p2         |     +    |      0|  0|  39|          32|          32|
    |tmp_12_5_fu_2454_p2         |     +    |      0|  0|  39|          32|          32|
    |tmp_12_6_fu_2750_p2         |     +    |      0|  0|  39|          32|          32|
    |tmp_12_7_fu_3070_p2         |     +    |      0|  0|  39|          32|          32|
    |tmp_13_1_fu_1301_p2         |     +    |      0|  0|  39|          32|          32|
    |tmp_13_2_fu_1593_p2         |     +    |      0|  0|  39|          32|          32|
    |tmp_13_3_fu_1885_p2         |     +    |      0|  0|  39|          32|          32|
    |tmp_13_4_fu_2177_p2         |     +    |      0|  0|  39|          32|          32|
    |tmp_13_5_fu_2469_p2         |     +    |      0|  0|  39|          32|          32|
    |tmp_13_6_fu_2765_p2         |     +    |      0|  0|  39|          32|          32|
    |tmp_13_7_fu_3085_p2         |     +    |      0|  0|  39|          32|          32|
    |tmp_14_1_fu_1084_p2         |     +    |      0|  0|  39|          32|           7|
    |tmp_14_2_fu_1376_p2         |     +    |      0|  0|  39|          32|           6|
    |tmp_14_3_fu_1668_p2         |     +    |      0|  0|  39|          32|           5|
    |tmp_14_4_fu_1960_p2         |     +    |      0|  0|  39|          32|           4|
    |tmp_14_5_fu_2252_p2         |     +    |      0|  0|  39|          32|           3|
    |tmp_14_6_fu_2548_p2         |     +    |      0|  0|  39|          32|           2|
    |tmp_14_7_fu_2908_p2         |     +    |      0|  0|  16|           9|           1|
    |tmp_19_fu_994_p2            |     +    |      0|  0|  39|          32|          32|
    |tmp_24_fu_1009_p2           |     +    |      0|  0|  39|          32|          32|
    |tmp_4_1_fu_1039_p2          |     +    |      0|  0|  39|          32|           7|
    |tmp_4_2_fu_1331_p2          |     +    |      0|  0|  39|          32|           6|
    |tmp_4_3_fu_1623_p2          |     +    |      0|  0|  39|          32|           5|
    |tmp_4_4_fu_1915_p2          |     +    |      0|  0|  39|          32|           4|
    |tmp_4_5_fu_2207_p2          |     +    |      0|  0|  39|          32|           3|
    |tmp_4_6_fu_2503_p2          |     +    |      0|  0|  39|           2|          32|
    |tmp_4_7_fu_2825_p2          |     +    |      0|  0|  16|           1|           9|
    |tmp_4_fu_778_p2             |     +    |      0|  0|  39|          32|           8|
    |tmp_5_i1_fu_1215_p2         |     +    |      0|  0|  63|          56|          56|
    |tmp_5_i2_fu_1507_p2         |     +    |      0|  0|  63|          56|          56|
    |tmp_5_i3_fu_1799_p2         |     +    |      0|  0|  63|          56|          56|
    |tmp_5_i4_fu_2091_p2         |     +    |      0|  0|  63|          56|          56|
    |tmp_5_i5_fu_2383_p2         |     +    |      0|  0|  63|          56|          56|
    |tmp_5_i6_fu_2679_p2         |     +    |      0|  0|  63|          56|          56|
    |tmp_5_i7_fu_3016_p2         |     +    |      0|  0|  63|          56|          56|
    |tmp_5_i_fu_930_p2           |     +    |      0|  0|  63|          56|          56|
    |tmp_9_1_fu_1089_p2          |     +    |      0|  0|  39|           7|          32|
    |tmp_9_2_fu_1381_p2          |     +    |      0|  0|  39|           6|          32|
    |tmp_9_3_fu_1673_p2          |     +    |      0|  0|  39|           5|          32|
    |tmp_9_4_fu_1965_p2          |     +    |      0|  0|  39|           4|          32|
    |tmp_9_5_fu_2257_p2          |     +    |      0|  0|  39|           3|          32|
    |tmp_9_6_fu_2553_p2          |     +    |      0|  0|  39|           2|          32|
    |tmp_9_7_fu_2858_p2          |     +    |      0|  0|  16|           1|           9|
    |tmp_s_fu_817_p2             |     +    |      0|  0|  39|          32|           8|
    |sum3_neg_i1_fu_1169_p2      |     -    |      0|  0|  32|          32|          32|
    |sum3_neg_i2_fu_1461_p2      |     -    |      0|  0|  32|          32|          32|
    |sum3_neg_i3_fu_1753_p2      |     -    |      0|  0|  32|          32|          32|
    |sum3_neg_i4_fu_2045_p2      |     -    |      0|  0|  32|          32|          32|
    |sum3_neg_i5_fu_2337_p2      |     -    |      0|  0|  32|          32|          32|
    |sum3_neg_i6_fu_2633_p2      |     -    |      0|  0|  32|          32|          32|
    |sum3_neg_i7_fu_2970_p2      |     -    |      0|  0|  32|          32|          32|
    |sum3_neg_i_fu_884_p2        |     -    |      0|  0|  32|          32|          32|
    |sum_neg_i1_fu_1164_p2       |     -    |      0|  0|  39|          32|          32|
    |sum_neg_i2_fu_1456_p2       |     -    |      0|  0|  39|          32|          32|
    |sum_neg_i3_fu_1748_p2       |     -    |      0|  0|  39|          32|          32|
    |sum_neg_i4_fu_2040_p2       |     -    |      0|  0|  39|          32|          32|
    |sum_neg_i5_fu_2332_p2       |     -    |      0|  0|  39|          32|          32|
    |sum_neg_i6_fu_2628_p2       |     -    |      0|  0|  39|          32|          32|
    |sum_neg_i7_fu_2965_p2       |     -    |      0|  0|  39|          32|          32|
    |sum_neg_i_fu_879_p2         |     -    |      0|  0|  39|          32|          32|
    |t_1_fu_1225_p2              |     -    |      0|  0|  64|          57|          57|
    |t_2_fu_1517_p2              |     -    |      0|  0|  64|          57|          57|
    |t_3_fu_1809_p2              |     -    |      0|  0|  64|          57|          57|
    |t_4_fu_2101_p2              |     -    |      0|  0|  64|          57|          57|
    |t_5_fu_2393_p2              |     -    |      0|  0|  64|          57|          57|
    |t_6_fu_2689_p2              |     -    |      0|  0|  64|          57|          57|
    |t_7_fu_3026_p2              |     -    |      0|  0|  64|          57|          57|
    |t_fu_940_p2                 |     -    |      0|  0|  64|          57|          57|
    |temp_11_fu_2343_p2          |     -    |      0|  0|  32|          32|          32|
    |temp_13_fu_2639_p2          |     -    |      0|  0|  32|          32|          32|
    |temp_15_fu_2976_p2          |     -    |      0|  0|  32|          32|          32|
    |temp_1_fu_890_p2            |     -    |      0|  0|  32|          32|          32|
    |temp_3_fu_1175_p2           |     -    |      0|  0|  32|          32|          32|
    |temp_5_fu_1467_p2           |     -    |      0|  0|  32|          32|          32|
    |temp_7_fu_1759_p2           |     -    |      0|  0|  32|          32|          32|
    |temp_9_fu_2051_p2           |     -    |      0|  0|  32|          32|          32|
    |tmp_11_1_fu_1276_p2         |     -    |      0|  0|  33|          24|          26|
    |tmp_11_2_fu_1568_p2         |     -    |      0|  0|  33|          24|          26|
    |tmp_11_3_fu_1860_p2         |     -    |      0|  0|  33|          24|          26|
    |tmp_11_4_fu_2152_p2         |     -    |      0|  0|  33|          24|          26|
    |tmp_11_5_fu_2444_p2         |     -    |      0|  0|  33|          24|          26|
    |tmp_11_6_fu_2740_p2         |     -    |      0|  0|  33|          24|          26|
    |tmp_11_7_fu_3060_p2         |     -    |      0|  0|  33|          24|          26|
    |tmp_14_fu_984_p2            |     -    |      0|  0|  33|          24|          26|
    |cond_fu_822_p2              |   icmp   |      0|  0|  18|          32|           9|
    |exitcond1_fu_761_p2         |   icmp   |      0|  0|   9|           2|           3|
    |exitcond2_fu_1022_p2        |   icmp   |      0|  0|   9|           3|           4|
    |exitcond3_fu_1314_p2        |   icmp   |      0|  0|  11|           4|           5|
    |exitcond4_fu_1606_p2        |   icmp   |      0|  0|  11|           5|           6|
    |exitcond5_fu_1898_p2        |   icmp   |      0|  0|  11|           6|           7|
    |exitcond6_fu_2190_p2        |   icmp   |      0|  0|  11|           7|           8|
    |exitcond_fu_2482_p2         |   icmp   |      0|  0|  13|           8|           9|
    |icmp10_fu_2430_p2           |   icmp   |      0|  0|  18|          25|           1|
    |icmp11_fu_2812_p2           |   icmp   |      0|  0|  18|          25|           1|
    |icmp12_fu_2569_p2           |   icmp   |      0|  0|  18|          25|           1|
    |icmp13_fu_2726_p2           |   icmp   |      0|  0|  18|          25|           1|
    |icmp14_fu_2886_p2           |   icmp   |      0|  0|   8|           2|           1|
    |icmp15_fu_2902_p2           |   icmp   |      0|  0|   8|           2|           1|
    |icmp1_fu_1554_p2            |   icmp   |      0|  0|  18|          25|           1|
    |icmp2_fu_1689_p2            |   icmp   |      0|  0|  18|          25|           1|
    |icmp3_fu_1105_p2            |   icmp   |      0|  0|  18|          25|           1|
    |icmp4_fu_1846_p2            |   icmp   |      0|  0|  18|          25|           1|
    |icmp5_fu_1981_p2            |   icmp   |      0|  0|  18|          25|           1|
    |icmp6_fu_1262_p2            |   icmp   |      0|  0|  18|          25|           1|
    |icmp7_fu_2138_p2            |   icmp   |      0|  0|  18|          25|           1|
    |icmp8_fu_2273_p2            |   icmp   |      0|  0|  18|          25|           1|
    |icmp9_fu_1397_p2            |   icmp   |      0|  0|  18|          25|           1|
    |icmp_fu_972_p2              |   icmp   |      0|  0|  18|          25|           1|
    |tmp_5_1_fu_1045_p2          |   icmp   |      0|  0|  18|          32|          32|
    |tmp_5_2_fu_1337_p2          |   icmp   |      0|  0|  18|          32|          32|
    |tmp_5_3_fu_1629_p2          |   icmp   |      0|  0|  18|          32|          32|
    |tmp_5_4_fu_1921_p2          |   icmp   |      0|  0|  18|          32|          32|
    |tmp_5_5_fu_2213_p2          |   icmp   |      0|  0|  18|          32|          32|
    |tmp_5_6_fu_2509_p2          |   icmp   |      0|  0|  18|          32|          32|
    |tmp_5_7_fu_2831_p2          |   icmp   |      0|  0|  13|           9|           9|
    |tmp_5_fu_784_p2             |   icmp   |      0|  0|  18|          32|          32|
    |tmp_8_1_fu_1063_p2          |   icmp   |      0|  0|  18|          32|          32|
    |tmp_8_2_fu_1355_p2          |   icmp   |      0|  0|  18|          32|          32|
    |tmp_8_3_fu_1647_p2          |   icmp   |      0|  0|  18|          32|          32|
    |tmp_8_4_fu_1939_p2          |   icmp   |      0|  0|  18|          32|          32|
    |tmp_8_5_fu_2231_p2          |   icmp   |      0|  0|  18|          32|          32|
    |tmp_8_6_fu_2527_p2          |   icmp   |      0|  0|  18|          32|          32|
    |tmp_8_7_fu_2849_p2          |   icmp   |      0|  0|  13|           9|           9|
    |tmp_8_fu_802_p2             |   icmp   |      0|  0|  18|          32|          32|
    |p_load_0_phi_fu_828_p3      |  select  |      0|  0|  32|           1|          32|
    |p_load_18_phi_fu_1111_p3    |  select  |      0|  0|  32|           1|          32|
    |p_load_1_0_phi_fu_978_p3    |  select  |      0|  0|  32|           1|          32|
    |p_load_1_1_phi_fu_1268_p3   |  select  |      0|  0|  32|           1|          32|
    |p_load_1_2_phi_fu_1560_p3   |  select  |      0|  0|  32|           1|          32|
    |p_load_1_3_phi_fu_1852_p3   |  select  |      0|  0|  32|           1|          32|
    |p_load_1_4_phi_fu_2144_p3   |  select  |      0|  0|  32|           1|          32|
    |p_load_1_5_phi_fu_2436_p3   |  select  |      0|  0|  32|           1|          32|
    |p_load_1_6_phi_fu_2732_p3   |  select  |      0|  0|  32|           1|          32|
    |p_load_1_7_phi_fu_3053_p3   |  select  |      0|  0|  32|           1|          32|
    |p_load_211_phi_fu_1403_p3   |  select  |      0|  0|  32|           1|          32|
    |p_load_2_0_phi_fu_1002_p3   |  select  |      0|  0|  32|           1|          32|
    |p_load_2_1_phi_fu_1294_p3   |  select  |      0|  0|  32|           1|          32|
    |p_load_2_2_phi_fu_1586_p3   |  select  |      0|  0|  32|           1|          32|
    |p_load_2_3_phi_fu_1878_p3   |  select  |      0|  0|  32|           1|          32|
    |p_load_2_4_phi_fu_2170_p3   |  select  |      0|  0|  32|           1|          32|
    |p_load_2_5_phi_fu_2462_p3   |  select  |      0|  0|  32|           1|          32|
    |p_load_2_6_phi_fu_2758_p3   |  select  |      0|  0|  32|           1|          32|
    |p_load_2_7_phi_fu_3078_p3   |  select  |      0|  0|  32|           1|          32|
    |p_load_3_phi_fu_1695_p3     |  select  |      0|  0|  32|           1|          32|
    |p_load_4_phi_fu_1987_p3     |  select  |      0|  0|  32|           1|          32|
    |p_load_5_phi_fu_2279_p3     |  select  |      0|  0|  32|           1|          32|
    |p_load_6_phi_fu_2575_p3     |  select  |      0|  0|  32|           1|          32|
    |p_load_7_phi_fu_2913_p3     |  select  |      0|  0|  32|           1|          32|
    |start_1_fu_1051_p3          |  select  |      0|  0|  32|           1|          32|
    |start_2_fu_1343_p3          |  select  |      0|  0|  32|           1|          32|
    |start_3_fu_1635_p3          |  select  |      0|  0|  32|           1|          32|
    |start_4_fu_1927_p3          |  select  |      0|  0|  32|           1|          32|
    |start_5_fu_2219_p3          |  select  |      0|  0|  32|           1|          32|
    |start_6_fu_2515_p3          |  select  |      0|  0|  32|           1|          32|
    |start_7_fu_2837_p3          |  select  |      0|  0|   9|           1|           9|
    |start_fu_790_p3             |  select  |      0|  0|  32|           1|          32|
    |zeta_7_phi_fu_2818_p3       |  select  |      0|  0|  23|           1|          23|
    |newIndex_trunc5_fu_1072_p2  |    xor   |      0|  0|   8|           7|           8|
    +----------------------------+----------+-------+---+----+------------+------------+
    |Total                       |          |     16|  0|6388|        4657|        5059|
    +----------------------------+----------+-------+---+----+------------+------------+

    * Multiplexer: 
    +------------------+-----+-----------+-----+-----------+
    |       Name       | LUT | Input Size| Bits| Total Bits|
    +------------------+-----+-----------+-----+-----------+
    |ap_NS_fsm         |  333|         75|    1|         75|
    |j1_1_reg_547      |    9|          2|   32|         64|
    |j1_2_reg_581      |    9|          2|   32|         64|
    |j1_3_reg_615      |    9|          2|   32|         64|
    |j1_4_reg_649      |    9|          2|   32|         64|
    |j1_5_reg_683      |    9|          2|   32|         64|
    |j1_6_reg_717      |    9|          2|   32|         64|
    |j1_7_reg_751      |    9|          2|    9|         18|
    |j1_reg_513        |    9|          2|   32|         64|
    |j_2_reg_558       |    9|          2|   32|         64|
    |j_3_reg_592       |    9|          2|   32|         64|
    |j_4_reg_626       |    9|          2|   32|         64|
    |j_5_reg_660       |    9|          2|   32|         64|
    |j_6_reg_694       |    9|          2|   32|         64|
    |j_7_reg_728       |    9|          2|    9|         18|
    |j_reg_490         |    9|          2|   32|         64|
    |j_s_reg_524       |    9|          2|   32|         64|
    |k_1_1_reg_536     |    9|          2|    3|          6|
    |k_1_2_reg_570     |    9|          2|    4|          8|
    |k_1_3_reg_604     |    9|          2|    5|         10|
    |k_1_4_reg_638     |    9|          2|    6|         12|
    |k_1_5_reg_672     |    9|          2|    7|         14|
    |k_1_6_reg_706     |    9|          2|    8|         16|
    |k_1_7_reg_740     |    9|          2|   32|         64|
    |k_1_reg_502       |    9|          2|    2|          4|
    |p_0_address0      |   93|         19|    7|        133|
    |p_0_address1      |   93|         19|    7|        133|
    |p_0_d0            |   47|         10|   32|        320|
    |p_0_d1            |   41|          8|   32|        256|
    |p_1_address0      |   93|         19|    7|        133|
    |p_1_address1      |   93|         19|    7|        133|
    |p_1_d0            |   47|         10|   32|        320|
    |p_1_d1            |   41|          8|   32|        256|
    |zetas_0_address0  |   44|          9|    7|         63|
    +------------------+-----+-----------+-----+-----------+
    |Total             | 1141|        244|  697|       2888|
    +------------------+-----+-----------+-----+-----------+

    * Register: 
    +-------------------------+----+----+-----+-----------+
    |           Name          | FF | LUT| Bits| Const Bits|
    +-------------------------+----+----+-----+-----------+
    |a_assign_1_reg_3268      |  55|   0|   55|          0|
    |a_assign_2_reg_3393      |  55|   0|   55|          0|
    |a_assign_3_reg_3520      |  55|   0|   55|          0|
    |a_assign_4_reg_3645      |  55|   0|   55|          0|
    |a_assign_5_reg_3770      |  55|   0|   55|          0|
    |a_assign_6_reg_3895      |  55|   0|   55|          0|
    |a_assign_7_reg_4042      |  55|   0|   55|          0|
    |a_assign_reg_3155        |  55|   0|   55|          0|
    |ap_CS_fsm                |  74|   0|   74|          0|
    |cond_reg_3138            |   1|   0|    1|          0|
    |icmp10_reg_3825          |   1|   0|    1|          0|
    |icmp11_reg_3978          |   1|   0|    1|          0|
    |icmp12_reg_3886          |   1|   0|    1|          0|
    |icmp13_reg_3950          |   1|   0|    1|          0|
    |icmp14_reg_4021          |   1|   0|    1|          0|
    |icmp15_reg_4026          |   1|   0|    1|          0|
    |icmp1_reg_3448           |   1|   0|    1|          0|
    |icmp2_reg_3511           |   1|   0|    1|          0|
    |icmp3_reg_3259           |   1|   0|    1|          0|
    |icmp4_reg_3575           |   1|   0|    1|          0|
    |icmp5_reg_3636           |   1|   0|    1|          0|
    |icmp6_reg_3323           |   1|   0|    1|          0|
    |icmp7_reg_3700           |   1|   0|    1|          0|
    |icmp8_reg_3761           |   1|   0|    1|          0|
    |icmp9_reg_3384           |   1|   0|    1|          0|
    |icmp_reg_3198            |   1|   0|    1|          0|
    |j1_1_reg_547             |  32|   0|   32|          0|
    |j1_2_reg_581             |  32|   0|   32|          0|
    |j1_3_reg_615             |  32|   0|   32|          0|
    |j1_4_reg_649             |  32|   0|   32|          0|
    |j1_5_reg_683             |  32|   0|   32|          0|
    |j1_6_reg_717             |  32|   0|   32|          0|
    |j1_7_reg_751             |   9|   0|    9|          0|
    |j1_reg_513               |  32|   0|   32|          0|
    |j_2_reg_558              |  32|   0|   32|          0|
    |j_3_reg_592              |  32|   0|   32|          0|
    |j_4_reg_626              |  32|   0|   32|          0|
    |j_5_reg_660              |  32|   0|   32|          0|
    |j_6_reg_694              |  32|   0|   32|          0|
    |j_7_reg_728              |   9|   0|    9|          0|
    |j_reg_490                |  32|   0|   32|          0|
    |j_s_reg_524              |  32|   0|   32|          0|
    |k_1_1_reg_536            |   3|   0|    3|          0|
    |k_1_2_reg_570            |   4|   0|    4|          0|
    |k_1_3_reg_604            |   5|   0|    5|          0|
    |k_1_4_reg_638            |   6|   0|    6|          0|
    |k_1_5_reg_672            |   7|   0|    7|          0|
    |k_1_6_reg_706            |   8|   0|    8|          0|
    |k_1_7_reg_740            |  32|   0|   32|          0|
    |k_1_reg_502              |   2|   0|    2|          0|
    |k_2_1_reg_3211           |   3|   0|    3|          0|
    |k_2_2_reg_3336           |   4|   0|    4|          0|
    |k_2_3_reg_3461           |   5|   0|    5|          0|
    |k_2_4_reg_3588           |   6|   0|    6|          0|
    |k_2_5_reg_3713           |   7|   0|    7|          0|
    |k_2_6_reg_3838           |   8|   0|    8|          0|
    |k_2_7_reg_3963           |  32|   0|   32|          0|
    |k_2_reg_3095             |   2|   0|    2|          0|
    |p_0_addr_10_reg_3871     |   7|   0|    7|          0|
    |p_0_addr_11_reg_3808     |   7|   0|    7|          0|
    |p_0_addr_12_reg_3933     |   7|   0|    7|          0|
    |p_0_addr_13_reg_4011     |   7|   0|    7|          0|
    |p_0_addr_14_reg_4080     |   7|   0|    7|          0|
    |p_0_addr_1_reg_3244      |   7|   0|    7|          0|
    |p_0_addr_2_reg_3369      |   7|   0|    7|          0|
    |p_0_addr_3_reg_3306      |   7|   0|    7|          0|
    |p_0_addr_4_reg_3494      |   7|   0|    7|          0|
    |p_0_addr_5_reg_3431      |   7|   0|    7|          0|
    |p_0_addr_6_reg_3621      |   7|   0|    7|          0|
    |p_0_addr_7_reg_3558      |   7|   0|    7|          0|
    |p_0_addr_8_reg_3746      |   7|   0|    7|          0|
    |p_0_addr_9_reg_3683      |   7|   0|    7|          0|
    |p_0_addr_reg_3123        |   7|   0|    7|          0|
    |p_0_load_reg_3143        |  32|   0|   32|          0|
    |p_1_addr_10_reg_3876     |   7|   0|    7|          0|
    |p_1_addr_11_reg_3814     |   7|   0|    7|          0|
    |p_1_addr_12_reg_3939     |   7|   0|    7|          0|
    |p_1_addr_13_reg_4016     |   7|   0|    7|          0|
    |p_1_addr_14_reg_4086     |   7|   0|    7|          0|
    |p_1_addr_1_reg_3249      |   7|   0|    7|          0|
    |p_1_addr_2_reg_3374      |   7|   0|    7|          0|
    |p_1_addr_3_reg_3312      |   7|   0|    7|          0|
    |p_1_addr_4_reg_3500      |   7|   0|    7|          0|
    |p_1_addr_5_reg_3437      |   7|   0|    7|          0|
    |p_1_addr_6_reg_3626      |   7|   0|    7|          0|
    |p_1_addr_7_reg_3564      |   7|   0|    7|          0|
    |p_1_addr_8_reg_3751      |   7|   0|    7|          0|
    |p_1_addr_9_reg_3689      |   7|   0|    7|          0|
    |p_1_addr_reg_3128        |   7|   0|    7|          0|
    |p_1_load_reg_3149        |  32|   0|   32|          0|
    |p_load_18_phi_reg_3263   |  32|   0|   32|          0|
    |p_load_211_phi_reg_3388  |  32|   0|   32|          0|
    |p_load_3_phi_reg_3515    |  32|   0|   32|          0|
    |p_load_4_phi_reg_3640    |  32|   0|   32|          0|
    |p_load_5_phi_reg_3765    |  32|   0|   32|          0|
    |p_load_6_phi_reg_3890    |  32|   0|   32|          0|
    |p_load_7_phi_reg_4037    |  32|   0|   32|          0|
    |start_1_reg_3226         |  32|   0|   32|          0|
    |start_2_reg_3351         |  32|   0|   32|          0|
    |start_3_reg_3476         |  32|   0|   32|          0|
    |start_4_reg_3603         |  32|   0|   32|          0|
    |start_5_reg_3728         |  32|   0|   32|          0|
    |start_6_reg_3853         |  32|   0|   32|          0|
    |start_7_reg_3988         |   9|   0|    9|          0|
    |start_reg_3110           |  32|   0|   32|          0|
    |temp_10_reg_3775         |  32|   0|   32|          0|
    |temp_11_reg_3795         |  32|   0|   32|          0|
    |temp_12_reg_3900         |  32|   0|   32|          0|
    |temp_13_reg_3920         |  32|   0|   32|          0|
    |temp_14_reg_4047         |  32|   0|   32|          0|
    |temp_15_reg_4067         |  32|   0|   32|          0|
    |temp_1_reg_3180          |  32|   0|   32|          0|
    |temp_2_reg_3273          |  32|   0|   32|          0|
    |temp_3_reg_3293          |  32|   0|   32|          0|
    |temp_4_reg_3398          |  32|   0|   32|          0|
    |temp_5_reg_3418          |  32|   0|   32|          0|
    |temp_6_reg_3525          |  32|   0|   32|          0|
    |temp_7_reg_3545          |  32|   0|   32|          0|
    |temp_8_reg_3650          |  32|   0|   32|          0|
    |temp_9_reg_3670          |  32|   0|   32|          0|
    |temp_reg_3160            |  32|   0|   32|          0|
    |tmp_10_reg_3193          |  32|   0|   32|          0|
    |tmp_12_reg_3170          |   9|   0|    9|          0|
    |tmp_15_reg_3175          |  19|   0|   19|          0|
    |tmp_20_reg_3239          |   7|   0|    7|          0|
    |tmp_22_reg_3300          |  25|   0|   25|          0|
    |tmp_23_reg_3278          |   6|   0|    6|          0|
    |tmp_25_reg_3283          |   9|   0|    9|          0|
    |tmp_26_reg_3318          |  32|   0|   32|          0|
    |tmp_27_reg_3425          |  25|   0|   25|          0|
    |tmp_28_reg_3288          |  19|   0|   19|          0|
    |tmp_29_reg_3443          |  32|   0|   32|          0|
    |tmp_30_reg_3552          |  25|   0|   25|          0|
    |tmp_32_reg_3570          |  32|   0|   32|          0|
    |tmp_33_reg_3677          |  25|   0|   25|          0|
    |tmp_34_reg_3364          |   7|   0|    7|          0|
    |tmp_35_reg_3695          |  32|   0|   32|          0|
    |tmp_36_reg_3802          |  25|   0|   25|          0|
    |tmp_38_reg_3820          |  32|   0|   32|          0|
    |tmp_39_reg_3927          |  25|   0|   25|          0|
    |tmp_40_reg_3945          |  32|   0|   32|          0|
    |tmp_41_reg_4074          |  25|   0|   25|          0|
    |tmp_42_reg_4092          |  32|   0|   32|          0|
    |tmp_43_reg_3403          |   6|   0|    6|          0|
    |tmp_46_reg_3408          |   9|   0|    9|          0|
    |tmp_47_reg_3413          |  19|   0|   19|          0|
    |tmp_49_reg_3489          |   7|   0|    7|          0|
    |tmp_4_1_reg_3221         |  32|   0|   32|          0|
    |tmp_4_2_reg_3346         |  32|   0|   32|          0|
    |tmp_4_3_reg_3471         |  32|   0|   32|          0|
    |tmp_4_4_reg_3598         |  32|   0|   32|          0|
    |tmp_4_5_reg_3723         |  32|   0|   32|          0|
    |tmp_4_6_reg_3848         |  32|   0|   32|          0|
    |tmp_4_7_reg_3983         |   9|   0|    9|          0|
    |tmp_4_reg_3105           |  32|   0|   32|          0|
    |tmp_52_reg_3530          |   6|   0|    6|          0|
    |tmp_53_reg_3535          |   9|   0|    9|          0|
    |tmp_54_reg_3540          |  19|   0|   19|          0|
    |tmp_56_reg_3616          |   7|   0|    7|          0|
    |tmp_59_reg_3655          |   6|   0|    6|          0|
    |tmp_60_reg_3660          |   9|   0|    9|          0|
    |tmp_61_reg_3665          |  19|   0|   19|          0|
    |tmp_64_reg_3741          |   7|   0|    7|          0|
    |tmp_67_reg_3780          |   6|   0|    6|          0|
    |tmp_68_reg_3785          |   9|   0|    9|          0|
    |tmp_69_reg_3790          |  19|   0|   19|          0|
    |tmp_6_1_cast_reg_3231    |  23|   0|   55|         32|
    |tmp_6_2_cast_reg_3356    |  23|   0|   55|         32|
    |tmp_6_3_cast_reg_3481    |  23|   0|   55|         32|
    |tmp_6_4_cast_reg_3608    |  23|   0|   55|         32|
    |tmp_6_5_cast_reg_3733    |  23|   0|   55|         32|
    |tmp_6_6_cast_reg_3858    |  23|   0|   55|         32|
    |tmp_6_7_cast_reg_3993    |  23|   0|   55|         32|
    |tmp_6_cast_reg_3115      |  23|   0|   55|         32|
    |tmp_6_reg_3187           |  25|   0|   25|          0|
    |tmp_74_reg_3866          |   7|   0|    7|          0|
    |tmp_77_reg_3905          |   6|   0|    6|          0|
    |tmp_78_reg_3910          |   9|   0|    9|          0|
    |tmp_79_reg_3915          |  19|   0|   19|          0|
    |tmp_81_reg_4001          |   7|   0|    7|          0|
    |tmp_84_reg_4052          |   6|   0|    6|          0|
    |tmp_85_reg_4057          |   9|   0|    9|          0|
    |tmp_86_reg_4062          |  19|   0|   19|          0|
    |tmp_9_7_reg_4006         |   9|   0|    9|          0|
    |tmp_9_reg_3165           |   6|   0|    6|          0|
    +-------------------------+----+----+-----+-----------+
    |Total                    |3577|   0| 3833|        256|
    +-------------------------+----+----+-----+-----------+



================================================================
== Interface
================================================================
* Summary: 
+--------------+-----+-----+------------+--------------+--------------+
|   RTL Ports  | Dir | Bits|  Protocol  | Source Object|    C Type    |
+--------------+-----+-----+------------+--------------+--------------+
|ap_clk        |  in |    1| ap_ctrl_hs |      ntt     | return value |
|ap_rst        |  in |    1| ap_ctrl_hs |      ntt     | return value |
|ap_start      |  in |    1| ap_ctrl_hs |      ntt     | return value |
|ap_done       | out |    1| ap_ctrl_hs |      ntt     | return value |
|ap_idle       | out |    1| ap_ctrl_hs |      ntt     | return value |
|ap_ready      | out |    1| ap_ctrl_hs |      ntt     | return value |
|p_0_address0  | out |    7|  ap_memory |      p_0     |     array    |
|p_0_ce0       | out |    1|  ap_memory |      p_0     |     array    |
|p_0_we0       | out |    1|  ap_memory |      p_0     |     array    |
|p_0_d0        | out |   32|  ap_memory |      p_0     |     array    |
|p_0_q0        |  in |   32|  ap_memory |      p_0     |     array    |
|p_0_address1  | out |    7|  ap_memory |      p_0     |     array    |
|p_0_ce1       | out |    1|  ap_memory |      p_0     |     array    |
|p_0_we1       | out |    1|  ap_memory |      p_0     |     array    |
|p_0_d1        | out |   32|  ap_memory |      p_0     |     array    |
|p_0_q1        |  in |   32|  ap_memory |      p_0     |     array    |
|p_1_address0  | out |    7|  ap_memory |      p_1     |     array    |
|p_1_ce0       | out |    1|  ap_memory |      p_1     |     array    |
|p_1_we0       | out |    1|  ap_memory |      p_1     |     array    |
|p_1_d0        | out |   32|  ap_memory |      p_1     |     array    |
|p_1_q0        |  in |   32|  ap_memory |      p_1     |     array    |
|p_1_address1  | out |    7|  ap_memory |      p_1     |     array    |
|p_1_ce1       | out |    1|  ap_memory |      p_1     |     array    |
|p_1_we1       | out |    1|  ap_memory |      p_1     |     array    |
|p_1_d1        | out |   32|  ap_memory |      p_1     |     array    |
|p_1_q1        |  in |   32|  ap_memory |      p_1     |     array    |
+--------------+-----+-----+------------+--------------+--------------+

