

================================================================
== Vivado HLS Report for 'ntt'
================================================================
* Date:           Sat Dec 12 08:37:30 2020

* Version:        2018.3 (Build 2405991 on Thu Dec 06 23:56:15 MST 2018)
* Project:        dilithium1.prj
* Solution:       ntt_opt1__outloop_unroll
* Product family: artix7
* Target device:  xc7a200tfbg676-2


================================================================
== Performance Estimates
================================================================
+ Timing (ns): 
    * Summary: 
    +--------+-------+----------+------------+
    |  Clock | Target| Estimated| Uncertainty|
    +--------+-------+----------+------------+
    |ap_clk  |  10.00|     7.724|        1.25|
    +--------+-------+----------+------------+

+ Latency (clock cycles): 
    * Summary: 
    +-----+-----+-----+-----+---------+
    |  Latency  |  Interval | Pipeline|
    | min | max | min | max |   Type  |
    +-----+-----+-----+-----+---------+
    |    ?|    ?|    ?|    ?|   none  |
    +-----+-----+-----+-----+---------+

    + Detail: 
        * Instance: 
        N/A

        * Loop: 
        +---------------+-----+-----+----------+-----------+-----------+------+----------+
        |               |  Latency  | Iteration|  Initiation Interval  | Trip |          |
        |   Loop Name   | min | max |  Latency |  achieved |   target  | Count| Pipelined|
        +---------------+-----+-----+----------+-----------+-----------+------+----------+
        |- Loop 1       |    ?|    ?|         ?|          -|          -|     1|    no    |
        | + ntt_label2  |    ?|    ?|         7|          -|          -|     ?|    no    |
        |- Loop 2       |    ?|    ?|         ?|          -|          -|     2|    no    |
        | + ntt_label2  |    ?|    ?|         7|          -|          -|     ?|    no    |
        |- Loop 3       |    ?|    ?|         ?|          -|          -|     4|    no    |
        | + ntt_label2  |    ?|    ?|         7|          -|          -|     ?|    no    |
        |- Loop 4       |    ?|    ?|         ?|          -|          -|     8|    no    |
        | + ntt_label2  |    ?|    ?|         7|          -|          -|     ?|    no    |
        |- Loop 5       |    ?|    ?|         ?|          -|          -|    16|    no    |
        | + ntt_label2  |    ?|    ?|         7|          -|          -|     ?|    no    |
        |- Loop 6       |    ?|    ?|         ?|          -|          -|    32|    no    |
        | + ntt_label2  |    ?|    ?|         7|          -|          -|     ?|    no    |
        |- Loop 7       |    ?|    ?|         ?|          -|          -|    64|    no    |
        | + ntt_label2  |    ?|    ?|         7|          -|          -|     ?|    no    |
        |- Loop 8       |    ?|    ?|         ?|          -|          -|     ?|    no    |
        | + ntt_label2  |    ?|    ?|         7|          -|          -|     ?|    no    |
        +---------------+-----+-----+----------+-----------+-----------+------+----------+



================================================================
== Utilization Estimates
================================================================
* Summary: 
+-----------------+---------+-------+--------+--------+
|       Name      | BRAM_18K| DSP48E|   FF   |   LUT  |
+-----------------+---------+-------+--------+--------+
|DSP              |        -|      -|       -|       -|
|Expression       |        -|     64|       0|    3740|
|FIFO             |        -|      -|       -|       -|
|Instance         |        -|      -|       -|       -|
|Memory           |        1|      -|       0|       0|
|Multiplexer      |        -|      -|       -|     856|
|Register         |        -|      -|    3300|       -|
+-----------------+---------+-------+--------+--------+
|Total            |        1|     64|    3300|    4596|
+-----------------+---------+-------+--------+--------+
|Available        |      730|    740|  269200|  129000|
+-----------------+---------+-------+--------+--------+
|Utilization (%)  |    ~0   |      8|       1|       3|
+-----------------+---------+-------+--------+--------+

+ Detail: 
    * Instance: 
    N/A

    * DSP48: 
    N/A

    * Memory: 
    +---------+-----------+---------+---+----+------+-----+------+-------------+
    |  Memory |   Module  | BRAM_18K| FF| LUT| Words| Bits| Banks| W*Bits*Banks|
    +---------+-----------+---------+---+----+------+-----+------+-------------+
    |zetas_U  |ntt_zetas  |        1|  0|   0|   256|   23|     1|         5888|
    +---------+-----------+---------+---+----+------+-----+------+-------------+
    |Total    |           |        1|  0|   0|   256|   23|     1|         5888|
    +---------+-----------+---------+---+----+------+-----+------+-------------+

    * FIFO: 
    N/A

    * Expression: 
    +----------------------+----------+-------+---+----+------------+------------+
    |     Variable Name    | Operation| DSP48E| FF| LUT| Bitwidth P0| Bitwidth P1|
    +----------------------+----------+-------+---+----+------------+------------+
    |t_10_fu_1117_p2       |     *    |      2|  0|  21|          23|          32|
    |t_13_fu_1265_p2       |     *    |      2|  0|  21|          23|          32|
    |t_16_fu_1413_p2       |     *    |      2|  0|  21|          23|          32|
    |t_19_fu_1561_p2       |     *    |      2|  0|  21|          23|          32|
    |t_1_fu_673_p2         |     *    |      2|  0|  21|          23|          32|
    |t_22_fu_1705_p2       |     *    |      2|  0|  21|          23|          32|
    |t_4_fu_821_p2         |     *    |      2|  0|  21|          23|          32|
    |t_7_fu_969_p2         |     *    |      2|  0|  21|          23|          32|
    |temp_14_fu_1544_p2    |     *    |      2|  0|  21|          23|          32|
    |temp_16_fu_1688_p2    |     *    |      2|  0|  21|          23|          32|
    |temp_18_fu_665_p2     |     *    |      4|  0|  21|          27|          32|
    |temp_19_fu_813_p2     |     *    |      4|  0|  21|          27|          32|
    |temp_1_fu_656_p2      |     *    |      2|  0|  21|          23|          32|
    |temp_20_fu_961_p2     |     *    |      4|  0|  21|          27|          32|
    |temp_21_fu_1109_p2    |     *    |      4|  0|  21|          27|          32|
    |temp_22_fu_1257_p2    |     *    |      4|  0|  21|          27|          32|
    |temp_23_fu_1405_p2    |     *    |      4|  0|  21|          27|          32|
    |temp_24_fu_1553_p2    |     *    |      4|  0|  21|          27|          32|
    |temp_25_fu_1697_p2    |     *    |      4|  0|  21|          27|          32|
    |temp_3_fu_952_p2      |     *    |      2|  0|  21|          23|          32|
    |temp_5_fu_1100_p2     |     *    |      2|  0|  21|          23|          32|
    |temp_7_fu_1248_p2     |     *    |      2|  0|  21|          23|          32|
    |temp_9_fu_1396_p2     |     *    |      2|  0|  21|          23|          32|
    |temp_fu_804_p2        |     *    |      2|  0|  21|          23|          32|
    |j_1_1_fu_789_p2       |     +    |      0|  0|  39|           1|          32|
    |j_1_2_fu_937_p2       |     +    |      0|  0|  39|           1|          32|
    |j_1_3_fu_1085_p2      |     +    |      0|  0|  39|           1|          32|
    |j_1_4_fu_1233_p2      |     +    |      0|  0|  39|           1|          32|
    |j_1_5_fu_1381_p2      |     +    |      0|  0|  39|           1|          32|
    |j_1_6_fu_1529_p2      |     +    |      0|  0|  39|           1|          32|
    |j_1_fu_641_p2         |     +    |      0|  0|  39|           1|          32|
    |k_2_1_fu_733_p2       |     +    |      0|  0|  12|           3|           1|
    |k_2_2_fu_881_p2       |     +    |      0|  0|  13|           4|           1|
    |k_2_3_fu_1029_p2      |     +    |      0|  0|  15|           5|           1|
    |k_2_4_fu_1177_p2      |     +    |      0|  0|  15|           6|           1|
    |k_2_5_fu_1325_p2      |     +    |      0|  0|  15|           7|           1|
    |k_2_6_fu_1473_p2      |     +    |      0|  0|  15|           8|           1|
    |k_2_7_fu_1623_p2      |     +    |      0|  0|  39|          32|           1|
    |k_2_fu_585_p2         |     +    |      0|  0|  10|           2|           1|
    |t_11_fu_1129_p2       |     +    |      0|  0|  63|          56|          56|
    |t_14_fu_1277_p2       |     +    |      0|  0|  63|          56|          56|
    |t_17_fu_1425_p2       |     +    |      0|  0|  63|          56|          56|
    |t_20_fu_1573_p2       |     +    |      0|  0|  63|          56|          56|
    |t_23_fu_1717_p2       |     +    |      0|  0|  63|          56|          56|
    |t_2_fu_685_p2         |     +    |      0|  0|  63|          56|          56|
    |t_5_fu_833_p2         |     +    |      0|  0|  63|          56|          56|
    |t_8_fu_981_p2         |     +    |      0|  0|  63|          56|          56|
    |tmp_10_fu_713_p2      |     +    |      0|  0|  39|          32|          32|
    |tmp_11_fu_720_p2      |     +    |      0|  0|  39|          32|          32|
    |tmp_12_1_fu_861_p2    |     +    |      0|  0|  39|          32|          32|
    |tmp_12_2_fu_1009_p2   |     +    |      0|  0|  39|          32|          32|
    |tmp_12_3_fu_1157_p2   |     +    |      0|  0|  39|          32|          32|
    |tmp_12_4_fu_1305_p2   |     +    |      0|  0|  39|          32|          32|
    |tmp_12_5_fu_1453_p2   |     +    |      0|  0|  39|          32|          32|
    |tmp_12_6_fu_1601_p2   |     +    |      0|  0|  39|          32|          32|
    |tmp_12_7_fu_1745_p2   |     +    |      0|  0|  39|          32|          32|
    |tmp_12_fu_647_p2      |     +    |      0|  0|  39|          32|           8|
    |tmp_13_1_fu_868_p2    |     +    |      0|  0|  39|          32|          32|
    |tmp_13_2_fu_1016_p2   |     +    |      0|  0|  39|          32|          32|
    |tmp_13_3_fu_1164_p2   |     +    |      0|  0|  39|          32|          32|
    |tmp_13_4_fu_1312_p2   |     +    |      0|  0|  39|          32|          32|
    |tmp_13_5_fu_1460_p2   |     +    |      0|  0|  39|          32|          32|
    |tmp_13_6_fu_1608_p2   |     +    |      0|  0|  39|          32|          32|
    |tmp_13_7_fu_1752_p2   |     +    |      0|  0|  39|          32|          32|
    |tmp_14_1_fu_795_p2    |     +    |      0|  0|  39|          32|           7|
    |tmp_14_2_fu_943_p2    |     +    |      0|  0|  39|          32|           6|
    |tmp_14_3_fu_1091_p2   |     +    |      0|  0|  39|          32|           5|
    |tmp_14_4_fu_1239_p2   |     +    |      0|  0|  39|          32|           4|
    |tmp_14_5_fu_1387_p2   |     +    |      0|  0|  39|          32|           3|
    |tmp_14_6_fu_1535_p2   |     +    |      0|  0|  39|          32|           2|
    |tmp_14_7_fu_1679_p2   |     +    |      0|  0|  16|           9|           1|
    |tmp_4_1_fu_744_p2     |     +    |      0|  0|  39|          32|           7|
    |tmp_4_2_fu_892_p2     |     +    |      0|  0|  39|          32|           6|
    |tmp_4_3_fu_1040_p2    |     +    |      0|  0|  39|          32|           5|
    |tmp_4_4_fu_1188_p2    |     +    |      0|  0|  39|          32|           4|
    |tmp_4_5_fu_1336_p2    |     +    |      0|  0|  39|          32|           3|
    |tmp_4_6_fu_1484_p2    |     +    |      0|  0|  39|          32|           2|
    |tmp_4_7_fu_1634_p2    |     +    |      0|  0|  16|           9|           1|
    |tmp_4_fu_596_p2       |     +    |      0|  0|  39|          32|           8|
    |tmp_9_1_fu_773_p2     |     +    |      0|  0|  39|           7|          32|
    |tmp_9_2_fu_921_p2     |     +    |      0|  0|  39|           6|          32|
    |tmp_9_3_fu_1069_p2    |     +    |      0|  0|  39|           5|          32|
    |tmp_9_4_fu_1217_p2    |     +    |      0|  0|  39|           4|          32|
    |tmp_9_5_fu_1365_p2    |     +    |      0|  0|  39|           3|          32|
    |tmp_9_6_fu_1513_p2    |     +    |      0|  0|  39|           2|          32|
    |tmp_9_7_fu_1663_p2    |     +    |      0|  0|  16|           1|           9|
    |tmp_9_fu_625_p2       |     +    |      0|  0|  39|           8|          32|
    |tmp_11_1_fu_852_p2    |     -    |      0|  0|  31|          15|          24|
    |tmp_11_2_fu_1000_p2   |     -    |      0|  0|  31|          15|          24|
    |tmp_11_3_fu_1148_p2   |     -    |      0|  0|  31|          15|          24|
    |tmp_11_4_fu_1296_p2   |     -    |      0|  0|  31|          15|          24|
    |tmp_11_5_fu_1444_p2   |     -    |      0|  0|  31|          15|          24|
    |tmp_11_6_fu_1592_p2   |     -    |      0|  0|  31|          15|          24|
    |tmp_11_7_fu_1736_p2   |     -    |      0|  0|  31|          15|          24|
    |tmp_7_fu_704_p2       |     -    |      0|  0|  31|          15|          24|
    |exitcond1_fu_579_p2   |   icmp   |      0|  0|   9|           2|           3|
    |exitcond2_fu_727_p2   |   icmp   |      0|  0|   9|           3|           4|
    |exitcond3_fu_875_p2   |   icmp   |      0|  0|  11|           4|           5|
    |exitcond4_fu_1023_p2  |   icmp   |      0|  0|  11|           5|           6|
    |exitcond5_fu_1171_p2  |   icmp   |      0|  0|  11|           6|           7|
    |exitcond6_fu_1319_p2  |   icmp   |      0|  0|  11|           7|           8|
    |exitcond_fu_1467_p2   |   icmp   |      0|  0|  13|           8|           9|
    |tmp_5_1_fu_750_p2     |   icmp   |      0|  0|  18|          32|          32|
    |tmp_5_2_fu_898_p2     |   icmp   |      0|  0|  18|          32|          32|
    |tmp_5_3_fu_1046_p2    |   icmp   |      0|  0|  18|          32|          32|
    |tmp_5_4_fu_1194_p2    |   icmp   |      0|  0|  18|          32|          32|
    |tmp_5_5_fu_1342_p2    |   icmp   |      0|  0|  18|          32|          32|
    |tmp_5_6_fu_1490_p2    |   icmp   |      0|  0|  18|          32|          32|
    |tmp_5_7_fu_1640_p2    |   icmp   |      0|  0|  13|           9|           9|
    |tmp_5_fu_602_p2       |   icmp   |      0|  0|  18|          32|          32|
    |tmp_8_1_fu_768_p2     |   icmp   |      0|  0|  18|          32|          32|
    |tmp_8_2_fu_916_p2     |   icmp   |      0|  0|  18|          32|          32|
    |tmp_8_3_fu_1064_p2    |   icmp   |      0|  0|  18|          32|          32|
    |tmp_8_4_fu_1212_p2    |   icmp   |      0|  0|  18|          32|          32|
    |tmp_8_5_fu_1360_p2    |   icmp   |      0|  0|  18|          32|          32|
    |tmp_8_6_fu_1508_p2    |   icmp   |      0|  0|  18|          32|          32|
    |tmp_8_7_fu_1658_p2    |   icmp   |      0|  0|  13|           9|           9|
    |tmp_8_fu_620_p2       |   icmp   |      0|  0|  18|          32|          32|
    |start_1_fu_756_p3     |  select  |      0|  0|  32|           1|          32|
    |start_2_fu_904_p3     |  select  |      0|  0|  32|           1|          32|
    |start_3_fu_1052_p3    |  select  |      0|  0|  32|           1|          32|
    |start_4_fu_1200_p3    |  select  |      0|  0|  32|           1|          32|
    |start_5_fu_1348_p3    |  select  |      0|  0|  32|           1|          32|
    |start_6_fu_1496_p3    |  select  |      0|  0|  32|           1|          32|
    |start_7_fu_1646_p3    |  select  |      0|  0|   9|           1|           9|
    |start_fu_608_p3       |  select  |      0|  0|  32|           1|          32|
    +----------------------+----------+-------+---+----+------------+------------+
    |Total                 |          |     64|  0|3740|        2749|        3198|
    +----------------------+----------+-------+---+----+------------+------------+

    * Multiplexer: 
    +----------------+-----+-----------+-----+-----------+
    |      Name      | LUT | Input Size| Bits| Total Bits|
    +----------------+-----+-----------+-----+-----------+
    |ap_NS_fsm       |  329|         74|    1|         74|
    |j1_1_reg_366    |    9|          2|   32|         64|
    |j1_2_reg_399    |    9|          2|   32|         64|
    |j1_3_reg_432    |    9|          2|   32|         64|
    |j1_4_reg_465    |    9|          2|   32|         64|
    |j1_5_reg_498    |    9|          2|   32|         64|
    |j1_6_reg_531    |    9|          2|   32|         64|
    |j1_7_reg_564    |    9|          2|    9|         18|
    |j1_reg_333      |    9|          2|   32|         64|
    |j_2_reg_376     |    9|          2|   32|         64|
    |j_3_reg_409     |    9|          2|   32|         64|
    |j_4_reg_442     |    9|          2|   32|         64|
    |j_5_reg_475     |    9|          2|   32|         64|
    |j_6_reg_508     |    9|          2|   32|         64|
    |j_7_reg_541     |    9|          2|    9|         18|
    |j_reg_310       |    9|          2|   32|         64|
    |j_s_reg_343     |    9|          2|   32|         64|
    |k_1_1_reg_355   |    9|          2|    3|          6|
    |k_1_2_reg_388   |    9|          2|    4|          8|
    |k_1_3_reg_421   |    9|          2|    5|         10|
    |k_1_4_reg_454   |    9|          2|    6|         12|
    |k_1_5_reg_487   |    9|          2|    7|         14|
    |k_1_6_reg_520   |    9|          2|    8|         16|
    |k_1_7_reg_553   |    9|          2|   32|         64|
    |k_1_reg_322     |    9|          2|    2|          4|
    |p_address0      |   85|         17|    8|        136|
    |p_address1      |   85|         17|    8|        136|
    |p_d0            |   44|          9|   32|        288|
    |p_d1            |   44|          9|   32|        288|
    |reg_574         |    9|          2|   32|         64|
    |zetas_address0  |   44|          9|    8|         72|
    +----------------+-----+-----------+-----+-----------+
    |Total           |  856|        185|  654|       2124|
    +----------------+-----+-----------+-----+-----------+

    * Register: 
    +-----------------------+----+----+-----+-----------+
    |          Name         | FF | LUT| Bits| Const Bits|
    +-----------------------+----+----+-----+-----------+
    |ap_CS_fsm              |  73|   0|   73|          0|
    |j1_1_reg_366           |  32|   0|   32|          0|
    |j1_2_reg_399           |  32|   0|   32|          0|
    |j1_3_reg_432           |  32|   0|   32|          0|
    |j1_4_reg_465           |  32|   0|   32|          0|
    |j1_5_reg_498           |  32|   0|   32|          0|
    |j1_6_reg_531           |  32|   0|   32|          0|
    |j1_7_reg_564           |   9|   0|    9|          0|
    |j1_reg_333             |  32|   0|   32|          0|
    |j_1_1_reg_1881         |  32|   0|   32|          0|
    |j_1_2_reg_1960         |  32|   0|   32|          0|
    |j_1_3_reg_2039         |  32|   0|   32|          0|
    |j_1_4_reg_2118         |  32|   0|   32|          0|
    |j_1_5_reg_2197         |  32|   0|   32|          0|
    |j_1_6_reg_2276         |  32|   0|   32|          0|
    |j_1_reg_1802           |  32|   0|   32|          0|
    |j_2_reg_376            |  32|   0|   32|          0|
    |j_3_reg_409            |  32|   0|   32|          0|
    |j_4_reg_442            |  32|   0|   32|          0|
    |j_5_reg_475            |  32|   0|   32|          0|
    |j_6_reg_508            |  32|   0|   32|          0|
    |j_7_reg_541            |   9|   0|    9|          0|
    |j_reg_310              |  32|   0|   32|          0|
    |j_s_reg_343            |  32|   0|   32|          0|
    |k_1_1_reg_355          |   3|   0|    3|          0|
    |k_1_2_reg_388          |   4|   0|    4|          0|
    |k_1_3_reg_421          |   5|   0|    5|          0|
    |k_1_4_reg_454          |   6|   0|    6|          0|
    |k_1_5_reg_487          |   7|   0|    7|          0|
    |k_1_6_reg_520          |   8|   0|    8|          0|
    |k_1_7_reg_553          |  32|   0|   32|          0|
    |k_1_reg_322            |   2|   0|    2|          0|
    |k_2_1_reg_1841         |   3|   0|    3|          0|
    |k_2_2_reg_1920         |   4|   0|    4|          0|
    |k_2_3_reg_1999         |   5|   0|    5|          0|
    |k_2_4_reg_2078         |   6|   0|    6|          0|
    |k_2_5_reg_2157         |   7|   0|    7|          0|
    |k_2_6_reg_2236         |   8|   0|    8|          0|
    |k_2_7_reg_2315         |  32|   0|   32|          0|
    |k_2_reg_1762           |   2|   0|    2|          0|
    |p_addr_10_reg_2185     |   8|   0|    8|          0|
    |p_addr_11_reg_2191     |   8|   0|    8|          0|
    |p_addr_12_reg_2264     |   8|   0|    8|          0|
    |p_addr_13_reg_2270     |   8|   0|    8|          0|
    |p_addr_14_reg_2348     |   8|   0|    8|          0|
    |p_addr_15_reg_2354     |   8|   0|    8|          0|
    |p_addr_1_reg_1796      |   8|   0|    8|          0|
    |p_addr_2_reg_1869      |   8|   0|    8|          0|
    |p_addr_3_reg_1875      |   8|   0|    8|          0|
    |p_addr_4_reg_1948      |   8|   0|    8|          0|
    |p_addr_5_reg_1954      |   8|   0|    8|          0|
    |p_addr_6_reg_2027      |   8|   0|    8|          0|
    |p_addr_7_reg_2033      |   8|   0|    8|          0|
    |p_addr_8_reg_2106      |   8|   0|    8|          0|
    |p_addr_9_reg_2112      |   8|   0|    8|          0|
    |p_addr_reg_1790        |   8|   0|    8|          0|
    |reg_574                |  32|   0|   32|          0|
    |start_1_reg_1856       |  32|   0|   32|          0|
    |start_2_reg_1935       |  32|   0|   32|          0|
    |start_3_reg_2014       |  32|   0|   32|          0|
    |start_4_reg_2093       |  32|   0|   32|          0|
    |start_5_reg_2172       |  32|   0|   32|          0|
    |start_6_reg_2251       |  32|   0|   32|          0|
    |start_7_reg_2330       |   9|   0|    9|          0|
    |start_reg_1777         |  32|   0|   32|          0|
    |t_10_reg_2064          |  55|   0|   55|          0|
    |t_13_reg_2143          |  55|   0|   55|          0|
    |t_16_reg_2222          |  55|   0|   55|          0|
    |t_19_reg_2301          |  55|   0|   55|          0|
    |t_1_reg_1827           |  55|   0|   55|          0|
    |t_22_reg_2380          |  55|   0|   55|          0|
    |t_4_reg_1906           |  55|   0|   55|          0|
    |t_7_reg_1985           |  55|   0|   55|          0|
    |temp_14_reg_2286       |  55|   0|   55|          0|
    |temp_16_reg_2365       |  55|   0|   55|          0|
    |temp_18_reg_1822       |  32|   0|   32|          0|
    |temp_19_reg_1901       |  32|   0|   32|          0|
    |temp_1_reg_1812        |  55|   0|   55|          0|
    |temp_20_reg_1980       |  32|   0|   32|          0|
    |temp_21_reg_2059       |  32|   0|   32|          0|
    |temp_22_reg_2138       |  32|   0|   32|          0|
    |temp_23_reg_2217       |  32|   0|   32|          0|
    |temp_24_reg_2296       |  32|   0|   32|          0|
    |temp_25_reg_2375       |  32|   0|   32|          0|
    |temp_3_reg_1970        |  55|   0|   55|          0|
    |temp_5_reg_2049        |  55|   0|   55|          0|
    |temp_7_reg_2128        |  55|   0|   55|          0|
    |temp_9_reg_2207        |  55|   0|   55|          0|
    |temp_reg_1891          |  55|   0|   55|          0|
    |tmp_18_reg_1832        |  24|   0|   24|          0|
    |tmp_19_reg_1911        |  24|   0|   24|          0|
    |tmp_20_reg_1990        |  24|   0|   24|          0|
    |tmp_21_reg_2069        |  24|   0|   24|          0|
    |tmp_22_reg_2148        |  24|   0|   24|          0|
    |tmp_23_reg_2227        |  24|   0|   24|          0|
    |tmp_24_reg_2306        |  24|   0|   24|          0|
    |tmp_25_reg_2385        |  24|   0|   24|          0|
    |tmp_26_reg_1817        |  32|   0|   32|          0|
    |tmp_27_reg_1896        |  32|   0|   32|          0|
    |tmp_28_reg_1975        |  32|   0|   32|          0|
    |tmp_29_reg_2054        |  32|   0|   32|          0|
    |tmp_30_reg_2133        |  32|   0|   32|          0|
    |tmp_31_reg_2212        |  32|   0|   32|          0|
    |tmp_33_reg_2291        |  32|   0|   32|          0|
    |tmp_34_reg_2370        |  32|   0|   32|          0|
    |tmp_4_1_reg_1851       |  32|   0|   32|          0|
    |tmp_4_2_reg_1930       |  32|   0|   32|          0|
    |tmp_4_3_reg_2009       |  32|   0|   32|          0|
    |tmp_4_4_reg_2088       |  32|   0|   32|          0|
    |tmp_4_5_reg_2167       |  32|   0|   32|          0|
    |tmp_4_6_reg_2246       |  32|   0|   32|          0|
    |tmp_4_7_reg_2325       |   9|   0|    9|          0|
    |tmp_4_reg_1772         |  32|   0|   32|          0|
    |tmp_6_1_cast_reg_1861  |  23|   0|   55|         32|
    |tmp_6_2_cast_reg_1940  |  23|   0|   55|         32|
    |tmp_6_3_cast_reg_2019  |  23|   0|   55|         32|
    |tmp_6_4_cast_reg_2098  |  23|   0|   55|         32|
    |tmp_6_5_cast_reg_2177  |  23|   0|   55|         32|
    |tmp_6_6_cast_reg_2256  |  23|   0|   55|         32|
    |tmp_6_7_cast_reg_2335  |  23|   0|   55|         32|
    |tmp_6_cast_reg_1782    |  23|   0|   55|         32|
    |tmp_9_7_reg_2343       |   9|   0|    9|          0|
    +-----------------------+----+----+-----+-----------+
    |Total                  |3300|   0| 3556|        256|
    +-----------------------+----+----+-----+-----------+



================================================================
== Interface
================================================================
* Summary: 
+------------+-----+-----+------------+--------------+--------------+
|  RTL Ports | Dir | Bits|  Protocol  | Source Object|    C Type    |
+------------+-----+-----+------------+--------------+--------------+
|ap_clk      |  in |    1| ap_ctrl_hs |      ntt     | return value |
|ap_rst      |  in |    1| ap_ctrl_hs |      ntt     | return value |
|ap_start    |  in |    1| ap_ctrl_hs |      ntt     | return value |
|ap_done     | out |    1| ap_ctrl_hs |      ntt     | return value |
|ap_idle     | out |    1| ap_ctrl_hs |      ntt     | return value |
|ap_ready    | out |    1| ap_ctrl_hs |      ntt     | return value |
|p_address0  | out |    8|  ap_memory |       p      |     array    |
|p_ce0       | out |    1|  ap_memory |       p      |     array    |
|p_we0       | out |    1|  ap_memory |       p      |     array    |
|p_d0        | out |   32|  ap_memory |       p      |     array    |
|p_q0        |  in |   32|  ap_memory |       p      |     array    |
|p_address1  | out |    8|  ap_memory |       p      |     array    |
|p_ce1       | out |    1|  ap_memory |       p      |     array    |
|p_we1       | out |    1|  ap_memory |       p      |     array    |
|p_d1        | out |   32|  ap_memory |       p      |     array    |
|p_q1        |  in |   32|  ap_memory |       p      |     array    |
+------------+-----+-----+------------+--------------+--------------+

