   Build using "/opt/Xilinx2018/Vivado/2018.3/tps/lnx64/gcc-6.2.0/bin/g++"
   Compiling apatb_ntt.cpp
   Compiling (apcc) aes.c_pre.c.tb.c
INFO: [HLS 200-10] Running '/opt/Xilinx2018/Vivado/2018.3/bin/unwrapped/lnx64.o/apcc'
INFO: [HLS 200-10] For user 'dss545' on host 'hansolo.poly.edu' (Linux_x86_64 version 3.10.0-1127.18.2.el7.x86_64) on Sat Dec 12 08:52:37 EST 2020
INFO: [HLS 200-10] On os "Red Hat Enterprise Linux Server release 7.8 (Maipo)"
INFO: [HLS 200-10] In directory '/home/dss545/vivado_hls/SHARING/CRYSTALS-Dilithium/Dilithium/Reference_Implementation/crypto_sign/project19/dilithium1.prj/ntt_opt4__inloop_pipe/sim/wrapc'
clang: warning: argument unused during compilation: '-fno-builtin-isinf'
clang: warning: argument unused during compilation: '-fno-builtin-isnan'
INFO: [APCC 202-3] Tmp directory is /tmp/apcc_db_dss545/343461607781157574665
INFO: [APCC 202-1] APCC is done.
   Compiling (apcc) fips202.c_pre.c.tb.c
INFO: [HLS 200-10] Running '/opt/Xilinx2018/Vivado/2018.3/bin/unwrapped/lnx64.o/apcc'
INFO: [HLS 200-10] For user 'dss545' on host 'hansolo.poly.edu' (Linux_x86_64 version 3.10.0-1127.18.2.el7.x86_64) on Sat Dec 12 08:52:44 EST 2020
INFO: [HLS 200-10] On os "Red Hat Enterprise Linux Server release 7.8 (Maipo)"
INFO: [HLS 200-10] In directory '/home/dss545/vivado_hls/SHARING/CRYSTALS-Dilithium/Dilithium/Reference_Implementation/crypto_sign/project19/dilithium1.prj/ntt_opt4__inloop_pipe/sim/wrapc'
clang: warning: argument unused during compilation: '-fno-builtin-isinf'
clang: warning: argument unused during compilation: '-fno-builtin-isnan'
INFO: [APCC 202-3] Tmp directory is /tmp/apcc_db_dss545/345741607781164455044
INFO: [APCC 202-1] APCC is done.
   Compiling (apcc) newtest_sign.c_pre.c.tb.c
INFO: [HLS 200-10] Running '/opt/Xilinx2018/Vivado/2018.3/bin/unwrapped/lnx64.o/apcc'
INFO: [HLS 200-10] For user 'dss545' on host 'hansolo.poly.edu' (Linux_x86_64 version 3.10.0-1127.18.2.el7.x86_64) on Sat Dec 12 08:52:52 EST 2020
INFO: [HLS 200-10] On os "Red Hat Enterprise Linux Server release 7.8 (Maipo)"
INFO: [HLS 200-10] In directory '/home/dss545/vivado_hls/SHARING/CRYSTALS-Dilithium/Dilithium/Reference_Implementation/crypto_sign/project19/dilithium1.prj/ntt_opt4__inloop_pipe/sim/wrapc'
clang: warning: argument unused during compilation: '-fno-builtin-isinf'
clang: warning: argument unused during compilation: '-fno-builtin-isnan'
INFO: [APCC 202-3] Tmp directory is /tmp/apcc_db_dss545/348181607781172232228
INFO: [APCC 202-1] APCC is done.
   Compiling (apcc) ntt.c_pre.c.tb.c
INFO: [HLS 200-10] Running '/opt/Xilinx2018/Vivado/2018.3/bin/unwrapped/lnx64.o/apcc'
INFO: [HLS 200-10] For user 'dss545' on host 'hansolo.poly.edu' (Linux_x86_64 version 3.10.0-1127.18.2.el7.x86_64) on Sat Dec 12 08:52:58 EST 2020
INFO: [HLS 200-10] On os "Red Hat Enterprise Linux Server release 7.8 (Maipo)"
INFO: [HLS 200-10] In directory '/home/dss545/vivado_hls/SHARING/CRYSTALS-Dilithium/Dilithium/Reference_Implementation/crypto_sign/project19/dilithium1.prj/ntt_opt4__inloop_pipe/sim/wrapc'
clang: warning: argument unused during compilation: '-fno-builtin-isinf'
clang: warning: argument unused during compilation: '-fno-builtin-isnan'
INFO: [APCC 202-3] Tmp directory is /tmp/apcc_db_dss545/350331607781178577238
INFO: [APCC 202-1] APCC is done.
   Compiling (apcc) packing.c_pre.c.tb.c
INFO: [HLS 200-10] Running '/opt/Xilinx2018/Vivado/2018.3/bin/unwrapped/lnx64.o/apcc'
INFO: [HLS 200-10] For user 'dss545' on host 'hansolo.poly.edu' (Linux_x86_64 version 3.10.0-1127.18.2.el7.x86_64) on Sat Dec 12 08:53:04 EST 2020
INFO: [HLS 200-10] On os "Red Hat Enterprise Linux Server release 7.8 (Maipo)"
INFO: [HLS 200-10] In directory '/home/dss545/vivado_hls/SHARING/CRYSTALS-Dilithium/Dilithium/Reference_Implementation/crypto_sign/project19/dilithium1.prj/ntt_opt4__inloop_pipe/sim/wrapc'
clang: warning: argument unused during compilation: '-fno-builtin-isinf'
clang: warning: argument unused during compilation: '-fno-builtin-isnan'
INFO: [APCC 202-3] Tmp directory is /tmp/apcc_db_dss545/352471607781184912785
INFO: [APCC 202-1] APCC is done.
   Compiling (apcc) poly.c_pre.c.tb.c
INFO: [HLS 200-10] Running '/opt/Xilinx2018/Vivado/2018.3/bin/unwrapped/lnx64.o/apcc'
INFO: [HLS 200-10] For user 'dss545' on host 'hansolo.poly.edu' (Linux_x86_64 version 3.10.0-1127.18.2.el7.x86_64) on Sat Dec 12 08:53:11 EST 2020
INFO: [HLS 200-10] On os "Red Hat Enterprise Linux Server release 7.8 (Maipo)"
INFO: [HLS 200-10] In directory '/home/dss545/vivado_hls/SHARING/CRYSTALS-Dilithium/Dilithium/Reference_Implementation/crypto_sign/project19/dilithium1.prj/ntt_opt4__inloop_pipe/sim/wrapc'
clang: warning: argument unused during compilation: '-fno-builtin-isinf'
clang: warning: argument unused during compilation: '-fno-builtin-isnan'
INFO: [APCC 202-3] Tmp directory is /tmp/apcc_db_dss545/354691607781191599566
INFO: [APCC 202-1] APCC is done.
   Compiling (apcc) polyvec.c_pre.c.tb.c
INFO: [HLS 200-10] Running '/opt/Xilinx2018/Vivado/2018.3/bin/unwrapped/lnx64.o/apcc'
INFO: [HLS 200-10] For user 'dss545' on host 'hansolo.poly.edu' (Linux_x86_64 version 3.10.0-1127.18.2.el7.x86_64) on Sat Dec 12 08:53:18 EST 2020
INFO: [HLS 200-10] On os "Red Hat Enterprise Linux Server release 7.8 (Maipo)"
INFO: [HLS 200-10] In directory '/home/dss545/vivado_hls/SHARING/CRYSTALS-Dilithium/Dilithium/Reference_Implementation/crypto_sign/project19/dilithium1.prj/ntt_opt4__inloop_pipe/sim/wrapc'
clang: warning: argument unused during compilation: '-fno-builtin-isinf'
clang: warning: argument unused during compilation: '-fno-builtin-isnan'
INFO: [APCC 202-3] Tmp directory is /tmp/apcc_db_dss545/357001607781198732264
INFO: [APCC 202-1] APCC is done.
   Compiling (apcc) reduce.c_pre.c.tb.c
INFO: [HLS 200-10] Running '/opt/Xilinx2018/Vivado/2018.3/bin/unwrapped/lnx64.o/apcc'
INFO: [HLS 200-10] For user 'dss545' on host 'hansolo.poly.edu' (Linux_x86_64 version 3.10.0-1127.18.2.el7.x86_64) on Sat Dec 12 08:53:25 EST 2020
INFO: [HLS 200-10] On os "Red Hat Enterprise Linux Server release 7.8 (Maipo)"
INFO: [HLS 200-10] In directory '/home/dss545/vivado_hls/SHARING/CRYSTALS-Dilithium/Dilithium/Reference_Implementation/crypto_sign/project19/dilithium1.prj/ntt_opt4__inloop_pipe/sim/wrapc'
clang: warning: argument unused during compilation: '-fno-builtin-isinf'
clang: warning: argument unused during compilation: '-fno-builtin-isnan'
INFO: [APCC 202-3] Tmp directory is /tmp/apcc_db_dss545/359201607781205266701
INFO: [APCC 202-1] APCC is done.
   Compiling (apcc) rng.c_pre.c.tb.c
INFO: [HLS 200-10] Running '/opt/Xilinx2018/Vivado/2018.3/bin/unwrapped/lnx64.o/apcc'
INFO: [HLS 200-10] For user 'dss545' on host 'hansolo.poly.edu' (Linux_x86_64 version 3.10.0-1127.18.2.el7.x86_64) on Sat Dec 12 08:53:31 EST 2020
INFO: [HLS 200-10] On os "Red Hat Enterprise Linux Server release 7.8 (Maipo)"
INFO: [HLS 200-10] In directory '/home/dss545/vivado_hls/SHARING/CRYSTALS-Dilithium/Dilithium/Reference_Implementation/crypto_sign/project19/dilithium1.prj/ntt_opt4__inloop_pipe/sim/wrapc'
clang: warning: argument unused during compilation: '-fno-builtin-isinf'
clang: warning: argument unused during compilation: '-fno-builtin-isnan'
INFO: [APCC 202-3] Tmp directory is /tmp/apcc_db_dss545/361361607781211599190
INFO: [APCC 202-1] APCC is done.
   Compiling (apcc) rounding.c_pre.c.tb.c
INFO: [HLS 200-10] Running '/opt/Xilinx2018/Vivado/2018.3/bin/unwrapped/lnx64.o/apcc'
INFO: [HLS 200-10] For user 'dss545' on host 'hansolo.poly.edu' (Linux_x86_64 version 3.10.0-1127.18.2.el7.x86_64) on Sat Dec 12 08:53:38 EST 2020
INFO: [HLS 200-10] On os "Red Hat Enterprise Linux Server release 7.8 (Maipo)"
INFO: [HLS 200-10] In directory '/home/dss545/vivado_hls/SHARING/CRYSTALS-Dilithium/Dilithium/Reference_Implementation/crypto_sign/project19/dilithium1.prj/ntt_opt4__inloop_pipe/sim/wrapc'
clang: warning: argument unused during compilation: '-fno-builtin-isinf'
clang: warning: argument unused during compilation: '-fno-builtin-isnan'
INFO: [APCC 202-3] Tmp directory is /tmp/apcc_db_dss545/363631607781218162341
INFO: [APCC 202-1] APCC is done.
   Compiling (apcc) sign.c_pre.c.tb.c
INFO: [HLS 200-10] Running '/opt/Xilinx2018/Vivado/2018.3/bin/unwrapped/lnx64.o/apcc'
INFO: [HLS 200-10] For user 'dss545' on host 'hansolo.poly.edu' (Linux_x86_64 version 3.10.0-1127.18.2.el7.x86_64) on Sat Dec 12 08:53:44 EST 2020
INFO: [HLS 200-10] On os "Red Hat Enterprise Linux Server release 7.8 (Maipo)"
INFO: [HLS 200-10] In directory '/home/dss545/vivado_hls/SHARING/CRYSTALS-Dilithium/Dilithium/Reference_Implementation/crypto_sign/project19/dilithium1.prj/ntt_opt4__inloop_pipe/sim/wrapc'
clang: warning: argument unused during compilation: '-fno-builtin-isinf'
clang: warning: argument unused during compilation: '-fno-builtin-isnan'
INFO: [APCC 202-3] Tmp directory is /tmp/apcc_db_dss545/365741607781224459164
INFO: [APCC 202-1] APCC is done.
   Generating cosim.tv.exe
