

================================================================
== Vivado HLS Report for 'ntt'
================================================================
* Date:           Sat Dec 12 08:50:20 2020

* Version:        2018.3 (Build 2405991 on Thu Dec 06 23:56:15 MST 2018)
* Project:        dilithium1.prj
* Solution:       ntt_opt4__inloop_pipe
* Product family: artix7
* Target device:  xc7a200tfbg676-2


================================================================
== Performance Estimates
================================================================
+ Timing (ns): 
    * Summary: 
    +--------+-------+----------+------------+
    |  Clock | Target| Estimated| Uncertainty|
    +--------+-------+----------+------------+
    |ap_clk  |  10.00|     7.724|        1.25|
    +--------+-------+----------+------------+

+ Latency (clock cycles): 
    * Summary: 
    +-----+-----+-----+-----+---------+
    |  Latency  |  Interval | Pipeline|
    | min | max | min | max |   Type  |
    +-----+-----+-----+-----+---------+
    |    ?|    ?|    ?|    ?|   none  |
    +-----+-----+-----+-----+---------+

    + Detail: 
        * Instance: 
        N/A

        * Loop: 
        +------------------+-----+-----+----------+-----------+-----------+------+----------+
        |                  |  Latency  | Iteration|  Initiation Interval  | Trip |          |
        |     Loop Name    | min | max |  Latency |  achieved |   target  | Count| Pipelined|
        +------------------+-----+-----+----------+-----------+-----------+------+----------+
        |- ntt_label32     |    ?|    ?|         ?|          -|          -|     8|    no    |
        | + ntt_label32.1  |    ?|    ?|         ?|          -|          -|     ?|    no    |
        |  ++ ntt_label2   |    ?|    ?|         9|          9|          1|     ?|    yes   |
        +------------------+-----+-----+----------+-----------+-----------+------+----------+

============================================================
+ Verbose Summary: Synthesis Manager
============================================================
InlineROM: 1
ExposeGlobal: 0
============================================================
+ Verbose Summary: CDFG Model
============================================================
IsTopModel: 1
ResetActiveHigh: 1
IsCombinational: 0
IsDatapathOnly: 0
HasWiredReturn: 1
HasMFsm: 0
HasVarLatency: 1
IsPipeline: 0
IsRtlPipelined: 0
IsInstanceOverlapped: 0
IsDontTouch: 0
HasImplIP: 0
IsGatedGlobalClock: 0

+ Individual pipeline summary: 
  * Pipeline-0: initiation interval (II) = 9, depth = 9


============================================================
+ Verbose Summary: Schedule
============================================================
* Number of FSM states : 14
* Pipeline : 1
  Pipeline-0 : II = 9, D = 9, States = { 5 6 7 8 9 10 11 12 13 }
* Dataflow Pipeline: 0

* FSM state transitions: 
1 --> 
	2  / true
2 --> 
	3  / (!tmp)
3 --> 
	4  / (icmp)
	2  / (!icmp)
4 --> 
	5  / true
5 --> 
	14  / (!tmp_8)
	6  / (tmp_8)
6 --> 
	7  / true
7 --> 
	8  / true
8 --> 
	9  / true
9 --> 
	10  / true
10 --> 
	11  / true
11 --> 
	12  / true
12 --> 
	13  / true
13 --> 
	5  / true
14 --> 
	3  / true

* FSM state operations: 

State 1 <SV = 0> <Delay = 1.35>
ST_1 : Operation 15 [1/1] (0.00ns)   --->   "%k = alloca i32"   --->   Operation 15 'alloca' 'k' <Predicate = true> <Delay = 0.00>
ST_1 : Operation 16 [1/1] (0.00ns)   --->   "call void (...)* @_ssdm_op_SpecBitsMap([256 x i32]* %p) nounwind, !map !244"   --->   Operation 16 'specbitsmap' <Predicate = true> <Delay = 0.00>
ST_1 : Operation 17 [1/1] (0.00ns)   --->   "call void (...)* @_ssdm_op_SpecTopModule([4 x i8]* @ntt_str) nounwind"   --->   Operation 17 'spectopmodule' <Predicate = true> <Delay = 0.00>
ST_1 : Operation 18 [1/1] (1.35ns)   --->   "store i32 1, i32* %k"   --->   Operation 18 'store' <Predicate = true> <Delay = 1.35>
ST_1 : Operation 19 [1/1] (1.35ns)   --->   "br label %1" [ntt.c:40]   --->   Operation 19 'br' <Predicate = true> <Delay = 1.35>

State 2 <SV = 1> <Delay = 2.08>
ST_2 : Operation 20 [1/1] (0.00ns)   --->   "%len = phi i29 [ 128, %0 ], [ %len_1, %8 ]" [ntt.c:40]   --->   Operation 20 'phi' 'len' <Predicate = true> <Delay = 0.00>
ST_2 : Operation 21 [1/1] (2.08ns)   --->   "%tmp = icmp eq i29 %len, 0" [ntt.c:40]   --->   Operation 21 'icmp' 'tmp' <Predicate = true> <Delay = 2.08> <Core = "Cmp">   --->   Core 25 'Cmp' <Latency = 0> <II = 1> <Delay = 2.10> <FuncUnit> <Opcode : 'icmp'> <InPorts = 2> <OutPorts = 1>
ST_2 : Operation 22 [1/1] (0.00ns)   --->   "%empty = call i32 (...)* @_ssdm_op_SpecLoopTripCount(i64 8, i64 8, i64 8) nounwind"   --->   Operation 22 'speclooptripcount' 'empty' <Predicate = true> <Delay = 0.00>
ST_2 : Operation 23 [1/1] (0.00ns)   --->   "br i1 %tmp, label %9, label %2" [ntt.c:40]   --->   Operation 23 'br' <Predicate = true> <Delay = 0.00>
ST_2 : Operation 24 [1/1] (0.00ns)   --->   "%len_cast_cast4 = zext i29 %len to i31" [ntt.c:40]   --->   Operation 24 'zext' 'len_cast_cast4' <Predicate = (!tmp)> <Delay = 0.00>
ST_2 : Operation 25 [1/1] (0.00ns)   --->   "call void (...)* @_ssdm_op_SpecLoopName([12 x i8]* @p_str110) nounwind" [ntt.c:40]   --->   Operation 25 'specloopname' <Predicate = (!tmp)> <Delay = 0.00>
ST_2 : Operation 26 [1/1] (0.00ns)   --->   "%tmp_2 = call i32 (...)* @_ssdm_op_SpecRegionBegin([12 x i8]* @p_str110) nounwind" [ntt.c:40]   --->   Operation 26 'specregionbegin' 'tmp_2' <Predicate = (!tmp)> <Delay = 0.00>
ST_2 : Operation 27 [1/1] (1.35ns)   --->   "br label %3" [ntt.c:42]   --->   Operation 27 'br' <Predicate = (!tmp)> <Delay = 1.35>
ST_2 : Operation 28 [1/1] (0.00ns)   --->   "ret void" [ntt.c:54]   --->   Operation 28 'ret' <Predicate = (tmp)> <Delay = 0.00>

State 3 <SV = 2> <Delay = 2.77>
ST_3 : Operation 29 [1/1] (0.00ns)   --->   "%j = phi i31 [ 0, %2 ], [ %tmp_13, %7 ]" [ntt.c:42]   --->   Operation 29 'phi' 'j' <Predicate = true> <Delay = 0.00>
ST_3 : Operation 30 [1/1] (0.00ns)   --->   "%tmp_1 = call i23 @_ssdm_op_PartSelect.i23.i31.i32.i32(i31 %j, i32 8, i32 30)" [ntt.c:42]   --->   Operation 30 'partselect' 'tmp_1' <Predicate = true> <Delay = 0.00>
ST_3 : Operation 31 [1/1] (2.03ns)   --->   "%icmp = icmp eq i23 %tmp_1, 0" [ntt.c:42]   --->   Operation 31 'icmp' 'icmp' <Predicate = true> <Delay = 2.03> <Core = "Cmp">   --->   Core 25 'Cmp' <Latency = 0> <II = 1> <Delay = 2.10> <FuncUnit> <Opcode : 'icmp'> <InPorts = 2> <OutPorts = 1>
ST_3 : Operation 32 [1/1] (0.00ns)   --->   "br i1 %icmp, label %4, label %8" [ntt.c:42]   --->   Operation 32 'br' <Predicate = true> <Delay = 0.00>
ST_3 : Operation 33 [1/1] (0.00ns)   --->   "%k_load = load i32* %k" [ntt.c:43]   --->   Operation 33 'load' 'k_load' <Predicate = (icmp)> <Delay = 0.00>
ST_3 : Operation 34 [1/1] (0.00ns)   --->   "%tmp_3 = zext i32 %k_load to i64" [ntt.c:43]   --->   Operation 34 'zext' 'tmp_3' <Predicate = (icmp)> <Delay = 0.00>
ST_3 : Operation 35 [1/1] (0.00ns)   --->   "%zetas_addr = getelementptr [256 x i23]* @zetas, i64 0, i64 %tmp_3" [ntt.c:43]   --->   Operation 35 'getelementptr' 'zetas_addr' <Predicate = (icmp)> <Delay = 0.00>
ST_3 : Operation 36 [2/2] (2.77ns)   --->   "%zeta = load i23* %zetas_addr, align 4" [ntt.c:43]   --->   Operation 36 'load' 'zeta' <Predicate = (icmp)> <Delay = 2.77> <Core = "ROM_nP">   --->   Core 52 'ROM_nP' <Latency = 1> <II = 1> <Delay = 2.77> <Storage> <Opcode : 'load'> <Ports = 0> <Width = 23> <Depth = 256> <ROM>
ST_3 : Operation 37 [1/1] (0.00ns)   --->   "%empty_10 = call i32 (...)* @_ssdm_op_SpecRegionEnd([12 x i8]* @p_str110, i32 %tmp_2) nounwind" [ntt.c:53]   --->   Operation 37 'specregionend' 'empty_10' <Predicate = (!icmp)> <Delay = 0.00>
ST_3 : Operation 38 [1/1] (0.00ns)   --->   "%tmp_18 = call i28 @_ssdm_op_PartSelect.i28.i29.i32.i32(i29 %len, i32 1, i32 28)" [ntt.c:40]   --->   Operation 38 'partselect' 'tmp_18' <Predicate = (!icmp)> <Delay = 0.00>
ST_3 : Operation 39 [1/1] (0.00ns)   --->   "%len_1 = zext i28 %tmp_18 to i29" [ntt.c:40]   --->   Operation 39 'zext' 'len_1' <Predicate = (!icmp)> <Delay = 0.00>
ST_3 : Operation 40 [1/1] (0.00ns)   --->   "br label %1" [ntt.c:40]   --->   Operation 40 'br' <Predicate = (!icmp)> <Delay = 0.00>

State 4 <SV = 3> <Delay = 5.01>
ST_4 : Operation 41 [1/1] (2.18ns)   --->   "%k_1 = add i32 1, %k_load" [ntt.c:43]   --->   Operation 41 'add' 'k_1' <Predicate = true> <Delay = 2.18> <Core = "AddSub">   --->   Core 14 'AddSub' <Latency = 0> <II = 1> <Delay = 2.13> <FuncUnit> <Opcode : 'add' 'sub'> <InPorts = 2> <OutPorts = 1>
ST_4 : Operation 42 [1/2] (2.77ns)   --->   "%zeta = load i23* %zetas_addr, align 4" [ntt.c:43]   --->   Operation 42 'load' 'zeta' <Predicate = true> <Delay = 2.77> <Core = "ROM_nP">   --->   Core 52 'ROM_nP' <Latency = 1> <II = 1> <Delay = 2.77> <Storage> <Opcode : 'load'> <Ports = 0> <Width = 23> <Depth = 256> <ROM>
ST_4 : Operation 43 [1/1] (2.15ns)   --->   "%tmp_4 = add i31 %len_cast_cast4, %j" [ntt.c:44]   --->   Operation 43 'add' 'tmp_4' <Predicate = true> <Delay = 2.15> <Core = "AddSub">   --->   Core 14 'AddSub' <Latency = 0> <II = 1> <Delay = 2.13> <FuncUnit> <Opcode : 'add' 'sub'> <InPorts = 2> <OutPorts = 1>
ST_4 : Operation 44 [1/1] (2.10ns)   --->   "%tmp_5 = icmp ugt i31 %j, %tmp_4" [ntt.c:42]   --->   Operation 44 'icmp' 'tmp_5' <Predicate = true> <Delay = 2.10> <Core = "Cmp">   --->   Core 25 'Cmp' <Latency = 0> <II = 1> <Delay = 2.10> <FuncUnit> <Opcode : 'icmp'> <InPorts = 2> <OutPorts = 1>
ST_4 : Operation 45 [1/1] (0.00ns)   --->   "%tmp_14 = trunc i31 %j to i30" [ntt.c:42]   --->   Operation 45 'trunc' 'tmp_14' <Predicate = true> <Delay = 0.00>
ST_4 : Operation 46 [1/1] (0.00ns)   --->   "%tmp_16 = trunc i31 %tmp_4 to i30" [ntt.c:42]   --->   Operation 46 'trunc' 'tmp_16' <Predicate = true> <Delay = 0.00>
ST_4 : Operation 47 [1/1] (0.75ns)   --->   "%start = select i1 %tmp_5, i30 %tmp_14, i30 %tmp_16" [ntt.c:42]   --->   Operation 47 'select' 'start' <Predicate = true> <Delay = 0.75> <Core = "Sel">   --->   Core 26 'Sel' <Latency = 0> <II = 1> <Delay = 0.75> <FuncUnit> <Opcode : 'select'> <InPorts = 3> <OutPorts = 1>
ST_4 : Operation 48 [1/1] (0.00ns)   --->   "%start_cast = zext i30 %start to i31" [ntt.c:42]   --->   Operation 48 'zext' 'start_cast' <Predicate = true> <Delay = 0.00>
ST_4 : Operation 49 [1/1] (0.00ns)   --->   "%tmp_6_cast = zext i23 %zeta to i55" [ntt.c:44]   --->   Operation 49 'zext' 'tmp_6_cast' <Predicate = true> <Delay = 0.00>
ST_4 : Operation 50 [1/1] (1.35ns)   --->   "br label %5" [ntt.c:44]   --->   Operation 50 'br' <Predicate = true> <Delay = 1.35>

State 5 <SV = 4> <Delay = 4.93>
ST_5 : Operation 51 [1/1] (0.00ns)   --->   "%j1 = phi i31 [ %j, %4 ], [ %j_1, %6 ]"   --->   Operation 51 'phi' 'j1' <Predicate = true> <Delay = 0.00>
ST_5 : Operation 52 [1/1] (2.10ns)   --->   "%tmp_8 = icmp ult i31 %j1, %tmp_4" [ntt.c:44]   --->   Operation 52 'icmp' 'tmp_8' <Predicate = true> <Delay = 2.10> <Core = "Cmp">   --->   Core 25 'Cmp' <Latency = 0> <II = 1> <Delay = 2.10> <FuncUnit> <Opcode : 'icmp'> <InPorts = 2> <OutPorts = 1>
ST_5 : Operation 53 [1/1] (0.00ns)   --->   "br i1 %tmp_8, label %6, label %7" [ntt.c:44]   --->   Operation 53 'br' <Predicate = true> <Delay = 0.00>
ST_5 : Operation 54 [1/1] (2.15ns)   --->   "%tmp_9 = add i31 %j1, %len_cast_cast4" [ntt.c:48]   --->   Operation 54 'add' 'tmp_9' <Predicate = (tmp_8)> <Delay = 2.15> <Core = "AddSub">   --->   Core 14 'AddSub' <Latency = 0> <II = 1> <Delay = 2.13> <FuncUnit> <Opcode : 'add' 'sub'> <InPorts = 2> <OutPorts = 1>
ST_5 : Operation 55 [1/1] (0.00ns)   --->   "%tmp_s = zext i31 %tmp_9 to i64" [ntt.c:48]   --->   Operation 55 'zext' 'tmp_s' <Predicate = (tmp_8)> <Delay = 0.00>
ST_5 : Operation 56 [1/1] (0.00ns)   --->   "%p_addr = getelementptr [256 x i32]* %p, i64 0, i64 %tmp_s" [ntt.c:48]   --->   Operation 56 'getelementptr' 'p_addr' <Predicate = (tmp_8)> <Delay = 0.00>
ST_5 : Operation 57 [2/2] (2.77ns)   --->   "%p_load = load i32* %p_addr, align 4" [ntt.c:48]   --->   Operation 57 'load' 'p_load' <Predicate = (tmp_8)> <Delay = 2.77> <Core = "RAM">   --->   Core 37 'RAM' <Latency = 1> <II = 1> <Delay = 2.77> <Storage> <Opcode : 'load' 'store'> <Ports = 2> <Width = 32> <Depth = 256> <RAM>
ST_5 : Operation 58 [1/1] (0.00ns)   --->   "%tmp_7 = zext i31 %j1 to i64" [ntt.c:49]   --->   Operation 58 'zext' 'tmp_7' <Predicate = (tmp_8)> <Delay = 0.00>
ST_5 : Operation 59 [1/1] (0.00ns)   --->   "%p_addr_1 = getelementptr [256 x i32]* %p, i64 0, i64 %tmp_7" [ntt.c:49]   --->   Operation 59 'getelementptr' 'p_addr_1' <Predicate = (tmp_8)> <Delay = 0.00>
ST_5 : Operation 60 [2/2] (2.77ns)   --->   "%p_load_1 = load i32* %p_addr_1, align 4" [ntt.c:49]   --->   Operation 60 'load' 'p_load_1' <Predicate = (tmp_8)> <Delay = 2.77> <Core = "RAM">   --->   Core 37 'RAM' <Latency = 1> <II = 1> <Delay = 2.77> <Storage> <Opcode : 'load' 'store'> <Ports = 2> <Width = 32> <Depth = 256> <RAM>

State 6 <SV = 5> <Delay = 2.77>
ST_6 : Operation 61 [1/2] (2.77ns)   --->   "%p_load = load i32* %p_addr, align 4" [ntt.c:48]   --->   Operation 61 'load' 'p_load' <Predicate = true> <Delay = 2.77> <Core = "RAM">   --->   Core 37 'RAM' <Latency = 1> <II = 1> <Delay = 2.77> <Storage> <Opcode : 'load' 'store'> <Ports = 2> <Width = 32> <Depth = 256> <RAM>
ST_6 : Operation 62 [1/2] (2.77ns)   --->   "%p_load_1 = load i32* %p_addr_1, align 4" [ntt.c:49]   --->   Operation 62 'load' 'p_load_1' <Predicate = true> <Delay = 2.77> <Core = "RAM">   --->   Core 37 'RAM' <Latency = 1> <II = 1> <Delay = 2.77> <Storage> <Opcode : 'load' 'store'> <Ports = 2> <Width = 32> <Depth = 256> <RAM>

State 7 <SV = 6> <Delay = 6.88>
ST_7 : Operation 63 [1/1] (0.00ns)   --->   "%tmp_2_cast = zext i32 %p_load to i55" [ntt.c:48]   --->   Operation 63 'zext' 'tmp_2_cast' <Predicate = true> <Delay = 0.00>
ST_7 : Operation 64 [1/1] (6.88ns)   --->   "%temp_1 = mul i55 %tmp_2_cast, %tmp_6_cast" [ntt.c:48]   --->   Operation 64 'mul' 'temp_1' <Predicate = true> <Delay = 6.88> <Core = "Mul">   --->   Core 16 'Mul' <Latency = 0> <II = 1> <Delay = 6.88> <FuncUnit> <Opcode : 'mul'> <InPorts = 2> <OutPorts = 1>
ST_7 : Operation 65 [1/1] (0.00ns)   --->   "%tmp_19 = trunc i55 %temp_1 to i32" [reduce.c:33->ntt.c:48]   --->   Operation 65 'trunc' 'tmp_19' <Predicate = true> <Delay = 0.00>

State 8 <SV = 7> <Delay = 6.88>
ST_8 : Operation 66 [1/1] (6.88ns)   --->   "%temp = mul i32 -58728449, %tmp_19" [reduce.c:33->ntt.c:48]   --->   Operation 66 'mul' 'temp' <Predicate = true> <Delay = 6.88> <Core = "Mul">   --->   Core 16 'Mul' <Latency = 0> <II = 1> <Delay = 6.88> <FuncUnit> <Opcode : 'mul'> <InPorts = 2> <OutPorts = 1>

State 9 <SV = 8> <Delay = 6.88>
ST_9 : Operation 67 [1/1] (0.00ns)   --->   "%temp_cast = zext i32 %temp to i55" [reduce.c:35->ntt.c:48]   --->   Operation 67 'zext' 'temp_cast' <Predicate = true> <Delay = 0.00>
ST_9 : Operation 68 [1/1] (6.88ns)   --->   "%t_1 = mul i55 8380417, %temp_cast" [reduce.c:38->ntt.c:48]   --->   Operation 68 'mul' 't_1' <Predicate = true> <Delay = 6.88> <Core = "Mul">   --->   Core 16 'Mul' <Latency = 0> <II = 1> <Delay = 6.88> <FuncUnit> <Opcode : 'mul'> <InPorts = 2> <OutPorts = 1>

State 10 <SV = 9> <Delay = 2.77>
ST_10 : Operation 69 [1/1] (0.00ns)   --->   "%a_assign_cast1 = zext i55 %temp_1 to i56" [ntt.c:48]   --->   Operation 69 'zext' 'a_assign_cast1' <Predicate = true> <Delay = 0.00>
ST_10 : Operation 70 [1/1] (0.00ns)   --->   "%t_1_cast = zext i55 %t_1 to i56" [reduce.c:38->ntt.c:48]   --->   Operation 70 'zext' 't_1_cast' <Predicate = true> <Delay = 0.00>
ST_10 : Operation 71 [1/1] (2.77ns)   --->   "%t_2 = add i56 %t_1_cast, %a_assign_cast1" [reduce.c:40->ntt.c:48]   --->   Operation 71 'add' 't_2' <Predicate = true> <Delay = 2.77> <Core = "AddSub">   --->   Core 14 'AddSub' <Latency = 0> <II = 1> <Delay = 2.13> <FuncUnit> <Opcode : 'add' 'sub'> <InPorts = 2> <OutPorts = 1>
ST_10 : Operation 72 [1/1] (0.00ns)   --->   "%tmp_15 = call i24 @_ssdm_op_PartSelect.i24.i56.i32.i32(i56 %t_2, i32 32, i32 55)" [reduce.c:57->ntt.c:48]   --->   Operation 72 'partselect' 'tmp_15' <Predicate = true> <Delay = 0.00>

State 11 <SV = 10> <Delay = 6.96>
ST_11 : Operation 73 [1/1] (2.01ns)   --->   "%tmp_10 = sub i24 -16382, %tmp_15" [ntt.c:49]   --->   Operation 73 'sub' 'tmp_10' <Predicate = true> <Delay = 2.01> <Core = "AddSub">   --->   Core 14 'AddSub' <Latency = 0> <II = 1> <Delay = 2.13> <FuncUnit> <Opcode : 'add' 'sub'> <InPorts = 2> <OutPorts = 1>
ST_11 : Operation 74 [1/1] (0.00ns)   --->   "%tmp_11_cast = zext i24 %tmp_10 to i32" [ntt.c:49]   --->   Operation 74 'zext' 'tmp_11_cast' <Predicate = true> <Delay = 0.00>
ST_11 : Operation 75 [1/1] (2.18ns)   --->   "%tmp_11 = add i32 %p_load_1, %tmp_11_cast" [ntt.c:49]   --->   Operation 75 'add' 'tmp_11' <Predicate = true> <Delay = 2.18> <Core = "AddSub">   --->   Core 14 'AddSub' <Latency = 0> <II = 1> <Delay = 2.13> <FuncUnit> <Opcode : 'add' 'sub'> <InPorts = 2> <OutPorts = 1>
ST_11 : Operation 76 [1/1] (2.77ns)   --->   "store i32 %tmp_11, i32* %p_addr, align 4" [ntt.c:49]   --->   Operation 76 'store' <Predicate = true> <Delay = 2.77> <Core = "RAM">   --->   Core 37 'RAM' <Latency = 1> <II = 1> <Delay = 2.77> <Storage> <Opcode : 'load' 'store'> <Ports = 2> <Width = 32> <Depth = 256> <RAM>

State 12 <SV = 11> <Delay = 2.77>
ST_12 : Operation 77 [2/2] (2.77ns)   --->   "%p_load_2 = load i32* %p_addr_1, align 4" [ntt.c:50]   --->   Operation 77 'load' 'p_load_2' <Predicate = true> <Delay = 2.77> <Core = "RAM">   --->   Core 37 'RAM' <Latency = 1> <II = 1> <Delay = 2.77> <Storage> <Opcode : 'load' 'store'> <Ports = 2> <Width = 32> <Depth = 256> <RAM>

State 13 <SV = 12> <Delay = 7.72>
ST_13 : Operation 78 [1/1] (0.00ns)   --->   "call void (...)* @_ssdm_op_SpecLoopName([11 x i8]* @p_str1111) nounwind" [ntt.c:44]   --->   Operation 78 'specloopname' <Predicate = true> <Delay = 0.00>
ST_13 : Operation 79 [1/1] (0.00ns)   --->   "%tmp_6 = call i32 (...)* @_ssdm_op_SpecRegionBegin([11 x i8]* @p_str1111) nounwind" [ntt.c:44]   --->   Operation 79 'specregionbegin' 'tmp_6' <Predicate = true> <Delay = 0.00>
ST_13 : Operation 80 [1/1] (0.00ns)   --->   "call void (...)* @_ssdm_op_SpecPipeline(i32 -1, i32 1, i32 1, i32 0, [1 x i8]* @p_str2112) nounwind" [ntt.c:45]   --->   Operation 80 'specpipeline' <Predicate = true> <Delay = 0.00>
ST_13 : Operation 81 [1/1] (0.00ns)   --->   "%t_3 = zext i24 %tmp_15 to i32" [reduce.c:57->ntt.c:48]   --->   Operation 81 'zext' 't_3' <Predicate = true> <Delay = 0.00>
ST_13 : Operation 82 [1/2] (2.77ns)   --->   "%p_load_2 = load i32* %p_addr_1, align 4" [ntt.c:50]   --->   Operation 82 'load' 'p_load_2' <Predicate = true> <Delay = 2.77> <Core = "RAM">   --->   Core 37 'RAM' <Latency = 1> <II = 1> <Delay = 2.77> <Storage> <Opcode : 'load' 'store'> <Ports = 2> <Width = 32> <Depth = 256> <RAM>
ST_13 : Operation 83 [1/1] (2.18ns)   --->   "%tmp_12 = add i32 %p_load_2, %t_3" [ntt.c:50]   --->   Operation 83 'add' 'tmp_12' <Predicate = true> <Delay = 2.18> <Core = "AddSub">   --->   Core 14 'AddSub' <Latency = 0> <II = 1> <Delay = 2.13> <FuncUnit> <Opcode : 'add' 'sub'> <InPorts = 2> <OutPorts = 1>
ST_13 : Operation 84 [1/1] (2.77ns)   --->   "store i32 %tmp_12, i32* %p_addr_1, align 4" [ntt.c:50]   --->   Operation 84 'store' <Predicate = true> <Delay = 2.77> <Core = "RAM">   --->   Core 37 'RAM' <Latency = 1> <II = 1> <Delay = 2.77> <Storage> <Opcode : 'load' 'store'> <Ports = 2> <Width = 32> <Depth = 256> <RAM>
ST_13 : Operation 85 [1/1] (0.00ns)   --->   "%empty_9 = call i32 (...)* @_ssdm_op_SpecRegionEnd([11 x i8]* @p_str1111, i32 %tmp_6) nounwind" [ntt.c:51]   --->   Operation 85 'specregionend' 'empty_9' <Predicate = true> <Delay = 0.00>
ST_13 : Operation 86 [1/1] (2.15ns)   --->   "%j_1 = add i31 1, %j1" [ntt.c:44]   --->   Operation 86 'add' 'j_1' <Predicate = true> <Delay = 2.15> <Core = "AddSub">   --->   Core 14 'AddSub' <Latency = 0> <II = 1> <Delay = 2.13> <FuncUnit> <Opcode : 'add' 'sub'> <InPorts = 2> <OutPorts = 1>
ST_13 : Operation 87 [1/1] (0.00ns)   --->   "br label %5" [ntt.c:44]   --->   Operation 87 'br' <Predicate = true> <Delay = 0.00>

State 14 <SV = 5> <Delay = 2.13>
ST_14 : Operation 88 [1/1] (2.13ns)   --->   "%tmp_13 = add i31 %len_cast_cast4, %start_cast" [ntt.c:42]   --->   Operation 88 'add' 'tmp_13' <Predicate = true> <Delay = 2.13> <Core = "AddSub">   --->   Core 14 'AddSub' <Latency = 0> <II = 1> <Delay = 2.13> <FuncUnit> <Opcode : 'add' 'sub'> <InPorts = 2> <OutPorts = 1>
ST_14 : Operation 89 [1/1] (1.35ns)   --->   "store i32 %k_1, i32* %k" [ntt.c:43]   --->   Operation 89 'store' <Predicate = true> <Delay = 1.35>
ST_14 : Operation 90 [1/1] (0.00ns)   --->   "br label %3" [ntt.c:42]   --->   Operation 90 'br' <Predicate = true> <Delay = 0.00>


============================================================
+ Verbose Summary: Binding
============================================================
STG Binding: 
---------------- STG Properties BEGIN ----------------
- Is combinational: 0
- Is one-state seq: 0
- Is datapath-only: 0
- Is pipelined: 0
- Is top level: 1
Port [ Return ] is wired: 1; IO mode=ap_ctrl_hs:ce=0
Port [ p]:  wired=1; compound=1; hidden=0; nouse=0; global=0; static=0; extern=0; dir=2; type=1; pingpong=0; private_global=0; MemPort=[21]; IO mode=ap_memory:ce=0
Port [ zetas]:  wired=0; compound=1; hidden=1; nouse=0; global=1; static=1; extern=0; dir=0; type=1; pingpong=0; private_global=1; linkage=7; visibility=0; MemPort=[1]; IO mode=ap_memory:ce=0
---------------- STG Properties END ------------------

---------------- Datapath Model BEGIN ----------------

<LifeTime>
<method=bitvector/>
k              (alloca           ) [ 011111111111111]
StgValue_16    (specbitsmap      ) [ 000000000000000]
StgValue_17    (spectopmodule    ) [ 000000000000000]
StgValue_18    (store            ) [ 000000000000000]
StgValue_19    (br               ) [ 011111111111111]
len            (phi              ) [ 001111111111111]
tmp            (icmp             ) [ 001111111111111]
empty          (speclooptripcount) [ 000000000000000]
StgValue_23    (br               ) [ 000000000000000]
len_cast_cast4 (zext             ) [ 000111111111111]
StgValue_25    (specloopname     ) [ 000000000000000]
tmp_2          (specregionbegin  ) [ 000111111111111]
StgValue_27    (br               ) [ 001111111111111]
StgValue_28    (ret              ) [ 000000000000000]
j              (phi              ) [ 000111111111110]
tmp_1          (partselect       ) [ 000000000000000]
icmp           (icmp             ) [ 001111111111111]
StgValue_32    (br               ) [ 000000000000000]
k_load         (load             ) [ 000010000000000]
tmp_3          (zext             ) [ 000000000000000]
zetas_addr     (getelementptr    ) [ 000010000000000]
empty_10       (specregionend    ) [ 000000000000000]
tmp_18         (partselect       ) [ 000000000000000]
len_1          (zext             ) [ 011111111111111]
StgValue_40    (br               ) [ 011111111111111]
k_1            (add              ) [ 000001111111111]
zeta           (load             ) [ 000000000000000]
tmp_4          (add              ) [ 000001111111110]
tmp_5          (icmp             ) [ 000000000000000]
tmp_14         (trunc            ) [ 000000000000000]
tmp_16         (trunc            ) [ 000000000000000]
start          (select           ) [ 000000000000000]
start_cast     (zext             ) [ 000001111111111]
tmp_6_cast     (zext             ) [ 000001111111110]
StgValue_50    (br               ) [ 001111111111111]
j1             (phi              ) [ 000001111111110]
tmp_8          (icmp             ) [ 001111111111111]
StgValue_53    (br               ) [ 000000000000000]
tmp_9          (add              ) [ 000000000000000]
tmp_s          (zext             ) [ 000000000000000]
p_addr         (getelementptr    ) [ 000000111111000]
tmp_7          (zext             ) [ 000000000000000]
p_addr_1       (getelementptr    ) [ 000000111111110]
p_load         (load             ) [ 000000010000000]
p_load_1       (load             ) [ 000000011111000]
tmp_2_cast     (zext             ) [ 000000000000000]
temp_1         (mul              ) [ 000000001110000]
tmp_19         (trunc            ) [ 000000001000000]
temp           (mul              ) [ 000000000100000]
temp_cast      (zext             ) [ 000000000000000]
t_1            (mul              ) [ 000000000010000]
a_assign_cast1 (zext             ) [ 000000000000000]
t_1_cast       (zext             ) [ 000000000000000]
t_2            (add              ) [ 000000000000000]
tmp_15         (partselect       ) [ 000000000001110]
tmp_10         (sub              ) [ 000000000000000]
tmp_11_cast    (zext             ) [ 000000000000000]
tmp_11         (add              ) [ 000000000000000]
StgValue_76    (store            ) [ 000000000000000]
StgValue_78    (specloopname     ) [ 000000000000000]
tmp_6          (specregionbegin  ) [ 000000000000000]
StgValue_80    (specpipeline     ) [ 000000000000000]
t_3            (zext             ) [ 000000000000000]
p_load_2       (load             ) [ 000000000000000]
tmp_12         (add              ) [ 000000000000000]
StgValue_84    (store            ) [ 000000000000000]
empty_9        (specregionend    ) [ 000000000000000]
j_1            (add              ) [ 001111111111111]
StgValue_87    (br               ) [ 001111111111111]
tmp_13         (add              ) [ 001111111111111]
StgValue_89    (store            ) [ 000000000000000]
StgValue_90    (br               ) [ 001111111111111]
</LifeTime>

<model>

<comp_list>
<comp id="0" class="1000" name="p">
<pin_list>
<pin id="1" dir="1" index="0" bw="1" slack="0"/>
</pin_list>
<bind>
<StgValue><ssdm name="p"/><MemPortTyVec>2 1 </MemPortTyVec>
</StgValue>
</bind>
</comp>

<comp id="2" class="1000" name="zetas">
<pin_list>
<pin id="3" dir="1" index="0" bw="1" slack="0"/>
</pin_list>
<bind>
<StgValue><ssdm name="zetas"/><MemPortTyVec>1 </MemPortTyVec>
</StgValue>
</bind>
</comp>

<comp id="4" class="1001" name="const_4">
<pin_list>
<pin id="5" dir="1" index="0" bw="1" slack="0"/>
</pin_list>
<bind>
<StgValue><ssdm name=""/></StgValue>
</bind>
</comp>

<comp id="6" class="1001" name="const_6">
<pin_list>
<pin id="7" dir="1" index="0" bw="1" slack="2147483647"/>
</pin_list>
<bind>
<StgValue><ssdm name="_ssdm_op_SpecBitsMap"/></StgValue>
</bind>
</comp>

<comp id="8" class="1001" name="const_8">
<pin_list>
<pin id="9" dir="1" index="0" bw="1" slack="2147483647"/>
</pin_list>
<bind>
<StgValue><ssdm name="_ssdm_op_SpecTopModule"/></StgValue>
</bind>
</comp>

<comp id="10" class="1001" name="const_10">
<pin_list>
<pin id="11" dir="1" index="0" bw="1" slack="2147483647"/>
</pin_list>
<bind>
<StgValue><ssdm name="ntt_str"/></StgValue>
</bind>
</comp>

<comp id="12" class="1001" name="const_12">
<pin_list>
<pin id="13" dir="1" index="0" bw="1" slack="1"/>
</pin_list>
<bind>
<StgValue><ssdm name=""/></StgValue>
</bind>
</comp>

<comp id="14" class="1001" name="const_14">
<pin_list>
<pin id="15" dir="1" index="0" bw="1" slack="0"/>
</pin_list>
<bind>
<StgValue><ssdm name=""/></StgValue>
</bind>
</comp>

<comp id="16" class="1001" name="const_16">
<pin_list>
<pin id="17" dir="1" index="0" bw="1" slack="2147483647"/>
</pin_list>
<bind>
<StgValue><ssdm name="_ssdm_op_SpecLoopTripCount"/></StgValue>
</bind>
</comp>

<comp id="18" class="1001" name="const_18">
<pin_list>
<pin id="19" dir="1" index="0" bw="1" slack="2147483647"/>
</pin_list>
<bind>
<StgValue><ssdm name=""/></StgValue>
</bind>
</comp>

<comp id="20" class="1001" name="const_20">
<pin_list>
<pin id="21" dir="1" index="0" bw="1" slack="2147483647"/>
</pin_list>
<bind>
<StgValue><ssdm name="_ssdm_op_SpecLoopName"/></StgValue>
</bind>
</comp>

<comp id="22" class="1001" name="const_22">
<pin_list>
<pin id="23" dir="1" index="0" bw="1" slack="2147483647"/>
</pin_list>
<bind>
<StgValue><ssdm name="p_str110"/></StgValue>
</bind>
</comp>

<comp id="24" class="1001" name="const_24">
<pin_list>
<pin id="25" dir="1" index="0" bw="1" slack="2147483647"/>
</pin_list>
<bind>
<StgValue><ssdm name="_ssdm_op_SpecRegionBegin"/></StgValue>
</bind>
</comp>

<comp id="26" class="1001" name="const_26">
<pin_list>
<pin id="27" dir="1" index="0" bw="1" slack="1"/>
</pin_list>
<bind>
<StgValue><ssdm name=""/></StgValue>
</bind>
</comp>

<comp id="28" class="1001" name="const_28">
<pin_list>
<pin id="29" dir="1" index="0" bw="1" slack="0"/>
</pin_list>
<bind>
<StgValue><ssdm name="_ssdm_op_PartSelect.i23.i31.i32.i32"/></StgValue>
</bind>
</comp>

<comp id="30" class="1001" name="const_30">
<pin_list>
<pin id="31" dir="1" index="0" bw="1" slack="0"/>
</pin_list>
<bind>
<StgValue><ssdm name=""/></StgValue>
</bind>
</comp>

<comp id="32" class="1001" name="const_32">
<pin_list>
<pin id="33" dir="1" index="0" bw="1" slack="0"/>
</pin_list>
<bind>
<StgValue><ssdm name=""/></StgValue>
</bind>
</comp>

<comp id="34" class="1001" name="const_34">
<pin_list>
<pin id="35" dir="1" index="0" bw="1" slack="0"/>
</pin_list>
<bind>
<StgValue><ssdm name=""/></StgValue>
</bind>
</comp>

<comp id="36" class="1001" name="const_36">
<pin_list>
<pin id="37" dir="1" index="0" bw="1" slack="0"/>
</pin_list>
<bind>
<StgValue><ssdm name=""/></StgValue>
</bind>
</comp>

<comp id="38" class="1001" name="const_38">
<pin_list>
<pin id="39" dir="1" index="0" bw="1" slack="2147483647"/>
</pin_list>
<bind>
<StgValue><ssdm name="_ssdm_op_SpecRegionEnd"/></StgValue>
</bind>
</comp>

<comp id="40" class="1001" name="const_40">
<pin_list>
<pin id="41" dir="1" index="0" bw="1" slack="0"/>
</pin_list>
<bind>
<StgValue><ssdm name="_ssdm_op_PartSelect.i28.i29.i32.i32"/></StgValue>
</bind>
</comp>

<comp id="42" class="1001" name="const_42">
<pin_list>
<pin id="43" dir="1" index="0" bw="1" slack="0"/>
</pin_list>
<bind>
<StgValue><ssdm name=""/></StgValue>
</bind>
</comp>

<comp id="44" class="1001" name="const_44">
<pin_list>
<pin id="45" dir="1" index="0" bw="1" slack="0"/>
</pin_list>
<bind>
<StgValue><ssdm name=""/></StgValue>
</bind>
</comp>

<comp id="46" class="1001" name="const_46">
<pin_list>
<pin id="47" dir="1" index="0" bw="1" slack="0"/>
</pin_list>
<bind>
<StgValue><ssdm name=""/></StgValue>
</bind>
</comp>

<comp id="48" class="1001" name="const_48">
<pin_list>
<pin id="49" dir="1" index="0" bw="1" slack="0"/>
</pin_list>
<bind>
<StgValue><ssdm name="_ssdm_op_PartSelect.i24.i56.i32.i32"/></StgValue>
</bind>
</comp>

<comp id="50" class="1001" name="const_50">
<pin_list>
<pin id="51" dir="1" index="0" bw="1" slack="0"/>
</pin_list>
<bind>
<StgValue><ssdm name=""/></StgValue>
</bind>
</comp>

<comp id="52" class="1001" name="const_52">
<pin_list>
<pin id="53" dir="1" index="0" bw="1" slack="0"/>
</pin_list>
<bind>
<StgValue><ssdm name=""/></StgValue>
</bind>
</comp>

<comp id="54" class="1001" name="const_54">
<pin_list>
<pin id="55" dir="1" index="0" bw="1" slack="0"/>
</pin_list>
<bind>
<StgValue><ssdm name=""/></StgValue>
</bind>
</comp>

<comp id="56" class="1001" name="const_56">
<pin_list>
<pin id="57" dir="1" index="0" bw="1" slack="2147483647"/>
</pin_list>
<bind>
<StgValue><ssdm name="p_str1111"/></StgValue>
</bind>
</comp>

<comp id="58" class="1001" name="const_58">
<pin_list>
<pin id="59" dir="1" index="0" bw="1" slack="2147483647"/>
</pin_list>
<bind>
<StgValue><ssdm name="_ssdm_op_SpecPipeline"/></StgValue>
</bind>
</comp>

<comp id="60" class="1001" name="const_60">
<pin_list>
<pin id="61" dir="1" index="0" bw="1" slack="2147483647"/>
</pin_list>
<bind>
<StgValue><ssdm name=""/></StgValue>
</bind>
</comp>

<comp id="62" class="1001" name="const_62">
<pin_list>
<pin id="63" dir="1" index="0" bw="1" slack="2147483647"/>
</pin_list>
<bind>
<StgValue><ssdm name=""/></StgValue>
</bind>
</comp>

<comp id="64" class="1001" name="const_64">
<pin_list>
<pin id="65" dir="1" index="0" bw="1" slack="2147483647"/>
</pin_list>
<bind>
<StgValue><ssdm name="p_str2112"/></StgValue>
</bind>
</comp>

<comp id="66" class="1001" name="const_66">
<pin_list>
<pin id="67" dir="1" index="0" bw="1" slack="0"/>
</pin_list>
<bind>
<StgValue><ssdm name=""/></StgValue>
</bind>
</comp>

<comp id="68" class="1004" name="k_fu_68">
<pin_list>
<pin id="69" dir="0" index="0" bw="1" slack="0"/>
<pin id="70" dir="1" index="1" bw="32" slack="0"/>
</pin_list>
<bind>
<opcode="alloca(26) " fcode="alloca"/>
<opset="k/1 "/>
</bind>
</comp>

<comp id="72" class="1004" name="zetas_addr_gep_fu_72">
<pin_list>
<pin id="73" dir="0" index="0" bw="23" slack="0"/>
<pin id="74" dir="0" index="1" bw="1" slack="0"/>
<pin id="75" dir="0" index="2" bw="32" slack="0"/>
<pin id="76" dir="1" index="3" bw="8" slack="0"/>
</pin_list>
<bind>
<opcode="getelementptr(29) " fcode="getelementptr"/>
<opset="zetas_addr/3 "/>
</bind>
</comp>

<comp id="79" class="1004" name="grp_access_fu_79">
<pin_list>
<pin id="80" dir="0" index="0" bw="8" slack="0"/>
<pin id="81" dir="0" index="1" bw="23" slack="2147483647"/>
<pin id="82" dir="0" index="2" bw="0" slack="2147483647"/>
<pin id="83" dir="1" index="3" bw="23" slack="0"/>
</pin_list>
<bind>
<opcode="load(27) " fcode="load"/>
<opset="zeta/3 "/>
</bind>
</comp>

<comp id="85" class="1004" name="p_addr_gep_fu_85">
<pin_list>
<pin id="86" dir="0" index="0" bw="32" slack="0"/>
<pin id="87" dir="0" index="1" bw="1" slack="0"/>
<pin id="88" dir="0" index="2" bw="31" slack="0"/>
<pin id="89" dir="1" index="3" bw="8" slack="0"/>
</pin_list>
<bind>
<opcode="getelementptr(29) " fcode="getelementptr"/>
<opset="p_addr/5 "/>
</bind>
</comp>

<comp id="92" class="1004" name="grp_access_fu_92">
<pin_list>
<pin id="93" dir="0" index="0" bw="8" slack="0"/>
<pin id="94" dir="0" index="1" bw="32" slack="0"/>
<pin id="95" dir="0" index="2" bw="0" slack="0"/>
<pin id="105" dir="0" index="4" bw="8" slack="2147483647"/>
<pin id="106" dir="0" index="5" bw="32" slack="2147483647"/>
<pin id="107" dir="0" index="6" bw="0" slack="2147483647"/>
<pin id="96" dir="1" index="3" bw="32" slack="1"/>
<pin id="108" dir="1" index="7" bw="32" slack="0"/>
</pin_list>
<bind>
<opcode="load(27) store(28) " fcode="store"/>
<opset="p_load/5 p_load_1/5 StgValue_76/11 p_load_2/12 StgValue_84/13 "/>
</bind>
</comp>

<comp id="98" class="1004" name="p_addr_1_gep_fu_98">
<pin_list>
<pin id="99" dir="0" index="0" bw="32" slack="0"/>
<pin id="100" dir="0" index="1" bw="1" slack="0"/>
<pin id="101" dir="0" index="2" bw="31" slack="0"/>
<pin id="102" dir="1" index="3" bw="8" slack="0"/>
</pin_list>
<bind>
<opcode="getelementptr(29) " fcode="getelementptr"/>
<opset="p_addr_1/5 "/>
</bind>
</comp>

<comp id="110" class="1005" name="len_reg_110">
<pin_list>
<pin id="111" dir="0" index="0" bw="29" slack="1"/>
<pin id="112" dir="1" index="1" bw="29" slack="1"/>
</pin_list>
<bind>
<opset="len (phireg) "/>
</bind>
</comp>

<comp id="114" class="1004" name="len_phi_fu_114">
<pin_list>
<pin id="115" dir="0" index="0" bw="9" slack="1"/>
<pin id="116" dir="0" index="1" bw="0" slack="2147483647"/>
<pin id="117" dir="0" index="2" bw="28" slack="1"/>
<pin id="118" dir="0" index="3" bw="0" slack="2147483647"/>
<pin id="119" dir="1" index="4" bw="29" slack="0"/>
</pin_list>
<bind>
<opcode="phi(47) " fcode="phi"/>
<opset="len/2 "/>
</bind>
</comp>

<comp id="122" class="1005" name="j_reg_122">
<pin_list>
<pin id="123" dir="0" index="0" bw="31" slack="1"/>
<pin id="124" dir="1" index="1" bw="31" slack="1"/>
</pin_list>
<bind>
<opset="j (phireg) "/>
</bind>
</comp>

<comp id="126" class="1004" name="j_phi_fu_126">
<pin_list>
<pin id="127" dir="0" index="0" bw="1" slack="1"/>
<pin id="128" dir="0" index="1" bw="0" slack="2147483647"/>
<pin id="129" dir="0" index="2" bw="31" slack="1"/>
<pin id="130" dir="0" index="3" bw="0" slack="2147483647"/>
<pin id="131" dir="1" index="4" bw="31" slack="0"/>
</pin_list>
<bind>
<opcode="phi(47) " fcode="phi"/>
<opset="j/3 "/>
</bind>
</comp>

<comp id="134" class="1005" name="j1_reg_134">
<pin_list>
<pin id="135" dir="0" index="0" bw="31" slack="8"/>
<pin id="136" dir="1" index="1" bw="31" slack="8"/>
</pin_list>
<bind>
<opset="j1 (phireg) "/>
</bind>
</comp>

<comp id="137" class="1004" name="j1_phi_fu_137">
<pin_list>
<pin id="138" dir="0" index="0" bw="31" slack="2"/>
<pin id="139" dir="0" index="1" bw="0" slack="2147483647"/>
<pin id="140" dir="0" index="2" bw="31" slack="1"/>
<pin id="141" dir="0" index="3" bw="0" slack="2147483647"/>
<pin id="142" dir="1" index="4" bw="31" slack="0"/>
</pin_list>
<bind>
<opcode="phi(47) " fcode="phi"/>
<opset="j1/5 "/>
</bind>
</comp>

<comp id="145" class="1004" name="StgValue_18_store_fu_145">
<pin_list>
<pin id="146" dir="0" index="0" bw="1" slack="0"/>
<pin id="147" dir="0" index="1" bw="32" slack="0"/>
<pin id="148" dir="1" index="2" bw="0" slack="2147483647"/>
</pin_list>
<bind>
<opcode="store(28) " fcode="store"/>
<opset="StgValue_18/1 "/>
</bind>
</comp>

<comp id="150" class="1004" name="tmp_fu_150">
<pin_list>
<pin id="151" dir="0" index="0" bw="29" slack="0"/>
<pin id="152" dir="0" index="1" bw="1" slack="0"/>
<pin id="153" dir="1" index="2" bw="1" slack="2147483647"/>
</pin_list>
<bind>
<opcode="icmp(45) " fcode="icmp"/>
<opset="tmp/2 "/>
</bind>
</comp>

<comp id="156" class="1004" name="len_cast_cast4_fu_156">
<pin_list>
<pin id="157" dir="0" index="0" bw="29" slack="0"/>
<pin id="158" dir="1" index="1" bw="31" slack="2"/>
</pin_list>
<bind>
<opcode="zext(34) " fcode="zext"/>
<opset="len_cast_cast4/2 "/>
</bind>
</comp>

<comp id="160" class="1004" name="tmp_1_fu_160">
<pin_list>
<pin id="161" dir="0" index="0" bw="23" slack="0"/>
<pin id="162" dir="0" index="1" bw="31" slack="0"/>
<pin id="163" dir="0" index="2" bw="5" slack="0"/>
<pin id="164" dir="0" index="3" bw="6" slack="0"/>
<pin id="165" dir="1" index="4" bw="23" slack="0"/>
</pin_list>
<bind>
<opcode="partselect(1002) " fcode="partselect"/>
<opset="tmp_1/3 "/>
</bind>
</comp>

<comp id="170" class="1004" name="icmp_fu_170">
<pin_list>
<pin id="171" dir="0" index="0" bw="23" slack="0"/>
<pin id="172" dir="0" index="1" bw="1" slack="0"/>
<pin id="173" dir="1" index="2" bw="1" slack="2147483647"/>
</pin_list>
<bind>
<opcode="icmp(45) " fcode="icmp"/>
<opset="icmp/3 "/>
</bind>
</comp>

<comp id="176" class="1004" name="k_load_load_fu_176">
<pin_list>
<pin id="177" dir="0" index="0" bw="32" slack="2"/>
<pin id="178" dir="1" index="1" bw="32" slack="0"/>
</pin_list>
<bind>
<opcode="load(27) " fcode="load"/>
<opset="k_load/3 "/>
</bind>
</comp>

<comp id="179" class="1004" name="tmp_3_fu_179">
<pin_list>
<pin id="180" dir="0" index="0" bw="32" slack="0"/>
<pin id="181" dir="1" index="1" bw="64" slack="0"/>
</pin_list>
<bind>
<opcode="zext(34) " fcode="zext"/>
<opset="tmp_3/3 "/>
</bind>
</comp>

<comp id="184" class="1004" name="tmp_18_fu_184">
<pin_list>
<pin id="185" dir="0" index="0" bw="28" slack="0"/>
<pin id="186" dir="0" index="1" bw="29" slack="1"/>
<pin id="187" dir="0" index="2" bw="1" slack="0"/>
<pin id="188" dir="0" index="3" bw="6" slack="0"/>
<pin id="189" dir="1" index="4" bw="28" slack="0"/>
</pin_list>
<bind>
<opcode="partselect(1002) " fcode="partselect"/>
<opset="tmp_18/3 "/>
</bind>
</comp>

<comp id="194" class="1004" name="len_1_fu_194">
<pin_list>
<pin id="195" dir="0" index="0" bw="28" slack="0"/>
<pin id="196" dir="1" index="1" bw="29" slack="1"/>
</pin_list>
<bind>
<opcode="zext(34) " fcode="zext"/>
<opset="len_1/3 "/>
</bind>
</comp>

<comp id="198" class="1004" name="k_1_fu_198">
<pin_list>
<pin id="199" dir="0" index="0" bw="1" slack="0"/>
<pin id="200" dir="0" index="1" bw="32" slack="1"/>
<pin id="201" dir="1" index="2" bw="32" slack="2"/>
</pin_list>
<bind>
<opcode="add(8) " fcode="add"/>
<opset="k_1/4 "/>
</bind>
</comp>

<comp id="203" class="1004" name="tmp_4_fu_203">
<pin_list>
<pin id="204" dir="0" index="0" bw="29" slack="2"/>
<pin id="205" dir="0" index="1" bw="31" slack="1"/>
<pin id="206" dir="1" index="2" bw="31" slack="0"/>
</pin_list>
<bind>
<opcode="add(8) " fcode="add"/>
<opset="tmp_4/4 "/>
</bind>
</comp>

<comp id="208" class="1004" name="tmp_5_fu_208">
<pin_list>
<pin id="209" dir="0" index="0" bw="31" slack="1"/>
<pin id="210" dir="0" index="1" bw="31" slack="0"/>
<pin id="211" dir="1" index="2" bw="1" slack="0"/>
</pin_list>
<bind>
<opcode="icmp(45) " fcode="icmp"/>
<opset="tmp_5/4 "/>
</bind>
</comp>

<comp id="214" class="1004" name="tmp_14_fu_214">
<pin_list>
<pin id="215" dir="0" index="0" bw="31" slack="1"/>
<pin id="216" dir="1" index="1" bw="30" slack="0"/>
</pin_list>
<bind>
<opcode="trunc(33) " fcode="trunc"/>
<opset="tmp_14/4 "/>
</bind>
</comp>

<comp id="218" class="1004" name="tmp_16_fu_218">
<pin_list>
<pin id="219" dir="0" index="0" bw="31" slack="0"/>
<pin id="220" dir="1" index="1" bw="30" slack="0"/>
</pin_list>
<bind>
<opcode="trunc(33) " fcode="trunc"/>
<opset="tmp_16/4 "/>
</bind>
</comp>

<comp id="222" class="1004" name="start_fu_222">
<pin_list>
<pin id="223" dir="0" index="0" bw="1" slack="0"/>
<pin id="224" dir="0" index="1" bw="30" slack="0"/>
<pin id="225" dir="0" index="2" bw="30" slack="0"/>
<pin id="226" dir="1" index="3" bw="30" slack="0"/>
</pin_list>
<bind>
<opcode="select(49) " fcode="select"/>
<opset="start/4 "/>
</bind>
</comp>

<comp id="230" class="1004" name="start_cast_fu_230">
<pin_list>
<pin id="231" dir="0" index="0" bw="30" slack="0"/>
<pin id="232" dir="1" index="1" bw="31" slack="2"/>
</pin_list>
<bind>
<opcode="zext(34) " fcode="zext"/>
<opset="start_cast/4 "/>
</bind>
</comp>

<comp id="234" class="1004" name="tmp_6_cast_fu_234">
<pin_list>
<pin id="235" dir="0" index="0" bw="23" slack="0"/>
<pin id="236" dir="1" index="1" bw="55" slack="3"/>
</pin_list>
<bind>
<opcode="zext(34) " fcode="zext"/>
<opset="tmp_6_cast/4 "/>
</bind>
</comp>

<comp id="238" class="1004" name="tmp_8_fu_238">
<pin_list>
<pin id="239" dir="0" index="0" bw="31" slack="0"/>
<pin id="240" dir="0" index="1" bw="31" slack="1"/>
<pin id="241" dir="1" index="2" bw="1" slack="2147483647"/>
</pin_list>
<bind>
<opcode="icmp(45) " fcode="icmp"/>
<opset="tmp_8/5 "/>
</bind>
</comp>

<comp id="243" class="1004" name="tmp_9_fu_243">
<pin_list>
<pin id="244" dir="0" index="0" bw="31" slack="0"/>
<pin id="245" dir="0" index="1" bw="29" slack="3"/>
<pin id="246" dir="1" index="2" bw="31" slack="0"/>
</pin_list>
<bind>
<opcode="add(8) " fcode="add"/>
<opset="tmp_9/5 "/>
</bind>
</comp>

<comp id="248" class="1004" name="tmp_s_fu_248">
<pin_list>
<pin id="249" dir="0" index="0" bw="31" slack="0"/>
<pin id="250" dir="1" index="1" bw="64" slack="0"/>
</pin_list>
<bind>
<opcode="zext(34) " fcode="zext"/>
<opset="tmp_s/5 "/>
</bind>
</comp>

<comp id="253" class="1004" name="tmp_7_fu_253">
<pin_list>
<pin id="254" dir="0" index="0" bw="31" slack="0"/>
<pin id="255" dir="1" index="1" bw="64" slack="0"/>
</pin_list>
<bind>
<opcode="zext(34) " fcode="zext"/>
<opset="tmp_7/5 "/>
</bind>
</comp>

<comp id="258" class="1004" name="tmp_2_cast_fu_258">
<pin_list>
<pin id="259" dir="0" index="0" bw="32" slack="1"/>
<pin id="260" dir="1" index="1" bw="55" slack="0"/>
</pin_list>
<bind>
<opcode="zext(34) " fcode="zext"/>
<opset="tmp_2_cast/7 "/>
</bind>
</comp>

<comp id="261" class="1004" name="temp_1_fu_261">
<pin_list>
<pin id="262" dir="0" index="0" bw="32" slack="0"/>
<pin id="263" dir="0" index="1" bw="23" slack="3"/>
<pin id="264" dir="1" index="2" bw="55" slack="0"/>
</pin_list>
<bind>
<opcode="mul(12) " fcode="mul"/>
<opset="temp_1/7 "/>
</bind>
</comp>

<comp id="266" class="1004" name="tmp_19_fu_266">
<pin_list>
<pin id="267" dir="0" index="0" bw="55" slack="0"/>
<pin id="268" dir="1" index="1" bw="32" slack="1"/>
</pin_list>
<bind>
<opcode="trunc(33) " fcode="trunc"/>
<opset="tmp_19/7 "/>
</bind>
</comp>

<comp id="270" class="1004" name="temp_fu_270">
<pin_list>
<pin id="271" dir="0" index="0" bw="27" slack="0"/>
<pin id="272" dir="0" index="1" bw="32" slack="1"/>
<pin id="273" dir="1" index="2" bw="32" slack="1"/>
</pin_list>
<bind>
<opcode="mul(12) " fcode="mul"/>
<opset="temp/8 "/>
</bind>
</comp>

<comp id="275" class="1004" name="temp_cast_fu_275">
<pin_list>
<pin id="276" dir="0" index="0" bw="32" slack="1"/>
<pin id="277" dir="1" index="1" bw="55" slack="0"/>
</pin_list>
<bind>
<opcode="zext(34) " fcode="zext"/>
<opset="temp_cast/9 "/>
</bind>
</comp>

<comp id="278" class="1004" name="t_1_fu_278">
<pin_list>
<pin id="279" dir="0" index="0" bw="24" slack="0"/>
<pin id="280" dir="0" index="1" bw="32" slack="0"/>
<pin id="281" dir="1" index="2" bw="55" slack="1"/>
</pin_list>
<bind>
<opcode="mul(12) " fcode="mul"/>
<opset="t_1/9 "/>
</bind>
</comp>

<comp id="284" class="1004" name="a_assign_cast1_fu_284">
<pin_list>
<pin id="285" dir="0" index="0" bw="55" slack="3"/>
<pin id="286" dir="1" index="1" bw="56" slack="0"/>
</pin_list>
<bind>
<opcode="zext(34) " fcode="zext"/>
<opset="a_assign_cast1/10 "/>
</bind>
</comp>

<comp id="287" class="1004" name="t_1_cast_fu_287">
<pin_list>
<pin id="288" dir="0" index="0" bw="55" slack="1"/>
<pin id="289" dir="1" index="1" bw="56" slack="0"/>
</pin_list>
<bind>
<opcode="zext(34) " fcode="zext"/>
<opset="t_1_cast/10 "/>
</bind>
</comp>

<comp id="290" class="1004" name="t_2_fu_290">
<pin_list>
<pin id="291" dir="0" index="0" bw="55" slack="0"/>
<pin id="292" dir="0" index="1" bw="55" slack="0"/>
<pin id="293" dir="1" index="2" bw="56" slack="0"/>
</pin_list>
<bind>
<opcode="add(8) " fcode="add"/>
<opset="t_2/10 "/>
</bind>
</comp>

<comp id="296" class="1004" name="tmp_15_fu_296">
<pin_list>
<pin id="297" dir="0" index="0" bw="24" slack="0"/>
<pin id="298" dir="0" index="1" bw="56" slack="0"/>
<pin id="299" dir="0" index="2" bw="7" slack="0"/>
<pin id="300" dir="0" index="3" bw="7" slack="0"/>
<pin id="301" dir="1" index="4" bw="24" slack="1"/>
</pin_list>
<bind>
<opcode="partselect(1002) " fcode="partselect"/>
<opset="tmp_15/10 "/>
</bind>
</comp>

<comp id="306" class="1004" name="tmp_10_fu_306">
<pin_list>
<pin id="307" dir="0" index="0" bw="15" slack="0"/>
<pin id="308" dir="0" index="1" bw="24" slack="1"/>
<pin id="309" dir="1" index="2" bw="24" slack="0"/>
</pin_list>
<bind>
<opcode="sub(10) " fcode="sub"/>
<opset="tmp_10/11 "/>
</bind>
</comp>

<comp id="311" class="1004" name="tmp_11_cast_fu_311">
<pin_list>
<pin id="312" dir="0" index="0" bw="24" slack="0"/>
<pin id="313" dir="1" index="1" bw="32" slack="0"/>
</pin_list>
<bind>
<opcode="zext(34) " fcode="zext"/>
<opset="tmp_11_cast/11 "/>
</bind>
</comp>

<comp id="315" class="1004" name="tmp_11_fu_315">
<pin_list>
<pin id="316" dir="0" index="0" bw="32" slack="5"/>
<pin id="317" dir="0" index="1" bw="24" slack="0"/>
<pin id="318" dir="1" index="2" bw="32" slack="0"/>
</pin_list>
<bind>
<opcode="add(8) " fcode="add"/>
<opset="tmp_11/11 "/>
</bind>
</comp>

<comp id="321" class="1004" name="t_3_fu_321">
<pin_list>
<pin id="322" dir="0" index="0" bw="24" slack="3"/>
<pin id="323" dir="1" index="1" bw="32" slack="0"/>
</pin_list>
<bind>
<opcode="zext(34) " fcode="zext"/>
<opset="t_3/13 "/>
</bind>
</comp>

<comp id="324" class="1004" name="tmp_12_fu_324">
<pin_list>
<pin id="325" dir="0" index="0" bw="32" slack="0"/>
<pin id="326" dir="0" index="1" bw="24" slack="0"/>
<pin id="327" dir="1" index="2" bw="32" slack="0"/>
</pin_list>
<bind>
<opcode="add(8) " fcode="add"/>
<opset="tmp_12/13 "/>
</bind>
</comp>

<comp id="331" class="1004" name="j_1_fu_331">
<pin_list>
<pin id="332" dir="0" index="0" bw="1" slack="0"/>
<pin id="333" dir="0" index="1" bw="31" slack="8"/>
<pin id="334" dir="1" index="2" bw="31" slack="1"/>
</pin_list>
<bind>
<opcode="add(8) " fcode="add"/>
<opset="j_1/13 "/>
</bind>
</comp>

<comp id="337" class="1004" name="tmp_13_fu_337">
<pin_list>
<pin id="338" dir="0" index="0" bw="29" slack="4"/>
<pin id="339" dir="0" index="1" bw="30" slack="2"/>
<pin id="340" dir="1" index="2" bw="31" slack="1"/>
</pin_list>
<bind>
<opcode="add(8) " fcode="add"/>
<opset="tmp_13/14 "/>
</bind>
</comp>

<comp id="341" class="1004" name="StgValue_89_store_fu_341">
<pin_list>
<pin id="342" dir="0" index="0" bw="32" slack="2"/>
<pin id="343" dir="0" index="1" bw="32" slack="5"/>
<pin id="344" dir="1" index="2" bw="0" slack="2147483647"/>
</pin_list>
<bind>
<opcode="store(28) " fcode="store"/>
<opset="StgValue_89/14 "/>
</bind>
</comp>

<comp id="345" class="1005" name="k_reg_345">
<pin_list>
<pin id="346" dir="0" index="0" bw="32" slack="0"/>
<pin id="347" dir="1" index="1" bw="32" slack="0"/>
</pin_list>
<bind>
<opset="k "/>
</bind>
</comp>

<comp id="355" class="1005" name="len_cast_cast4_reg_355">
<pin_list>
<pin id="356" dir="0" index="0" bw="31" slack="2"/>
<pin id="357" dir="1" index="1" bw="31" slack="2"/>
</pin_list>
<bind>
<opset="len_cast_cast4 "/>
</bind>
</comp>

<comp id="365" class="1005" name="k_load_reg_365">
<pin_list>
<pin id="366" dir="0" index="0" bw="32" slack="1"/>
<pin id="367" dir="1" index="1" bw="32" slack="1"/>
</pin_list>
<bind>
<opset="k_load "/>
</bind>
</comp>

<comp id="370" class="1005" name="zetas_addr_reg_370">
<pin_list>
<pin id="371" dir="0" index="0" bw="8" slack="1"/>
<pin id="372" dir="1" index="1" bw="8" slack="1"/>
</pin_list>
<bind>
<opset="zetas_addr "/>
</bind>
</comp>

<comp id="375" class="1005" name="len_1_reg_375">
<pin_list>
<pin id="376" dir="0" index="0" bw="29" slack="1"/>
<pin id="377" dir="1" index="1" bw="29" slack="1"/>
</pin_list>
<bind>
<opset="len_1 "/>
</bind>
</comp>

<comp id="380" class="1005" name="k_1_reg_380">
<pin_list>
<pin id="381" dir="0" index="0" bw="32" slack="2"/>
<pin id="382" dir="1" index="1" bw="32" slack="2"/>
</pin_list>
<bind>
<opset="k_1 "/>
</bind>
</comp>

<comp id="385" class="1005" name="tmp_4_reg_385">
<pin_list>
<pin id="386" dir="0" index="0" bw="31" slack="1"/>
<pin id="387" dir="1" index="1" bw="31" slack="1"/>
</pin_list>
<bind>
<opset="tmp_4 "/>
</bind>
</comp>

<comp id="390" class="1005" name="start_cast_reg_390">
<pin_list>
<pin id="391" dir="0" index="0" bw="31" slack="2"/>
<pin id="392" dir="1" index="1" bw="31" slack="2"/>
</pin_list>
<bind>
<opset="start_cast "/>
</bind>
</comp>

<comp id="395" class="1005" name="tmp_6_cast_reg_395">
<pin_list>
<pin id="396" dir="0" index="0" bw="55" slack="3"/>
<pin id="397" dir="1" index="1" bw="55" slack="3"/>
</pin_list>
<bind>
<opset="tmp_6_cast "/>
</bind>
</comp>

<comp id="403" class="1005" name="p_addr_reg_403">
<pin_list>
<pin id="404" dir="0" index="0" bw="8" slack="1"/>
<pin id="405" dir="1" index="1" bw="8" slack="1"/>
</pin_list>
<bind>
<opset="p_addr "/>
</bind>
</comp>

<comp id="408" class="1005" name="p_addr_1_reg_408">
<pin_list>
<pin id="409" dir="0" index="0" bw="8" slack="1"/>
<pin id="410" dir="1" index="1" bw="8" slack="1"/>
</pin_list>
<bind>
<opset="p_addr_1 "/>
</bind>
</comp>

<comp id="414" class="1005" name="p_load_reg_414">
<pin_list>
<pin id="415" dir="0" index="0" bw="32" slack="1"/>
<pin id="416" dir="1" index="1" bw="32" slack="1"/>
</pin_list>
<bind>
<opset="p_load "/>
</bind>
</comp>

<comp id="419" class="1005" name="p_load_1_reg_419">
<pin_list>
<pin id="420" dir="0" index="0" bw="32" slack="5"/>
<pin id="421" dir="1" index="1" bw="32" slack="5"/>
</pin_list>
<bind>
<opset="p_load_1 "/>
</bind>
</comp>

<comp id="424" class="1005" name="temp_1_reg_424">
<pin_list>
<pin id="425" dir="0" index="0" bw="55" slack="3"/>
<pin id="426" dir="1" index="1" bw="55" slack="3"/>
</pin_list>
<bind>
<opset="temp_1 "/>
</bind>
</comp>

<comp id="429" class="1005" name="tmp_19_reg_429">
<pin_list>
<pin id="430" dir="0" index="0" bw="32" slack="1"/>
<pin id="431" dir="1" index="1" bw="32" slack="1"/>
</pin_list>
<bind>
<opset="tmp_19 "/>
</bind>
</comp>

<comp id="434" class="1005" name="temp_reg_434">
<pin_list>
<pin id="435" dir="0" index="0" bw="32" slack="1"/>
<pin id="436" dir="1" index="1" bw="32" slack="1"/>
</pin_list>
<bind>
<opset="temp "/>
</bind>
</comp>

<comp id="439" class="1005" name="t_1_reg_439">
<pin_list>
<pin id="440" dir="0" index="0" bw="55" slack="1"/>
<pin id="441" dir="1" index="1" bw="55" slack="1"/>
</pin_list>
<bind>
<opset="t_1 "/>
</bind>
</comp>

<comp id="444" class="1005" name="tmp_15_reg_444">
<pin_list>
<pin id="445" dir="0" index="0" bw="24" slack="1"/>
<pin id="446" dir="1" index="1" bw="24" slack="1"/>
</pin_list>
<bind>
<opset="tmp_15 "/>
</bind>
</comp>

<comp id="450" class="1005" name="j_1_reg_450">
<pin_list>
<pin id="451" dir="0" index="0" bw="31" slack="1"/>
<pin id="452" dir="1" index="1" bw="31" slack="1"/>
</pin_list>
<bind>
<opset="j_1 "/>
</bind>
</comp>

<comp id="455" class="1005" name="tmp_13_reg_455">
<pin_list>
<pin id="456" dir="0" index="0" bw="31" slack="1"/>
<pin id="457" dir="1" index="1" bw="31" slack="1"/>
</pin_list>
<bind>
<opset="tmp_13 "/>
</bind>
</comp>

</comp_list>

<net_list>
<net id="71"><net_src comp="4" pin="0"/><net_sink comp="68" pin=0"/></net>

<net id="77"><net_src comp="2" pin="0"/><net_sink comp="72" pin=0"/></net>

<net id="78"><net_src comp="36" pin="0"/><net_sink comp="72" pin=1"/></net>

<net id="84"><net_src comp="72" pin="3"/><net_sink comp="79" pin=0"/></net>

<net id="90"><net_src comp="0" pin="0"/><net_sink comp="85" pin=0"/></net>

<net id="91"><net_src comp="36" pin="0"/><net_sink comp="85" pin=1"/></net>

<net id="97"><net_src comp="85" pin="3"/><net_sink comp="92" pin=0"/></net>

<net id="103"><net_src comp="0" pin="0"/><net_sink comp="98" pin=0"/></net>

<net id="104"><net_src comp="36" pin="0"/><net_sink comp="98" pin=1"/></net>

<net id="109"><net_src comp="98" pin="3"/><net_sink comp="92" pin=2"/></net>

<net id="113"><net_src comp="12" pin="0"/><net_sink comp="110" pin=0"/></net>

<net id="120"><net_src comp="110" pin="1"/><net_sink comp="114" pin=0"/></net>

<net id="121"><net_src comp="114" pin="4"/><net_sink comp="110" pin=0"/></net>

<net id="125"><net_src comp="26" pin="0"/><net_sink comp="122" pin=0"/></net>

<net id="132"><net_src comp="122" pin="1"/><net_sink comp="126" pin=0"/></net>

<net id="133"><net_src comp="126" pin="4"/><net_sink comp="122" pin=0"/></net>

<net id="143"><net_src comp="122" pin="1"/><net_sink comp="137" pin=0"/></net>

<net id="144"><net_src comp="137" pin="4"/><net_sink comp="134" pin=0"/></net>

<net id="149"><net_src comp="4" pin="0"/><net_sink comp="145" pin=0"/></net>

<net id="154"><net_src comp="114" pin="4"/><net_sink comp="150" pin=0"/></net>

<net id="155"><net_src comp="14" pin="0"/><net_sink comp="150" pin=1"/></net>

<net id="159"><net_src comp="114" pin="4"/><net_sink comp="156" pin=0"/></net>

<net id="166"><net_src comp="28" pin="0"/><net_sink comp="160" pin=0"/></net>

<net id="167"><net_src comp="126" pin="4"/><net_sink comp="160" pin=1"/></net>

<net id="168"><net_src comp="30" pin="0"/><net_sink comp="160" pin=2"/></net>

<net id="169"><net_src comp="32" pin="0"/><net_sink comp="160" pin=3"/></net>

<net id="174"><net_src comp="160" pin="4"/><net_sink comp="170" pin=0"/></net>

<net id="175"><net_src comp="34" pin="0"/><net_sink comp="170" pin=1"/></net>

<net id="182"><net_src comp="176" pin="1"/><net_sink comp="179" pin=0"/></net>

<net id="183"><net_src comp="179" pin="1"/><net_sink comp="72" pin=2"/></net>

<net id="190"><net_src comp="40" pin="0"/><net_sink comp="184" pin=0"/></net>

<net id="191"><net_src comp="110" pin="1"/><net_sink comp="184" pin=1"/></net>

<net id="192"><net_src comp="4" pin="0"/><net_sink comp="184" pin=2"/></net>

<net id="193"><net_src comp="42" pin="0"/><net_sink comp="184" pin=3"/></net>

<net id="197"><net_src comp="184" pin="4"/><net_sink comp="194" pin=0"/></net>

<net id="202"><net_src comp="4" pin="0"/><net_sink comp="198" pin=0"/></net>

<net id="207"><net_src comp="122" pin="1"/><net_sink comp="203" pin=1"/></net>

<net id="212"><net_src comp="122" pin="1"/><net_sink comp="208" pin=0"/></net>

<net id="213"><net_src comp="203" pin="2"/><net_sink comp="208" pin=1"/></net>

<net id="217"><net_src comp="122" pin="1"/><net_sink comp="214" pin=0"/></net>

<net id="221"><net_src comp="203" pin="2"/><net_sink comp="218" pin=0"/></net>

<net id="227"><net_src comp="208" pin="2"/><net_sink comp="222" pin=0"/></net>

<net id="228"><net_src comp="214" pin="1"/><net_sink comp="222" pin=1"/></net>

<net id="229"><net_src comp="218" pin="1"/><net_sink comp="222" pin=2"/></net>

<net id="233"><net_src comp="222" pin="3"/><net_sink comp="230" pin=0"/></net>

<net id="237"><net_src comp="79" pin="3"/><net_sink comp="234" pin=0"/></net>

<net id="242"><net_src comp="137" pin="4"/><net_sink comp="238" pin=0"/></net>

<net id="247"><net_src comp="137" pin="4"/><net_sink comp="243" pin=0"/></net>

<net id="251"><net_src comp="243" pin="2"/><net_sink comp="248" pin=0"/></net>

<net id="252"><net_src comp="248" pin="1"/><net_sink comp="85" pin=2"/></net>

<net id="256"><net_src comp="137" pin="4"/><net_sink comp="253" pin=0"/></net>

<net id="257"><net_src comp="253" pin="1"/><net_sink comp="98" pin=2"/></net>

<net id="265"><net_src comp="258" pin="1"/><net_sink comp="261" pin=0"/></net>

<net id="269"><net_src comp="261" pin="2"/><net_sink comp="266" pin=0"/></net>

<net id="274"><net_src comp="44" pin="0"/><net_sink comp="270" pin=0"/></net>

<net id="282"><net_src comp="46" pin="0"/><net_sink comp="278" pin=0"/></net>

<net id="283"><net_src comp="275" pin="1"/><net_sink comp="278" pin=1"/></net>

<net id="294"><net_src comp="287" pin="1"/><net_sink comp="290" pin=0"/></net>

<net id="295"><net_src comp="284" pin="1"/><net_sink comp="290" pin=1"/></net>

<net id="302"><net_src comp="48" pin="0"/><net_sink comp="296" pin=0"/></net>

<net id="303"><net_src comp="290" pin="2"/><net_sink comp="296" pin=1"/></net>

<net id="304"><net_src comp="50" pin="0"/><net_sink comp="296" pin=2"/></net>

<net id="305"><net_src comp="52" pin="0"/><net_sink comp="296" pin=3"/></net>

<net id="310"><net_src comp="54" pin="0"/><net_sink comp="306" pin=0"/></net>

<net id="314"><net_src comp="306" pin="2"/><net_sink comp="311" pin=0"/></net>

<net id="319"><net_src comp="311" pin="1"/><net_sink comp="315" pin=1"/></net>

<net id="320"><net_src comp="315" pin="2"/><net_sink comp="92" pin=1"/></net>

<net id="328"><net_src comp="92" pin="7"/><net_sink comp="324" pin=0"/></net>

<net id="329"><net_src comp="321" pin="1"/><net_sink comp="324" pin=1"/></net>

<net id="330"><net_src comp="324" pin="2"/><net_sink comp="92" pin=1"/></net>

<net id="335"><net_src comp="66" pin="0"/><net_sink comp="331" pin=0"/></net>

<net id="336"><net_src comp="134" pin="1"/><net_sink comp="331" pin=1"/></net>

<net id="348"><net_src comp="68" pin="1"/><net_sink comp="345" pin=0"/></net>

<net id="349"><net_src comp="345" pin="1"/><net_sink comp="145" pin=1"/></net>

<net id="350"><net_src comp="345" pin="1"/><net_sink comp="176" pin=0"/></net>

<net id="351"><net_src comp="345" pin="1"/><net_sink comp="341" pin=1"/></net>

<net id="358"><net_src comp="156" pin="1"/><net_sink comp="355" pin=0"/></net>

<net id="359"><net_src comp="355" pin="1"/><net_sink comp="203" pin=0"/></net>

<net id="360"><net_src comp="355" pin="1"/><net_sink comp="243" pin=1"/></net>

<net id="361"><net_src comp="355" pin="1"/><net_sink comp="337" pin=0"/></net>

<net id="368"><net_src comp="176" pin="1"/><net_sink comp="365" pin=0"/></net>

<net id="369"><net_src comp="365" pin="1"/><net_sink comp="198" pin=1"/></net>

<net id="373"><net_src comp="72" pin="3"/><net_sink comp="370" pin=0"/></net>

<net id="374"><net_src comp="370" pin="1"/><net_sink comp="79" pin=0"/></net>

<net id="378"><net_src comp="194" pin="1"/><net_sink comp="375" pin=0"/></net>

<net id="379"><net_src comp="375" pin="1"/><net_sink comp="114" pin=2"/></net>

<net id="383"><net_src comp="198" pin="2"/><net_sink comp="380" pin=0"/></net>

<net id="384"><net_src comp="380" pin="1"/><net_sink comp="341" pin=0"/></net>

<net id="388"><net_src comp="203" pin="2"/><net_sink comp="385" pin=0"/></net>

<net id="389"><net_src comp="385" pin="1"/><net_sink comp="238" pin=1"/></net>

<net id="393"><net_src comp="230" pin="1"/><net_sink comp="390" pin=0"/></net>

<net id="394"><net_src comp="390" pin="1"/><net_sink comp="337" pin=1"/></net>

<net id="398"><net_src comp="234" pin="1"/><net_sink comp="395" pin=0"/></net>

<net id="399"><net_src comp="395" pin="1"/><net_sink comp="261" pin=1"/></net>

<net id="406"><net_src comp="85" pin="3"/><net_sink comp="403" pin=0"/></net>

<net id="407"><net_src comp="403" pin="1"/><net_sink comp="92" pin=0"/></net>

<net id="411"><net_src comp="98" pin="3"/><net_sink comp="408" pin=0"/></net>

<net id="412"><net_src comp="408" pin="1"/><net_sink comp="92" pin=2"/></net>

<net id="413"><net_src comp="408" pin="1"/><net_sink comp="92" pin=0"/></net>

<net id="417"><net_src comp="92" pin="3"/><net_sink comp="414" pin=0"/></net>

<net id="418"><net_src comp="414" pin="1"/><net_sink comp="258" pin=0"/></net>

<net id="422"><net_src comp="92" pin="7"/><net_sink comp="419" pin=0"/></net>

<net id="423"><net_src comp="419" pin="1"/><net_sink comp="315" pin=0"/></net>

<net id="427"><net_src comp="261" pin="2"/><net_sink comp="424" pin=0"/></net>

<net id="428"><net_src comp="424" pin="1"/><net_sink comp="284" pin=0"/></net>

<net id="432"><net_src comp="266" pin="1"/><net_sink comp="429" pin=0"/></net>

<net id="433"><net_src comp="429" pin="1"/><net_sink comp="270" pin=1"/></net>

<net id="437"><net_src comp="270" pin="2"/><net_sink comp="434" pin=0"/></net>

<net id="438"><net_src comp="434" pin="1"/><net_sink comp="275" pin=0"/></net>

<net id="442"><net_src comp="278" pin="2"/><net_sink comp="439" pin=0"/></net>

<net id="443"><net_src comp="439" pin="1"/><net_sink comp="287" pin=0"/></net>

<net id="447"><net_src comp="296" pin="4"/><net_sink comp="444" pin=0"/></net>

<net id="448"><net_src comp="444" pin="1"/><net_sink comp="306" pin=1"/></net>

<net id="449"><net_src comp="444" pin="1"/><net_sink comp="321" pin=0"/></net>

<net id="453"><net_src comp="331" pin="2"/><net_sink comp="450" pin=0"/></net>

<net id="454"><net_src comp="450" pin="1"/><net_sink comp="137" pin=2"/></net>

<net id="458"><net_src comp="337" pin="2"/><net_sink comp="455" pin=0"/></net>

<net id="459"><net_src comp="455" pin="1"/><net_sink comp="126" pin=2"/></net>

</net_list>

</model> 
---------------- Datapath Model END ------------------

* FSMD analyzer results:
  - Output states:
	Port: p | {11 13 }
 - Input state : 
	Port: ntt : p | {5 6 12 13 }
	Port: ntt : zetas | {3 4 }
  - Chain level:
	State 1
		StgValue_18 : 1
	State 2
		tmp : 1
		StgValue_23 : 2
		len_cast_cast4 : 1
	State 3
		tmp_1 : 1
		icmp : 2
		StgValue_32 : 3
		tmp_3 : 1
		zetas_addr : 2
		zeta : 3
		len_1 : 1
	State 4
		tmp_5 : 1
		tmp_16 : 1
		start : 2
		start_cast : 3
		tmp_6_cast : 1
	State 5
		tmp_8 : 1
		StgValue_53 : 2
		tmp_9 : 1
		tmp_s : 2
		p_addr : 3
		p_load : 4
		tmp_7 : 1
		p_addr_1 : 2
		p_load_1 : 3
	State 6
	State 7
		temp_1 : 1
		tmp_19 : 2
	State 8
	State 9
		t_1 : 1
	State 10
		t_2 : 1
		tmp_15 : 2
	State 11
		tmp_11_cast : 1
		tmp_11 : 2
		StgValue_76 : 3
	State 12
	State 13
		tmp_12 : 1
		StgValue_84 : 2
		empty_9 : 1
	State 14


============================================================
+ Verbose Summary: Datapath Resource usage 
============================================================

* Functional unit list:
|----------|-----------------------|---------|---------|---------|
| Operation|    Functional Unit    |  DSP48E |    FF   |   LUT   |
|----------|-----------------------|---------|---------|---------|
|          |       k_1_fu_198      |    0    |    0    |    39   |
|          |      tmp_4_fu_203     |    0    |    0    |    38   |
|          |      tmp_9_fu_243     |    0    |    0    |    38   |
|    add   |       t_2_fu_290      |    0    |    0    |    62   |
|          |     tmp_11_fu_315     |    0    |    0    |    39   |
|          |     tmp_12_fu_324     |    0    |    0    |    39   |
|          |       j_1_fu_331      |    0    |    0    |    38   |
|          |     tmp_13_fu_337     |    0    |    0    |    37   |
|----------|-----------------------|---------|---------|---------|
|          |       tmp_fu_150      |    0    |    0    |    18   |
|   icmp   |      icmp_fu_170      |    0    |    0    |    18   |
|          |      tmp_5_fu_208     |    0    |    0    |    18   |
|          |      tmp_8_fu_238     |    0    |    0    |    18   |
|----------|-----------------------|---------|---------|---------|
|          |     temp_1_fu_261     |    2    |    0    |    21   |
|    mul   |      temp_fu_270      |    4    |    0    |    21   |
|          |       t_1_fu_278      |    2    |    0    |    21   |
|----------|-----------------------|---------|---------|---------|
|    sub   |     tmp_10_fu_306     |    0    |    0    |    31   |
|----------|-----------------------|---------|---------|---------|
|  select  |      start_fu_222     |    0    |    0    |    30   |
|----------|-----------------------|---------|---------|---------|
|          | len_cast_cast4_fu_156 |    0    |    0    |    0    |
|          |      tmp_3_fu_179     |    0    |    0    |    0    |
|          |      len_1_fu_194     |    0    |    0    |    0    |
|          |   start_cast_fu_230   |    0    |    0    |    0    |
|          |   tmp_6_cast_fu_234   |    0    |    0    |    0    |
|          |      tmp_s_fu_248     |    0    |    0    |    0    |
|   zext   |      tmp_7_fu_253     |    0    |    0    |    0    |
|          |   tmp_2_cast_fu_258   |    0    |    0    |    0    |
|          |    temp_cast_fu_275   |    0    |    0    |    0    |
|          | a_assign_cast1_fu_284 |    0    |    0    |    0    |
|          |    t_1_cast_fu_287    |    0    |    0    |    0    |
|          |   tmp_11_cast_fu_311  |    0    |    0    |    0    |
|          |       t_3_fu_321      |    0    |    0    |    0    |
|----------|-----------------------|---------|---------|---------|
|          |      tmp_1_fu_160     |    0    |    0    |    0    |
|partselect|     tmp_18_fu_184     |    0    |    0    |    0    |
|          |     tmp_15_fu_296     |    0    |    0    |    0    |
|----------|-----------------------|---------|---------|---------|
|          |     tmp_14_fu_214     |    0    |    0    |    0    |
|   trunc  |     tmp_16_fu_218     |    0    |    0    |    0    |
|          |     tmp_19_fu_266     |    0    |    0    |    0    |
|----------|-----------------------|---------|---------|---------|
|   Total  |                       |    8    |    0    |   526   |
|----------|-----------------------|---------|---------|---------|

Memories:
+-----+--------+--------+--------+
|     |  BRAM  |   FF   |   LUT  |
+-----+--------+--------+--------+
|zetas|    1   |    0   |    0   |
+-----+--------+--------+--------+
|Total|    1   |    0   |    0   |
+-----+--------+--------+--------+

* Register list:
+----------------------+--------+
|                      |   FF   |
+----------------------+--------+
|      j1_reg_134      |   31   |
|      j_1_reg_450     |   31   |
|       j_reg_122      |   31   |
|      k_1_reg_380     |   32   |
|    k_load_reg_365    |   32   |
|       k_reg_345      |   32   |
|     len_1_reg_375    |   29   |
|len_cast_cast4_reg_355|   31   |
|      len_reg_110     |   29   |
|   p_addr_1_reg_408   |    8   |
|    p_addr_reg_403    |    8   |
|   p_load_1_reg_419   |   32   |
|    p_load_reg_414    |   32   |
|  start_cast_reg_390  |   31   |
|      t_1_reg_439     |   55   |
|    temp_1_reg_424    |   55   |
|     temp_reg_434     |   32   |
|    tmp_13_reg_455    |   31   |
|    tmp_15_reg_444    |   24   |
|    tmp_19_reg_429    |   32   |
|     tmp_4_reg_385    |   31   |
|  tmp_6_cast_reg_395  |   55   |
|  zetas_addr_reg_370  |    8   |
+----------------------+--------+
|         Total        |   712  |
+----------------------+--------+

* Multiplexer (MUX) list: 
|------------------|------|------|------|--------||---------||---------|
|       Comp       |  Pin | Size |  BW  | S x BW ||  Delay  ||   LUT   |
|------------------|------|------|------|--------||---------||---------|
| grp_access_fu_79 |  p0  |   2  |   8  |   16   ||    9    |
| grp_access_fu_92 |  p0  |   3  |   8  |   24   ||    15   |
| grp_access_fu_92 |  p1  |   2  |  32  |   64   ||    9    |
| grp_access_fu_92 |  p2  |   2  |   0  |    0   ||    9    |
|    len_reg_110   |  p0  |   2  |  29  |   58   ||    9    |
|     j_reg_122    |  p0  |   2  |  31  |   62   ||    9    |
|------------------|------|------|------|--------||---------||---------|
|       Total      |      |      |      |   224  || 8.20175 ||    60   |
|------------------|------|------|------|--------||---------||---------|



* Summary:
+-----------+--------+--------+--------+--------+--------+
|           |  BRAM  | DSP48E |  Delay |   FF   |   LUT  |
+-----------+--------+--------+--------+--------+--------+
|  Function |    -   |    8   |    -   |    0   |   526  |
|   Memory  |    1   |    -   |    -   |    0   |    0   |
|Multiplexer|    -   |    -   |    8   |    -   |   60   |
|  Register |    -   |    -   |    -   |   712  |    -   |
+-----------+--------+--------+--------+--------+--------+
|   Total   |    1   |    8   |    8   |   712  |   586  |
+-----------+--------+--------+--------+--------+--------+
