   Build using "/opt/Xilinx2018/Vivado/2018.3/tps/lnx64/gcc-6.2.0/bin/g++"
   Compiling apatb_ntt.cpp
   Compiling (apcc) aes.c_pre.c.tb.c
INFO: [HLS 200-10] Running '/opt/Xilinx2018/Vivado/2018.3/bin/unwrapped/lnx64.o/apcc'
INFO: [HLS 200-10] For user 'dss545' on host 'hansolo.poly.edu' (Linux_x86_64 version 3.10.0-1127.18.2.el7.x86_64) on Sat Dec 12 09:55:47 EST 2020
INFO: [HLS 200-10] On os "Red Hat Enterprise Linux Server release 7.8 (Maipo)"
INFO: [HLS 200-10] In directory '/home/dss545/vivado_hls/SHARING/CRYSTALS-Dilithium/Dilithium/Reference_Implementation/crypto_sign/project19/dilithium1.prj/ntt_opt7_6+partition/sim/wrapc'
clang: warning: argument unused during compilation: '-fno-builtin-isinf'
clang: warning: argument unused during compilation: '-fno-builtin-isnan'
INFO: [APCC 202-3] Tmp directory is /tmp/apcc_db_dss545/88231607784947336797
INFO: [APCC 202-1] APCC is done.
   Compiling (apcc) fips202.c_pre.c.tb.c
INFO: [HLS 200-10] Running '/opt/Xilinx2018/Vivado/2018.3/bin/unwrapped/lnx64.o/apcc'
INFO: [HLS 200-10] For user 'dss545' on host 'hansolo.poly.edu' (Linux_x86_64 version 3.10.0-1127.18.2.el7.x86_64) on Sat Dec 12 09:55:53 EST 2020
INFO: [HLS 200-10] On os "Red Hat Enterprise Linux Server release 7.8 (Maipo)"
INFO: [HLS 200-10] In directory '/home/dss545/vivado_hls/SHARING/CRYSTALS-Dilithium/Dilithium/Reference_Implementation/crypto_sign/project19/dilithium1.prj/ntt_opt7_6+partition/sim/wrapc'
clang: warning: argument unused during compilation: '-fno-builtin-isinf'
clang: warning: argument unused during compilation: '-fno-builtin-isnan'
INFO: [APCC 202-3] Tmp directory is /tmp/apcc_db_dss545/90421607784953955260
INFO: [APCC 202-1] APCC is done.
   Compiling (apcc) newtest_sign.c_pre.c.tb.c
INFO: [HLS 200-10] Running '/opt/Xilinx2018/Vivado/2018.3/bin/unwrapped/lnx64.o/apcc'
INFO: [HLS 200-10] For user 'dss545' on host 'hansolo.poly.edu' (Linux_x86_64 version 3.10.0-1127.18.2.el7.x86_64) on Sat Dec 12 09:56:01 EST 2020
INFO: [HLS 200-10] On os "Red Hat Enterprise Linux Server release 7.8 (Maipo)"
INFO: [HLS 200-10] In directory '/home/dss545/vivado_hls/SHARING/CRYSTALS-Dilithium/Dilithium/Reference_Implementation/crypto_sign/project19/dilithium1.prj/ntt_opt7_6+partition/sim/wrapc'
clang: warning: argument unused during compilation: '-fno-builtin-isinf'
clang: warning: argument unused during compilation: '-fno-builtin-isnan'
INFO: [APCC 202-3] Tmp directory is /tmp/apcc_db_dss545/92821607784961411102
INFO: [APCC 202-1] APCC is done.
   Compiling (apcc) ntt.c_pre.c.tb.c
INFO: [HLS 200-10] Running '/opt/Xilinx2018/Vivado/2018.3/bin/unwrapped/lnx64.o/apcc'
INFO: [HLS 200-10] For user 'dss545' on host 'hansolo.poly.edu' (Linux_x86_64 version 3.10.0-1127.18.2.el7.x86_64) on Sat Dec 12 09:56:07 EST 2020
INFO: [HLS 200-10] On os "Red Hat Enterprise Linux Server release 7.8 (Maipo)"
INFO: [HLS 200-10] In directory '/home/dss545/vivado_hls/SHARING/CRYSTALS-Dilithium/Dilithium/Reference_Implementation/crypto_sign/project19/dilithium1.prj/ntt_opt7_6+partition/sim/wrapc'
clang: warning: argument unused during compilation: '-fno-builtin-isinf'
clang: warning: argument unused during compilation: '-fno-builtin-isnan'
INFO: [APCC 202-3] Tmp directory is /tmp/apcc_db_dss545/94951607784967864094
INFO: [APCC 202-1] APCC is done.
   Compiling (apcc) packing.c_pre.c.tb.c
INFO: [HLS 200-10] Running '/opt/Xilinx2018/Vivado/2018.3/bin/unwrapped/lnx64.o/apcc'
INFO: [HLS 200-10] For user 'dss545' on host 'hansolo.poly.edu' (Linux_x86_64 version 3.10.0-1127.18.2.el7.x86_64) on Sat Dec 12 09:56:14 EST 2020
INFO: [HLS 200-10] On os "Red Hat Enterprise Linux Server release 7.8 (Maipo)"
INFO: [HLS 200-10] In directory '/home/dss545/vivado_hls/SHARING/CRYSTALS-Dilithium/Dilithium/Reference_Implementation/crypto_sign/project19/dilithium1.prj/ntt_opt7_6+partition/sim/wrapc'
clang: warning: argument unused during compilation: '-fno-builtin-isinf'
clang: warning: argument unused during compilation: '-fno-builtin-isnan'
INFO: [APCC 202-3] Tmp directory is /tmp/apcc_db_dss545/97141607784974171505
INFO: [APCC 202-1] APCC is done.
   Compiling (apcc) poly.c_pre.c.tb.c
INFO: [HLS 200-10] Running '/opt/Xilinx2018/Vivado/2018.3/bin/unwrapped/lnx64.o/apcc'
INFO: [HLS 200-10] For user 'dss545' on host 'hansolo.poly.edu' (Linux_x86_64 version 3.10.0-1127.18.2.el7.x86_64) on Sat Dec 12 09:56:20 EST 2020
INFO: [HLS 200-10] On os "Red Hat Enterprise Linux Server release 7.8 (Maipo)"
INFO: [HLS 200-10] In directory '/home/dss545/vivado_hls/SHARING/CRYSTALS-Dilithium/Dilithium/Reference_Implementation/crypto_sign/project19/dilithium1.prj/ntt_opt7_6+partition/sim/wrapc'
clang: warning: argument unused during compilation: '-fno-builtin-isinf'
clang: warning: argument unused during compilation: '-fno-builtin-isnan'
INFO: [APCC 202-3] Tmp directory is /tmp/apcc_db_dss545/99371607784980800837
INFO: [APCC 202-1] APCC is done.
   Compiling (apcc) polyvec.c_pre.c.tb.c
INFO: [HLS 200-10] Running '/opt/Xilinx2018/Vivado/2018.3/bin/unwrapped/lnx64.o/apcc'
INFO: [HLS 200-10] For user 'dss545' on host 'hansolo.poly.edu' (Linux_x86_64 version 3.10.0-1127.18.2.el7.x86_64) on Sat Dec 12 09:56:27 EST 2020
INFO: [HLS 200-10] On os "Red Hat Enterprise Linux Server release 7.8 (Maipo)"
INFO: [HLS 200-10] In directory '/home/dss545/vivado_hls/SHARING/CRYSTALS-Dilithium/Dilithium/Reference_Implementation/crypto_sign/project19/dilithium1.prj/ntt_opt7_6+partition/sim/wrapc'
clang: warning: argument unused during compilation: '-fno-builtin-isinf'
clang: warning: argument unused during compilation: '-fno-builtin-isnan'
INFO: [APCC 202-3] Tmp directory is /tmp/apcc_db_dss545/101611607784987923517
INFO: [APCC 202-1] APCC is done.
   Compiling (apcc) reduce.c_pre.c.tb.c
INFO: [HLS 200-10] Running '/opt/Xilinx2018/Vivado/2018.3/bin/unwrapped/lnx64.o/apcc'
INFO: [HLS 200-10] For user 'dss545' on host 'hansolo.poly.edu' (Linux_x86_64 version 3.10.0-1127.18.2.el7.x86_64) on Sat Dec 12 09:56:34 EST 2020
INFO: [HLS 200-10] On os "Red Hat Enterprise Linux Server release 7.8 (Maipo)"
INFO: [HLS 200-10] In directory '/home/dss545/vivado_hls/SHARING/CRYSTALS-Dilithium/Dilithium/Reference_Implementation/crypto_sign/project19/dilithium1.prj/ntt_opt7_6+partition/sim/wrapc'
clang: warning: argument unused during compilation: '-fno-builtin-isinf'
clang: warning: argument unused during compilation: '-fno-builtin-isnan'
INFO: [APCC 202-3] Tmp directory is /tmp/apcc_db_dss545/103801607784994302687
INFO: [APCC 202-1] APCC is done.
   Compiling (apcc) rng.c_pre.c.tb.c
INFO: [HLS 200-10] Running '/opt/Xilinx2018/Vivado/2018.3/bin/unwrapped/lnx64.o/apcc'
INFO: [HLS 200-10] For user 'dss545' on host 'hansolo.poly.edu' (Linux_x86_64 version 3.10.0-1127.18.2.el7.x86_64) on Sat Dec 12 09:56:40 EST 2020
INFO: [HLS 200-10] On os "Red Hat Enterprise Linux Server release 7.8 (Maipo)"
INFO: [HLS 200-10] In directory '/home/dss545/vivado_hls/SHARING/CRYSTALS-Dilithium/Dilithium/Reference_Implementation/crypto_sign/project19/dilithium1.prj/ntt_opt7_6+partition/sim/wrapc'
clang: warning: argument unused during compilation: '-fno-builtin-isinf'
clang: warning: argument unused during compilation: '-fno-builtin-isnan'
INFO: [APCC 202-3] Tmp directory is /tmp/apcc_db_dss545/105901607785000613021
INFO: [APCC 202-1] APCC is done.
   Compiling (apcc) rounding.c_pre.c.tb.c
INFO: [HLS 200-10] Running '/opt/Xilinx2018/Vivado/2018.3/bin/unwrapped/lnx64.o/apcc'
INFO: [HLS 200-10] For user 'dss545' on host 'hansolo.poly.edu' (Linux_x86_64 version 3.10.0-1127.18.2.el7.x86_64) on Sat Dec 12 09:56:47 EST 2020
INFO: [HLS 200-10] On os "Red Hat Enterprise Linux Server release 7.8 (Maipo)"
INFO: [HLS 200-10] In directory '/home/dss545/vivado_hls/SHARING/CRYSTALS-Dilithium/Dilithium/Reference_Implementation/crypto_sign/project19/dilithium1.prj/ntt_opt7_6+partition/sim/wrapc'
clang: warning: argument unused during compilation: '-fno-builtin-isinf'
clang: warning: argument unused during compilation: '-fno-builtin-isnan'
INFO: [APCC 202-3] Tmp directory is /tmp/apcc_db_dss545/108151607785007222030
INFO: [APCC 202-1] APCC is done.
   Compiling (apcc) sign.c_pre.c.tb.c
INFO: [HLS 200-10] Running '/opt/Xilinx2018/Vivado/2018.3/bin/unwrapped/lnx64.o/apcc'
INFO: [HLS 200-10] For user 'dss545' on host 'hansolo.poly.edu' (Linux_x86_64 version 3.10.0-1127.18.2.el7.x86_64) on Sat Dec 12 09:56:53 EST 2020
INFO: [HLS 200-10] On os "Red Hat Enterprise Linux Server release 7.8 (Maipo)"
INFO: [HLS 200-10] In directory '/home/dss545/vivado_hls/SHARING/CRYSTALS-Dilithium/Dilithium/Reference_Implementation/crypto_sign/project19/dilithium1.prj/ntt_opt7_6+partition/sim/wrapc'
clang: warning: argument unused during compilation: '-fno-builtin-isinf'
clang: warning: argument unused during compilation: '-fno-builtin-isnan'
INFO: [APCC 202-3] Tmp directory is /tmp/apcc_db_dss545/110311607785013659666
INFO: [APCC 202-1] APCC is done.
   Generating cosim.tv.exe
